2025-12-04 23:15:15,887 - INFO - Args: {'scenario': 'semi', 'seed': 0, 'batch_size_images': 8, 'event_batch_size': 2048, 'run_name': 'smoke_small_20251204_231513_semi', 'log_interval': 1, 'num_epochs': 1, 'T_unsup1': 50, 'T_unsup2': 50, 'T_semi': 50, 'T_sup': 50, 'spike_array_len': 10, 'sigma_unsup1': 0.1, 'sigma_unsup2': 0.1, 'sigma_semi': 0.1, 'sigma_sup': 0.1, 'N_E': 32, 'N_hidden': 64, 'dt': 1.0, 'layer_index_scale': 1.0, 'lr_actor': 0.001, 'lr_critic': 0.001, 'ppo_eps': 0.2, 'ppo_epochs': 2, 'ppo_batch_size': 8, 'exc_clip_min': 0.0, 'exc_clip_max': 1.0, 'inh_clip_min': 0.0, 'inh_clip_max': 1.0, 'local_lr': 0.01, 'rho_target': 0.1, 'alpha_sparse': 1.0, 'alpha_div': 0.1, 'alpha_stab': 0.1, 'beta_margin': 0.5, 'alpha_align': 0.1, 'max_rate': 0.1, 'log_gradient_stats': False, 'result_dir': 'results/semi/smoke_small_20251204_231513_semi'}
2025-12-04 23:15:15,887 - INFO - Starting scenario: semi
2025-12-04 23:15:15,887 - INFO - Results will be saved to: results/semi/smoke_small_20251204_231513_semi
2025-12-04 23:18:34,481 - INFO - Epoch 1/1 | Batch 1/6750 | Train acc 0.1250
2025-12-04 23:21:53,574 - INFO - Epoch 1/1 | Batch 2/6750 | Train acc 0.0000
2025-12-04 23:24:58,608 - INFO - Epoch 1/1 | Batch 3/6750 | Train acc 0.0000
2025-12-04 23:28:04,503 - INFO - Epoch 1/1 | Batch 4/6750 | Train acc 0.2500
Traceback (most recent call last):
  File "/home/yongokhan/바탕화면/RL_SNN/main.py", line 39, in <module>
    main()
  File "/home/yongokhan/바탕화면/RL_SNN/main.py", line 35, in main
    runner(args, logger)
  File "/home/yongokhan/바탕화면/RL_SNN/scenarios/semi_supervised.py", line 214, in run_semi
    ppo_update_events(
  File "/home/yongokhan/바탕화면/RL_SNN/rl/ppo.py", line 106, in ppo_update_events
    value_loss.backward()
  File "/home/yongokhan/miniconda3/envs/snn/lib/python3.10/site-packages/torch/_tensor.py", line 626, in backward
    torch.autograd.backward(
  File "/home/yongokhan/miniconda3/envs/snn/lib/python3.10/site-packages/torch/autograd/__init__.py", line 347, in backward
    _engine_run_backward(
  File "/home/yongokhan/miniconda3/envs/snn/lib/python3.10/site-packages/torch/autograd/graph.py", line 823, in _engine_run_backward
    return Variable._execution_engine.run_backward(  # Calls into the C++ engine to run the backward pass
KeyboardInterrupt
