2025-12-04 23:29:00,614 - INFO - Args: {'scenario': 'unsup2', 'seed': 0, 'batch_size_images': 8, 'event_batch_size': 2048, 'run_name': 'smoke_small_20251204_232858_unsup2', 'log_interval': 1, 'num_epochs': 1, 'T_unsup1': 50, 'T_unsup2': 50, 'T_semi': 50, 'T_sup': 50, 'spike_array_len': 10, 'sigma_unsup1': 0.1, 'sigma_unsup2': 0.1, 'sigma_semi': 0.1, 'sigma_sup': 0.1, 'N_E': 32, 'N_hidden': 64, 'dt': 1.0, 'layer_index_scale': 1.0, 'lr_actor': 0.001, 'lr_critic': 0.001, 'ppo_eps': 0.2, 'ppo_epochs': 2, 'ppo_batch_size': 8, 'exc_clip_min': 0.0, 'exc_clip_max': 1.0, 'inh_clip_min': 0.0, 'inh_clip_max': 1.0, 'local_lr': 0.01, 'rho_target': 0.1, 'alpha_sparse': 1.0, 'alpha_div': 0.1, 'alpha_stab': 0.1, 'beta_margin': 0.5, 'alpha_align': 0.1, 'max_rate': 0.1, 'log_gradient_stats': False, 'result_dir': 'results/unsup2/smoke_small_20251204_232858_unsup2'}
2025-12-04 23:29:00,614 - INFO - Starting scenario: unsup2
2025-12-04 23:29:00,614 - INFO - Results will be saved to: results/unsup2/smoke_small_20251204_232858_unsup2
2025-12-04 23:30:23,234 - INFO - Epoch 1/1 | Batch 1/6750
2025-12-04 23:31:49,284 - INFO - Epoch 1/1 | Batch 2/6750
2025-12-04 23:33:25,722 - INFO - Epoch 1/1 | Batch 3/6750
2025-12-04 23:34:53,804 - INFO - Epoch 1/1 | Batch 4/6750
2025-12-04 23:36:41,830 - INFO - Epoch 1/1 | Batch 5/6750
2025-12-04 23:38:00,954 - INFO - Epoch 1/1 | Batch 6/6750
Traceback (most recent call last):
  File "/home/yongokhan/바탕화면/RL_SNN/main.py", line 39, in <module>
    main()
  File "/home/yongokhan/바탕화면/RL_SNN/main.py", line 35, in main
    runner(args, logger)
  File "/home/yongokhan/바탕화면/RL_SNN/scenarios/unsup_dual.py", line 276, in run_unsup2
    ppo_update_events(
  File "/home/yongokhan/바탕화면/RL_SNN/rl/ppo.py", line 100, in ppo_update_events
    optimizer_actor.step()
  File "/home/yongokhan/miniconda3/envs/snn/lib/python3.10/site-packages/torch/optim/optimizer.py", line 493, in wrapper
    out = func(*args, **kwargs)
  File "/home/yongokhan/miniconda3/envs/snn/lib/python3.10/site-packages/torch/optim/optimizer.py", line 91, in _use_grad
    ret = func(self, *args, **kwargs)
  File "/home/yongokhan/miniconda3/envs/snn/lib/python3.10/site-packages/torch/optim/adam.py", line 244, in step
    adam(
  File "/home/yongokhan/miniconda3/envs/snn/lib/python3.10/site-packages/torch/optim/optimizer.py", line 154, in maybe_fallback
    return func(*args, **kwargs)
  File "/home/yongokhan/miniconda3/envs/snn/lib/python3.10/site-packages/torch/optim/adam.py", line 876, in adam
    func(
  File "/home/yongokhan/miniconda3/envs/snn/lib/python3.10/site-packages/torch/optim/adam.py", line 565, in _multi_tensor_adam
    device_params = cast(List[Tensor], device_params_)
KeyboardInterrupt
