Traceback (most recent call last):
  File "/home/yongokhan/바탕화면/snn/RL_SNN/main.py", line 3, in <module>
    from scenarios.grad_mimicry import run_grad
  File "/home/yongokhan/바탕화면/snn/RL_SNN/scenarios/grad_mimicry.py", line 13, in <module>
    from snn.lif import LIFParams
  File "/home/yongokhan/바탕화면/snn/RL_SNN/snn/lif.py", line 57, in <module>
    lif_dynamics_script = torch.jit.script(lif_dynamics)
                          ^^^^^^^^^^^^^^^^^^^^^^^^^^^^^^
  File "/home/yongokhan/miniconda3/envs/snn/lib/python3.11/site-packages/torch/jit/_script.py", line 1443, in script
    ret = _script_impl(
          ^^^^^^^^^^^^^
  File "/home/yongokhan/miniconda3/envs/snn/lib/python3.11/site-packages/torch/jit/_script.py", line 1214, in _script_impl
    fn = torch._C._jit_script_compile(
         ^^^^^^^^^^^^^^^^^^^^^^^^^^^^^
RuntimeError: 
'Tensor' object has no attribute or method 'bool'.:
  File "/home/yongokhan/바탕화면/snn/RL_SNN/snn/lif.py", line 50
    v_reset = torch.full_like(v_next, params.v_reset)
    # Hard reset to v_reset when a spike occurs (Theory.md §2.2 hard reset rule).
    v_after_reset = torch.where(spikes_detached.bool(), v_reset, v_next)
                                ~~~~~~~~~~~~~~~~~~~~ <--- HERE

    return v_after_reset, spikes

