Traceback (most recent call last):
  File "/home/yongokhan/바탕화면/snn/RL_SNN/main.py", line 3, in <module>
    from scenarios.grad_mimicry import run_grad
  File "/home/yongokhan/바탕화면/snn/RL_SNN/scenarios/grad_mimicry.py", line 13, in <module>
    from snn.lif import LIFParams
  File "/home/yongokhan/바탕화면/snn/RL_SNN/snn/lif.py", line 50, in <module>
    lif_dynamics_script = torch.jit.script(lif_dynamics)
                          ^^^^^^^^^^^^^^^^^^^^^^^^^^^^^^
  File "/home/yongokhan/miniconda3/envs/snn/lib/python3.11/site-packages/torch/jit/_script.py", line 1443, in script
    ret = _script_impl(
          ^^^^^^^^^^^^^
  File "/home/yongokhan/miniconda3/envs/snn/lib/python3.11/site-packages/torch/jit/_script.py", line 1211, in _script_impl
    ast = get_jit_def(obj, obj.__name__)
          ^^^^^^^^^^^^^^^^^^^^^^^^^^^^^^
  File "/home/yongokhan/miniconda3/envs/snn/lib/python3.11/site-packages/torch/jit/frontend.py", line 382, in get_jit_def
    return build_def(
           ^^^^^^^^^^
  File "/home/yongokhan/miniconda3/envs/snn/lib/python3.11/site-packages/torch/jit/frontend.py", line 432, in build_def
    param_list = build_param_list(ctx, py_def.args, self_name, pdt_arg_types)
                 ^^^^^^^^^^^^^^^^^^^^^^^^^^^^^^^^^^^^^^^^^^^^^^^^^^^^^^^^^^^^
  File "/home/yongokhan/miniconda3/envs/snn/lib/python3.11/site-packages/torch/jit/frontend.py", line 471, in build_param_list
    raise NotSupportedError(ctx_range, _vararg_kwarg_err)
torch.jit.frontend.NotSupportedError: Compiled functions can't take variable number of arguments or use keyword-only arguments with defaults:
  File "/home/yongokhan/바탕화면/snn/RL_SNN/snn/lif.py", line 23
    params: LIFParams,
    *,
    surrogate: bool = False,
                      ~~~~~ <--- HERE
    slope: float = 5.0,
) -> Tuple[Tensor, Tensor]:

