----------------------------------------------------------------
[RUNNING] Scenario: grad (direct input)
          Run Name: grad_direct_20251208_232134
          Start   : 20251208_232134
----------------------------------------------------------------
2025-12-08 23:21:36,466 - INFO - Args: {'scenario': 'grad', 'seed': 0, 'batch_size_images': 16, 'event_batch_size': 65536, 'events_per_image': 4096, 'run_name': 'grad_direct_20251208_232134', 'log_interval': 125, 'num_epochs': 30, 'T_unsup1': 100, 'T_unsup2': 100, 'T_semi': 100, 'T_sup': 5, 'spike_array_len': 3, 'sigma_unsup1': 0.1, 'sigma_unsup2': 0.1, 'sigma_semi': 0.1, 'sigma_sup': 0.1, 'N_E': 100, 'N_hidden': 256, 'dt': 1.0, 'layer_index_scale': 1.0, 'lr_actor': 0.001, 'lr_critic': 0.001, 'ppo_eps': 0.2, 'ppo_epochs': 2, 'ppo_batch_size': 4096, 'exc_clip_min': 0.0, 'exc_clip_max': 1.0, 'w_clip_min': -1.0, 'w_clip_max': 1.0, 'inh_clip_min': 0.0, 'inh_clip_max': 1.0, 'local_lr': 0.01, 'rho_target': 0.1, 'alpha_sparse': 1.0, 'alpha_div': 0.1, 'alpha_stab': 0.1, 'beta_margin': 0.5, 'alpha_align': 0.1, 'max_rate': 1.0, 'sup_input_encoding': 'direct', 'log_gradient_stats': False, 'result_dir': '/home/yongokhan/바탕화면/snn/RL_SNN/results/grad/grad_direct_20251208_232134', 'log_dir': '/home/yongokhan/바탕화면/snn/RL_SNN/results/grad/grad_direct_20251208_232134'}
2025-12-08 23:21:36,466 - INFO - Starting scenario: grad
2025-12-08 23:21:36,466 - INFO - Results will be saved to: /home/yongokhan/바탕화면/snn/RL_SNN/results/grad/grad_direct_20251208_232134
2025-12-08 23:21:36,466 - INFO - Logs will be saved to: /home/yongokhan/바탕화면/snn/RL_SNN/results/grad/grad_direct_20251208_232134
2025-12-08 23:22:01,802 - INFO - Epoch 1 | Batch 125/3375 | Acc 0.2500 | Reward -0.0000 | Active 0.0161
2025-12-08 23:22:26,579 - INFO - Epoch 1 | Batch 250/3375 | Acc 0.0625 | Reward -0.0000 | Active 0.0160
2025-12-08 23:22:51,254 - INFO - Epoch 1 | Batch 375/3375 | Acc 0.3125 | Reward -0.0000 | Active 0.0161
2025-12-08 23:23:15,735 - INFO - Epoch 1 | Batch 500/3375 | Acc 0.0625 | Reward -0.0000 | Active 0.0160
2025-12-08 23:23:40,231 - INFO - Epoch 1 | Batch 625/3375 | Acc 0.0625 | Reward -0.0000 | Active 0.0160
2025-12-08 23:24:04,432 - INFO - Epoch 1 | Batch 750/3375 | Acc 0.2500 | Reward -0.0000 | Active 0.0161
2025-12-08 23:24:29,141 - INFO - Epoch 1 | Batch 875/3375 | Acc 0.1250 | Reward -0.0000 | Active 0.0161
2025-12-08 23:24:53,763 - INFO - Epoch 1 | Batch 1000/3375 | Acc 0.1250 | Reward -0.0000 | Active 0.0161
2025-12-08 23:25:18,392 - INFO - Epoch 1 | Batch 1125/3375 | Acc 0.0625 | Reward -0.0000 | Active 0.0161
2025-12-08 23:25:42,855 - INFO - Epoch 1 | Batch 1250/3375 | Acc 0.0625 | Reward -0.0000 | Active 0.0160
2025-12-08 23:26:07,402 - INFO - Epoch 1 | Batch 1375/3375 | Acc 0.1875 | Reward -0.0000 | Active 0.0160
2025-12-08 23:26:31,782 - INFO - Epoch 1 | Batch 1500/3375 | Acc 0.1250 | Reward -0.0000 | Active 0.0160
2025-12-08 23:26:56,543 - INFO - Epoch 1 | Batch 1625/3375 | Acc 0.0625 | Reward -0.0000 | Active 0.0161
2025-12-08 23:27:20,871 - INFO - Epoch 1 | Batch 1750/3375 | Acc 0.0625 | Reward -0.0000 | Active 0.0160
2025-12-08 23:27:45,378 - INFO - Epoch 1 | Batch 1875/3375 | Acc 0.0000 | Reward -0.0000 | Active 0.0159
2025-12-08 23:28:09,593 - INFO - Epoch 1 | Batch 2000/3375 | Acc 0.1250 | Reward -0.0000 | Active 0.0160
2025-12-08 23:28:33,751 - INFO - Epoch 1 | Batch 2125/3375 | Acc 0.0625 | Reward -0.0000 | Active 0.0160
2025-12-08 23:28:57,975 - INFO - Epoch 1 | Batch 2250/3375 | Acc 0.1250 | Reward -0.0000 | Active 0.0161
2025-12-08 23:29:22,547 - INFO - Epoch 1 | Batch 2375/3375 | Acc 0.0625 | Reward -0.0000 | Active 0.0160
2025-12-08 23:29:47,251 - INFO - Epoch 1 | Batch 2500/3375 | Acc 0.0625 | Reward -0.0000 | Active 0.0159
2025-12-08 23:30:11,516 - INFO - Epoch 1 | Batch 2625/3375 | Acc 0.1875 | Reward -0.0000 | Active 0.0161
2025-12-08 23:30:35,625 - INFO - Epoch 1 | Batch 2750/3375 | Acc 0.1250 | Reward -0.0000 | Active 0.0161
2025-12-08 23:30:59,806 - INFO - Epoch 1 | Batch 2875/3375 | Acc 0.0625 | Reward -0.0000 | Active 0.0161
2025-12-08 23:31:24,005 - INFO - Epoch 1 | Batch 3000/3375 | Acc 0.0625 | Reward -0.0000 | Active 0.0160
2025-12-08 23:31:48,199 - INFO - Epoch 1 | Batch 3125/3375 | Acc 0.0000 | Reward -0.0000 | Active 0.0160
2025-12-08 23:32:12,325 - INFO - Epoch 1 | Batch 3250/3375 | Acc 0.0625 | Reward -0.0000 | Active 0.0160
2025-12-08 23:32:36,508 - INFO - Epoch 1 | Batch 3375/3375 | Acc 0.0625 | Reward -0.0000 | Active 0.0160
2025-12-08 23:33:05,132 - INFO - Epoch 2 | Batch 125/3375 | Acc 0.1250 | Reward -0.0000 | Active 0.0161
2025-12-08 23:33:29,633 - INFO - Epoch 2 | Batch 250/3375 | Acc 0.1250 | Reward -0.0000 | Active 0.0160
2025-12-08 23:33:54,163 - INFO - Epoch 2 | Batch 375/3375 | Acc 0.1250 | Reward -0.0000 | Active 0.0160
2025-12-08 23:34:18,529 - INFO - Epoch 2 | Batch 500/3375 | Acc 0.1250 | Reward -0.0000 | Active 0.0160
2025-12-08 23:34:42,628 - INFO - Epoch 2 | Batch 625/3375 | Acc 0.0000 | Reward -0.0000 | Active 0.0161
2025-12-08 23:35:06,704 - INFO - Epoch 2 | Batch 750/3375 | Acc 0.0625 | Reward -0.0000 | Active 0.0161
2025-12-08 23:35:30,345 - INFO - Epoch 2 | Batch 875/3375 | Acc 0.0625 | Reward -0.0000 | Active 0.0160
2025-12-08 23:35:54,281 - INFO - Epoch 2 | Batch 1000/3375 | Acc 0.0625 | Reward -0.0000 | Active 0.0160
2025-12-08 23:36:18,668 - INFO - Epoch 2 | Batch 1125/3375 | Acc 0.0000 | Reward -0.0000 | Active 0.0160
2025-12-08 23:36:42,778 - INFO - Epoch 2 | Batch 1250/3375 | Acc 0.0625 | Reward -0.0000 | Active 0.0159
2025-12-08 23:37:07,260 - INFO - Epoch 2 | Batch 1375/3375 | Acc 0.1250 | Reward -0.0000 | Active 0.0161
2025-12-08 23:37:32,202 - INFO - Epoch 2 | Batch 1500/3375 | Acc 0.1250 | Reward -0.0000 | Active 0.0161
2025-12-08 23:37:56,446 - INFO - Epoch 2 | Batch 1625/3375 | Acc 0.1250 | Reward -0.0000 | Active 0.0161
2025-12-08 23:38:20,463 - INFO - Epoch 2 | Batch 1750/3375 | Acc 0.1250 | Reward -0.0000 | Active 0.0160
2025-12-08 23:38:44,490 - INFO - Epoch 2 | Batch 1875/3375 | Acc 0.2500 | Reward -0.0000 | Active 0.0161
2025-12-08 23:39:08,852 - INFO - Epoch 2 | Batch 2000/3375 | Acc 0.1875 | Reward -0.0000 | Active 0.0161
2025-12-08 23:39:32,898 - INFO - Epoch 2 | Batch 2125/3375 | Acc 0.0000 | Reward -0.0000 | Active 0.0160
2025-12-08 23:39:57,696 - INFO - Epoch 2 | Batch 2250/3375 | Acc 0.1250 | Reward -0.0000 | Active 0.0160
2025-12-08 23:40:21,840 - INFO - Epoch 2 | Batch 2375/3375 | Acc 0.0625 | Reward -0.0000 | Active 0.0160
2025-12-08 23:40:45,951 - INFO - Epoch 2 | Batch 2500/3375 | Acc 0.0625 | Reward -0.0000 | Active 0.0161
2025-12-08 23:41:10,544 - INFO - Epoch 2 | Batch 2625/3375 | Acc 0.0625 | Reward -0.0000 | Active 0.0160
2025-12-08 23:41:35,334 - INFO - Epoch 2 | Batch 2750/3375 | Acc 0.0000 | Reward -0.0000 | Active 0.0161
2025-12-08 23:41:59,909 - INFO - Epoch 2 | Batch 2875/3375 | Acc 0.1875 | Reward -0.0000 | Active 0.0161
2025-12-08 23:42:24,686 - INFO - Epoch 2 | Batch 3000/3375 | Acc 0.1250 | Reward -0.0000 | Active 0.0161
2025-12-08 23:42:48,931 - INFO - Epoch 2 | Batch 3125/3375 | Acc 0.0625 | Reward -0.0000 | Active 0.0161
2025-12-08 23:43:13,065 - INFO - Epoch 2 | Batch 3250/3375 | Acc 0.0625 | Reward -0.0000 | Active 0.0161
2025-12-08 23:43:37,443 - INFO - Epoch 2 | Batch 3375/3375 | Acc 0.1875 | Reward -0.0000 | Active 0.0160
2025-12-08 23:44:05,818 - INFO - Epoch 3 | Batch 125/3375 | Acc 0.1250 | Reward -0.0000 | Active 0.0160
2025-12-08 23:44:30,136 - INFO - Epoch 3 | Batch 250/3375 | Acc 0.1250 | Reward -0.0000 | Active 0.0159
2025-12-08 23:44:54,186 - INFO - Epoch 3 | Batch 375/3375 | Acc 0.1875 | Reward -0.0000 | Active 0.0160
2025-12-08 23:45:18,484 - INFO - Epoch 3 | Batch 500/3375 | Acc 0.0625 | Reward -0.0000 | Active 0.0160
2025-12-08 23:45:42,618 - INFO - Epoch 3 | Batch 625/3375 | Acc 0.0625 | Reward -0.0000 | Active 0.0161
2025-12-08 23:46:07,115 - INFO - Epoch 3 | Batch 750/3375 | Acc 0.1875 | Reward -0.0000 | Active 0.0161
2025-12-08 23:46:31,847 - INFO - Epoch 3 | Batch 875/3375 | Acc 0.1250 | Reward -0.0000 | Active 0.0160
2025-12-08 23:46:56,092 - INFO - Epoch 3 | Batch 1000/3375 | Acc 0.1875 | Reward -0.0000 | Active 0.0161
2025-12-08 23:47:20,490 - INFO - Epoch 3 | Batch 1125/3375 | Acc 0.0000 | Reward -0.0000 | Active 0.0160
2025-12-08 23:47:45,060 - INFO - Epoch 3 | Batch 1250/3375 | Acc 0.0625 | Reward -0.0000 | Active 0.0161
2025-12-08 23:48:09,837 - INFO - Epoch 3 | Batch 1375/3375 | Acc 0.1875 | Reward -0.0000 | Active 0.0159
2025-12-08 23:48:34,276 - INFO - Epoch 3 | Batch 1500/3375 | Acc 0.3125 | Reward -0.0000 | Active 0.0161
2025-12-08 23:48:58,614 - INFO - Epoch 3 | Batch 1625/3375 | Acc 0.0625 | Reward -0.0000 | Active 0.0159
2025-12-08 23:49:22,830 - INFO - Epoch 3 | Batch 1750/3375 | Acc 0.0625 | Reward -0.0000 | Active 0.0159
2025-12-08 23:49:46,593 - INFO - Epoch 3 | Batch 1875/3375 | Acc 0.0000 | Reward -0.0000 | Active 0.0159
2025-12-08 23:50:11,243 - INFO - Epoch 3 | Batch 2000/3375 | Acc 0.0625 | Reward -0.0000 | Active 0.0160
2025-12-08 23:50:35,630 - INFO - Epoch 3 | Batch 2125/3375 | Acc 0.0000 | Reward -0.0000 | Active 0.0160
2025-12-08 23:50:59,966 - INFO - Epoch 3 | Batch 2250/3375 | Acc 0.0625 | Reward -0.0000 | Active 0.0161
2025-12-08 23:51:24,521 - INFO - Epoch 3 | Batch 2375/3375 | Acc 0.0625 | Reward -0.0000 | Active 0.0158
2025-12-08 23:51:48,557 - INFO - Epoch 3 | Batch 2500/3375 | Acc 0.1250 | Reward -0.0000 | Active 0.0160
2025-12-08 23:52:13,158 - INFO - Epoch 3 | Batch 2625/3375 | Acc 0.1250 | Reward -0.0000 | Active 0.0160
2025-12-08 23:52:37,861 - INFO - Epoch 3 | Batch 2750/3375 | Acc 0.0625 | Reward -0.0000 | Active 0.0161
2025-12-08 23:53:02,360 - INFO - Epoch 3 | Batch 2875/3375 | Acc 0.0625 | Reward -0.0000 | Active 0.0160
2025-12-08 23:53:26,369 - INFO - Epoch 3 | Batch 3000/3375 | Acc 0.0625 | Reward -0.0000 | Active 0.0160
2025-12-08 23:53:50,437 - INFO - Epoch 3 | Batch 3125/3375 | Acc 0.0625 | Reward -0.0000 | Active 0.0160
2025-12-08 23:54:14,803 - INFO - Epoch 3 | Batch 3250/3375 | Acc 0.0625 | Reward -0.0000 | Active 0.0161
2025-12-08 23:54:39,110 - INFO - Epoch 3 | Batch 3375/3375 | Acc 0.0625 | Reward -0.0000 | Active 0.0160
2025-12-08 23:55:07,863 - INFO - Epoch 4 | Batch 125/3375 | Acc 0.1250 | Reward -0.0000 | Active 0.0159
2025-12-08 23:55:32,549 - INFO - Epoch 4 | Batch 250/3375 | Acc 0.1250 | Reward -0.0000 | Active 0.0161
2025-12-08 23:55:56,780 - INFO - Epoch 4 | Batch 375/3375 | Acc 0.0625 | Reward -0.0000 | Active 0.0160
2025-12-08 23:56:21,119 - INFO - Epoch 4 | Batch 500/3375 | Acc 0.0625 | Reward -0.0000 | Active 0.0160
2025-12-08 23:56:45,767 - INFO - Epoch 4 | Batch 625/3375 | Acc 0.3125 | Reward -0.0000 | Active 0.0161
2025-12-08 23:57:10,399 - INFO - Epoch 4 | Batch 750/3375 | Acc 0.1875 | Reward -0.0000 | Active 0.0160
2025-12-08 23:57:34,912 - INFO - Epoch 4 | Batch 875/3375 | Acc 0.1250 | Reward -0.0000 | Active 0.0160
2025-12-08 23:57:59,242 - INFO - Epoch 4 | Batch 1000/3375 | Acc 0.0625 | Reward -0.0000 | Active 0.0161
2025-12-08 23:58:23,584 - INFO - Epoch 4 | Batch 1125/3375 | Acc 0.1250 | Reward -0.0000 | Active 0.0161
2025-12-08 23:58:48,423 - INFO - Epoch 4 | Batch 1250/3375 | Acc 0.0625 | Reward -0.0000 | Active 0.0160
2025-12-08 23:59:12,730 - INFO - Epoch 4 | Batch 1375/3375 | Acc 0.1250 | Reward -0.0000 | Active 0.0161
2025-12-08 23:59:37,589 - INFO - Epoch 4 | Batch 1500/3375 | Acc 0.0000 | Reward -0.0000 | Active 0.0160
2025-12-09 00:00:02,242 - INFO - Epoch 4 | Batch 1625/3375 | Acc 0.0000 | Reward -0.0000 | Active 0.0160
2025-12-09 00:00:26,273 - INFO - Epoch 4 | Batch 1750/3375 | Acc 0.0625 | Reward -0.0000 | Active 0.0161
2025-12-09 00:00:50,363 - INFO - Epoch 4 | Batch 1875/3375 | Acc 0.0625 | Reward -0.0000 | Active 0.0161
2025-12-09 00:01:14,525 - INFO - Epoch 4 | Batch 2000/3375 | Acc 0.0625 | Reward -0.0000 | Active 0.0161
2025-12-09 00:01:38,947 - INFO - Epoch 4 | Batch 2125/3375 | Acc 0.3125 | Reward -0.0000 | Active 0.0161
2025-12-09 00:02:03,281 - INFO - Epoch 4 | Batch 2250/3375 | Acc 0.0000 | Reward -0.0000 | Active 0.0160
2025-12-09 00:02:27,748 - INFO - Epoch 4 | Batch 2375/3375 | Acc 0.0625 | Reward -0.0000 | Active 0.0160
2025-12-09 00:02:52,502 - INFO - Epoch 4 | Batch 2500/3375 | Acc 0.0625 | Reward -0.0000 | Active 0.0161
2025-12-09 00:03:16,952 - INFO - Epoch 4 | Batch 2625/3375 | Acc 0.0625 | Reward -0.0000 | Active 0.0160
2025-12-09 00:03:40,116 - INFO - Epoch 4 | Batch 2750/3375 | Acc 0.0625 | Reward -0.0000 | Active 0.0160
2025-12-09 00:04:04,183 - INFO - Epoch 4 | Batch 2875/3375 | Acc 0.0625 | Reward -0.0000 | Active 0.0160
2025-12-09 00:04:28,185 - INFO - Epoch 4 | Batch 3000/3375 | Acc 0.0625 | Reward -0.0000 | Active 0.0161
2025-12-09 00:04:52,375 - INFO - Epoch 4 | Batch 3125/3375 | Acc 0.0625 | Reward -0.0000 | Active 0.0159
2025-12-09 00:05:16,812 - INFO - Epoch 4 | Batch 3250/3375 | Acc 0.0625 | Reward -0.0000 | Active 0.0160
2025-12-09 00:05:41,254 - INFO - Epoch 4 | Batch 3375/3375 | Acc 0.1250 | Reward -0.0000 | Active 0.0161
2025-12-09 00:06:09,984 - INFO - Epoch 5 | Batch 125/3375 | Acc 0.1250 | Reward -0.0000 | Active 0.0161
2025-12-09 00:06:34,668 - INFO - Epoch 5 | Batch 250/3375 | Acc 0.0000 | Reward -0.0000 | Active 0.0160
2025-12-09 00:06:58,911 - INFO - Epoch 5 | Batch 375/3375 | Acc 0.0000 | Reward -0.0000 | Active 0.0159
2025-12-09 00:07:23,024 - INFO - Epoch 5 | Batch 500/3375 | Acc 0.0625 | Reward -0.0000 | Active 0.0160
2025-12-09 00:07:47,023 - INFO - Epoch 5 | Batch 625/3375 | Acc 0.0625 | Reward -0.0000 | Active 0.0160
2025-12-09 00:08:11,114 - INFO - Epoch 5 | Batch 750/3375 | Acc 0.0625 | Reward -0.0000 | Active 0.0160
2025-12-09 00:08:35,485 - INFO - Epoch 5 | Batch 875/3375 | Acc 0.0625 | Reward -0.0000 | Active 0.0161
2025-12-09 00:08:59,840 - INFO - Epoch 5 | Batch 1000/3375 | Acc 0.0000 | Reward -0.0000 | Active 0.0160
2025-12-09 00:09:24,267 - INFO - Epoch 5 | Batch 1125/3375 | Acc 0.2500 | Reward -0.0000 | Active 0.0161
2025-12-09 00:09:48,669 - INFO - Epoch 5 | Batch 1250/3375 | Acc 0.0000 | Reward -0.0000 | Active 0.0160
2025-12-09 00:10:13,041 - INFO - Epoch 5 | Batch 1375/3375 | Acc 0.0625 | Reward -0.0000 | Active 0.0159
2025-12-09 00:10:37,481 - INFO - Epoch 5 | Batch 1500/3375 | Acc 0.0000 | Reward -0.0000 | Active 0.0160
2025-12-09 00:11:01,522 - INFO - Epoch 5 | Batch 1625/3375 | Acc 0.0625 | Reward -0.0000 | Active 0.0160
2025-12-09 00:11:25,686 - INFO - Epoch 5 | Batch 1750/3375 | Acc 0.3125 | Reward -0.0000 | Active 0.0161
2025-12-09 00:11:50,019 - INFO - Epoch 5 | Batch 1875/3375 | Acc 0.1875 | Reward -0.0000 | Active 0.0160
2025-12-09 00:12:14,217 - INFO - Epoch 5 | Batch 2000/3375 | Acc 0.1875 | Reward -0.0000 | Active 0.0161
2025-12-09 00:12:38,509 - INFO - Epoch 5 | Batch 2125/3375 | Acc 0.0625 | Reward -0.0000 | Active 0.0159
2025-12-09 00:13:02,947 - INFO - Epoch 5 | Batch 2250/3375 | Acc 0.1875 | Reward -0.0000 | Active 0.0160
2025-12-09 00:13:27,338 - INFO - Epoch 5 | Batch 2375/3375 | Acc 0.1875 | Reward -0.0000 | Active 0.0161
2025-12-09 00:13:51,874 - INFO - Epoch 5 | Batch 2500/3375 | Acc 0.0625 | Reward -0.0000 | Active 0.0160
2025-12-09 00:14:16,088 - INFO - Epoch 5 | Batch 2625/3375 | Acc 0.0625 | Reward -0.0000 | Active 0.0159
2025-12-09 00:14:40,173 - INFO - Epoch 5 | Batch 2750/3375 | Acc 0.0625 | Reward -0.0000 | Active 0.0161
2025-12-09 00:15:04,167 - INFO - Epoch 5 | Batch 2875/3375 | Acc 0.0625 | Reward -0.0000 | Active 0.0160
2025-12-09 00:15:28,185 - INFO - Epoch 5 | Batch 3000/3375 | Acc 0.1250 | Reward -0.0000 | Active 0.0161
2025-12-09 00:15:52,322 - INFO - Epoch 5 | Batch 3125/3375 | Acc 0.0625 | Reward -0.0000 | Active 0.0160
2025-12-09 00:16:16,437 - INFO - Epoch 5 | Batch 3250/3375 | Acc 0.1250 | Reward -0.0000 | Active 0.0161
2025-12-09 00:16:40,537 - INFO - Epoch 5 | Batch 3375/3375 | Acc 0.0625 | Reward -0.0000 | Active 0.0161
2025-12-09 00:17:09,413 - INFO - Epoch 6 | Batch 125/3375 | Acc 0.0000 | Reward -0.0000 | Active 0.0160
2025-12-09 00:17:33,040 - INFO - Epoch 6 | Batch 250/3375 | Acc 0.2500 | Reward -0.0000 | Active 0.0160
2025-12-09 00:17:57,015 - INFO - Epoch 6 | Batch 375/3375 | Acc 0.0000 | Reward -0.0000 | Active 0.0161
2025-12-09 00:18:21,422 - INFO - Epoch 6 | Batch 500/3375 | Acc 0.0625 | Reward -0.0000 | Active 0.0160
2025-12-09 00:18:46,049 - INFO - Epoch 6 | Batch 625/3375 | Acc 0.0000 | Reward -0.0000 | Active 0.0161
2025-12-09 00:19:10,826 - INFO - Epoch 6 | Batch 750/3375 | Acc 0.1875 | Reward -0.0000 | Active 0.0160
2025-12-09 00:19:35,203 - INFO - Epoch 6 | Batch 875/3375 | Acc 0.0000 | Reward -0.0000 | Active 0.0159
2025-12-09 00:19:59,565 - INFO - Epoch 6 | Batch 1000/3375 | Acc 0.0625 | Reward -0.0000 | Active 0.0161
2025-12-09 00:20:23,755 - INFO - Epoch 6 | Batch 1125/3375 | Acc 0.0000 | Reward -0.0000 | Active 0.0161
2025-12-09 00:20:48,060 - INFO - Epoch 6 | Batch 1250/3375 | Acc 0.1250 | Reward -0.0000 | Active 0.0161
2025-12-09 00:21:12,904 - INFO - Epoch 6 | Batch 1375/3375 | Acc 0.0000 | Reward -0.0000 | Active 0.0159
2025-12-09 00:21:37,287 - INFO - Epoch 6 | Batch 1500/3375 | Acc 0.1250 | Reward -0.0000 | Active 0.0161
2025-12-09 00:22:01,861 - INFO - Epoch 6 | Batch 1625/3375 | Acc 0.1250 | Reward -0.0000 | Active 0.0159
2025-12-09 00:22:26,283 - INFO - Epoch 6 | Batch 1750/3375 | Acc 0.0625 | Reward -0.0000 | Active 0.0160
2025-12-09 00:22:51,113 - INFO - Epoch 6 | Batch 1875/3375 | Acc 0.1875 | Reward -0.0000 | Active 0.0160
2025-12-09 00:23:15,391 - INFO - Epoch 6 | Batch 2000/3375 | Acc 0.1250 | Reward -0.0000 | Active 0.0160
2025-12-09 00:23:39,829 - INFO - Epoch 6 | Batch 2125/3375 | Acc 0.0625 | Reward -0.0000 | Active 0.0160
2025-12-09 00:24:04,333 - INFO - Epoch 6 | Batch 2250/3375 | Acc 0.0625 | Reward -0.0000 | Active 0.0159
2025-12-09 00:24:28,823 - INFO - Epoch 6 | Batch 2375/3375 | Acc 0.0625 | Reward -0.0000 | Active 0.0159
2025-12-09 00:24:53,269 - INFO - Epoch 6 | Batch 2500/3375 | Acc 0.0000 | Reward -0.0000 | Active 0.0159
2025-12-09 00:25:17,665 - INFO - Epoch 6 | Batch 2625/3375 | Acc 0.2500 | Reward -0.0000 | Active 0.0160
2025-12-09 00:25:42,309 - INFO - Epoch 6 | Batch 2750/3375 | Acc 0.0625 | Reward -0.0000 | Active 0.0161
2025-12-09 00:26:06,673 - INFO - Epoch 6 | Batch 2875/3375 | Acc 0.0625 | Reward -0.0000 | Active 0.0160
2025-12-09 00:26:30,956 - INFO - Epoch 6 | Batch 3000/3375 | Acc 0.2500 | Reward -0.0000 | Active 0.0161
2025-12-09 00:26:55,362 - INFO - Epoch 6 | Batch 3125/3375 | Acc 0.0625 | Reward -0.0000 | Active 0.0160
2025-12-09 00:27:19,492 - INFO - Epoch 6 | Batch 3250/3375 | Acc 0.1250 | Reward -0.0000 | Active 0.0160
2025-12-09 00:27:43,615 - INFO - Epoch 6 | Batch 3375/3375 | Acc 0.1875 | Reward -0.0000 | Active 0.0160
2025-12-09 00:28:12,146 - INFO - Epoch 7 | Batch 125/3375 | Acc 0.0000 | Reward -0.0000 | Active 0.0159
2025-12-09 00:28:36,178 - INFO - Epoch 7 | Batch 250/3375 | Acc 0.1875 | Reward -0.0000 | Active 0.0162
2025-12-09 00:29:00,548 - INFO - Epoch 7 | Batch 375/3375 | Acc 0.0625 | Reward -0.0000 | Active 0.0160
2025-12-09 00:29:24,664 - INFO - Epoch 7 | Batch 500/3375 | Acc 0.0625 | Reward -0.0000 | Active 0.0160
2025-12-09 00:29:48,645 - INFO - Epoch 7 | Batch 625/3375 | Acc 0.0625 | Reward -0.0000 | Active 0.0160
2025-12-09 00:30:12,661 - INFO - Epoch 7 | Batch 750/3375 | Acc 0.1875 | Reward -0.0000 | Active 0.0161
2025-12-09 00:30:37,073 - INFO - Epoch 7 | Batch 875/3375 | Acc 0.0625 | Reward -0.0000 | Active 0.0159
2025-12-09 00:31:01,167 - INFO - Epoch 7 | Batch 1000/3375 | Acc 0.1250 | Reward -0.0000 | Active 0.0160
2025-12-09 00:31:25,172 - INFO - Epoch 7 | Batch 1125/3375 | Acc 0.0625 | Reward -0.0000 | Active 0.0160
2025-12-09 00:31:49,166 - INFO - Epoch 7 | Batch 1250/3375 | Acc 0.0625 | Reward -0.0000 | Active 0.0161
2025-12-09 00:32:13,643 - INFO - Epoch 7 | Batch 1375/3375 | Acc 0.1250 | Reward -0.0000 | Active 0.0161
2025-12-09 00:32:37,739 - INFO - Epoch 7 | Batch 1500/3375 | Acc 0.0000 | Reward -0.0000 | Active 0.0161
2025-12-09 00:33:01,719 - INFO - Epoch 7 | Batch 1625/3375 | Acc 0.1250 | Reward -0.0000 | Active 0.0160
2025-12-09 00:33:26,124 - INFO - Epoch 7 | Batch 1750/3375 | Acc 0.0000 | Reward -0.0000 | Active 0.0161
2025-12-09 00:33:50,506 - INFO - Epoch 7 | Batch 1875/3375 | Acc 0.0625 | Reward -0.0000 | Active 0.0160
2025-12-09 00:34:14,834 - INFO - Epoch 7 | Batch 2000/3375 | Acc 0.0000 | Reward -0.0000 | Active 0.0161
2025-12-09 00:34:39,127 - INFO - Epoch 7 | Batch 2125/3375 | Acc 0.0625 | Reward -0.0000 | Active 0.0159
2025-12-09 00:35:03,388 - INFO - Epoch 7 | Batch 2250/3375 | Acc 0.0625 | Reward -0.0000 | Active 0.0161
2025-12-09 00:35:27,736 - INFO - Epoch 7 | Batch 2375/3375 | Acc 0.0000 | Reward -0.0000 | Active 0.0159
2025-12-09 00:35:52,593 - INFO - Epoch 7 | Batch 2500/3375 | Acc 0.0625 | Reward -0.0000 | Active 0.0161
2025-12-09 00:36:17,124 - INFO - Epoch 7 | Batch 2625/3375 | Acc 0.1875 | Reward -0.0000 | Active 0.0160
2025-12-09 00:36:41,828 - INFO - Epoch 7 | Batch 2750/3375 | Acc 0.1875 | Reward -0.0000 | Active 0.0160
2025-12-09 00:37:06,475 - INFO - Epoch 7 | Batch 2875/3375 | Acc 0.1875 | Reward -0.0000 | Active 0.0161
2025-12-09 00:37:30,829 - INFO - Epoch 7 | Batch 3000/3375 | Acc 0.1250 | Reward -0.0000 | Active 0.0160
2025-12-09 00:37:55,291 - INFO - Epoch 7 | Batch 3125/3375 | Acc 0.1250 | Reward -0.0000 | Active 0.0159
2025-12-09 00:38:19,853 - INFO - Epoch 7 | Batch 3250/3375 | Acc 0.1875 | Reward -0.0000 | Active 0.0160
2025-12-09 00:38:44,604 - INFO - Epoch 7 | Batch 3375/3375 | Acc 0.1250 | Reward -0.0000 | Active 0.0161
2025-12-09 00:39:13,822 - INFO - Epoch 8 | Batch 125/3375 | Acc 0.0625 | Reward -0.0000 | Active 0.0160
2025-12-09 00:39:38,712 - INFO - Epoch 8 | Batch 250/3375 | Acc 0.1875 | Reward -0.0000 | Active 0.0160
2025-12-09 00:40:03,457 - INFO - Epoch 8 | Batch 375/3375 | Acc 0.0625 | Reward -0.0000 | Active 0.0160
2025-12-09 00:40:27,493 - INFO - Epoch 8 | Batch 500/3375 | Acc 0.1250 | Reward -0.0000 | Active 0.0160
2025-12-09 00:40:51,695 - INFO - Epoch 8 | Batch 625/3375 | Acc 0.0000 | Reward -0.0000 | Active 0.0160
2025-12-09 00:41:15,803 - INFO - Epoch 8 | Batch 750/3375 | Acc 0.0625 | Reward -0.0000 | Active 0.0160
2025-12-09 00:41:40,339 - INFO - Epoch 8 | Batch 875/3375 | Acc 0.0625 | Reward -0.0000 | Active 0.0160
2025-12-09 00:42:04,827 - INFO - Epoch 8 | Batch 1000/3375 | Acc 0.1250 | Reward -0.0000 | Active 0.0160
2025-12-09 00:42:29,261 - INFO - Epoch 8 | Batch 1125/3375 | Acc 0.1875 | Reward -0.0000 | Active 0.0160
2025-12-09 00:42:53,611 - INFO - Epoch 8 | Batch 1250/3375 | Acc 0.0000 | Reward -0.0000 | Active 0.0160
2025-12-09 00:43:17,678 - INFO - Epoch 8 | Batch 1375/3375 | Acc 0.0000 | Reward -0.0000 | Active 0.0159
2025-12-09 00:43:42,072 - INFO - Epoch 8 | Batch 1500/3375 | Acc 0.1250 | Reward -0.0000 | Active 0.0160
2025-12-09 00:44:06,829 - INFO - Epoch 8 | Batch 1625/3375 | Acc 0.2500 | Reward -0.0000 | Active 0.0160
2025-12-09 00:44:31,491 - INFO - Epoch 8 | Batch 1750/3375 | Acc 0.1250 | Reward -0.0000 | Active 0.0161
2025-12-09 00:44:56,081 - INFO - Epoch 8 | Batch 1875/3375 | Acc 0.1875 | Reward -0.0000 | Active 0.0161
2025-12-09 00:45:20,431 - INFO - Epoch 8 | Batch 2000/3375 | Acc 0.2500 | Reward -0.0000 | Active 0.0160
2025-12-09 00:45:44,392 - INFO - Epoch 8 | Batch 2125/3375 | Acc 0.0625 | Reward -0.0000 | Active 0.0160
2025-12-09 00:46:08,762 - INFO - Epoch 8 | Batch 2250/3375 | Acc 0.1875 | Reward -0.0000 | Active 0.0159
2025-12-09 00:46:33,166 - INFO - Epoch 8 | Batch 2375/3375 | Acc 0.0625 | Reward -0.0000 | Active 0.0159
2025-12-09 00:46:57,399 - INFO - Epoch 8 | Batch 2500/3375 | Acc 0.0625 | Reward -0.0000 | Active 0.0160
2025-12-09 00:47:21,433 - INFO - Epoch 8 | Batch 2625/3375 | Acc 0.0625 | Reward -0.0000 | Active 0.0160
2025-12-09 00:47:46,071 - INFO - Epoch 8 | Batch 2750/3375 | Acc 0.1875 | Reward -0.0000 | Active 0.0160
2025-12-09 00:48:10,605 - INFO - Epoch 8 | Batch 2875/3375 | Acc 0.1250 | Reward -0.0000 | Active 0.0160
2025-12-09 00:48:35,306 - INFO - Epoch 8 | Batch 3000/3375 | Acc 0.0625 | Reward -0.0000 | Active 0.0160
2025-12-09 00:48:59,825 - INFO - Epoch 8 | Batch 3125/3375 | Acc 0.0625 | Reward -0.0000 | Active 0.0160
2025-12-09 00:49:24,414 - INFO - Epoch 8 | Batch 3250/3375 | Acc 0.1250 | Reward -0.0000 | Active 0.0159
2025-12-09 00:49:48,904 - INFO - Epoch 8 | Batch 3375/3375 | Acc 0.0625 | Reward -0.0000 | Active 0.0160
2025-12-09 00:50:17,829 - INFO - Epoch 9 | Batch 125/3375 | Acc 0.1250 | Reward -0.0000 | Active 0.0160
2025-12-09 00:50:42,233 - INFO - Epoch 9 | Batch 250/3375 | Acc 0.0000 | Reward -0.0000 | Active 0.0160
2025-12-09 00:51:06,632 - INFO - Epoch 9 | Batch 375/3375 | Acc 0.1250 | Reward -0.0000 | Active 0.0160
2025-12-09 00:51:30,925 - INFO - Epoch 9 | Batch 500/3375 | Acc 0.1250 | Reward -0.0000 | Active 0.0161
2025-12-09 00:51:55,430 - INFO - Epoch 9 | Batch 625/3375 | Acc 0.1250 | Reward -0.0000 | Active 0.0160
2025-12-09 00:52:19,930 - INFO - Epoch 9 | Batch 750/3375 | Acc 0.0625 | Reward -0.0000 | Active 0.0158
2025-12-09 00:52:44,301 - INFO - Epoch 9 | Batch 875/3375 | Acc 0.1250 | Reward -0.0000 | Active 0.0160
2025-12-09 00:53:08,790 - INFO - Epoch 9 | Batch 1000/3375 | Acc 0.0625 | Reward -0.0000 | Active 0.0161
2025-12-09 00:53:33,306 - INFO - Epoch 9 | Batch 1125/3375 | Acc 0.1250 | Reward -0.0000 | Active 0.0159
2025-12-09 00:53:57,354 - INFO - Epoch 9 | Batch 1250/3375 | Acc 0.0625 | Reward -0.0000 | Active 0.0161
2025-12-09 00:54:22,049 - INFO - Epoch 9 | Batch 1375/3375 | Acc 0.2500 | Reward -0.0000 | Active 0.0161
2025-12-09 00:54:46,743 - INFO - Epoch 9 | Batch 1500/3375 | Acc 0.0625 | Reward -0.0000 | Active 0.0161
2025-12-09 00:55:11,580 - INFO - Epoch 9 | Batch 1625/3375 | Acc 0.0625 | Reward -0.0000 | Active 0.0161
2025-12-09 00:55:36,474 - INFO - Epoch 9 | Batch 1750/3375 | Acc 0.0625 | Reward -0.0000 | Active 0.0160
2025-12-09 00:56:00,850 - INFO - Epoch 9 | Batch 1875/3375 | Acc 0.1250 | Reward -0.0000 | Active 0.0161
2025-12-09 00:56:25,152 - INFO - Epoch 9 | Batch 2000/3375 | Acc 0.0625 | Reward -0.0000 | Active 0.0160
2025-12-09 00:56:49,375 - INFO - Epoch 9 | Batch 2125/3375 | Acc 0.0625 | Reward -0.0000 | Active 0.0161
2025-12-09 00:57:13,914 - INFO - Epoch 9 | Batch 2250/3375 | Acc 0.1250 | Reward -0.0000 | Active 0.0160
2025-12-09 00:57:38,622 - INFO - Epoch 9 | Batch 2375/3375 | Acc 0.1250 | Reward -0.0000 | Active 0.0160
2025-12-09 00:58:02,944 - INFO - Epoch 9 | Batch 2500/3375 | Acc 0.0625 | Reward -0.0000 | Active 0.0160
2025-12-09 00:58:27,314 - INFO - Epoch 9 | Batch 2625/3375 | Acc 0.3125 | Reward -0.0000 | Active 0.0161
2025-12-09 00:58:51,681 - INFO - Epoch 9 | Batch 2750/3375 | Acc 0.1250 | Reward -0.0000 | Active 0.0161
2025-12-09 00:59:16,081 - INFO - Epoch 9 | Batch 2875/3375 | Acc 0.0000 | Reward -0.0000 | Active 0.0160
2025-12-09 00:59:40,119 - INFO - Epoch 9 | Batch 3000/3375 | Acc 0.1250 | Reward -0.0000 | Active 0.0161
2025-12-09 01:00:04,449 - INFO - Epoch 9 | Batch 3125/3375 | Acc 0.0625 | Reward -0.0000 | Active 0.0159
2025-12-09 01:00:28,828 - INFO - Epoch 9 | Batch 3250/3375 | Acc 0.0625 | Reward -0.0000 | Active 0.0160
2025-12-09 01:00:53,507 - INFO - Epoch 9 | Batch 3375/3375 | Acc 0.1250 | Reward -0.0000 | Active 0.0161
2025-12-09 01:01:22,406 - INFO - Epoch 10 | Batch 125/3375 | Acc 0.1250 | Reward -0.0000 | Active 0.0160
2025-12-09 01:01:46,972 - INFO - Epoch 10 | Batch 250/3375 | Acc 0.0000 | Reward -0.0000 | Active 0.0161
2025-12-09 01:02:11,420 - INFO - Epoch 10 | Batch 375/3375 | Acc 0.2500 | Reward -0.0000 | Active 0.0161
2025-12-09 01:02:35,944 - INFO - Epoch 10 | Batch 500/3375 | Acc 0.1250 | Reward -0.0000 | Active 0.0158
2025-12-09 01:03:00,397 - INFO - Epoch 10 | Batch 625/3375 | Acc 0.2500 | Reward -0.0000 | Active 0.0160
2025-12-09 01:03:24,441 - INFO - Epoch 10 | Batch 750/3375 | Acc 0.1250 | Reward -0.0000 | Active 0.0160
2025-12-09 01:03:48,453 - INFO - Epoch 10 | Batch 875/3375 | Acc 0.1250 | Reward -0.0000 | Active 0.0159
2025-12-09 01:04:12,539 - INFO - Epoch 10 | Batch 1000/3375 | Acc 0.2500 | Reward -0.0000 | Active 0.0161
2025-12-09 01:04:37,059 - INFO - Epoch 10 | Batch 1125/3375 | Acc 0.0625 | Reward -0.0000 | Active 0.0161
2025-12-09 01:05:01,155 - INFO - Epoch 10 | Batch 1250/3375 | Acc 0.2500 | Reward -0.0000 | Active 0.0161
2025-12-09 01:05:25,424 - INFO - Epoch 10 | Batch 1375/3375 | Acc 0.0000 | Reward -0.0000 | Active 0.0160
2025-12-09 01:05:49,484 - INFO - Epoch 10 | Batch 1500/3375 | Acc 0.1875 | Reward -0.0000 | Active 0.0160
2025-12-09 01:06:13,861 - INFO - Epoch 10 | Batch 1625/3375 | Acc 0.1250 | Reward -0.0000 | Active 0.0159
2025-12-09 01:06:38,117 - INFO - Epoch 10 | Batch 1750/3375 | Acc 0.1250 | Reward -0.0000 | Active 0.0160
2025-12-09 01:07:02,258 - INFO - Epoch 10 | Batch 1875/3375 | Acc 0.1250 | Reward -0.0000 | Active 0.0160
2025-12-09 01:07:26,634 - INFO - Epoch 10 | Batch 2000/3375 | Acc 0.0000 | Reward -0.0000 | Active 0.0159
2025-12-09 01:07:51,099 - INFO - Epoch 10 | Batch 2125/3375 | Acc 0.0625 | Reward -0.0000 | Active 0.0161
2025-12-09 01:08:15,314 - INFO - Epoch 10 | Batch 2250/3375 | Acc 0.1250 | Reward -0.0000 | Active 0.0161
2025-12-09 01:08:39,460 - INFO - Epoch 10 | Batch 2375/3375 | Acc 0.1250 | Reward -0.0000 | Active 0.0161
2025-12-09 01:09:03,827 - INFO - Epoch 10 | Batch 2500/3375 | Acc 0.1875 | Reward -0.0000 | Active 0.0160
2025-12-09 01:09:27,970 - INFO - Epoch 10 | Batch 2625/3375 | Acc 0.1250 | Reward -0.0000 | Active 0.0160
2025-12-09 01:09:52,190 - INFO - Epoch 10 | Batch 2750/3375 | Acc 0.0000 | Reward -0.0000 | Active 0.0160
2025-12-09 01:10:16,732 - INFO - Epoch 10 | Batch 2875/3375 | Acc 0.0000 | Reward -0.0000 | Active 0.0160
2025-12-09 01:10:40,847 - INFO - Epoch 10 | Batch 3000/3375 | Acc 0.0625 | Reward -0.0000 | Active 0.0160
2025-12-09 01:11:05,795 - INFO - Epoch 10 | Batch 3125/3375 | Acc 0.0000 | Reward -0.0000 | Active 0.0160
2025-12-09 01:11:30,116 - INFO - Epoch 10 | Batch 3250/3375 | Acc 0.0625 | Reward -0.0000 | Active 0.0159
2025-12-09 01:11:54,161 - INFO - Epoch 10 | Batch 3375/3375 | Acc 0.1250 | Reward -0.0000 | Active 0.0161
2025-12-09 01:12:23,330 - INFO - Epoch 11 | Batch 125/3375 | Acc 0.0000 | Reward -0.0000 | Active 0.0160
2025-12-09 01:12:48,083 - INFO - Epoch 11 | Batch 250/3375 | Acc 0.0000 | Reward -0.0000 | Active 0.0161
2025-12-09 01:13:12,470 - INFO - Epoch 11 | Batch 375/3375 | Acc 0.0000 | Reward -0.0000 | Active 0.0160
2025-12-09 01:13:36,254 - INFO - Epoch 11 | Batch 500/3375 | Acc 0.0625 | Reward -0.0000 | Active 0.0161
2025-12-09 01:14:00,661 - INFO - Epoch 11 | Batch 625/3375 | Acc 0.0000 | Reward -0.0000 | Active 0.0160
2025-12-09 01:14:24,692 - INFO - Epoch 11 | Batch 750/3375 | Acc 0.0625 | Reward -0.0000 | Active 0.0161
2025-12-09 01:14:48,877 - INFO - Epoch 11 | Batch 875/3375 | Acc 0.2500 | Reward -0.0000 | Active 0.0161
2025-12-09 01:15:13,021 - INFO - Epoch 11 | Batch 1000/3375 | Acc 0.1250 | Reward -0.0000 | Active 0.0159
2025-12-09 01:15:37,226 - INFO - Epoch 11 | Batch 1125/3375 | Acc 0.1250 | Reward -0.0000 | Active 0.0161
2025-12-09 01:16:01,972 - INFO - Epoch 11 | Batch 1250/3375 | Acc 0.0000 | Reward -0.0000 | Active 0.0160
2025-12-09 01:16:26,396 - INFO - Epoch 11 | Batch 1375/3375 | Acc 0.1250 | Reward -0.0000 | Active 0.0161
2025-12-09 01:16:51,061 - INFO - Epoch 11 | Batch 1500/3375 | Acc 0.2500 | Reward -0.0000 | Active 0.0161
2025-12-09 01:17:15,304 - INFO - Epoch 11 | Batch 1625/3375 | Acc 0.1250 | Reward -0.0000 | Active 0.0161
2025-12-09 01:17:39,355 - INFO - Epoch 11 | Batch 1750/3375 | Acc 0.1250 | Reward -0.0000 | Active 0.0160
2025-12-09 01:18:03,510 - INFO - Epoch 11 | Batch 1875/3375 | Acc 0.0625 | Reward -0.0000 | Active 0.0161
2025-12-09 01:18:28,439 - INFO - Epoch 11 | Batch 2000/3375 | Acc 0.1250 | Reward -0.0000 | Active 0.0160
2025-12-09 01:18:52,986 - INFO - Epoch 11 | Batch 2125/3375 | Acc 0.0625 | Reward -0.0000 | Active 0.0161
2025-12-09 01:19:17,325 - INFO - Epoch 11 | Batch 2250/3375 | Acc 0.1250 | Reward -0.0000 | Active 0.0160
2025-12-09 01:19:41,398 - INFO - Epoch 11 | Batch 2375/3375 | Acc 0.0000 | Reward -0.0000 | Active 0.0160
2025-12-09 01:20:06,039 - INFO - Epoch 11 | Batch 2500/3375 | Acc 0.2500 | Reward -0.0000 | Active 0.0160
2025-12-09 01:20:30,459 - INFO - Epoch 11 | Batch 2625/3375 | Acc 0.1250 | Reward -0.0000 | Active 0.0160
2025-12-09 01:20:55,248 - INFO - Epoch 11 | Batch 2750/3375 | Acc 0.0625 | Reward -0.0000 | Active 0.0161
2025-12-09 01:21:19,806 - INFO - Epoch 11 | Batch 2875/3375 | Acc 0.1250 | Reward -0.0000 | Active 0.0161
2025-12-09 01:21:44,366 - INFO - Epoch 11 | Batch 3000/3375 | Acc 0.0000 | Reward -0.0000 | Active 0.0160
2025-12-09 01:22:08,854 - INFO - Epoch 11 | Batch 3125/3375 | Acc 0.1250 | Reward -0.0000 | Active 0.0161
2025-12-09 01:22:33,129 - INFO - Epoch 11 | Batch 3250/3375 | Acc 0.1875 | Reward -0.0000 | Active 0.0159
2025-12-09 01:22:57,251 - INFO - Epoch 11 | Batch 3375/3375 | Acc 0.2500 | Reward -0.0000 | Active 0.0160
2025-12-09 01:23:25,921 - INFO - Epoch 12 | Batch 125/3375 | Acc 0.0000 | Reward -0.0000 | Active 0.0160
2025-12-09 01:23:50,119 - INFO - Epoch 12 | Batch 250/3375 | Acc 0.1875 | Reward -0.0000 | Active 0.0160
2025-12-09 01:24:14,286 - INFO - Epoch 12 | Batch 375/3375 | Acc 0.3125 | Reward -0.0000 | Active 0.0161
2025-12-09 01:24:38,474 - INFO - Epoch 12 | Batch 500/3375 | Acc 0.1250 | Reward -0.0000 | Active 0.0160
2025-12-09 01:25:02,496 - INFO - Epoch 12 | Batch 625/3375 | Acc 0.1875 | Reward -0.0000 | Active 0.0161
2025-12-09 01:25:26,542 - INFO - Epoch 12 | Batch 750/3375 | Acc 0.1250 | Reward -0.0000 | Active 0.0160
2025-12-09 01:25:50,812 - INFO - Epoch 12 | Batch 875/3375 | Acc 0.1250 | Reward -0.0000 | Active 0.0160
2025-12-09 01:26:15,044 - INFO - Epoch 12 | Batch 1000/3375 | Acc 0.1250 | Reward -0.0000 | Active 0.0160
2025-12-09 01:26:39,637 - INFO - Epoch 12 | Batch 1125/3375 | Acc 0.2500 | Reward -0.0000 | Active 0.0161
2025-12-09 01:27:04,241 - INFO - Epoch 12 | Batch 1250/3375 | Acc 0.1250 | Reward -0.0000 | Active 0.0161
2025-12-09 01:27:28,285 - INFO - Epoch 12 | Batch 1375/3375 | Acc 0.0625 | Reward -0.0000 | Active 0.0160
2025-12-09 01:27:52,555 - INFO - Epoch 12 | Batch 1500/3375 | Acc 0.1875 | Reward -0.0000 | Active 0.0160
2025-12-09 01:28:16,882 - INFO - Epoch 12 | Batch 1625/3375 | Acc 0.0625 | Reward -0.0000 | Active 0.0160
2025-12-09 01:28:41,352 - INFO - Epoch 12 | Batch 1750/3375 | Acc 0.1875 | Reward -0.0000 | Active 0.0161
2025-12-09 01:29:05,452 - INFO - Epoch 12 | Batch 1875/3375 | Acc 0.1875 | Reward -0.0000 | Active 0.0162
2025-12-09 01:29:29,887 - INFO - Epoch 12 | Batch 2000/3375 | Acc 0.0625 | Reward -0.0000 | Active 0.0161
2025-12-09 01:29:54,087 - INFO - Epoch 12 | Batch 2125/3375 | Acc 0.0000 | Reward -0.0000 | Active 0.0161
2025-12-09 01:30:18,283 - INFO - Epoch 12 | Batch 2250/3375 | Acc 0.0000 | Reward -0.0000 | Active 0.0161
2025-12-09 01:30:42,681 - INFO - Epoch 12 | Batch 2375/3375 | Acc 0.0625 | Reward -0.0000 | Active 0.0160
2025-12-09 01:31:06,897 - INFO - Epoch 12 | Batch 2500/3375 | Acc 0.0000 | Reward -0.0000 | Active 0.0160
2025-12-09 01:31:31,006 - INFO - Epoch 12 | Batch 2625/3375 | Acc 0.1250 | Reward -0.0000 | Active 0.0161
2025-12-09 01:31:55,071 - INFO - Epoch 12 | Batch 2750/3375 | Acc 0.0625 | Reward -0.0000 | Active 0.0160
2025-12-09 01:32:19,750 - INFO - Epoch 12 | Batch 2875/3375 | Acc 0.0625 | Reward -0.0000 | Active 0.0160
2025-12-09 01:32:44,502 - INFO - Epoch 12 | Batch 3000/3375 | Acc 0.0000 | Reward -0.0000 | Active 0.0161
2025-12-09 01:33:08,883 - INFO - Epoch 12 | Batch 3125/3375 | Acc 0.0000 | Reward -0.0000 | Active 0.0160
2025-12-09 01:33:33,055 - INFO - Epoch 12 | Batch 3250/3375 | Acc 0.0000 | Reward -0.0000 | Active 0.0160
2025-12-09 01:33:57,465 - INFO - Epoch 12 | Batch 3375/3375 | Acc 0.3125 | Reward -0.0000 | Active 0.0161
2025-12-09 01:34:26,116 - INFO - Epoch 13 | Batch 125/3375 | Acc 0.2500 | Reward -0.0000 | Active 0.0160
2025-12-09 01:34:50,340 - INFO - Epoch 13 | Batch 250/3375 | Acc 0.1250 | Reward -0.0000 | Active 0.0161
2025-12-09 01:35:14,591 - INFO - Epoch 13 | Batch 375/3375 | Acc 0.0625 | Reward -0.0000 | Active 0.0160
2025-12-09 01:35:38,789 - INFO - Epoch 13 | Batch 500/3375 | Acc 0.1250 | Reward -0.0000 | Active 0.0160
2025-12-09 01:36:02,971 - INFO - Epoch 13 | Batch 625/3375 | Acc 0.0625 | Reward -0.0000 | Active 0.0161
2025-12-09 01:36:27,282 - INFO - Epoch 13 | Batch 750/3375 | Acc 0.0000 | Reward -0.0000 | Active 0.0160
2025-12-09 01:36:51,962 - INFO - Epoch 13 | Batch 875/3375 | Acc 0.0000 | Reward -0.0000 | Active 0.0161
2025-12-09 01:37:16,430 - INFO - Epoch 13 | Batch 1000/3375 | Acc 0.1875 | Reward -0.0000 | Active 0.0161
2025-12-09 01:37:40,588 - INFO - Epoch 13 | Batch 1125/3375 | Acc 0.0000 | Reward -0.0000 | Active 0.0160
2025-12-09 01:38:05,059 - INFO - Epoch 13 | Batch 1250/3375 | Acc 0.1250 | Reward -0.0000 | Active 0.0159
2025-12-09 01:38:29,543 - INFO - Epoch 13 | Batch 1375/3375 | Acc 0.0000 | Reward -0.0000 | Active 0.0160
2025-12-09 01:38:54,213 - INFO - Epoch 13 | Batch 1500/3375 | Acc 0.3125 | Reward -0.0000 | Active 0.0161
2025-12-09 01:39:18,739 - INFO - Epoch 13 | Batch 1625/3375 | Acc 0.1250 | Reward -0.0000 | Active 0.0161
2025-12-09 01:39:43,589 - INFO - Epoch 13 | Batch 1750/3375 | Acc 0.0000 | Reward -0.0000 | Active 0.0160
2025-12-09 01:40:08,373 - INFO - Epoch 13 | Batch 1875/3375 | Acc 0.0625 | Reward -0.0000 | Active 0.0161
2025-12-09 01:40:32,909 - INFO - Epoch 13 | Batch 2000/3375 | Acc 0.3125 | Reward -0.0000 | Active 0.0160
2025-12-09 01:40:57,852 - INFO - Epoch 13 | Batch 2125/3375 | Acc 0.1250 | Reward -0.0000 | Active 0.0161
2025-12-09 01:41:21,908 - INFO - Epoch 13 | Batch 2250/3375 | Acc 0.1250 | Reward -0.0000 | Active 0.0161
2025-12-09 01:41:45,559 - INFO - Epoch 13 | Batch 2375/3375 | Acc 0.0625 | Reward -0.0000 | Active 0.0161
2025-12-09 01:42:09,896 - INFO - Epoch 13 | Batch 2500/3375 | Acc 0.1875 | Reward -0.0000 | Active 0.0160
2025-12-09 01:42:34,381 - INFO - Epoch 13 | Batch 2625/3375 | Acc 0.0625 | Reward -0.0000 | Active 0.0160
2025-12-09 01:42:58,867 - INFO - Epoch 13 | Batch 2750/3375 | Acc 0.1250 | Reward -0.0000 | Active 0.0161
2025-12-09 01:43:23,843 - INFO - Epoch 13 | Batch 2875/3375 | Acc 0.0625 | Reward -0.0000 | Active 0.0160
2025-12-09 01:43:48,389 - INFO - Epoch 13 | Batch 3000/3375 | Acc 0.0625 | Reward -0.0000 | Active 0.0160
2025-12-09 01:44:12,922 - INFO - Epoch 13 | Batch 3125/3375 | Acc 0.0625 | Reward -0.0000 | Active 0.0160
2025-12-09 01:44:37,497 - INFO - Epoch 13 | Batch 3250/3375 | Acc 0.0625 | Reward -0.0000 | Active 0.0160
2025-12-09 01:45:02,081 - INFO - Epoch 13 | Batch 3375/3375 | Acc 0.2500 | Reward -0.0000 | Active 0.0160
2025-12-09 01:45:31,127 - INFO - Epoch 14 | Batch 125/3375 | Acc 0.0625 | Reward -0.0000 | Active 0.0160
2025-12-09 01:45:55,795 - INFO - Epoch 14 | Batch 250/3375 | Acc 0.0625 | Reward -0.0000 | Active 0.0160
2025-12-09 01:46:20,320 - INFO - Epoch 14 | Batch 375/3375 | Acc 0.0625 | Reward -0.0000 | Active 0.0160
2025-12-09 01:46:44,822 - INFO - Epoch 14 | Batch 500/3375 | Acc 0.0625 | Reward -0.0000 | Active 0.0159
2025-12-09 01:47:09,533 - INFO - Epoch 14 | Batch 625/3375 | Acc 0.0625 | Reward -0.0000 | Active 0.0161
2025-12-09 01:47:33,921 - INFO - Epoch 14 | Batch 750/3375 | Acc 0.2500 | Reward -0.0000 | Active 0.0160
2025-12-09 01:47:58,693 - INFO - Epoch 14 | Batch 875/3375 | Acc 0.0625 | Reward -0.0000 | Active 0.0161
2025-12-09 01:48:23,428 - INFO - Epoch 14 | Batch 1000/3375 | Acc 0.0625 | Reward -0.0000 | Active 0.0160
2025-12-09 01:48:48,080 - INFO - Epoch 14 | Batch 1125/3375 | Acc 0.1875 | Reward -0.0000 | Active 0.0161
2025-12-09 01:49:12,602 - INFO - Epoch 14 | Batch 1250/3375 | Acc 0.1875 | Reward -0.0000 | Active 0.0161
2025-12-09 01:49:36,919 - INFO - Epoch 14 | Batch 1375/3375 | Acc 0.1875 | Reward -0.0000 | Active 0.0161
2025-12-09 01:50:01,209 - INFO - Epoch 14 | Batch 1500/3375 | Acc 0.1875 | Reward -0.0000 | Active 0.0161
2025-12-09 01:50:25,320 - INFO - Epoch 14 | Batch 1625/3375 | Acc 0.0625 | Reward -0.0000 | Active 0.0160
2025-12-09 01:50:49,671 - INFO - Epoch 14 | Batch 1750/3375 | Acc 0.0000 | Reward -0.0000 | Active 0.0160
2025-12-09 01:51:14,113 - INFO - Epoch 14 | Batch 1875/3375 | Acc 0.0625 | Reward -0.0000 | Active 0.0160
2025-12-09 01:51:38,592 - INFO - Epoch 14 | Batch 2000/3375 | Acc 0.0000 | Reward -0.0000 | Active 0.0161
2025-12-09 01:52:03,457 - INFO - Epoch 14 | Batch 2125/3375 | Acc 0.0625 | Reward -0.0000 | Active 0.0160
2025-12-09 01:52:28,330 - INFO - Epoch 14 | Batch 2250/3375 | Acc 0.1250 | Reward -0.0000 | Active 0.0160
2025-12-09 01:52:53,072 - INFO - Epoch 14 | Batch 2375/3375 | Acc 0.1250 | Reward -0.0000 | Active 0.0161
2025-12-09 01:53:17,574 - INFO - Epoch 14 | Batch 2500/3375 | Acc 0.1250 | Reward -0.0000 | Active 0.0161
2025-12-09 01:53:41,778 - INFO - Epoch 14 | Batch 2625/3375 | Acc 0.0000 | Reward -0.0000 | Active 0.0160
2025-12-09 01:54:06,648 - INFO - Epoch 14 | Batch 2750/3375 | Acc 0.1250 | Reward -0.0000 | Active 0.0161
2025-12-09 01:54:31,372 - INFO - Epoch 14 | Batch 2875/3375 | Acc 0.1250 | Reward -0.0000 | Active 0.0160
2025-12-09 01:54:55,839 - INFO - Epoch 14 | Batch 3000/3375 | Acc 0.1875 | Reward -0.0000 | Active 0.0161
2025-12-09 01:55:20,329 - INFO - Epoch 14 | Batch 3125/3375 | Acc 0.0625 | Reward -0.0000 | Active 0.0161
2025-12-09 01:55:43,956 - INFO - Epoch 14 | Batch 3250/3375 | Acc 0.0000 | Reward -0.0000 | Active 0.0159
2025-12-09 01:56:08,462 - INFO - Epoch 14 | Batch 3375/3375 | Acc 0.1875 | Reward -0.0000 | Active 0.0161
2025-12-09 01:56:37,251 - INFO - Epoch 15 | Batch 125/3375 | Acc 0.0625 | Reward -0.0000 | Active 0.0159
2025-12-09 01:57:01,451 - INFO - Epoch 15 | Batch 250/3375 | Acc 0.0000 | Reward -0.0000 | Active 0.0159
2025-12-09 01:57:25,616 - INFO - Epoch 15 | Batch 375/3375 | Acc 0.0625 | Reward -0.0000 | Active 0.0160
2025-12-09 01:57:49,895 - INFO - Epoch 15 | Batch 500/3375 | Acc 0.1250 | Reward -0.0000 | Active 0.0161
2025-12-09 01:58:14,343 - INFO - Epoch 15 | Batch 625/3375 | Acc 0.1875 | Reward -0.0000 | Active 0.0160
2025-12-09 01:58:38,758 - INFO - Epoch 15 | Batch 750/3375 | Acc 0.2500 | Reward -0.0000 | Active 0.0161
2025-12-09 01:59:03,223 - INFO - Epoch 15 | Batch 875/3375 | Acc 0.0000 | Reward -0.0000 | Active 0.0159
2025-12-09 01:59:27,675 - INFO - Epoch 15 | Batch 1000/3375 | Acc 0.0625 | Reward -0.0000 | Active 0.0160
2025-12-09 01:59:52,172 - INFO - Epoch 15 | Batch 1125/3375 | Acc 0.1250 | Reward -0.0000 | Active 0.0161
2025-12-09 02:00:16,955 - INFO - Epoch 15 | Batch 1250/3375 | Acc 0.2500 | Reward -0.0000 | Active 0.0161
2025-12-09 02:00:41,606 - INFO - Epoch 15 | Batch 1375/3375 | Acc 0.1875 | Reward -0.0000 | Active 0.0161
2025-12-09 02:01:06,081 - INFO - Epoch 15 | Batch 1500/3375 | Acc 0.0625 | Reward -0.0000 | Active 0.0161
2025-12-09 02:01:30,718 - INFO - Epoch 15 | Batch 1625/3375 | Acc 0.0625 | Reward -0.0000 | Active 0.0160
2025-12-09 02:01:55,463 - INFO - Epoch 15 | Batch 1750/3375 | Acc 0.1875 | Reward -0.0000 | Active 0.0160
2025-12-09 02:02:20,223 - INFO - Epoch 15 | Batch 1875/3375 | Acc 0.0000 | Reward -0.0000 | Active 0.0160
2025-12-09 02:02:44,963 - INFO - Epoch 15 | Batch 2000/3375 | Acc 0.1250 | Reward -0.0000 | Active 0.0160
2025-12-09 02:03:09,370 - INFO - Epoch 15 | Batch 2125/3375 | Acc 0.0625 | Reward -0.0000 | Active 0.0160
2025-12-09 02:03:33,781 - INFO - Epoch 15 | Batch 2250/3375 | Acc 0.1250 | Reward -0.0000 | Active 0.0159
2025-12-09 02:03:58,239 - INFO - Epoch 15 | Batch 2375/3375 | Acc 0.1875 | Reward -0.0000 | Active 0.0160
2025-12-09 02:04:22,676 - INFO - Epoch 15 | Batch 2500/3375 | Acc 0.0625 | Reward -0.0000 | Active 0.0160
2025-12-09 02:04:47,203 - INFO - Epoch 15 | Batch 2625/3375 | Acc 0.1875 | Reward -0.0000 | Active 0.0161
2025-12-09 02:05:11,605 - INFO - Epoch 15 | Batch 2750/3375 | Acc 0.0625 | Reward -0.0000 | Active 0.0160
2025-12-09 02:05:36,611 - INFO - Epoch 15 | Batch 2875/3375 | Acc 0.1875 | Reward -0.0000 | Active 0.0159
2025-12-09 02:06:01,283 - INFO - Epoch 15 | Batch 3000/3375 | Acc 0.1250 | Reward -0.0000 | Active 0.0160
2025-12-09 02:06:25,701 - INFO - Epoch 15 | Batch 3125/3375 | Acc 0.0625 | Reward -0.0000 | Active 0.0159
2025-12-09 02:06:50,120 - INFO - Epoch 15 | Batch 3250/3375 | Acc 0.1250 | Reward -0.0000 | Active 0.0161
2025-12-09 02:07:14,785 - INFO - Epoch 15 | Batch 3375/3375 | Acc 0.0625 | Reward -0.0000 | Active 0.0160
2025-12-09 02:07:43,802 - INFO - Epoch 16 | Batch 125/3375 | Acc 0.1875 | Reward -0.0000 | Active 0.0161
2025-12-09 02:08:08,154 - INFO - Epoch 16 | Batch 250/3375 | Acc 0.0625 | Reward -0.0000 | Active 0.0161
2025-12-09 02:08:32,674 - INFO - Epoch 16 | Batch 375/3375 | Acc 0.1250 | Reward -0.0000 | Active 0.0160
2025-12-09 02:08:57,195 - INFO - Epoch 16 | Batch 500/3375 | Acc 0.0625 | Reward -0.0000 | Active 0.0160
2025-12-09 02:09:21,982 - INFO - Epoch 16 | Batch 625/3375 | Acc 0.3750 | Reward -0.0000 | Active 0.0160
2025-12-09 02:09:45,711 - INFO - Epoch 16 | Batch 750/3375 | Acc 0.1875 | Reward -0.0000 | Active 0.0160
2025-12-09 02:10:09,988 - INFO - Epoch 16 | Batch 875/3375 | Acc 0.0625 | Reward -0.0000 | Active 0.0160
2025-12-09 02:10:34,159 - INFO - Epoch 16 | Batch 1000/3375 | Acc 0.0000 | Reward -0.0000 | Active 0.0161
2025-12-09 02:10:58,330 - INFO - Epoch 16 | Batch 1125/3375 | Acc 0.1875 | Reward -0.0000 | Active 0.0161
2025-12-09 02:11:23,047 - INFO - Epoch 16 | Batch 1250/3375 | Acc 0.0625 | Reward -0.0000 | Active 0.0160
2025-12-09 02:11:47,591 - INFO - Epoch 16 | Batch 1375/3375 | Acc 0.1250 | Reward -0.0000 | Active 0.0161
2025-12-09 02:12:12,174 - INFO - Epoch 16 | Batch 1500/3375 | Acc 0.0625 | Reward -0.0000 | Active 0.0160
2025-12-09 02:12:36,642 - INFO - Epoch 16 | Batch 1625/3375 | Acc 0.2500 | Reward -0.0000 | Active 0.0161
2025-12-09 02:13:01,135 - INFO - Epoch 16 | Batch 1750/3375 | Acc 0.2500 | Reward -0.0000 | Active 0.0161
2025-12-09 02:13:25,712 - INFO - Epoch 16 | Batch 1875/3375 | Acc 0.0000 | Reward -0.0000 | Active 0.0160
2025-12-09 02:13:50,093 - INFO - Epoch 16 | Batch 2000/3375 | Acc 0.1250 | Reward -0.0000 | Active 0.0160
2025-12-09 02:14:14,571 - INFO - Epoch 16 | Batch 2125/3375 | Acc 0.0000 | Reward -0.0000 | Active 0.0161
2025-12-09 02:14:39,308 - INFO - Epoch 16 | Batch 2250/3375 | Acc 0.1875 | Reward -0.0000 | Active 0.0161
2025-12-09 02:15:03,882 - INFO - Epoch 16 | Batch 2375/3375 | Acc 0.0000 | Reward -0.0000 | Active 0.0161
2025-12-09 02:15:28,352 - INFO - Epoch 16 | Batch 2500/3375 | Acc 0.0625 | Reward -0.0000 | Active 0.0158
2025-12-09 02:15:52,757 - INFO - Epoch 16 | Batch 2625/3375 | Acc 0.0625 | Reward -0.0000 | Active 0.0161
2025-12-09 02:16:17,427 - INFO - Epoch 16 | Batch 2750/3375 | Acc 0.1875 | Reward -0.0000 | Active 0.0160
2025-12-09 02:16:42,274 - INFO - Epoch 16 | Batch 2875/3375 | Acc 0.0000 | Reward -0.0000 | Active 0.0160
2025-12-09 02:17:06,738 - INFO - Epoch 16 | Batch 3000/3375 | Acc 0.0625 | Reward -0.0000 | Active 0.0160
2025-12-09 02:17:31,592 - INFO - Epoch 16 | Batch 3125/3375 | Acc 0.0625 | Reward -0.0000 | Active 0.0160
2025-12-09 02:17:56,116 - INFO - Epoch 16 | Batch 3250/3375 | Acc 0.0000 | Reward -0.0000 | Active 0.0160
2025-12-09 02:18:20,675 - INFO - Epoch 16 | Batch 3375/3375 | Acc 0.0625 | Reward -0.0000 | Active 0.0161
2025-12-09 02:18:49,907 - INFO - Epoch 17 | Batch 125/3375 | Acc 0.0625 | Reward -0.0000 | Active 0.0161
2025-12-09 02:19:14,082 - INFO - Epoch 17 | Batch 250/3375 | Acc 0.0000 | Reward -0.0000 | Active 0.0161
2025-12-09 02:19:38,295 - INFO - Epoch 17 | Batch 375/3375 | Acc 0.1250 | Reward -0.0000 | Active 0.0160
2025-12-09 02:20:02,555 - INFO - Epoch 17 | Batch 500/3375 | Acc 0.0000 | Reward -0.0000 | Active 0.0160
2025-12-09 02:20:26,996 - INFO - Epoch 17 | Batch 625/3375 | Acc 0.1875 | Reward -0.0000 | Active 0.0160
2025-12-09 02:20:51,206 - INFO - Epoch 17 | Batch 750/3375 | Acc 0.0625 | Reward -0.0000 | Active 0.0160
2025-12-09 02:21:15,356 - INFO - Epoch 17 | Batch 875/3375 | Acc 0.0000 | Reward -0.0000 | Active 0.0160
2025-12-09 02:21:40,114 - INFO - Epoch 17 | Batch 1000/3375 | Acc 0.0625 | Reward -0.0000 | Active 0.0160
2025-12-09 02:22:04,783 - INFO - Epoch 17 | Batch 1125/3375 | Acc 0.1250 | Reward -0.0000 | Active 0.0161
2025-12-09 02:22:29,535 - INFO - Epoch 17 | Batch 1250/3375 | Acc 0.0625 | Reward -0.0000 | Active 0.0161
2025-12-09 02:22:54,045 - INFO - Epoch 17 | Batch 1375/3375 | Acc 0.1250 | Reward -0.0000 | Active 0.0161
2025-12-09 02:23:18,494 - INFO - Epoch 17 | Batch 1500/3375 | Acc 0.1250 | Reward -0.0000 | Active 0.0161
2025-12-09 02:23:42,009 - INFO - Epoch 17 | Batch 1625/3375 | Acc 0.0625 | Reward -0.0000 | Active 0.0161
2025-12-09 02:24:06,451 - INFO - Epoch 17 | Batch 1750/3375 | Acc 0.1250 | Reward -0.0000 | Active 0.0160
2025-12-09 02:24:30,891 - INFO - Epoch 17 | Batch 1875/3375 | Acc 0.0000 | Reward -0.0000 | Active 0.0160
2025-12-09 02:24:55,493 - INFO - Epoch 17 | Batch 2000/3375 | Acc 0.3125 | Reward -0.0000 | Active 0.0160
2025-12-09 02:25:19,688 - INFO - Epoch 17 | Batch 2125/3375 | Acc 0.1250 | Reward -0.0000 | Active 0.0160
2025-12-09 02:25:43,806 - INFO - Epoch 17 | Batch 2250/3375 | Acc 0.0625 | Reward -0.0000 | Active 0.0161
2025-12-09 02:26:08,493 - INFO - Epoch 17 | Batch 2375/3375 | Acc 0.1250 | Reward -0.0000 | Active 0.0160
2025-12-09 02:26:32,897 - INFO - Epoch 17 | Batch 2500/3375 | Acc 0.1875 | Reward -0.0000 | Active 0.0161
2025-12-09 02:26:57,242 - INFO - Epoch 17 | Batch 2625/3375 | Acc 0.1250 | Reward -0.0000 | Active 0.0161
2025-12-09 02:27:21,902 - INFO - Epoch 17 | Batch 2750/3375 | Acc 0.1250 | Reward -0.0000 | Active 0.0160
2025-12-09 02:27:46,334 - INFO - Epoch 17 | Batch 2875/3375 | Acc 0.0625 | Reward -0.0000 | Active 0.0161
2025-12-09 02:28:10,758 - INFO - Epoch 17 | Batch 3000/3375 | Acc 0.0625 | Reward -0.0000 | Active 0.0160
2025-12-09 02:28:35,669 - INFO - Epoch 17 | Batch 3125/3375 | Acc 0.0000 | Reward -0.0000 | Active 0.0161
2025-12-09 02:29:00,187 - INFO - Epoch 17 | Batch 3250/3375 | Acc 0.0000 | Reward -0.0000 | Active 0.0160
2025-12-09 02:29:24,651 - INFO - Epoch 17 | Batch 3375/3375 | Acc 0.0625 | Reward -0.0000 | Active 0.0160
2025-12-09 02:29:53,193 - INFO - Epoch 18 | Batch 125/3375 | Acc 0.0625 | Reward -0.0000 | Active 0.0160
2025-12-09 02:30:17,249 - INFO - Epoch 18 | Batch 250/3375 | Acc 0.2500 | Reward -0.0000 | Active 0.0160
2025-12-09 02:30:41,465 - INFO - Epoch 18 | Batch 375/3375 | Acc 0.0625 | Reward -0.0000 | Active 0.0160
2025-12-09 02:31:05,872 - INFO - Epoch 18 | Batch 500/3375 | Acc 0.1250 | Reward -0.0000 | Active 0.0160
2025-12-09 02:31:30,360 - INFO - Epoch 18 | Batch 625/3375 | Acc 0.0000 | Reward -0.0000 | Active 0.0160
2025-12-09 02:31:55,308 - INFO - Epoch 18 | Batch 750/3375 | Acc 0.1250 | Reward -0.0000 | Active 0.0161
2025-12-09 02:32:20,136 - INFO - Epoch 18 | Batch 875/3375 | Acc 0.0000 | Reward -0.0000 | Active 0.0162
2025-12-09 02:32:44,863 - INFO - Epoch 18 | Batch 1000/3375 | Acc 0.1250 | Reward -0.0000 | Active 0.0160
2025-12-09 02:33:09,808 - INFO - Epoch 18 | Batch 1125/3375 | Acc 0.1250 | Reward -0.0000 | Active 0.0160
2025-12-09 02:33:34,269 - INFO - Epoch 18 | Batch 1250/3375 | Acc 0.0000 | Reward -0.0000 | Active 0.0160
2025-12-09 02:33:58,703 - INFO - Epoch 18 | Batch 1375/3375 | Acc 0.1250 | Reward -0.0000 | Active 0.0160
2025-12-09 02:34:23,486 - INFO - Epoch 18 | Batch 1500/3375 | Acc 0.0000 | Reward -0.0000 | Active 0.0159
2025-12-09 02:34:47,965 - INFO - Epoch 18 | Batch 1625/3375 | Acc 0.1250 | Reward -0.0000 | Active 0.0161
2025-12-09 02:35:12,477 - INFO - Epoch 18 | Batch 1750/3375 | Acc 0.0000 | Reward -0.0000 | Active 0.0160
2025-12-09 02:35:36,868 - INFO - Epoch 18 | Batch 1875/3375 | Acc 0.0000 | Reward -0.0000 | Active 0.0161
2025-12-09 02:36:01,565 - INFO - Epoch 18 | Batch 2000/3375 | Acc 0.0000 | Reward -0.0000 | Active 0.0161
2025-12-09 02:36:26,189 - INFO - Epoch 18 | Batch 2125/3375 | Acc 0.0000 | Reward -0.0000 | Active 0.0160
2025-12-09 02:36:50,309 - INFO - Epoch 18 | Batch 2250/3375 | Acc 0.1250 | Reward -0.0000 | Active 0.0161
2025-12-09 02:37:14,482 - INFO - Epoch 18 | Batch 2375/3375 | Acc 0.1875 | Reward -0.0000 | Active 0.0160
2025-12-09 02:37:38,184 - INFO - Epoch 18 | Batch 2500/3375 | Acc 0.0625 | Reward -0.0000 | Active 0.0160
2025-12-09 02:38:02,535 - INFO - Epoch 18 | Batch 2625/3375 | Acc 0.1250 | Reward -0.0000 | Active 0.0161
2025-12-09 02:38:27,166 - INFO - Epoch 18 | Batch 2750/3375 | Acc 0.0625 | Reward -0.0000 | Active 0.0161
2025-12-09 02:38:51,610 - INFO - Epoch 18 | Batch 2875/3375 | Acc 0.0000 | Reward -0.0000 | Active 0.0160
2025-12-09 02:39:16,121 - INFO - Epoch 18 | Batch 3000/3375 | Acc 0.0625 | Reward -0.0000 | Active 0.0159
2025-12-09 02:39:40,717 - INFO - Epoch 18 | Batch 3125/3375 | Acc 0.0000 | Reward -0.0000 | Active 0.0160
2025-12-09 02:40:05,323 - INFO - Epoch 18 | Batch 3250/3375 | Acc 0.0625 | Reward -0.0000 | Active 0.0160
2025-12-09 02:40:29,571 - INFO - Epoch 18 | Batch 3375/3375 | Acc 0.1250 | Reward -0.0000 | Active 0.0161
2025-12-09 02:40:58,311 - INFO - Epoch 19 | Batch 125/3375 | Acc 0.1250 | Reward -0.0000 | Active 0.0160
2025-12-09 02:41:22,504 - INFO - Epoch 19 | Batch 250/3375 | Acc 0.0625 | Reward -0.0000 | Active 0.0160
2025-12-09 02:41:47,091 - INFO - Epoch 19 | Batch 375/3375 | Acc 0.0625 | Reward -0.0000 | Active 0.0161
2025-12-09 02:42:11,615 - INFO - Epoch 19 | Batch 500/3375 | Acc 0.1250 | Reward -0.0000 | Active 0.0161
2025-12-09 02:42:36,459 - INFO - Epoch 19 | Batch 625/3375 | Acc 0.0625 | Reward -0.0000 | Active 0.0159
2025-12-09 02:43:01,215 - INFO - Epoch 19 | Batch 750/3375 | Acc 0.1875 | Reward -0.0000 | Active 0.0161
2025-12-09 02:43:25,997 - INFO - Epoch 19 | Batch 875/3375 | Acc 0.0000 | Reward -0.0000 | Active 0.0160
2025-12-09 02:43:50,757 - INFO - Epoch 19 | Batch 1000/3375 | Acc 0.2500 | Reward -0.0000 | Active 0.0160
2025-12-09 02:44:15,296 - INFO - Epoch 19 | Batch 1125/3375 | Acc 0.0625 | Reward -0.0000 | Active 0.0160
2025-12-09 02:44:39,589 - INFO - Epoch 19 | Batch 1250/3375 | Acc 0.0625 | Reward -0.0000 | Active 0.0161
2025-12-09 02:45:04,132 - INFO - Epoch 19 | Batch 1375/3375 | Acc 0.0000 | Reward -0.0000 | Active 0.0160
2025-12-09 02:45:28,364 - INFO - Epoch 19 | Batch 1500/3375 | Acc 0.0625 | Reward -0.0000 | Active 0.0160
2025-12-09 02:45:52,471 - INFO - Epoch 19 | Batch 1625/3375 | Acc 0.0625 | Reward -0.0000 | Active 0.0158
2025-12-09 02:46:16,636 - INFO - Epoch 19 | Batch 1750/3375 | Acc 0.1250 | Reward -0.0000 | Active 0.0161
2025-12-09 02:46:40,732 - INFO - Epoch 19 | Batch 1875/3375 | Acc 0.0000 | Reward -0.0000 | Active 0.0160
2025-12-09 02:47:04,815 - INFO - Epoch 19 | Batch 2000/3375 | Acc 0.0000 | Reward -0.0000 | Active 0.0160
2025-12-09 02:47:29,090 - INFO - Epoch 19 | Batch 2125/3375 | Acc 0.0625 | Reward -0.0000 | Active 0.0161
2025-12-09 02:47:53,644 - INFO - Epoch 19 | Batch 2250/3375 | Acc 0.0625 | Reward -0.0000 | Active 0.0160
2025-12-09 02:48:18,158 - INFO - Epoch 19 | Batch 2375/3375 | Acc 0.1250 | Reward -0.0000 | Active 0.0161
2025-12-09 02:48:42,759 - INFO - Epoch 19 | Batch 2500/3375 | Acc 0.0000 | Reward -0.0000 | Active 0.0160
2025-12-09 02:49:07,301 - INFO - Epoch 19 | Batch 2625/3375 | Acc 0.1250 | Reward -0.0000 | Active 0.0161
2025-12-09 02:49:31,710 - INFO - Epoch 19 | Batch 2750/3375 | Acc 0.0000 | Reward -0.0000 | Active 0.0160
2025-12-09 02:49:56,111 - INFO - Epoch 19 | Batch 2875/3375 | Acc 0.0000 | Reward -0.0000 | Active 0.0160
2025-12-09 02:50:21,082 - INFO - Epoch 19 | Batch 3000/3375 | Acc 0.0625 | Reward -0.0000 | Active 0.0160
2025-12-09 02:50:45,913 - INFO - Epoch 19 | Batch 3125/3375 | Acc 0.0625 | Reward -0.0000 | Active 0.0159
2025-12-09 02:51:10,273 - INFO - Epoch 19 | Batch 3250/3375 | Acc 0.0625 | Reward -0.0000 | Active 0.0160
2025-12-09 02:51:34,232 - INFO - Epoch 19 | Batch 3375/3375 | Acc 0.0625 | Reward -0.0000 | Active 0.0159
2025-12-09 02:52:02,530 - INFO - Epoch 20 | Batch 125/3375 | Acc 0.0000 | Reward -0.0000 | Active 0.0159
2025-12-09 02:52:26,779 - INFO - Epoch 20 | Batch 250/3375 | Acc 0.0625 | Reward -0.0000 | Active 0.0159
2025-12-09 02:52:50,975 - INFO - Epoch 20 | Batch 375/3375 | Acc 0.0625 | Reward -0.0000 | Active 0.0160
2025-12-09 02:53:15,206 - INFO - Epoch 20 | Batch 500/3375 | Acc 0.0000 | Reward -0.0000 | Active 0.0160
2025-12-09 02:53:39,320 - INFO - Epoch 20 | Batch 625/3375 | Acc 0.1250 | Reward -0.0000 | Active 0.0160
2025-12-09 02:54:03,888 - INFO - Epoch 20 | Batch 750/3375 | Acc 0.0625 | Reward -0.0000 | Active 0.0160
2025-12-09 02:54:28,322 - INFO - Epoch 20 | Batch 875/3375 | Acc 0.1875 | Reward -0.0000 | Active 0.0160
2025-12-09 02:54:52,710 - INFO - Epoch 20 | Batch 1000/3375 | Acc 0.1250 | Reward -0.0000 | Active 0.0160
2025-12-09 02:55:17,126 - INFO - Epoch 20 | Batch 1125/3375 | Acc 0.1250 | Reward -0.0000 | Active 0.0160
2025-12-09 02:55:41,661 - INFO - Epoch 20 | Batch 1250/3375 | Acc 0.1250 | Reward -0.0000 | Active 0.0158
2025-12-09 02:56:06,524 - INFO - Epoch 20 | Batch 1375/3375 | Acc 0.0000 | Reward -0.0000 | Active 0.0160
2025-12-09 02:56:30,852 - INFO - Epoch 20 | Batch 1500/3375 | Acc 0.0000 | Reward -0.0000 | Active 0.0159
2025-12-09 02:56:55,011 - INFO - Epoch 20 | Batch 1625/3375 | Acc 0.1250 | Reward -0.0000 | Active 0.0161
2025-12-09 02:57:19,615 - INFO - Epoch 20 | Batch 1750/3375 | Acc 0.1875 | Reward -0.0000 | Active 0.0161
2025-12-09 02:57:44,162 - INFO - Epoch 20 | Batch 1875/3375 | Acc 0.0625 | Reward -0.0000 | Active 0.0160
2025-12-09 02:58:08,736 - INFO - Epoch 20 | Batch 2000/3375 | Acc 0.0000 | Reward -0.0000 | Active 0.0160
2025-12-09 02:58:33,064 - INFO - Epoch 20 | Batch 2125/3375 | Acc 0.1875 | Reward -0.0000 | Active 0.0160
2025-12-09 02:58:57,445 - INFO - Epoch 20 | Batch 2250/3375 | Acc 0.0000 | Reward -0.0000 | Active 0.0160
2025-12-09 02:59:21,829 - INFO - Epoch 20 | Batch 2375/3375 | Acc 0.1875 | Reward -0.0000 | Active 0.0160
2025-12-09 02:59:46,005 - INFO - Epoch 20 | Batch 2500/3375 | Acc 0.2500 | Reward -0.0000 | Active 0.0161
2025-12-09 03:00:10,116 - INFO - Epoch 20 | Batch 2625/3375 | Acc 0.1250 | Reward -0.0000 | Active 0.0162
2025-12-09 03:00:34,184 - INFO - Epoch 20 | Batch 2750/3375 | Acc 0.0000 | Reward -0.0000 | Active 0.0160
2025-12-09 03:00:58,295 - INFO - Epoch 20 | Batch 2875/3375 | Acc 0.2500 | Reward -0.0000 | Active 0.0161
2025-12-09 03:01:22,846 - INFO - Epoch 20 | Batch 3000/3375 | Acc 0.2500 | Reward -0.0000 | Active 0.0161
2025-12-09 03:01:47,461 - INFO - Epoch 20 | Batch 3125/3375 | Acc 0.0625 | Reward -0.0000 | Active 0.0160
2025-12-09 03:02:11,775 - INFO - Epoch 20 | Batch 3250/3375 | Acc 0.1250 | Reward -0.0000 | Active 0.0160
2025-12-09 03:02:36,224 - INFO - Epoch 20 | Batch 3375/3375 | Acc 0.0000 | Reward -0.0000 | Active 0.0159
2025-12-09 03:03:05,255 - INFO - Epoch 21 | Batch 125/3375 | Acc 0.1875 | Reward -0.0000 | Active 0.0161
2025-12-09 03:03:29,562 - INFO - Epoch 21 | Batch 250/3375 | Acc 0.1875 | Reward -0.0000 | Active 0.0161
2025-12-09 03:03:53,977 - INFO - Epoch 21 | Batch 375/3375 | Acc 0.0000 | Reward -0.0000 | Active 0.0160
2025-12-09 03:04:18,287 - INFO - Epoch 21 | Batch 500/3375 | Acc 0.1875 | Reward -0.0000 | Active 0.0161
2025-12-09 03:04:42,621 - INFO - Epoch 21 | Batch 625/3375 | Acc 0.0625 | Reward -0.0000 | Active 0.0160
2025-12-09 03:05:06,963 - INFO - Epoch 21 | Batch 750/3375 | Acc 0.1250 | Reward -0.0000 | Active 0.0159
2025-12-09 03:05:31,208 - INFO - Epoch 21 | Batch 875/3375 | Acc 0.0625 | Reward -0.0000 | Active 0.0161
2025-12-09 03:05:55,327 - INFO - Epoch 21 | Batch 1000/3375 | Acc 0.0625 | Reward -0.0000 | Active 0.0160
2025-12-09 03:06:19,500 - INFO - Epoch 21 | Batch 1125/3375 | Acc 0.0000 | Reward -0.0000 | Active 0.0160
2025-12-09 03:06:44,049 - INFO - Epoch 21 | Batch 1250/3375 | Acc 0.0625 | Reward -0.0000 | Active 0.0159
2025-12-09 03:07:08,393 - INFO - Epoch 21 | Batch 1375/3375 | Acc 0.0625 | Reward -0.0000 | Active 0.0161
2025-12-09 03:07:32,679 - INFO - Epoch 21 | Batch 1500/3375 | Acc 0.1250 | Reward -0.0000 | Active 0.0160
2025-12-09 03:07:57,250 - INFO - Epoch 21 | Batch 1625/3375 | Acc 0.0625 | Reward -0.0000 | Active 0.0160
2025-12-09 03:08:21,613 - INFO - Epoch 21 | Batch 1750/3375 | Acc 0.0625 | Reward -0.0000 | Active 0.0160
2025-12-09 03:08:46,143 - INFO - Epoch 21 | Batch 1875/3375 | Acc 0.0625 | Reward -0.0000 | Active 0.0160
2025-12-09 03:09:10,427 - INFO - Epoch 21 | Batch 2000/3375 | Acc 0.1250 | Reward -0.0000 | Active 0.0161
2025-12-09 03:09:34,687 - INFO - Epoch 21 | Batch 2125/3375 | Acc 0.1875 | Reward -0.0000 | Active 0.0160
2025-12-09 03:09:59,320 - INFO - Epoch 21 | Batch 2250/3375 | Acc 0.0000 | Reward -0.0000 | Active 0.0161
2025-12-09 03:10:23,818 - INFO - Epoch 21 | Batch 2375/3375 | Acc 0.0625 | Reward -0.0000 | Active 0.0161
2025-12-09 03:10:48,165 - INFO - Epoch 21 | Batch 2500/3375 | Acc 0.1250 | Reward -0.0000 | Active 0.0161
2025-12-09 03:11:12,785 - INFO - Epoch 21 | Batch 2625/3375 | Acc 0.0625 | Reward -0.0000 | Active 0.0161
2025-12-09 03:11:37,306 - INFO - Epoch 21 | Batch 2750/3375 | Acc 0.3125 | Reward -0.0000 | Active 0.0160
2025-12-09 03:12:01,732 - INFO - Epoch 21 | Batch 2875/3375 | Acc 0.0000 | Reward -0.0000 | Active 0.0159
2025-12-09 03:12:26,382 - INFO - Epoch 21 | Batch 3000/3375 | Acc 0.0625 | Reward -0.0000 | Active 0.0161
2025-12-09 03:12:50,490 - INFO - Epoch 21 | Batch 3125/3375 | Acc 0.0000 | Reward -0.0000 | Active 0.0160
2025-12-09 03:13:14,580 - INFO - Epoch 21 | Batch 3250/3375 | Acc 0.0625 | Reward -0.0000 | Active 0.0161
2025-12-09 03:13:39,106 - INFO - Epoch 21 | Batch 3375/3375 | Acc 0.1875 | Reward -0.0000 | Active 0.0161
2025-12-09 03:14:07,914 - INFO - Epoch 22 | Batch 125/3375 | Acc 0.1250 | Reward -0.0000 | Active 0.0160
2025-12-09 03:14:31,999 - INFO - Epoch 22 | Batch 250/3375 | Acc 0.0625 | Reward -0.0000 | Active 0.0160
2025-12-09 03:14:56,368 - INFO - Epoch 22 | Batch 375/3375 | Acc 0.0625 | Reward -0.0000 | Active 0.0160
2025-12-09 03:15:20,743 - INFO - Epoch 22 | Batch 500/3375 | Acc 0.1250 | Reward -0.0000 | Active 0.0162
2025-12-09 03:15:44,943 - INFO - Epoch 22 | Batch 625/3375 | Acc 0.2500 | Reward -0.0000 | Active 0.0160
2025-12-09 03:16:09,694 - INFO - Epoch 22 | Batch 750/3375 | Acc 0.1875 | Reward -0.0000 | Active 0.0160
2025-12-09 03:16:33,986 - INFO - Epoch 22 | Batch 875/3375 | Acc 0.2500 | Reward -0.0000 | Active 0.0161
2025-12-09 03:16:58,278 - INFO - Epoch 22 | Batch 1000/3375 | Acc 0.1875 | Reward -0.0000 | Active 0.0161
2025-12-09 03:17:22,562 - INFO - Epoch 22 | Batch 1125/3375 | Acc 0.0625 | Reward -0.0000 | Active 0.0159
2025-12-09 03:17:46,878 - INFO - Epoch 22 | Batch 1250/3375 | Acc 0.1250 | Reward -0.0000 | Active 0.0161
2025-12-09 03:18:11,193 - INFO - Epoch 22 | Batch 1375/3375 | Acc 0.0000 | Reward -0.0000 | Active 0.0160
2025-12-09 03:18:35,488 - INFO - Epoch 22 | Batch 1500/3375 | Acc 0.1250 | Reward -0.0000 | Active 0.0161
2025-12-09 03:18:59,858 - INFO - Epoch 22 | Batch 1625/3375 | Acc 0.0625 | Reward -0.0000 | Active 0.0159
2025-12-09 03:19:24,465 - INFO - Epoch 22 | Batch 1750/3375 | Acc 0.0625 | Reward -0.0000 | Active 0.0161
2025-12-09 03:19:48,093 - INFO - Epoch 22 | Batch 1875/3375 | Acc 0.0000 | Reward -0.0000 | Active 0.0160
2025-12-09 03:20:12,676 - INFO - Epoch 22 | Batch 2000/3375 | Acc 0.0625 | Reward -0.0000 | Active 0.0160
2025-12-09 03:20:37,379 - INFO - Epoch 22 | Batch 2125/3375 | Acc 0.1250 | Reward -0.0000 | Active 0.0161
2025-12-09 03:21:02,165 - INFO - Epoch 22 | Batch 2250/3375 | Acc 0.1250 | Reward -0.0000 | Active 0.0160
2025-12-09 03:21:27,155 - INFO - Epoch 22 | Batch 2375/3375 | Acc 0.1875 | Reward -0.0000 | Active 0.0160
2025-12-09 03:21:51,538 - INFO - Epoch 22 | Batch 2500/3375 | Acc 0.1250 | Reward -0.0000 | Active 0.0161
2025-12-09 03:22:15,919 - INFO - Epoch 22 | Batch 2625/3375 | Acc 0.1875 | Reward -0.0000 | Active 0.0160
2025-12-09 03:22:40,181 - INFO - Epoch 22 | Batch 2750/3375 | Acc 0.0000 | Reward -0.0000 | Active 0.0160
2025-12-09 03:23:04,560 - INFO - Epoch 22 | Batch 2875/3375 | Acc 0.0625 | Reward -0.0000 | Active 0.0160
2025-12-09 03:23:28,974 - INFO - Epoch 22 | Batch 3000/3375 | Acc 0.0625 | Reward -0.0000 | Active 0.0160
2025-12-09 03:23:53,059 - INFO - Epoch 22 | Batch 3125/3375 | Acc 0.3125 | Reward -0.0000 | Active 0.0161
2025-12-09 03:24:17,342 - INFO - Epoch 22 | Batch 3250/3375 | Acc 0.1875 | Reward -0.0000 | Active 0.0160
2025-12-09 03:24:41,904 - INFO - Epoch 22 | Batch 3375/3375 | Acc 0.0625 | Reward -0.0000 | Active 0.0159
2025-12-09 03:25:10,542 - INFO - Epoch 23 | Batch 125/3375 | Acc 0.0625 | Reward -0.0000 | Active 0.0161
2025-12-09 03:25:35,121 - INFO - Epoch 23 | Batch 250/3375 | Acc 0.1250 | Reward -0.0000 | Active 0.0160
2025-12-09 03:25:59,506 - INFO - Epoch 23 | Batch 375/3375 | Acc 0.1875 | Reward -0.0000 | Active 0.0160
2025-12-09 03:26:24,146 - INFO - Epoch 23 | Batch 500/3375 | Acc 0.1250 | Reward -0.0000 | Active 0.0160
2025-12-09 03:26:48,593 - INFO - Epoch 23 | Batch 625/3375 | Acc 0.0625 | Reward -0.0000 | Active 0.0160
2025-12-09 03:27:13,057 - INFO - Epoch 23 | Batch 750/3375 | Acc 0.0625 | Reward -0.0000 | Active 0.0160
2025-12-09 03:27:37,537 - INFO - Epoch 23 | Batch 875/3375 | Acc 0.1250 | Reward -0.0000 | Active 0.0161
2025-12-09 03:28:01,879 - INFO - Epoch 23 | Batch 1000/3375 | Acc 0.0000 | Reward -0.0000 | Active 0.0160
2025-12-09 03:28:26,190 - INFO - Epoch 23 | Batch 1125/3375 | Acc 0.0625 | Reward -0.0000 | Active 0.0159
2025-12-09 03:28:50,504 - INFO - Epoch 23 | Batch 1250/3375 | Acc 0.0000 | Reward -0.0000 | Active 0.0161
2025-12-09 03:29:15,177 - INFO - Epoch 23 | Batch 1375/3375 | Acc 0.3125 | Reward -0.0000 | Active 0.0160
2025-12-09 03:29:39,555 - INFO - Epoch 23 | Batch 1500/3375 | Acc 0.0000 | Reward -0.0000 | Active 0.0159
2025-12-09 03:30:03,922 - INFO - Epoch 23 | Batch 1625/3375 | Acc 0.2500 | Reward -0.0000 | Active 0.0160
2025-12-09 03:30:28,316 - INFO - Epoch 23 | Batch 1750/3375 | Acc 0.0625 | Reward -0.0000 | Active 0.0160
2025-12-09 03:30:52,770 - INFO - Epoch 23 | Batch 1875/3375 | Acc 0.1250 | Reward -0.0000 | Active 0.0160
2025-12-09 03:31:17,254 - INFO - Epoch 23 | Batch 2000/3375 | Acc 0.1250 | Reward -0.0000 | Active 0.0160
2025-12-09 03:31:41,729 - INFO - Epoch 23 | Batch 2125/3375 | Acc 0.1250 | Reward -0.0000 | Active 0.0161
2025-12-09 03:32:06,368 - INFO - Epoch 23 | Batch 2250/3375 | Acc 0.1250 | Reward -0.0000 | Active 0.0161
2025-12-09 03:32:30,994 - INFO - Epoch 23 | Batch 2375/3375 | Acc 0.0000 | Reward -0.0000 | Active 0.0160
2025-12-09 03:32:55,753 - INFO - Epoch 23 | Batch 2500/3375 | Acc 0.1875 | Reward -0.0000 | Active 0.0160
2025-12-09 03:33:20,495 - INFO - Epoch 23 | Batch 2625/3375 | Acc 0.0625 | Reward -0.0000 | Active 0.0161
2025-12-09 03:33:44,270 - INFO - Epoch 23 | Batch 2750/3375 | Acc 0.1875 | Reward -0.0000 | Active 0.0161
2025-12-09 03:34:08,877 - INFO - Epoch 23 | Batch 2875/3375 | Acc 0.0625 | Reward -0.0000 | Active 0.0160
2025-12-09 03:34:33,193 - INFO - Epoch 23 | Batch 3000/3375 | Acc 0.0000 | Reward -0.0000 | Active 0.0160
2025-12-09 03:34:57,889 - INFO - Epoch 23 | Batch 3125/3375 | Acc 0.3125 | Reward -0.0000 | Active 0.0161
2025-12-09 03:35:22,068 - INFO - Epoch 23 | Batch 3250/3375 | Acc 0.1875 | Reward -0.0000 | Active 0.0160
2025-12-09 03:35:46,883 - INFO - Epoch 23 | Batch 3375/3375 | Acc 0.1250 | Reward -0.0000 | Active 0.0160
2025-12-09 03:36:16,028 - INFO - Epoch 24 | Batch 125/3375 | Acc 0.0625 | Reward -0.0000 | Active 0.0161
2025-12-09 03:36:40,828 - INFO - Epoch 24 | Batch 250/3375 | Acc 0.0625 | Reward -0.0000 | Active 0.0160
2025-12-09 03:37:05,498 - INFO - Epoch 24 | Batch 375/3375 | Acc 0.1250 | Reward -0.0000 | Active 0.0160
2025-12-09 03:37:29,684 - INFO - Epoch 24 | Batch 500/3375 | Acc 0.0625 | Reward -0.0000 | Active 0.0161
2025-12-09 03:37:54,097 - INFO - Epoch 24 | Batch 625/3375 | Acc 0.1250 | Reward -0.0000 | Active 0.0160
2025-12-09 03:38:18,813 - INFO - Epoch 24 | Batch 750/3375 | Acc 0.2500 | Reward -0.0000 | Active 0.0160
2025-12-09 03:38:43,116 - INFO - Epoch 24 | Batch 875/3375 | Acc 0.0625 | Reward -0.0000 | Active 0.0160
2025-12-09 03:39:07,576 - INFO - Epoch 24 | Batch 1000/3375 | Acc 0.0625 | Reward -0.0000 | Active 0.0161
2025-12-09 03:39:31,876 - INFO - Epoch 24 | Batch 1125/3375 | Acc 0.0000 | Reward -0.0000 | Active 0.0160
2025-12-09 03:39:56,144 - INFO - Epoch 24 | Batch 1250/3375 | Acc 0.0625 | Reward -0.0000 | Active 0.0161
2025-12-09 03:40:20,645 - INFO - Epoch 24 | Batch 1375/3375 | Acc 0.0000 | Reward -0.0000 | Active 0.0160
2025-12-09 03:40:45,136 - INFO - Epoch 24 | Batch 1500/3375 | Acc 0.0625 | Reward -0.0000 | Active 0.0159
2025-12-09 03:41:09,771 - INFO - Epoch 24 | Batch 1625/3375 | Acc 0.1875 | Reward -0.0000 | Active 0.0161
2025-12-09 03:41:33,964 - INFO - Epoch 24 | Batch 1750/3375 | Acc 0.0625 | Reward -0.0000 | Active 0.0161
2025-12-09 03:41:58,046 - INFO - Epoch 24 | Batch 1875/3375 | Acc 0.0000 | Reward -0.0000 | Active 0.0160
2025-12-09 03:42:22,205 - INFO - Epoch 24 | Batch 2000/3375 | Acc 0.1250 | Reward -0.0000 | Active 0.0160
2025-12-09 03:42:46,382 - INFO - Epoch 24 | Batch 2125/3375 | Acc 0.0625 | Reward -0.0000 | Active 0.0161
2025-12-09 03:43:10,420 - INFO - Epoch 24 | Batch 2250/3375 | Acc 0.0625 | Reward -0.0000 | Active 0.0161
2025-12-09 03:43:34,637 - INFO - Epoch 24 | Batch 2375/3375 | Acc 0.0000 | Reward -0.0000 | Active 0.0160
2025-12-09 03:43:59,196 - INFO - Epoch 24 | Batch 2500/3375 | Acc 0.1875 | Reward -0.0000 | Active 0.0160
2025-12-09 03:44:23,605 - INFO - Epoch 24 | Batch 2625/3375 | Acc 0.1250 | Reward -0.0000 | Active 0.0161
2025-12-09 03:44:47,901 - INFO - Epoch 24 | Batch 2750/3375 | Acc 0.0000 | Reward -0.0000 | Active 0.0159
2025-12-09 03:45:12,153 - INFO - Epoch 24 | Batch 2875/3375 | Acc 0.1875 | Reward -0.0000 | Active 0.0160
2025-12-09 03:45:36,437 - INFO - Epoch 24 | Batch 3000/3375 | Acc 0.0000 | Reward -0.0000 | Active 0.0160
2025-12-09 03:46:00,888 - INFO - Epoch 24 | Batch 3125/3375 | Acc 0.1875 | Reward -0.0000 | Active 0.0161
2025-12-09 03:46:25,534 - INFO - Epoch 24 | Batch 3250/3375 | Acc 0.0000 | Reward -0.0000 | Active 0.0160
2025-12-09 03:46:49,878 - INFO - Epoch 24 | Batch 3375/3375 | Acc 0.1250 | Reward -0.0000 | Active 0.0160
2025-12-09 03:47:18,649 - INFO - Epoch 25 | Batch 125/3375 | Acc 0.0000 | Reward -0.0000 | Active 0.0160
2025-12-09 03:47:42,100 - INFO - Epoch 25 | Batch 250/3375 | Acc 0.0625 | Reward -0.0000 | Active 0.0161
2025-12-09 03:48:06,572 - INFO - Epoch 25 | Batch 375/3375 | Acc 0.1250 | Reward -0.0000 | Active 0.0159
2025-12-09 03:48:30,671 - INFO - Epoch 25 | Batch 500/3375 | Acc 0.1250 | Reward -0.0000 | Active 0.0159
2025-12-09 03:48:54,922 - INFO - Epoch 25 | Batch 625/3375 | Acc 0.0000 | Reward -0.0000 | Active 0.0160
2025-12-09 03:49:19,052 - INFO - Epoch 25 | Batch 750/3375 | Acc 0.1875 | Reward -0.0000 | Active 0.0160
2025-12-09 03:49:43,129 - INFO - Epoch 25 | Batch 875/3375 | Acc 0.0625 | Reward -0.0000 | Active 0.0160
2025-12-09 03:50:07,276 - INFO - Epoch 25 | Batch 1000/3375 | Acc 0.0000 | Reward -0.0000 | Active 0.0159
2025-12-09 03:50:31,389 - INFO - Epoch 25 | Batch 1125/3375 | Acc 0.1875 | Reward -0.0000 | Active 0.0159
2025-12-09 03:50:55,599 - INFO - Epoch 25 | Batch 1250/3375 | Acc 0.1250 | Reward -0.0000 | Active 0.0160
2025-12-09 03:51:19,734 - INFO - Epoch 25 | Batch 1375/3375 | Acc 0.0625 | Reward -0.0000 | Active 0.0160
2025-12-09 03:51:44,339 - INFO - Epoch 25 | Batch 1500/3375 | Acc 0.0625 | Reward -0.0000 | Active 0.0160
2025-12-09 03:52:08,742 - INFO - Epoch 25 | Batch 1625/3375 | Acc 0.1250 | Reward -0.0000 | Active 0.0159
2025-12-09 03:52:33,235 - INFO - Epoch 25 | Batch 1750/3375 | Acc 0.0000 | Reward -0.0000 | Active 0.0160
2025-12-09 03:52:57,722 - INFO - Epoch 25 | Batch 1875/3375 | Acc 0.0000 | Reward -0.0000 | Active 0.0159
2025-12-09 03:53:21,843 - INFO - Epoch 25 | Batch 2000/3375 | Acc 0.0625 | Reward -0.0000 | Active 0.0159
2025-12-09 03:53:45,925 - INFO - Epoch 25 | Batch 2125/3375 | Acc 0.1875 | Reward -0.0000 | Active 0.0161
2025-12-09 03:54:10,089 - INFO - Epoch 25 | Batch 2250/3375 | Acc 0.0000 | Reward -0.0000 | Active 0.0161
2025-12-09 03:54:34,595 - INFO - Epoch 25 | Batch 2375/3375 | Acc 0.0000 | Reward -0.0000 | Active 0.0160
2025-12-09 03:54:58,789 - INFO - Epoch 25 | Batch 2500/3375 | Acc 0.1875 | Reward -0.0000 | Active 0.0160
2025-12-09 03:55:22,890 - INFO - Epoch 25 | Batch 2625/3375 | Acc 0.1250 | Reward -0.0000 | Active 0.0160
2025-12-09 03:55:47,384 - INFO - Epoch 25 | Batch 2750/3375 | Acc 0.0625 | Reward -0.0000 | Active 0.0160
2025-12-09 03:56:11,527 - INFO - Epoch 25 | Batch 2875/3375 | Acc 0.0625 | Reward -0.0000 | Active 0.0159
2025-12-09 03:56:35,597 - INFO - Epoch 25 | Batch 3000/3375 | Acc 0.0000 | Reward -0.0000 | Active 0.0160
2025-12-09 03:56:59,897 - INFO - Epoch 25 | Batch 3125/3375 | Acc 0.1250 | Reward -0.0000 | Active 0.0161
2025-12-09 03:57:24,394 - INFO - Epoch 25 | Batch 3250/3375 | Acc 0.0625 | Reward -0.0000 | Active 0.0161
2025-12-09 03:57:48,646 - INFO - Epoch 25 | Batch 3375/3375 | Acc 0.1250 | Reward -0.0000 | Active 0.0162
2025-12-09 03:58:17,638 - INFO - Epoch 26 | Batch 125/3375 | Acc 0.0000 | Reward -0.0000 | Active 0.0160
2025-12-09 03:58:42,031 - INFO - Epoch 26 | Batch 250/3375 | Acc 0.1875 | Reward -0.0000 | Active 0.0159
2025-12-09 03:59:06,475 - INFO - Epoch 26 | Batch 375/3375 | Acc 0.0625 | Reward -0.0000 | Active 0.0160
2025-12-09 03:59:30,928 - INFO - Epoch 26 | Batch 500/3375 | Acc 0.1250 | Reward -0.0000 | Active 0.0160
2025-12-09 03:59:55,541 - INFO - Epoch 26 | Batch 625/3375 | Acc 0.0000 | Reward -0.0000 | Active 0.0160
2025-12-09 04:00:20,361 - INFO - Epoch 26 | Batch 750/3375 | Acc 0.0000 | Reward -0.0000 | Active 0.0160
2025-12-09 04:00:44,758 - INFO - Epoch 26 | Batch 875/3375 | Acc 0.1875 | Reward -0.0000 | Active 0.0161
2025-12-09 04:01:09,418 - INFO - Epoch 26 | Batch 1000/3375 | Acc 0.1250 | Reward -0.0000 | Active 0.0161
2025-12-09 04:01:33,471 - INFO - Epoch 26 | Batch 1125/3375 | Acc 0.1875 | Reward -0.0000 | Active 0.0160
2025-12-09 04:01:57,502 - INFO - Epoch 26 | Batch 1250/3375 | Acc 0.1250 | Reward -0.0000 | Active 0.0160
2025-12-09 04:02:21,887 - INFO - Epoch 26 | Batch 1375/3375 | Acc 0.0000 | Reward -0.0000 | Active 0.0160
2025-12-09 04:02:46,339 - INFO - Epoch 26 | Batch 1500/3375 | Acc 0.0625 | Reward -0.0000 | Active 0.0161
2025-12-09 04:03:10,643 - INFO - Epoch 26 | Batch 1625/3375 | Acc 0.0000 | Reward -0.0000 | Active 0.0160
2025-12-09 04:03:34,948 - INFO - Epoch 26 | Batch 1750/3375 | Acc 0.1875 | Reward -0.0000 | Active 0.0159
2025-12-09 04:03:59,266 - INFO - Epoch 26 | Batch 1875/3375 | Acc 0.0625 | Reward -0.0000 | Active 0.0160
2025-12-09 04:04:23,860 - INFO - Epoch 26 | Batch 2000/3375 | Acc 0.1250 | Reward -0.0000 | Active 0.0161
2025-12-09 04:04:48,212 - INFO - Epoch 26 | Batch 2125/3375 | Acc 0.1250 | Reward -0.0000 | Active 0.0160
2025-12-09 04:05:12,556 - INFO - Epoch 26 | Batch 2250/3375 | Acc 0.1875 | Reward -0.0000 | Active 0.0161
2025-12-09 04:05:37,447 - INFO - Epoch 26 | Batch 2375/3375 | Acc 0.0625 | Reward -0.0000 | Active 0.0160
2025-12-09 04:06:01,656 - INFO - Epoch 26 | Batch 2500/3375 | Acc 0.0000 | Reward -0.0000 | Active 0.0160
2025-12-09 04:06:26,063 - INFO - Epoch 26 | Batch 2625/3375 | Acc 0.3125 | Reward -0.0000 | Active 0.0160
2025-12-09 04:06:50,163 - INFO - Epoch 26 | Batch 2750/3375 | Acc 0.0625 | Reward -0.0000 | Active 0.0161
2025-12-09 04:07:14,447 - INFO - Epoch 26 | Batch 2875/3375 | Acc 0.0000 | Reward -0.0000 | Active 0.0160
2025-12-09 04:07:38,533 - INFO - Epoch 26 | Batch 3000/3375 | Acc 0.1250 | Reward -0.0000 | Active 0.0161
2025-12-09 04:08:02,690 - INFO - Epoch 26 | Batch 3125/3375 | Acc 0.1875 | Reward -0.0000 | Active 0.0161
2025-12-09 04:08:26,733 - INFO - Epoch 26 | Batch 3250/3375 | Acc 0.0000 | Reward -0.0000 | Active 0.0161
2025-12-09 04:08:50,868 - INFO - Epoch 26 | Batch 3375/3375 | Acc 0.2500 | Reward -0.0000 | Active 0.0160
2025-12-09 04:09:19,602 - INFO - Epoch 27 | Batch 125/3375 | Acc 0.1250 | Reward -0.0000 | Active 0.0160
2025-12-09 04:09:43,706 - INFO - Epoch 27 | Batch 250/3375 | Acc 0.0000 | Reward -0.0000 | Active 0.0159
2025-12-09 04:10:08,282 - INFO - Epoch 27 | Batch 375/3375 | Acc 0.0000 | Reward -0.0000 | Active 0.0159
2025-12-09 04:10:32,601 - INFO - Epoch 27 | Batch 500/3375 | Acc 0.1875 | Reward -0.0000 | Active 0.0161
2025-12-09 04:10:56,886 - INFO - Epoch 27 | Batch 625/3375 | Acc 0.0625 | Reward -0.0000 | Active 0.0160
2025-12-09 04:11:21,187 - INFO - Epoch 27 | Batch 750/3375 | Acc 0.0625 | Reward -0.0000 | Active 0.0160
2025-12-09 04:11:45,682 - INFO - Epoch 27 | Batch 875/3375 | Acc 0.1250 | Reward -0.0000 | Active 0.0161
2025-12-09 04:12:10,135 - INFO - Epoch 27 | Batch 1000/3375 | Acc 0.2500 | Reward -0.0000 | Active 0.0160
2025-12-09 04:12:34,267 - INFO - Epoch 27 | Batch 1125/3375 | Acc 0.1250 | Reward -0.0000 | Active 0.0160
2025-12-09 04:12:58,719 - INFO - Epoch 27 | Batch 1250/3375 | Acc 0.1250 | Reward -0.0000 | Active 0.0161
2025-12-09 04:13:23,556 - INFO - Epoch 27 | Batch 1375/3375 | Acc 0.0625 | Reward -0.0000 | Active 0.0160
2025-12-09 04:13:47,990 - INFO - Epoch 27 | Batch 1500/3375 | Acc 0.1250 | Reward -0.0000 | Active 0.0160
2025-12-09 04:14:12,693 - INFO - Epoch 27 | Batch 1625/3375 | Acc 0.0625 | Reward -0.0000 | Active 0.0160
2025-12-09 04:14:37,040 - INFO - Epoch 27 | Batch 1750/3375 | Acc 0.1250 | Reward -0.0000 | Active 0.0161
2025-12-09 04:15:01,371 - INFO - Epoch 27 | Batch 1875/3375 | Acc 0.1250 | Reward -0.0000 | Active 0.0161
2025-12-09 04:15:25,626 - INFO - Epoch 27 | Batch 2000/3375 | Acc 0.0625 | Reward -0.0000 | Active 0.0161
2025-12-09 04:15:49,532 - INFO - Epoch 27 | Batch 2125/3375 | Acc 0.1875 | Reward -0.0000 | Active 0.0160
2025-12-09 04:16:14,109 - INFO - Epoch 27 | Batch 2250/3375 | Acc 0.0625 | Reward -0.0000 | Active 0.0160
2025-12-09 04:16:38,745 - INFO - Epoch 27 | Batch 2375/3375 | Acc 0.1250 | Reward -0.0000 | Active 0.0160
2025-12-09 04:17:03,318 - INFO - Epoch 27 | Batch 2500/3375 | Acc 0.1875 | Reward -0.0000 | Active 0.0161
2025-12-09 04:17:27,624 - INFO - Epoch 27 | Batch 2625/3375 | Acc 0.2500 | Reward -0.0000 | Active 0.0160
2025-12-09 04:17:51,704 - INFO - Epoch 27 | Batch 2750/3375 | Acc 0.1250 | Reward -0.0000 | Active 0.0161
2025-12-09 04:18:15,835 - INFO - Epoch 27 | Batch 2875/3375 | Acc 0.0625 | Reward -0.0000 | Active 0.0160
2025-12-09 04:18:39,982 - INFO - Epoch 27 | Batch 3000/3375 | Acc 0.0625 | Reward -0.0000 | Active 0.0161
2025-12-09 04:19:04,098 - INFO - Epoch 27 | Batch 3125/3375 | Acc 0.0000 | Reward -0.0000 | Active 0.0160
2025-12-09 04:19:28,269 - INFO - Epoch 27 | Batch 3250/3375 | Acc 0.1250 | Reward -0.0000 | Active 0.0160
2025-12-09 04:19:52,357 - INFO - Epoch 27 | Batch 3375/3375 | Acc 0.0625 | Reward -0.0000 | Active 0.0160
2025-12-09 04:20:20,882 - INFO - Epoch 28 | Batch 125/3375 | Acc 0.0625 | Reward -0.0000 | Active 0.0160
2025-12-09 04:20:45,068 - INFO - Epoch 28 | Batch 250/3375 | Acc 0.0625 | Reward -0.0000 | Active 0.0159
2025-12-09 04:21:09,532 - INFO - Epoch 28 | Batch 375/3375 | Acc 0.1250 | Reward -0.0000 | Active 0.0160
2025-12-09 04:21:34,067 - INFO - Epoch 28 | Batch 500/3375 | Acc 0.1250 | Reward -0.0000 | Active 0.0161
2025-12-09 04:21:58,450 - INFO - Epoch 28 | Batch 625/3375 | Acc 0.1250 | Reward -0.0000 | Active 0.0160
2025-12-09 04:22:22,850 - INFO - Epoch 28 | Batch 750/3375 | Acc 0.0000 | Reward -0.0000 | Active 0.0161
2025-12-09 04:22:47,404 - INFO - Epoch 28 | Batch 875/3375 | Acc 0.0000 | Reward -0.0000 | Active 0.0159
2025-12-09 04:23:11,722 - INFO - Epoch 28 | Batch 1000/3375 | Acc 0.1875 | Reward -0.0000 | Active 0.0160
2025-12-09 04:23:36,259 - INFO - Epoch 28 | Batch 1125/3375 | Acc 0.1875 | Reward -0.0000 | Active 0.0161
2025-12-09 04:24:00,773 - INFO - Epoch 28 | Batch 1250/3375 | Acc 0.1875 | Reward -0.0000 | Active 0.0161
2025-12-09 04:24:25,111 - INFO - Epoch 28 | Batch 1375/3375 | Acc 0.0625 | Reward -0.0000 | Active 0.0161
2025-12-09 04:24:49,126 - INFO - Epoch 28 | Batch 1500/3375 | Acc 0.1875 | Reward -0.0000 | Active 0.0161
2025-12-09 04:25:13,587 - INFO - Epoch 28 | Batch 1625/3375 | Acc 0.1875 | Reward -0.0000 | Active 0.0160
2025-12-09 04:25:37,907 - INFO - Epoch 28 | Batch 1750/3375 | Acc 0.3125 | Reward -0.0000 | Active 0.0162
2025-12-09 04:26:02,497 - INFO - Epoch 28 | Batch 1875/3375 | Acc 0.0625 | Reward -0.0000 | Active 0.0160
2025-12-09 04:26:26,918 - INFO - Epoch 28 | Batch 2000/3375 | Acc 0.0000 | Reward -0.0000 | Active 0.0160
2025-12-09 04:26:51,611 - INFO - Epoch 28 | Batch 2125/3375 | Acc 0.0000 | Reward -0.0000 | Active 0.0161
2025-12-09 04:27:16,100 - INFO - Epoch 28 | Batch 2250/3375 | Acc 0.2500 | Reward -0.0000 | Active 0.0159
2025-12-09 04:27:40,293 - INFO - Epoch 28 | Batch 2375/3375 | Acc 0.1875 | Reward -0.0000 | Active 0.0160
2025-12-09 04:28:04,540 - INFO - Epoch 28 | Batch 2500/3375 | Acc 0.0000 | Reward -0.0000 | Active 0.0161
2025-12-09 04:28:28,712 - INFO - Epoch 28 | Batch 2625/3375 | Acc 0.0000 | Reward -0.0000 | Active 0.0160
2025-12-09 04:28:52,925 - INFO - Epoch 28 | Batch 2750/3375 | Acc 0.0625 | Reward -0.0000 | Active 0.0161
2025-12-09 04:29:17,372 - INFO - Epoch 28 | Batch 2875/3375 | Acc 0.0000 | Reward -0.0000 | Active 0.0159
2025-12-09 04:29:41,018 - INFO - Epoch 28 | Batch 3000/3375 | Acc 0.3750 | Reward -0.0000 | Active 0.0161
2025-12-09 04:30:05,296 - INFO - Epoch 28 | Batch 3125/3375 | Acc 0.0625 | Reward -0.0000 | Active 0.0161
2025-12-09 04:30:29,593 - INFO - Epoch 28 | Batch 3250/3375 | Acc 0.1250 | Reward -0.0000 | Active 0.0160
2025-12-09 04:30:53,945 - INFO - Epoch 28 | Batch 3375/3375 | Acc 0.0000 | Reward -0.0000 | Active 0.0159
2025-12-09 04:31:22,830 - INFO - Epoch 29 | Batch 125/3375 | Acc 0.1250 | Reward -0.0000 | Active 0.0160
2025-12-09 04:31:47,198 - INFO - Epoch 29 | Batch 250/3375 | Acc 0.0625 | Reward -0.0000 | Active 0.0159
2025-12-09 04:32:11,432 - INFO - Epoch 29 | Batch 375/3375 | Acc 0.2500 | Reward -0.0000 | Active 0.0161
2025-12-09 04:32:35,993 - INFO - Epoch 29 | Batch 500/3375 | Acc 0.1250 | Reward -0.0000 | Active 0.0161
2025-12-09 04:33:00,579 - INFO - Epoch 29 | Batch 625/3375 | Acc 0.0625 | Reward -0.0000 | Active 0.0160
2025-12-09 04:33:24,960 - INFO - Epoch 29 | Batch 750/3375 | Acc 0.1250 | Reward -0.0000 | Active 0.0160
2025-12-09 04:33:49,228 - INFO - Epoch 29 | Batch 875/3375 | Acc 0.0000 | Reward -0.0000 | Active 0.0160
2025-12-09 04:34:13,562 - INFO - Epoch 29 | Batch 1000/3375 | Acc 0.2500 | Reward -0.0000 | Active 0.0160
2025-12-09 04:34:38,051 - INFO - Epoch 29 | Batch 1125/3375 | Acc 0.1875 | Reward -0.0000 | Active 0.0161
2025-12-09 04:35:02,126 - INFO - Epoch 29 | Batch 1250/3375 | Acc 0.0625 | Reward -0.0000 | Active 0.0160
2025-12-09 04:35:26,492 - INFO - Epoch 29 | Batch 1375/3375 | Acc 0.3125 | Reward -0.0000 | Active 0.0160
2025-12-09 04:35:50,760 - INFO - Epoch 29 | Batch 1500/3375 | Acc 0.1250 | Reward -0.0000 | Active 0.0161
2025-12-09 04:36:14,867 - INFO - Epoch 29 | Batch 1625/3375 | Acc 0.0625 | Reward -0.0000 | Active 0.0160
2025-12-09 04:36:39,173 - INFO - Epoch 29 | Batch 1750/3375 | Acc 0.0625 | Reward -0.0000 | Active 0.0161
2025-12-09 04:37:03,862 - INFO - Epoch 29 | Batch 1875/3375 | Acc 0.0625 | Reward -0.0000 | Active 0.0161
2025-12-09 04:37:28,428 - INFO - Epoch 29 | Batch 2000/3375 | Acc 0.1250 | Reward -0.0000 | Active 0.0160
2025-12-09 04:37:52,784 - INFO - Epoch 29 | Batch 2125/3375 | Acc 0.1875 | Reward -0.0000 | Active 0.0160
2025-12-09 04:38:17,236 - INFO - Epoch 29 | Batch 2250/3375 | Acc 0.1250 | Reward -0.0000 | Active 0.0160
2025-12-09 04:38:41,530 - INFO - Epoch 29 | Batch 2375/3375 | Acc 0.0625 | Reward -0.0000 | Active 0.0161
2025-12-09 04:39:06,055 - INFO - Epoch 29 | Batch 2500/3375 | Acc 0.1875 | Reward -0.0000 | Active 0.0161
2025-12-09 04:39:30,493 - INFO - Epoch 29 | Batch 2625/3375 | Acc 0.0625 | Reward -0.0000 | Active 0.0160
2025-12-09 04:39:54,975 - INFO - Epoch 29 | Batch 2750/3375 | Acc 0.0000 | Reward -0.0000 | Active 0.0160
2025-12-09 04:40:19,446 - INFO - Epoch 29 | Batch 2875/3375 | Acc 0.1875 | Reward -0.0000 | Active 0.0159
2025-12-09 04:40:43,697 - INFO - Epoch 29 | Batch 3000/3375 | Acc 0.1250 | Reward -0.0000 | Active 0.0161
2025-12-09 04:41:07,810 - INFO - Epoch 29 | Batch 3125/3375 | Acc 0.1250 | Reward -0.0000 | Active 0.0160
2025-12-09 04:41:31,984 - INFO - Epoch 29 | Batch 3250/3375 | Acc 0.1250 | Reward -0.0000 | Active 0.0160
2025-12-09 04:41:56,432 - INFO - Epoch 29 | Batch 3375/3375 | Acc 0.0000 | Reward -0.0000 | Active 0.0161
2025-12-09 04:42:25,284 - INFO - Epoch 30 | Batch 125/3375 | Acc 0.0000 | Reward -0.0000 | Active 0.0160
2025-12-09 04:42:49,603 - INFO - Epoch 30 | Batch 250/3375 | Acc 0.0000 | Reward -0.0000 | Active 0.0161
2025-12-09 04:43:14,331 - INFO - Epoch 30 | Batch 375/3375 | Acc 0.0625 | Reward -0.0000 | Active 0.0161
2025-12-09 04:43:37,998 - INFO - Epoch 30 | Batch 500/3375 | Acc 0.3125 | Reward -0.0000 | Active 0.0161
2025-12-09 04:44:02,138 - INFO - Epoch 30 | Batch 625/3375 | Acc 0.1250 | Reward -0.0000 | Active 0.0161
2025-12-09 04:44:26,531 - INFO - Epoch 30 | Batch 750/3375 | Acc 0.0625 | Reward -0.0000 | Active 0.0160
2025-12-09 04:44:50,590 - INFO - Epoch 30 | Batch 875/3375 | Acc 0.1875 | Reward -0.0000 | Active 0.0161
2025-12-09 04:45:15,089 - INFO - Epoch 30 | Batch 1000/3375 | Acc 0.1875 | Reward -0.0000 | Active 0.0160
2025-12-09 04:45:39,761 - INFO - Epoch 30 | Batch 1125/3375 | Acc 0.0000 | Reward -0.0000 | Active 0.0160
2025-12-09 04:46:04,497 - INFO - Epoch 30 | Batch 1250/3375 | Acc 0.1875 | Reward -0.0000 | Active 0.0161
2025-12-09 04:46:29,105 - INFO - Epoch 30 | Batch 1375/3375 | Acc 0.0625 | Reward -0.0000 | Active 0.0159
2025-12-09 04:46:53,791 - INFO - Epoch 30 | Batch 1500/3375 | Acc 0.0625 | Reward -0.0000 | Active 0.0160
2025-12-09 04:47:18,142 - INFO - Epoch 30 | Batch 1625/3375 | Acc 0.1250 | Reward -0.0000 | Active 0.0160
2025-12-09 04:47:42,599 - INFO - Epoch 30 | Batch 1750/3375 | Acc 0.0625 | Reward -0.0000 | Active 0.0159
2025-12-09 04:48:07,013 - INFO - Epoch 30 | Batch 1875/3375 | Acc 0.2500 | Reward -0.0000 | Active 0.0161
2025-12-09 04:48:31,590 - INFO - Epoch 30 | Batch 2000/3375 | Acc 0.1250 | Reward -0.0000 | Active 0.0161
2025-12-09 04:48:56,126 - INFO - Epoch 30 | Batch 2125/3375 | Acc 0.0625 | Reward -0.0000 | Active 0.0160
2025-12-09 04:49:20,934 - INFO - Epoch 30 | Batch 2250/3375 | Acc 0.0000 | Reward -0.0000 | Active 0.0160
2025-12-09 04:49:45,413 - INFO - Epoch 30 | Batch 2375/3375 | Acc 0.1250 | Reward -0.0000 | Active 0.0161
2025-12-09 04:50:10,121 - INFO - Epoch 30 | Batch 2500/3375 | Acc 0.0625 | Reward -0.0000 | Active 0.0160
2025-12-09 04:50:34,793 - INFO - Epoch 30 | Batch 2625/3375 | Acc 0.0625 | Reward -0.0000 | Active 0.0160
2025-12-09 04:50:59,316 - INFO - Epoch 30 | Batch 2750/3375 | Acc 0.3125 | Reward -0.0000 | Active 0.0161
2025-12-09 04:51:23,626 - INFO - Epoch 30 | Batch 2875/3375 | Acc 0.0000 | Reward -0.0000 | Active 0.0160
2025-12-09 04:51:48,204 - INFO - Epoch 30 | Batch 3000/3375 | Acc 0.1250 | Reward -0.0000 | Active 0.0160
2025-12-09 04:52:12,459 - INFO - Epoch 30 | Batch 3125/3375 | Acc 0.1875 | Reward -0.0000 | Active 0.0161
2025-12-09 04:52:37,204 - INFO - Epoch 30 | Batch 3250/3375 | Acc 0.1875 | Reward -0.0000 | Active 0.0161
2025-12-09 04:53:01,372 - INFO - Epoch 30 | Batch 3375/3375 | Acc 0.0625 | Reward -0.0000 | Active 0.0160
[DONE] grad_direct_20251208_232134
END : 20251209_045550
