----------------------------------------------------------------
[RUNNING] Scenario: grad (poisson input)
          Run Name: grad_poisson_20251209_145151
          Start   : 20251209_145151
----------------------------------------------------------------
2025-12-09 14:51:53,887 - INFO - Args: {'scenario': 'grad', 'seed': 0, 'batch_size_images': 16, 'event_batch_size': 16284, 'events_per_image': 1024, 'run_name': 'grad_poisson_20251209_145151', 'log_interval': 125, 'num_epochs': 15, 'T_unsup1': 100, 'T_unsup2': 100, 'T_semi': 100, 'T_sup': 50, 'spike_array_len': 16, 'sigma_unsup1': 0.1, 'sigma_unsup2': 0.1, 'sigma_semi': 0.1, 'sigma_sup': 0.1, 'N_E': 100, 'N_hidden': 256, 'dt': 1.0, 'layer_index_scale': 1.0, 'lr_actor': 0.001, 'lr_critic': 0.001, 'ppo_eps': 0.2, 'ppo_epochs': 2, 'ppo_batch_size': 1024, 'exc_clip_min': 0.0, 'exc_clip_max': 1.0, 'w_clip_min': -1.0, 'w_clip_max': 1.0, 'inh_clip_min': 0.0, 'inh_clip_max': 1.0, 'local_lr': 0.01, 'rho_target': 0.1, 'alpha_sparse': 1.0, 'alpha_div': 0.1, 'alpha_stab': 0.1, 'beta_margin': 0.5, 'alpha_align': 0.1, 'max_rate': 0.25, 'sup_input_encoding': 'poisson', 'log_gradient_stats': False, 'result_dir': '/home/yongokhan/바탕화면/snn/RL_SNN/results/grad/grad_poisson_20251209_145151', 'log_dir': '/home/yongokhan/바탕화면/snn/RL_SNN/results/grad/grad_poisson_20251209_145151'}
2025-12-09 14:51:53,887 - INFO - Starting scenario: grad
2025-12-09 14:51:53,887 - INFO - Results will be saved to: /home/yongokhan/바탕화면/snn/RL_SNN/results/grad/grad_poisson_20251209_145151
2025-12-09 14:51:53,887 - INFO - Logs will be saved to: /home/yongokhan/바탕화면/snn/RL_SNN/results/grad/grad_poisson_20251209_145151
2025-12-09 14:52:40,158 - INFO - Epoch 1 | Batch 125/3375 | Acc 0.2500 | Reward -0.0000 | Active 0.0041
2025-12-09 14:53:24,641 - INFO - Epoch 1 | Batch 250/3375 | Acc 0.0625 | Reward -0.0000 | Active 0.0041
2025-12-09 14:54:09,497 - INFO - Epoch 1 | Batch 375/3375 | Acc 0.3125 | Reward -0.0000 | Active 0.0041
2025-12-09 14:54:54,556 - INFO - Epoch 1 | Batch 500/3375 | Acc 0.0625 | Reward -0.0000 | Active 0.0041
2025-12-09 14:55:39,646 - INFO - Epoch 1 | Batch 625/3375 | Acc 0.0625 | Reward -0.0000 | Active 0.0041
2025-12-09 14:56:24,732 - INFO - Epoch 1 | Batch 750/3375 | Acc 0.2500 | Reward -0.0000 | Active 0.0041
2025-12-09 14:57:09,838 - INFO - Epoch 1 | Batch 875/3375 | Acc 0.1250 | Reward -0.0000 | Active 0.0041
2025-12-09 14:57:55,355 - INFO - Epoch 1 | Batch 1000/3375 | Acc 0.1250 | Reward -0.0000 | Active 0.0041
2025-12-09 14:58:42,878 - INFO - Epoch 1 | Batch 1125/3375 | Acc 0.0625 | Reward -0.0000 | Active 0.0041
2025-12-09 14:59:32,431 - INFO - Epoch 1 | Batch 1250/3375 | Acc 0.0625 | Reward -0.0000 | Active 0.0041
2025-12-09 15:00:23,943 - INFO - Epoch 1 | Batch 1375/3375 | Acc 0.1875 | Reward -0.0000 | Active 0.0041
2025-12-09 15:01:17,773 - INFO - Epoch 1 | Batch 1500/3375 | Acc 0.1250 | Reward -0.0000 | Active 0.0041
2025-12-09 15:02:13,436 - INFO - Epoch 1 | Batch 1625/3375 | Acc 0.0625 | Reward -0.0000 | Active 0.0041
2025-12-09 15:03:09,810 - INFO - Epoch 1 | Batch 1750/3375 | Acc 0.0625 | Reward -0.0000 | Active 0.0041
2025-12-09 15:04:07,140 - INFO - Epoch 1 | Batch 1875/3375 | Acc 0.0000 | Reward -0.0000 | Active 0.0041
2025-12-09 15:05:02,493 - INFO - Epoch 1 | Batch 2000/3375 | Acc 0.1250 | Reward -0.0000 | Active 0.0041
2025-12-09 15:06:00,743 - INFO - Epoch 1 | Batch 2125/3375 | Acc 0.0625 | Reward -0.0000 | Active 0.0041
2025-12-09 15:07:00,571 - INFO - Epoch 1 | Batch 2250/3375 | Acc 0.1250 | Reward -0.0000 | Active 0.0041
2025-12-09 15:07:59,696 - INFO - Epoch 1 | Batch 2375/3375 | Acc 0.0625 | Reward -0.0000 | Active 0.0041
2025-12-09 15:08:57,970 - INFO - Epoch 1 | Batch 2500/3375 | Acc 0.0625 | Reward -0.0000 | Active 0.0041
2025-12-09 15:09:57,171 - INFO - Epoch 1 | Batch 2625/3375 | Acc 0.1875 | Reward -0.0000 | Active 0.0041
2025-12-09 15:10:56,098 - INFO - Epoch 1 | Batch 2750/3375 | Acc 0.1250 | Reward -0.0000 | Active 0.0041
2025-12-09 15:11:54,696 - INFO - Epoch 1 | Batch 2875/3375 | Acc 0.0625 | Reward -0.0000 | Active 0.0041
2025-12-09 15:12:53,425 - INFO - Epoch 1 | Batch 3000/3375 | Acc 0.0625 | Reward -0.0000 | Active 0.0041
2025-12-09 15:13:53,107 - INFO - Epoch 1 | Batch 3125/3375 | Acc 0.0000 | Reward -0.0000 | Active 0.0041
2025-12-09 15:14:52,827 - INFO - Epoch 1 | Batch 3250/3375 | Acc 0.0625 | Reward -0.0000 | Active 0.0041
2025-12-09 15:15:52,067 - INFO - Epoch 1 | Batch 3375/3375 | Acc 0.0625 | Reward -0.0000 | Active 0.0041
2025-12-09 15:17:25,144 - INFO - Epoch 2 | Batch 125/3375 | Acc 0.1250 | Reward -0.0000 | Active 0.0041
2025-12-09 15:18:24,780 - INFO - Epoch 2 | Batch 250/3375 | Acc 0.1250 | Reward -0.0000 | Active 0.0041
2025-12-09 15:19:24,817 - INFO - Epoch 2 | Batch 375/3375 | Acc 0.1250 | Reward -0.0000 | Active 0.0041
2025-12-09 15:20:24,562 - INFO - Epoch 2 | Batch 500/3375 | Acc 0.1250 | Reward -0.0000 | Active 0.0041
2025-12-09 15:21:24,598 - INFO - Epoch 2 | Batch 625/3375 | Acc 0.0000 | Reward -0.0000 | Active 0.0041
2025-12-09 15:22:24,897 - INFO - Epoch 2 | Batch 750/3375 | Acc 0.0625 | Reward -0.0000 | Active 0.0041
2025-12-09 15:23:24,927 - INFO - Epoch 2 | Batch 875/3375 | Acc 0.0625 | Reward -0.0000 | Active 0.0041
2025-12-09 15:24:25,934 - INFO - Epoch 2 | Batch 1000/3375 | Acc 0.0625 | Reward -0.0000 | Active 0.0041
2025-12-09 15:25:26,434 - INFO - Epoch 2 | Batch 1125/3375 | Acc 0.0000 | Reward -0.0000 | Active 0.0041
2025-12-09 15:26:26,676 - INFO - Epoch 2 | Batch 1250/3375 | Acc 0.0625 | Reward -0.0000 | Active 0.0041
2025-12-09 15:27:26,943 - INFO - Epoch 2 | Batch 1375/3375 | Acc 0.1250 | Reward -0.0000 | Active 0.0041
2025-12-09 15:28:27,556 - INFO - Epoch 2 | Batch 1500/3375 | Acc 0.1250 | Reward -0.0000 | Active 0.0041
2025-12-09 15:29:27,974 - INFO - Epoch 2 | Batch 1625/3375 | Acc 0.1250 | Reward -0.0000 | Active 0.0041
2025-12-09 15:30:28,248 - INFO - Epoch 2 | Batch 1750/3375 | Acc 0.1250 | Reward -0.0000 | Active 0.0041
2025-12-09 15:31:26,004 - INFO - Epoch 2 | Batch 1875/3375 | Acc 0.2500 | Reward -0.0000 | Active 0.0041
2025-12-09 15:32:26,475 - INFO - Epoch 2 | Batch 2000/3375 | Acc 0.1875 | Reward -0.0000 | Active 0.0041
2025-12-09 15:33:27,018 - INFO - Epoch 2 | Batch 2125/3375 | Acc 0.0000 | Reward -0.0000 | Active 0.0041
2025-12-09 15:34:27,705 - INFO - Epoch 2 | Batch 2250/3375 | Acc 0.1250 | Reward -0.0000 | Active 0.0041
2025-12-09 15:35:28,040 - INFO - Epoch 2 | Batch 2375/3375 | Acc 0.0625 | Reward -0.0000 | Active 0.0041
2025-12-09 15:36:28,166 - INFO - Epoch 2 | Batch 2500/3375 | Acc 0.0625 | Reward -0.0000 | Active 0.0041
2025-12-09 15:37:29,448 - INFO - Epoch 2 | Batch 2625/3375 | Acc 0.0625 | Reward -0.0000 | Active 0.0041
2025-12-09 15:38:30,666 - INFO - Epoch 2 | Batch 2750/3375 | Acc 0.0000 | Reward -0.0000 | Active 0.0041
2025-12-09 15:39:31,089 - INFO - Epoch 2 | Batch 2875/3375 | Acc 0.1875 | Reward -0.0000 | Active 0.0041
2025-12-09 15:40:31,947 - INFO - Epoch 2 | Batch 3000/3375 | Acc 0.1250 | Reward -0.0000 | Active 0.0041
2025-12-09 15:41:33,028 - INFO - Epoch 2 | Batch 3125/3375 | Acc 0.0625 | Reward -0.0000 | Active 0.0041
2025-12-09 15:42:33,631 - INFO - Epoch 2 | Batch 3250/3375 | Acc 0.0625 | Reward -0.0000 | Active 0.0041
Terminated
