----------------------------------------------------------------
[RUNNING] Scenario: grad (direct input)
          Run Name: grad_direct_20251209_092347
          Start   : 20251209_092347
----------------------------------------------------------------
2025-12-09 09:23:50,275 - INFO - Args: {'scenario': 'grad', 'seed': 0, 'batch_size_images': 16, 'event_batch_size': 65536, 'events_per_image': 4096, 'run_name': 'grad_direct_20251209_092347', 'log_interval': 125, 'num_epochs': 30, 'T_unsup1': 100, 'T_unsup2': 100, 'T_semi': 100, 'T_sup': 10, 'spike_array_len': 4, 'sigma_unsup1': 0.1, 'sigma_unsup2': 0.1, 'sigma_semi': 0.1, 'sigma_sup': 0.1, 'N_E': 100, 'N_hidden': 256, 'dt': 1.0, 'layer_index_scale': 1.0, 'lr_actor': 0.001, 'lr_critic': 0.001, 'ppo_eps': 0.2, 'ppo_epochs': 2, 'ppo_batch_size': 4096, 'exc_clip_min': 0.0, 'exc_clip_max': 1.0, 'w_clip_min': -1.0, 'w_clip_max': 1.0, 'inh_clip_min': 0.0, 'inh_clip_max': 1.0, 'local_lr': 0.01, 'rho_target': 0.1, 'alpha_sparse': 1.0, 'alpha_div': 0.1, 'alpha_stab': 0.1, 'beta_margin': 0.5, 'alpha_align': 0.1, 'max_rate': 1.0, 'sup_input_encoding': 'direct', 'log_gradient_stats': False, 'result_dir': '/home/yongokhan/바탕화면/snn/RL_SNN/results/grad/grad_direct_20251209_092347', 'log_dir': '/home/yongokhan/바탕화면/snn/RL_SNN/results/grad/grad_direct_20251209_092347'}
2025-12-09 09:23:50,275 - INFO - Starting scenario: grad
2025-12-09 09:23:50,275 - INFO - Results will be saved to: /home/yongokhan/바탕화면/snn/RL_SNN/results/grad/grad_direct_20251209_092347
2025-12-09 09:23:50,275 - INFO - Logs will be saved to: /home/yongokhan/바탕화면/snn/RL_SNN/results/grad/grad_direct_20251209_092347
2025-12-09 09:24:22,810 - INFO - Epoch 1 | Batch 125/3375 | Acc 0.2500 | Reward -0.0000 | Active 0.0160
2025-12-09 09:24:53,721 - INFO - Epoch 1 | Batch 250/3375 | Acc 0.0625 | Reward -0.0000 | Active 0.0159
2025-12-09 09:25:24,376 - INFO - Epoch 1 | Batch 375/3375 | Acc 0.3125 | Reward -0.0000 | Active 0.0160
2025-12-09 09:25:55,488 - INFO - Epoch 1 | Batch 500/3375 | Acc 0.0625 | Reward -0.0000 | Active 0.0159
2025-12-09 09:26:26,515 - INFO - Epoch 1 | Batch 625/3375 | Acc 0.0625 | Reward -0.0000 | Active 0.0159
2025-12-09 09:26:57,514 - INFO - Epoch 1 | Batch 750/3375 | Acc 0.2500 | Reward -0.0000 | Active 0.0160
2025-12-09 09:27:28,533 - INFO - Epoch 1 | Batch 875/3375 | Acc 0.1250 | Reward -0.0000 | Active 0.0159
2025-12-09 09:27:59,652 - INFO - Epoch 1 | Batch 1000/3375 | Acc 0.1250 | Reward -0.0000 | Active 0.0159
2025-12-09 09:28:30,605 - INFO - Epoch 1 | Batch 1125/3375 | Acc 0.0625 | Reward -0.0000 | Active 0.0160
2025-12-09 09:29:01,657 - INFO - Epoch 1 | Batch 1250/3375 | Acc 0.0625 | Reward -0.0000 | Active 0.0159
2025-12-09 09:29:32,723 - INFO - Epoch 1 | Batch 1375/3375 | Acc 0.1875 | Reward -0.0000 | Active 0.0159
2025-12-09 09:30:03,814 - INFO - Epoch 1 | Batch 1500/3375 | Acc 0.1250 | Reward -0.0000 | Active 0.0159
2025-12-09 09:30:34,944 - INFO - Epoch 1 | Batch 1625/3375 | Acc 0.0625 | Reward -0.0000 | Active 0.0160
2025-12-09 09:31:06,067 - INFO - Epoch 1 | Batch 1750/3375 | Acc 0.0625 | Reward -0.0000 | Active 0.0160
2025-12-09 09:31:37,161 - INFO - Epoch 1 | Batch 1875/3375 | Acc 0.0000 | Reward -0.0000 | Active 0.0158
2025-12-09 09:32:08,208 - INFO - Epoch 1 | Batch 2000/3375 | Acc 0.1250 | Reward -0.0000 | Active 0.0159
2025-12-09 09:32:39,423 - INFO - Epoch 1 | Batch 2125/3375 | Acc 0.0625 | Reward -0.0000 | Active 0.0159
2025-12-09 09:33:10,489 - INFO - Epoch 1 | Batch 2250/3375 | Acc 0.1250 | Reward -0.0000 | Active 0.0160
2025-12-09 09:33:41,673 - INFO - Epoch 1 | Batch 2375/3375 | Acc 0.0625 | Reward -0.0000 | Active 0.0159
2025-12-09 09:34:12,793 - INFO - Epoch 1 | Batch 2500/3375 | Acc 0.0625 | Reward -0.0000 | Active 0.0158
2025-12-09 09:34:43,810 - INFO - Epoch 1 | Batch 2625/3375 | Acc 0.1875 | Reward -0.0000 | Active 0.0160
2025-12-09 09:35:14,860 - INFO - Epoch 1 | Batch 2750/3375 | Acc 0.1250 | Reward -0.0000 | Active 0.0160
2025-12-09 09:35:45,956 - INFO - Epoch 1 | Batch 2875/3375 | Acc 0.0625 | Reward -0.0000 | Active 0.0161
2025-12-09 09:36:17,016 - INFO - Epoch 1 | Batch 3000/3375 | Acc 0.0625 | Reward -0.0000 | Active 0.0159
2025-12-09 09:36:48,053 - INFO - Epoch 1 | Batch 3125/3375 | Acc 0.0000 | Reward -0.0000 | Active 0.0160
2025-12-09 09:37:19,089 - INFO - Epoch 1 | Batch 3250/3375 | Acc 0.0625 | Reward -0.0000 | Active 0.0159
2025-12-09 09:37:50,134 - INFO - Epoch 1 | Batch 3375/3375 | Acc 0.0625 | Reward -0.0000 | Active 0.0160
2025-12-09 09:38:28,723 - INFO - Epoch 2 | Batch 125/3375 | Acc 0.1250 | Reward -0.0000 | Active 0.0160
2025-12-09 09:38:59,806 - INFO - Epoch 2 | Batch 250/3375 | Acc 0.1250 | Reward -0.0000 | Active 0.0159
2025-12-09 09:39:30,962 - INFO - Epoch 2 | Batch 375/3375 | Acc 0.1250 | Reward -0.0000 | Active 0.0159
2025-12-09 09:40:02,135 - INFO - Epoch 2 | Batch 500/3375 | Acc 0.1250 | Reward -0.0000 | Active 0.0159
2025-12-09 09:40:33,264 - INFO - Epoch 2 | Batch 625/3375 | Acc 0.0000 | Reward -0.0000 | Active 0.0160
2025-12-09 09:41:04,426 - INFO - Epoch 2 | Batch 750/3375 | Acc 0.0625 | Reward -0.0000 | Active 0.0160
2025-12-09 09:41:35,603 - INFO - Epoch 2 | Batch 875/3375 | Acc 0.0625 | Reward -0.0000 | Active 0.0159
2025-12-09 09:42:06,815 - INFO - Epoch 2 | Batch 1000/3375 | Acc 0.0625 | Reward -0.0000 | Active 0.0159
2025-12-09 09:42:37,859 - INFO - Epoch 2 | Batch 1125/3375 | Acc 0.0000 | Reward -0.0000 | Active 0.0159
2025-12-09 09:43:08,876 - INFO - Epoch 2 | Batch 1250/3375 | Acc 0.0625 | Reward -0.0000 | Active 0.0158
2025-12-09 09:43:39,724 - INFO - Epoch 2 | Batch 1375/3375 | Acc 0.1250 | Reward -0.0000 | Active 0.0160
2025-12-09 09:44:11,125 - INFO - Epoch 2 | Batch 1500/3375 | Acc 0.1250 | Reward -0.0000 | Active 0.0160
2025-12-09 09:44:42,423 - INFO - Epoch 2 | Batch 1625/3375 | Acc 0.1250 | Reward -0.0000 | Active 0.0160
2025-12-09 09:45:10,060 - INFO - Epoch 2 | Batch 1750/3375 | Acc 0.1250 | Reward -0.0000 | Active 0.0159
2025-12-09 09:45:40,135 - INFO - Epoch 2 | Batch 1875/3375 | Acc 0.2500 | Reward -0.0000 | Active 0.0160
2025-12-09 09:46:11,362 - INFO - Epoch 2 | Batch 2000/3375 | Acc 0.1875 | Reward -0.0000 | Active 0.0160
2025-12-09 09:46:42,857 - INFO - Epoch 2 | Batch 2125/3375 | Acc 0.0000 | Reward -0.0000 | Active 0.0159
2025-12-09 09:47:15,125 - INFO - Epoch 2 | Batch 2250/3375 | Acc 0.1250 | Reward -0.0000 | Active 0.0160
2025-12-09 09:47:47,466 - INFO - Epoch 2 | Batch 2375/3375 | Acc 0.0625 | Reward -0.0000 | Active 0.0160
2025-12-09 09:48:20,053 - INFO - Epoch 2 | Batch 2500/3375 | Acc 0.0625 | Reward -0.0000 | Active 0.0160
2025-12-09 09:48:52,294 - INFO - Epoch 2 | Batch 2625/3375 | Acc 0.0625 | Reward -0.0000 | Active 0.0159
2025-12-09 09:49:25,010 - INFO - Epoch 2 | Batch 2750/3375 | Acc 0.0000 | Reward -0.0000 | Active 0.0161
2025-12-09 09:49:57,660 - INFO - Epoch 2 | Batch 2875/3375 | Acc 0.1875 | Reward -0.0000 | Active 0.0160
2025-12-09 09:50:31,841 - INFO - Epoch 2 | Batch 3000/3375 | Acc 0.1250 | Reward -0.0000 | Active 0.0161
2025-12-09 09:51:06,698 - INFO - Epoch 2 | Batch 3125/3375 | Acc 0.0625 | Reward -0.0000 | Active 0.0160
2025-12-09 09:51:42,469 - INFO - Epoch 2 | Batch 3250/3375 | Acc 0.0625 | Reward -0.0000 | Active 0.0160
2025-12-09 09:52:18,900 - INFO - Epoch 2 | Batch 3375/3375 | Acc 0.1875 | Reward -0.0000 | Active 0.0159
2025-12-09 09:53:04,807 - INFO - Epoch 3 | Batch 125/3375 | Acc 0.1250 | Reward -0.0000 | Active 0.0159
2025-12-09 09:53:45,568 - INFO - Epoch 3 | Batch 250/3375 | Acc 0.1250 | Reward -0.0000 | Active 0.0159
2025-12-09 09:54:28,148 - INFO - Epoch 3 | Batch 375/3375 | Acc 0.1875 | Reward -0.0000 | Active 0.0159
2025-12-09 09:54:54,237 - INFO - Epoch 3 | Batch 500/3375 | Acc 0.0625 | Reward -0.0000 | Active 0.0160
2025-12-09 09:55:12,295 - INFO - Epoch 3 | Batch 625/3375 | Acc 0.0625 | Reward -0.0000 | Active 0.0160
2025-12-09 09:55:30,157 - INFO - Epoch 3 | Batch 750/3375 | Acc 0.1875 | Reward -0.0000 | Active 0.0161
2025-12-09 09:55:48,165 - INFO - Epoch 3 | Batch 875/3375 | Acc 0.1250 | Reward -0.0000 | Active 0.0159
2025-12-09 09:56:05,864 - INFO - Epoch 3 | Batch 1000/3375 | Acc 0.1875 | Reward -0.0000 | Active 0.0160
2025-12-09 09:56:24,015 - INFO - Epoch 3 | Batch 1125/3375 | Acc 0.0000 | Reward -0.0000 | Active 0.0159
2025-12-09 09:56:42,167 - INFO - Epoch 3 | Batch 1250/3375 | Acc 0.0625 | Reward -0.0000 | Active 0.0160
2025-12-09 09:57:00,819 - INFO - Epoch 3 | Batch 1375/3375 | Acc 0.1875 | Reward -0.0000 | Active 0.0159
2025-12-09 09:57:18,840 - INFO - Epoch 3 | Batch 1500/3375 | Acc 0.3125 | Reward -0.0000 | Active 0.0160
2025-12-09 09:57:36,666 - INFO - Epoch 3 | Batch 1625/3375 | Acc 0.0625 | Reward -0.0000 | Active 0.0159
2025-12-09 09:57:55,026 - INFO - Epoch 3 | Batch 1750/3375 | Acc 0.0625 | Reward -0.0000 | Active 0.0159
2025-12-09 09:58:13,360 - INFO - Epoch 3 | Batch 1875/3375 | Acc 0.0000 | Reward -0.0000 | Active 0.0158
2025-12-09 09:58:31,237 - INFO - Epoch 3 | Batch 2000/3375 | Acc 0.0625 | Reward -0.0000 | Active 0.0159
2025-12-09 09:58:49,774 - INFO - Epoch 3 | Batch 2125/3375 | Acc 0.0000 | Reward -0.0000 | Active 0.0159
2025-12-09 09:59:07,701 - INFO - Epoch 3 | Batch 2250/3375 | Acc 0.0625 | Reward -0.0000 | Active 0.0160
2025-12-09 09:59:25,854 - INFO - Epoch 3 | Batch 2375/3375 | Acc 0.0625 | Reward -0.0000 | Active 0.0157
2025-12-09 09:59:43,696 - INFO - Epoch 3 | Batch 2500/3375 | Acc 0.1250 | Reward -0.0000 | Active 0.0159
2025-12-09 10:00:01,333 - INFO - Epoch 3 | Batch 2625/3375 | Acc 0.1250 | Reward -0.0000 | Active 0.0159
2025-12-09 10:00:19,338 - INFO - Epoch 3 | Batch 2750/3375 | Acc 0.0625 | Reward -0.0000 | Active 0.0160
2025-12-09 10:00:37,175 - INFO - Epoch 3 | Batch 2875/3375 | Acc 0.0625 | Reward -0.0000 | Active 0.0159
2025-12-09 10:00:54,710 - INFO - Epoch 3 | Batch 3000/3375 | Acc 0.0625 | Reward -0.0000 | Active 0.0159
2025-12-09 10:01:13,253 - INFO - Epoch 3 | Batch 3125/3375 | Acc 0.0625 | Reward -0.0000 | Active 0.0158
2025-12-09 10:01:31,161 - INFO - Epoch 3 | Batch 3250/3375 | Acc 0.0625 | Reward -0.0000 | Active 0.0160
2025-12-09 10:01:49,051 - INFO - Epoch 3 | Batch 3375/3375 | Acc 0.0625 | Reward -0.0000 | Active 0.0159
2025-12-09 10:02:13,350 - INFO - Epoch 4 | Batch 125/3375 | Acc 0.1250 | Reward -0.0000 | Active 0.0158
2025-12-09 10:02:31,252 - INFO - Epoch 4 | Batch 250/3375 | Acc 0.1250 | Reward -0.0000 | Active 0.0160
2025-12-09 10:02:49,600 - INFO - Epoch 4 | Batch 375/3375 | Acc 0.0625 | Reward -0.0000 | Active 0.0160
2025-12-09 10:03:07,783 - INFO - Epoch 4 | Batch 500/3375 | Acc 0.0625 | Reward -0.0000 | Active 0.0159
2025-12-09 10:03:25,892 - INFO - Epoch 4 | Batch 625/3375 | Acc 0.3125 | Reward -0.0000 | Active 0.0160
2025-12-09 10:03:43,587 - INFO - Epoch 4 | Batch 750/3375 | Acc 0.1875 | Reward -0.0000 | Active 0.0160
2025-12-09 10:04:01,322 - INFO - Epoch 4 | Batch 875/3375 | Acc 0.1250 | Reward -0.0000 | Active 0.0159
2025-12-09 10:04:19,487 - INFO - Epoch 4 | Batch 1000/3375 | Acc 0.0625 | Reward -0.0000 | Active 0.0159
2025-12-09 10:04:37,512 - INFO - Epoch 4 | Batch 1125/3375 | Acc 0.1250 | Reward -0.0000 | Active 0.0160
2025-12-09 10:04:56,182 - INFO - Epoch 4 | Batch 1250/3375 | Acc 0.0625 | Reward -0.0000 | Active 0.0159
2025-12-09 10:05:13,810 - INFO - Epoch 4 | Batch 1375/3375 | Acc 0.1250 | Reward -0.0000 | Active 0.0160
2025-12-09 10:05:31,690 - INFO - Epoch 4 | Batch 1500/3375 | Acc 0.0000 | Reward -0.0000 | Active 0.0159
2025-12-09 10:05:49,769 - INFO - Epoch 4 | Batch 1625/3375 | Acc 0.0000 | Reward -0.0000 | Active 0.0159
2025-12-09 10:06:08,149 - INFO - Epoch 4 | Batch 1750/3375 | Acc 0.0625 | Reward -0.0000 | Active 0.0160
2025-12-09 10:06:26,285 - INFO - Epoch 4 | Batch 1875/3375 | Acc 0.0625 | Reward -0.0000 | Active 0.0161
2025-12-09 10:06:43,857 - INFO - Epoch 4 | Batch 2000/3375 | Acc 0.0625 | Reward -0.0000 | Active 0.0160
2025-12-09 10:07:02,107 - INFO - Epoch 4 | Batch 2125/3375 | Acc 0.3125 | Reward -0.0000 | Active 0.0160
2025-12-09 10:07:19,753 - INFO - Epoch 4 | Batch 2250/3375 | Acc 0.0000 | Reward -0.0000 | Active 0.0159
2025-12-09 10:07:37,458 - INFO - Epoch 4 | Batch 2375/3375 | Acc 0.0625 | Reward -0.0000 | Active 0.0159
2025-12-09 10:07:55,297 - INFO - Epoch 4 | Batch 2500/3375 | Acc 0.0625 | Reward -0.0000 | Active 0.0160
2025-12-09 10:08:13,019 - INFO - Epoch 4 | Batch 2625/3375 | Acc 0.0625 | Reward -0.0000 | Active 0.0160
2025-12-09 10:08:31,486 - INFO - Epoch 4 | Batch 2750/3375 | Acc 0.0625 | Reward -0.0000 | Active 0.0159
2025-12-09 10:08:49,452 - INFO - Epoch 4 | Batch 2875/3375 | Acc 0.0625 | Reward -0.0000 | Active 0.0160
2025-12-09 10:09:07,525 - INFO - Epoch 4 | Batch 3000/3375 | Acc 0.0625 | Reward -0.0000 | Active 0.0160
2025-12-09 10:09:25,623 - INFO - Epoch 4 | Batch 3125/3375 | Acc 0.0625 | Reward -0.0000 | Active 0.0158
2025-12-09 10:09:43,773 - INFO - Epoch 4 | Batch 3250/3375 | Acc 0.0625 | Reward -0.0000 | Active 0.0159
2025-12-09 10:10:01,787 - INFO - Epoch 4 | Batch 3375/3375 | Acc 0.1250 | Reward -0.0000 | Active 0.0160
2025-12-09 10:10:26,328 - INFO - Epoch 5 | Batch 125/3375 | Acc 0.1250 | Reward -0.0000 | Active 0.0160
2025-12-09 10:10:44,276 - INFO - Epoch 5 | Batch 250/3375 | Acc 0.0000 | Reward -0.0000 | Active 0.0160
2025-12-09 10:11:02,301 - INFO - Epoch 5 | Batch 375/3375 | Acc 0.0000 | Reward -0.0000 | Active 0.0158
2025-12-09 10:11:20,389 - INFO - Epoch 5 | Batch 500/3375 | Acc 0.0625 | Reward -0.0000 | Active 0.0159
2025-12-09 10:11:38,335 - INFO - Epoch 5 | Batch 625/3375 | Acc 0.0625 | Reward -0.0000 | Active 0.0159
2025-12-09 10:11:56,185 - INFO - Epoch 5 | Batch 750/3375 | Acc 0.0625 | Reward -0.0000 | Active 0.0160
2025-12-09 10:12:14,221 - INFO - Epoch 5 | Batch 875/3375 | Acc 0.0625 | Reward -0.0000 | Active 0.0160
2025-12-09 10:12:32,104 - INFO - Epoch 5 | Batch 1000/3375 | Acc 0.0000 | Reward -0.0000 | Active 0.0159
2025-12-09 10:12:49,929 - INFO - Epoch 5 | Batch 1125/3375 | Acc 0.2500 | Reward -0.0000 | Active 0.0160
2025-12-09 10:13:07,950 - INFO - Epoch 5 | Batch 1250/3375 | Acc 0.0000 | Reward -0.0000 | Active 0.0160
2025-12-09 10:13:25,752 - INFO - Epoch 5 | Batch 1375/3375 | Acc 0.0625 | Reward -0.0000 | Active 0.0158
2025-12-09 10:13:43,765 - INFO - Epoch 5 | Batch 1500/3375 | Acc 0.0000 | Reward -0.0000 | Active 0.0159
Terminated
