----------------------------------------------------------------
[RUNNING] Scenario: semi
          Run Name: semi_20251209_145151
          Start   : 20251209_145151
----------------------------------------------------------------
2025-12-09 14:51:53,890 - INFO - Args: {'scenario': 'semi', 'seed': 0, 'batch_size_images': 16, 'event_batch_size': 16284, 'events_per_image': 1024, 'run_name': 'semi_20251209_145151', 'log_interval': 125, 'num_epochs': 15, 'T_unsup1': 100, 'T_unsup2': 100, 'T_semi': 80, 'T_sup': 100, 'spike_array_len': 20, 'sigma_unsup1': 0.1, 'sigma_unsup2': 0.1, 'sigma_semi': 0.1, 'sigma_sup': 0.1, 'N_E': 100, 'N_hidden': 300, 'dt': 1.0, 'layer_index_scale': 1.0, 'lr_actor': 0.001, 'lr_critic': 0.001, 'ppo_eps': 0.2, 'ppo_epochs': 2, 'ppo_batch_size': 1024, 'exc_clip_min': 0.0, 'exc_clip_max': 1.0, 'w_clip_min': -1.0, 'w_clip_max': 1.0, 'inh_clip_min': 0.0, 'inh_clip_max': 1.0, 'local_lr': 0.01, 'rho_target': 0.1, 'alpha_sparse': 1.0, 'alpha_div': 0.1, 'alpha_stab': 0.1, 'beta_margin': 0.5, 'alpha_align': 0.1, 'max_rate': 0.25, 'sup_input_encoding': 'poisson', 'log_gradient_stats': False, 'result_dir': '/home/yongokhan/바탕화면/snn/RL_SNN/results/semi/semi_20251209_145151', 'log_dir': '/home/yongokhan/바탕화면/snn/RL_SNN/results/semi/semi_20251209_145151'}
2025-12-09 14:51:53,890 - INFO - Starting scenario: semi
2025-12-09 14:51:53,891 - INFO - Results will be saved to: /home/yongokhan/바탕화면/snn/RL_SNN/results/semi/semi_20251209_145151
2025-12-09 14:51:53,891 - INFO - Logs will be saved to: /home/yongokhan/바탕화면/snn/RL_SNN/results/semi/semi_20251209_145151
2025-12-09 14:52:19,517 - INFO - Epoch 1 | Batch 125/3375 | Acc 0.1875 | Reward -0.6250
2025-12-09 14:52:43,135 - INFO - Epoch 1 | Batch 250/3375 | Acc 0.0625 | Reward -0.8750
2025-12-09 14:53:05,659 - INFO - Epoch 1 | Batch 375/3375 | Acc 0.0625 | Reward -0.8750
2025-12-09 14:53:28,192 - INFO - Epoch 1 | Batch 500/3375 | Acc 0.1250 | Reward -0.7500
2025-12-09 14:53:50,576 - INFO - Epoch 1 | Batch 625/3375 | Acc 0.0625 | Reward -0.8750
2025-12-09 14:54:13,091 - INFO - Epoch 1 | Batch 750/3375 | Acc 0.0625 | Reward -0.8750
2025-12-09 14:54:35,650 - INFO - Epoch 1 | Batch 875/3375 | Acc 0.0625 | Reward -0.8750
2025-12-09 14:54:58,110 - INFO - Epoch 1 | Batch 1000/3375 | Acc 0.0625 | Reward -0.8750
2025-12-09 14:55:20,633 - INFO - Epoch 1 | Batch 1125/3375 | Acc 0.0625 | Reward -0.8750
2025-12-09 14:55:43,198 - INFO - Epoch 1 | Batch 1250/3375 | Acc 0.0625 | Reward -0.8750
2025-12-09 14:56:05,778 - INFO - Epoch 1 | Batch 1375/3375 | Acc 0.0625 | Reward -0.8750
2025-12-09 14:56:28,291 - INFO - Epoch 1 | Batch 1500/3375 | Acc 0.0625 | Reward -0.8750
2025-12-09 14:56:50,852 - INFO - Epoch 1 | Batch 1625/3375 | Acc 0.0625 | Reward -0.8750
2025-12-09 14:57:13,439 - INFO - Epoch 1 | Batch 1750/3375 | Acc 0.1250 | Reward -0.7500
2025-12-09 14:57:38,220 - INFO - Epoch 1 | Batch 1875/3375 | Acc 0.1250 | Reward -0.7543
2025-12-09 14:58:04,920 - INFO - Epoch 1 | Batch 2000/3375 | Acc 0.1250 | Reward -0.7578
2025-12-09 14:58:33,552 - INFO - Epoch 1 | Batch 2125/3375 | Acc 0.0000 | Reward -1.0000
2025-12-09 14:59:03,438 - INFO - Epoch 1 | Batch 2250/3375 | Acc 0.0625 | Reward -0.8750
2025-12-09 14:59:34,654 - INFO - Epoch 1 | Batch 2375/3375 | Acc 0.0000 | Reward -1.0000
2025-12-09 15:00:07,225 - INFO - Epoch 1 | Batch 2500/3375 | Acc 0.1250 | Reward -0.7500
2025-12-09 15:00:41,946 - INFO - Epoch 1 | Batch 2625/3375 | Acc 0.0000 | Reward -1.0000
2025-12-09 15:01:18,689 - INFO - Epoch 1 | Batch 2750/3375 | Acc 0.0000 | Reward -1.0000
2025-12-09 15:01:57,425 - INFO - Epoch 1 | Batch 2875/3375 | Acc 0.1875 | Reward -0.6250
2025-12-09 15:02:38,511 - INFO - Epoch 1 | Batch 3000/3375 | Acc 0.1875 | Reward -0.6250
2025-12-09 15:03:21,421 - INFO - Epoch 1 | Batch 3125/3375 | Acc 0.0625 | Reward -0.8750
2025-12-09 15:04:06,277 - INFO - Epoch 1 | Batch 3250/3375 | Acc 0.2500 | Reward -0.5000
2025-12-09 15:04:52,436 - INFO - Epoch 1 | Batch 3375/3375 | Acc 0.0625 | Reward -0.8750
2025-12-09 15:05:49,647 - INFO - Epoch 2 | Batch 125/3375 | Acc 0.0000 | Reward -1.0000
2025-12-09 15:06:39,099 - INFO - Epoch 2 | Batch 250/3375 | Acc 0.0625 | Reward -0.8750
2025-12-09 15:07:30,691 - INFO - Epoch 2 | Batch 375/3375 | Acc 0.0000 | Reward -1.0000
2025-12-09 15:08:24,249 - INFO - Epoch 2 | Batch 500/3375 | Acc 0.0625 | Reward -0.8750
2025-12-09 15:09:19,311 - INFO - Epoch 2 | Batch 625/3375 | Acc 0.1875 | Reward -0.6250
2025-12-09 15:10:15,786 - INFO - Epoch 2 | Batch 750/3375 | Acc 0.0000 | Reward -1.0000
2025-12-09 15:11:14,311 - INFO - Epoch 2 | Batch 875/3375 | Acc 0.0625 | Reward -0.8750
2025-12-09 15:12:12,296 - INFO - Epoch 2 | Batch 1000/3375 | Acc 0.0625 | Reward -0.8750
2025-12-09 15:13:10,371 - INFO - Epoch 2 | Batch 1125/3375 | Acc 0.1250 | Reward -0.7500
2025-12-09 15:14:09,009 - INFO - Epoch 2 | Batch 1250/3375 | Acc 0.1250 | Reward -0.7500
2025-12-09 15:15:07,292 - INFO - Epoch 2 | Batch 1375/3375 | Acc 0.0000 | Reward -1.0000
2025-12-09 15:16:08,376 - INFO - Epoch 2 | Batch 1500/3375 | Acc 0.1250 | Reward -0.7500
2025-12-09 15:17:09,749 - INFO - Epoch 2 | Batch 1625/3375 | Acc 0.1250 | Reward -0.7500
2025-12-09 15:18:09,434 - INFO - Epoch 2 | Batch 1750/3375 | Acc 0.0000 | Reward -1.0000
2025-12-09 15:19:08,823 - INFO - Epoch 2 | Batch 1875/3375 | Acc 0.0625 | Reward -0.8750
2025-12-09 15:20:08,691 - INFO - Epoch 2 | Batch 2000/3375 | Acc 0.0625 | Reward -0.8750
2025-12-09 15:21:08,588 - INFO - Epoch 2 | Batch 2125/3375 | Acc 0.0625 | Reward -0.8750
2025-12-09 15:22:08,618 - INFO - Epoch 2 | Batch 2250/3375 | Acc 0.1250 | Reward -0.7500
2025-12-09 15:23:08,504 - INFO - Epoch 2 | Batch 2375/3375 | Acc 0.0625 | Reward -0.8750
2025-12-09 15:24:08,854 - INFO - Epoch 2 | Batch 2500/3375 | Acc 0.1250 | Reward -0.7500
2025-12-09 15:25:09,219 - INFO - Epoch 2 | Batch 2625/3375 | Acc 0.1250 | Reward -0.7500
2025-12-09 15:26:09,146 - INFO - Epoch 2 | Batch 2750/3375 | Acc 0.1250 | Reward -0.7500
2025-12-09 15:27:09,355 - INFO - Epoch 2 | Batch 2875/3375 | Acc 0.1250 | Reward -0.7500
2025-12-09 15:28:09,542 - INFO - Epoch 2 | Batch 3000/3375 | Acc 0.1250 | Reward -0.7500
2025-12-09 15:29:09,931 - INFO - Epoch 2 | Batch 3125/3375 | Acc 0.1250 | Reward -0.7500
2025-12-09 15:30:10,289 - INFO - Epoch 2 | Batch 3250/3375 | Acc 0.0625 | Reward -0.8750
2025-12-09 15:31:10,617 - INFO - Epoch 2 | Batch 3375/3375 | Acc 0.1250 | Reward -0.7500
2025-12-09 15:32:20,093 - INFO - Epoch 3 | Batch 125/3375 | Acc 0.0625 | Reward -0.8750
2025-12-09 15:33:20,595 - INFO - Epoch 3 | Batch 250/3375 | Acc 0.1250 | Reward -0.7500
2025-12-09 15:34:21,214 - INFO - Epoch 3 | Batch 375/3375 | Acc 0.0625 | Reward -0.8750
2025-12-09 15:35:21,550 - INFO - Epoch 3 | Batch 500/3375 | Acc 0.0000 | Reward -1.0000
2025-12-09 15:36:21,749 - INFO - Epoch 3 | Batch 625/3375 | Acc 0.1250 | Reward -0.7500
2025-12-09 15:37:22,533 - INFO - Epoch 3 | Batch 750/3375 | Acc 0.0000 | Reward -1.0000
2025-12-09 15:38:24,216 - INFO - Epoch 3 | Batch 875/3375 | Acc 0.1875 | Reward -0.6250
2025-12-09 15:39:24,649 - INFO - Epoch 3 | Batch 1000/3375 | Acc 0.0625 | Reward -0.8750
2025-12-09 15:40:24,934 - INFO - Epoch 3 | Batch 1125/3375 | Acc 0.1250 | Reward -0.7500
2025-12-09 15:41:25,612 - INFO - Epoch 3 | Batch 1250/3375 | Acc 0.1250 | Reward -0.7500
2025-12-09 15:42:26,200 - INFO - Epoch 3 | Batch 1375/3375 | Acc 0.0000 | Reward -1.0000
Terminated
