----------------------------------------------------------------
[RUNNING] Scenario: semi
          Run Name: semi_20251208_165803
          Start   : 20251208_165803
----------------------------------------------------------------
2025-12-08 16:58:05,812 - INFO - Args: {'scenario': 'semi', 'seed': 0, 'batch_size_images': 16, 'event_batch_size': 65536, 'events_per_image': 4096, 'run_name': 'semi_20251208_165803', 'log_interval': 125, 'num_epochs': 30, 'T_unsup1': 100, 'T_unsup2': 100, 'T_semi': 80, 'T_sup': 100, 'spike_array_len': 20, 'sigma_unsup1': 0.1, 'sigma_unsup2': 0.1, 'sigma_semi': 0.1, 'sigma_sup': 0.1, 'N_E': 100, 'N_hidden': 300, 'dt': 1.0, 'layer_index_scale': 1.0, 'lr_actor': 0.001, 'lr_critic': 0.001, 'ppo_eps': 0.2, 'ppo_epochs': 2, 'ppo_batch_size': 4096, 'exc_clip_min': 0.0, 'exc_clip_max': 1.0, 'w_clip_min': -1.0, 'w_clip_max': 1.0, 'inh_clip_min': 0.0, 'inh_clip_max': 1.0, 'local_lr': 0.01, 'rho_target': 0.1, 'alpha_sparse': 1.0, 'alpha_div': 0.1, 'alpha_stab': 0.1, 'beta_margin': 0.5, 'alpha_align': 0.1, 'max_rate': 0.25, 'sup_input_encoding': 'poisson', 'log_gradient_stats': False, 'result_dir': '/home/yongokhan/바탕화면/snn/RL_SNN/results/semi/semi_20251208_165803', 'log_dir': '/home/yongokhan/바탕화면/snn/RL_SNN/results/semi/semi_20251208_165803'}
2025-12-08 16:58:05,813 - INFO - Starting scenario: semi
2025-12-08 16:58:05,813 - INFO - Results will be saved to: /home/yongokhan/바탕화면/snn/RL_SNN/results/semi/semi_20251208_165803
2025-12-08 16:58:05,813 - INFO - Logs will be saved to: /home/yongokhan/바탕화면/snn/RL_SNN/results/semi/semi_20251208_165803
2025-12-08 16:58:37,075 - INFO - Epoch 1 | Batch 125/3375 | Acc 0.1875 | Reward -0.6250
2025-12-08 16:59:04,805 - INFO - Epoch 1 | Batch 250/3375 | Acc 0.0625 | Reward -0.8750
2025-12-08 16:59:32,890 - INFO - Epoch 1 | Batch 375/3375 | Acc 0.0625 | Reward -0.8750
2025-12-08 17:00:00,490 - INFO - Epoch 1 | Batch 500/3375 | Acc 0.1250 | Reward -0.7500
2025-12-08 17:00:28,665 - INFO - Epoch 1 | Batch 625/3375 | Acc 0.0625 | Reward -0.8750
2025-12-08 17:00:56,702 - INFO - Epoch 1 | Batch 750/3375 | Acc 0.0625 | Reward -0.8750
2025-12-08 17:01:24,974 - INFO - Epoch 1 | Batch 875/3375 | Acc 0.0625 | Reward -0.8750
2025-12-08 17:01:53,116 - INFO - Epoch 1 | Batch 1000/3375 | Acc 0.0625 | Reward -0.8750
2025-12-08 17:02:21,076 - INFO - Epoch 1 | Batch 1125/3375 | Acc 0.0625 | Reward -0.8750
2025-12-08 17:02:49,456 - INFO - Epoch 1 | Batch 1250/3375 | Acc 0.0625 | Reward -0.8750
2025-12-08 17:03:17,897 - INFO - Epoch 1 | Batch 1375/3375 | Acc 0.0625 | Reward -0.8750
2025-12-08 17:03:45,837 - INFO - Epoch 1 | Batch 1500/3375 | Acc 0.0625 | Reward -0.8750
2025-12-08 17:04:13,819 - INFO - Epoch 1 | Batch 1625/3375 | Acc 0.0625 | Reward -0.8750
2025-12-08 17:04:42,022 - INFO - Epoch 1 | Batch 1750/3375 | Acc 0.1250 | Reward -0.7500
2025-12-08 17:05:10,149 - INFO - Epoch 1 | Batch 1875/3375 | Acc 0.1250 | Reward -0.7500
2025-12-08 17:05:38,049 - INFO - Epoch 1 | Batch 2000/3375 | Acc 0.0000 | Reward -1.0000
2025-12-08 17:06:06,067 - INFO - Epoch 1 | Batch 2125/3375 | Acc 0.0000 | Reward -1.0000
2025-12-08 17:06:34,242 - INFO - Epoch 1 | Batch 2250/3375 | Acc 0.0625 | Reward -0.8750
2025-12-08 17:07:02,208 - INFO - Epoch 1 | Batch 2375/3375 | Acc 0.0000 | Reward -1.0000
2025-12-08 17:07:30,130 - INFO - Epoch 1 | Batch 2500/3375 | Acc 0.1250 | Reward -0.7500
2025-12-08 17:07:58,117 - INFO - Epoch 1 | Batch 2625/3375 | Acc 0.0000 | Reward -1.0000
2025-12-08 17:08:26,004 - INFO - Epoch 1 | Batch 2750/3375 | Acc 0.0000 | Reward -1.0000
2025-12-08 17:08:54,069 - INFO - Epoch 1 | Batch 2875/3375 | Acc 0.1875 | Reward -0.6250
2025-12-08 17:09:22,248 - INFO - Epoch 1 | Batch 3000/3375 | Acc 0.1875 | Reward -0.6250
2025-12-08 17:09:50,241 - INFO - Epoch 1 | Batch 3125/3375 | Acc 0.0625 | Reward -0.8750
2025-12-08 17:10:18,590 - INFO - Epoch 1 | Batch 3250/3375 | Acc 0.2500 | Reward -0.5000
2025-12-08 17:10:46,796 - INFO - Epoch 1 | Batch 3375/3375 | Acc 0.0625 | Reward -0.8750
2025-12-08 17:11:23,303 - INFO - Epoch 2 | Batch 125/3375 | Acc 0.0000 | Reward -1.0000
2025-12-08 17:11:51,459 - INFO - Epoch 2 | Batch 250/3375 | Acc 0.0625 | Reward -0.8750
2025-12-08 17:12:19,565 - INFO - Epoch 2 | Batch 375/3375 | Acc 0.0000 | Reward -1.0000
2025-12-08 17:12:47,637 - INFO - Epoch 2 | Batch 500/3375 | Acc 0.0625 | Reward -0.8750
2025-12-08 17:13:15,621 - INFO - Epoch 2 | Batch 625/3375 | Acc 0.1875 | Reward -0.6250
2025-12-08 17:13:43,386 - INFO - Epoch 2 | Batch 750/3375 | Acc 0.0000 | Reward -1.0000
2025-12-08 17:14:11,310 - INFO - Epoch 2 | Batch 875/3375 | Acc 0.0625 | Reward -0.8750
2025-12-08 17:14:39,381 - INFO - Epoch 2 | Batch 1000/3375 | Acc 0.0625 | Reward -0.8750
2025-12-08 17:15:07,367 - INFO - Epoch 2 | Batch 1125/3375 | Acc 0.1250 | Reward -0.7500
2025-12-08 17:15:35,642 - INFO - Epoch 2 | Batch 1250/3375 | Acc 0.1250 | Reward -0.7500
2025-12-08 17:16:03,525 - INFO - Epoch 2 | Batch 1375/3375 | Acc 0.0000 | Reward -1.0000
2025-12-08 17:16:31,492 - INFO - Epoch 2 | Batch 1500/3375 | Acc 0.1250 | Reward -0.7500
2025-12-08 17:16:59,571 - INFO - Epoch 2 | Batch 1625/3375 | Acc 0.1250 | Reward -0.7500
2025-12-08 17:17:27,849 - INFO - Epoch 2 | Batch 1750/3375 | Acc 0.0000 | Reward -1.0000
2025-12-08 17:17:56,023 - INFO - Epoch 2 | Batch 1875/3375 | Acc 0.0625 | Reward -0.8750
2025-12-08 17:18:24,346 - INFO - Epoch 2 | Batch 2000/3375 | Acc 0.0625 | Reward -0.8750
2025-12-08 17:18:52,446 - INFO - Epoch 2 | Batch 2125/3375 | Acc 0.0625 | Reward -0.8750
2025-12-08 17:19:20,566 - INFO - Epoch 2 | Batch 2250/3375 | Acc 0.1250 | Reward -0.7500
2025-12-08 17:19:48,663 - INFO - Epoch 2 | Batch 2375/3375 | Acc 0.0625 | Reward -0.8750
2025-12-08 17:20:16,793 - INFO - Epoch 2 | Batch 2500/3375 | Acc 0.1250 | Reward -0.7500
2025-12-08 17:20:45,154 - INFO - Epoch 2 | Batch 2625/3375 | Acc 0.1250 | Reward -0.7500
2025-12-08 17:21:12,792 - INFO - Epoch 2 | Batch 2750/3375 | Acc 0.1250 | Reward -0.7500
2025-12-08 17:21:40,984 - INFO - Epoch 2 | Batch 2875/3375 | Acc 0.1250 | Reward -0.7500
2025-12-08 17:22:09,270 - INFO - Epoch 2 | Batch 3000/3375 | Acc 0.1250 | Reward -0.7500
2025-12-08 17:22:37,392 - INFO - Epoch 2 | Batch 3125/3375 | Acc 0.1250 | Reward -0.7500
2025-12-08 17:23:05,562 - INFO - Epoch 2 | Batch 3250/3375 | Acc 0.0625 | Reward -0.8750
2025-12-08 17:23:33,753 - INFO - Epoch 2 | Batch 3375/3375 | Acc 0.1250 | Reward -0.7500
2025-12-08 17:24:10,574 - INFO - Epoch 3 | Batch 125/3375 | Acc 0.0625 | Reward -0.8750
2025-12-08 17:24:38,759 - INFO - Epoch 3 | Batch 250/3375 | Acc 0.1250 | Reward -0.7500
2025-12-08 17:25:06,939 - INFO - Epoch 3 | Batch 375/3375 | Acc 0.0625 | Reward -0.8750
2025-12-08 17:25:35,097 - INFO - Epoch 3 | Batch 500/3375 | Acc 0.0000 | Reward -1.0000
2025-12-08 17:26:03,199 - INFO - Epoch 3 | Batch 625/3375 | Acc 0.1250 | Reward -0.7500
2025-12-08 17:26:31,555 - INFO - Epoch 3 | Batch 750/3375 | Acc 0.0000 | Reward -1.0000
2025-12-08 17:26:59,557 - INFO - Epoch 3 | Batch 875/3375 | Acc 0.1875 | Reward -0.6250
2025-12-08 17:27:27,352 - INFO - Epoch 3 | Batch 1000/3375 | Acc 0.0625 | Reward -0.8750
2025-12-08 17:27:55,562 - INFO - Epoch 3 | Batch 1125/3375 | Acc 0.1250 | Reward -0.7500
2025-12-08 17:28:23,635 - INFO - Epoch 3 | Batch 1250/3375 | Acc 0.1250 | Reward -0.7500
2025-12-08 17:28:51,814 - INFO - Epoch 3 | Batch 1375/3375 | Acc 0.0000 | Reward -1.0000
2025-12-08 17:29:19,783 - INFO - Epoch 3 | Batch 1500/3375 | Acc 0.1875 | Reward -0.6250
2025-12-08 17:29:47,849 - INFO - Epoch 3 | Batch 1625/3375 | Acc 0.0000 | Reward -1.0000
2025-12-08 17:30:15,939 - INFO - Epoch 3 | Batch 1750/3375 | Acc 0.0625 | Reward -0.8750
2025-12-08 17:30:44,054 - INFO - Epoch 3 | Batch 1875/3375 | Acc 0.0000 | Reward -1.0000
2025-12-08 17:31:12,387 - INFO - Epoch 3 | Batch 2000/3375 | Acc 0.1250 | Reward -0.7500
2025-12-08 17:31:40,419 - INFO - Epoch 3 | Batch 2125/3375 | Acc 0.0625 | Reward -0.8750
2025-12-08 17:32:08,931 - INFO - Epoch 3 | Batch 2250/3375 | Acc 0.1250 | Reward -0.7500
2025-12-08 17:32:37,078 - INFO - Epoch 3 | Batch 2375/3375 | Acc 0.0000 | Reward -1.0000
2025-12-08 17:33:05,212 - INFO - Epoch 3 | Batch 2500/3375 | Acc 0.1875 | Reward -0.6250
2025-12-08 17:33:33,012 - INFO - Epoch 3 | Batch 2625/3375 | Acc 0.0625 | Reward -0.8750
2025-12-08 17:34:01,054 - INFO - Epoch 3 | Batch 2750/3375 | Acc 0.0625 | Reward -0.8750
2025-12-08 17:34:29,089 - INFO - Epoch 3 | Batch 2875/3375 | Acc 0.1250 | Reward -0.7500
2025-12-08 17:34:57,079 - INFO - Epoch 3 | Batch 3000/3375 | Acc 0.0625 | Reward -0.8750
2025-12-08 17:35:25,285 - INFO - Epoch 3 | Batch 3125/3375 | Acc 0.1250 | Reward -0.7500
2025-12-08 17:35:53,326 - INFO - Epoch 3 | Batch 3250/3375 | Acc 0.0625 | Reward -0.8750
2025-12-08 17:36:21,594 - INFO - Epoch 3 | Batch 3375/3375 | Acc 0.0000 | Reward -1.0000
2025-12-08 17:36:58,028 - INFO - Epoch 4 | Batch 125/3375 | Acc 0.0625 | Reward -0.8750
2025-12-08 17:37:25,932 - INFO - Epoch 4 | Batch 250/3375 | Acc 0.2500 | Reward -0.5000
2025-12-08 17:37:53,701 - INFO - Epoch 4 | Batch 375/3375 | Acc 0.0000 | Reward -1.0000
2025-12-08 17:38:21,686 - INFO - Epoch 4 | Batch 500/3375 | Acc 0.1250 | Reward -0.7500
2025-12-08 17:38:49,958 - INFO - Epoch 4 | Batch 625/3375 | Acc 0.1250 | Reward -0.7500
2025-12-08 17:39:17,883 - INFO - Epoch 4 | Batch 750/3375 | Acc 0.0625 | Reward -0.8750
2025-12-08 17:39:46,253 - INFO - Epoch 4 | Batch 875/3375 | Acc 0.0000 | Reward -1.0000
2025-12-08 17:40:14,333 - INFO - Epoch 4 | Batch 1000/3375 | Acc 0.1250 | Reward -0.7500
2025-12-08 17:40:42,622 - INFO - Epoch 4 | Batch 1125/3375 | Acc 0.1875 | Reward -0.6250
2025-12-08 17:41:10,642 - INFO - Epoch 4 | Batch 1250/3375 | Acc 0.1875 | Reward -0.6250
2025-12-08 17:41:38,624 - INFO - Epoch 4 | Batch 1375/3375 | Acc 0.0000 | Reward -1.0000
2025-12-08 17:42:06,816 - INFO - Epoch 4 | Batch 1500/3375 | Acc 0.2500 | Reward -0.5000
2025-12-08 17:42:34,833 - INFO - Epoch 4 | Batch 1625/3375 | Acc 0.0625 | Reward -0.8750
2025-12-08 17:43:02,815 - INFO - Epoch 4 | Batch 1750/3375 | Acc 0.0625 | Reward -0.8750
2025-12-08 17:43:30,750 - INFO - Epoch 4 | Batch 1875/3375 | Acc 0.0625 | Reward -0.8750
2025-12-08 17:43:58,967 - INFO - Epoch 4 | Batch 2000/3375 | Acc 0.1875 | Reward -0.6250
2025-12-08 17:44:27,248 - INFO - Epoch 4 | Batch 2125/3375 | Acc 0.1250 | Reward -0.7500
2025-12-08 17:44:55,599 - INFO - Epoch 4 | Batch 2250/3375 | Acc 0.1875 | Reward -0.6250
2025-12-08 17:45:23,856 - INFO - Epoch 4 | Batch 2375/3375 | Acc 0.2500 | Reward -0.5000
2025-12-08 17:45:52,346 - INFO - Epoch 4 | Batch 2500/3375 | Acc 0.2500 | Reward -0.5000
2025-12-08 17:46:20,543 - INFO - Epoch 4 | Batch 2625/3375 | Acc 0.0000 | Reward -1.0000
2025-12-08 17:46:48,721 - INFO - Epoch 4 | Batch 2750/3375 | Acc 0.2500 | Reward -0.5000
2025-12-08 17:47:16,733 - INFO - Epoch 4 | Batch 2875/3375 | Acc 0.1250 | Reward -0.7500
2025-12-08 17:47:44,676 - INFO - Epoch 4 | Batch 3000/3375 | Acc 0.0625 | Reward -0.8750
2025-12-08 17:48:12,637 - INFO - Epoch 4 | Batch 3125/3375 | Acc 0.1250 | Reward -0.7500
2025-12-08 17:48:40,690 - INFO - Epoch 4 | Batch 3250/3375 | Acc 0.1250 | Reward -0.7500
2025-12-08 17:49:08,416 - INFO - Epoch 4 | Batch 3375/3375 | Acc 0.0625 | Reward -0.8750
2025-12-08 17:49:44,857 - INFO - Epoch 5 | Batch 125/3375 | Acc 0.1875 | Reward -0.6250
2025-12-08 17:50:12,819 - INFO - Epoch 5 | Batch 250/3375 | Acc 0.1875 | Reward -0.6250
2025-12-08 17:50:41,004 - INFO - Epoch 5 | Batch 375/3375 | Acc 0.0625 | Reward -0.8750
2025-12-08 17:51:08,866 - INFO - Epoch 5 | Batch 500/3375 | Acc 0.1875 | Reward -0.6250
2025-12-08 17:51:37,187 - INFO - Epoch 5 | Batch 625/3375 | Acc 0.0625 | Reward -0.8750
2025-12-08 17:52:05,388 - INFO - Epoch 5 | Batch 750/3375 | Acc 0.0000 | Reward -1.0000
2025-12-08 17:52:33,717 - INFO - Epoch 5 | Batch 875/3375 | Acc 0.1875 | Reward -0.6250
2025-12-08 17:53:01,671 - INFO - Epoch 5 | Batch 1000/3375 | Acc 0.1875 | Reward -0.6250
2025-12-08 17:53:29,983 - INFO - Epoch 5 | Batch 1125/3375 | Acc 0.2500 | Reward -0.5000
2025-12-08 17:53:57,886 - INFO - Epoch 5 | Batch 1250/3375 | Acc 0.1250 | Reward -0.7500
2025-12-08 17:54:25,711 - INFO - Epoch 5 | Batch 1375/3375 | Acc 0.1250 | Reward -0.7500
2025-12-08 17:54:53,938 - INFO - Epoch 5 | Batch 1500/3375 | Acc 0.3125 | Reward -0.3750
2025-12-08 17:55:21,697 - INFO - Epoch 5 | Batch 1625/3375 | Acc 0.1250 | Reward -0.7500
2025-12-08 17:55:49,562 - INFO - Epoch 5 | Batch 1750/3375 | Acc 0.1250 | Reward -0.7500
2025-12-08 17:56:17,421 - INFO - Epoch 5 | Batch 1875/3375 | Acc 0.1250 | Reward -0.7500
2025-12-08 17:56:45,595 - INFO - Epoch 5 | Batch 2000/3375 | Acc 0.1250 | Reward -0.7500
2025-12-08 17:57:13,852 - INFO - Epoch 5 | Batch 2125/3375 | Acc 0.0625 | Reward -0.8750
2025-12-08 17:57:41,805 - INFO - Epoch 5 | Batch 2250/3375 | Acc 0.1875 | Reward -0.6250
2025-12-08 17:58:10,015 - INFO - Epoch 5 | Batch 2375/3375 | Acc 0.0000 | Reward -1.0000
2025-12-08 17:58:38,169 - INFO - Epoch 5 | Batch 2500/3375 | Acc 0.1875 | Reward -0.6250
2025-12-08 17:59:06,182 - INFO - Epoch 5 | Batch 2625/3375 | Acc 0.2500 | Reward -0.5000
2025-12-08 17:59:34,285 - INFO - Epoch 5 | Batch 2750/3375 | Acc 0.0000 | Reward -1.0000
2025-12-08 18:00:02,558 - INFO - Epoch 5 | Batch 2875/3375 | Acc 0.0000 | Reward -1.0000
2025-12-08 18:00:30,771 - INFO - Epoch 5 | Batch 3000/3375 | Acc 0.1875 | Reward -0.6250
2025-12-08 18:00:58,587 - INFO - Epoch 5 | Batch 3125/3375 | Acc 0.0625 | Reward -0.8750
2025-12-08 18:01:26,618 - INFO - Epoch 5 | Batch 3250/3375 | Acc 0.1875 | Reward -0.6250
2025-12-08 18:01:54,870 - INFO - Epoch 5 | Batch 3375/3375 | Acc 0.0625 | Reward -0.8750
2025-12-08 18:02:31,250 - INFO - Epoch 6 | Batch 125/3375 | Acc 0.2500 | Reward -0.5000
2025-12-08 18:02:59,470 - INFO - Epoch 6 | Batch 250/3375 | Acc 0.1250 | Reward -0.7500
2025-12-08 18:03:27,430 - INFO - Epoch 6 | Batch 375/3375 | Acc 0.0000 | Reward -1.0000
2025-12-08 18:03:55,713 - INFO - Epoch 6 | Batch 500/3375 | Acc 0.1250 | Reward -0.7500
2025-12-08 18:04:23,843 - INFO - Epoch 6 | Batch 625/3375 | Acc 0.2500 | Reward -0.5000
2025-12-08 18:04:51,979 - INFO - Epoch 6 | Batch 750/3375 | Acc 0.1875 | Reward -0.6250
2025-12-08 18:05:20,146 - INFO - Epoch 6 | Batch 875/3375 | Acc 0.1250 | Reward -0.7500
2025-12-08 18:05:47,962 - INFO - Epoch 6 | Batch 1000/3375 | Acc 0.0000 | Reward -1.0000
2025-12-08 18:06:15,991 - INFO - Epoch 6 | Batch 1125/3375 | Acc 0.0625 | Reward -0.8750
2025-12-08 18:06:43,565 - INFO - Epoch 6 | Batch 1250/3375 | Acc 0.0625 | Reward -0.8750
2025-12-08 18:07:11,476 - INFO - Epoch 6 | Batch 1375/3375 | Acc 0.0625 | Reward -0.8750
2025-12-08 18:07:39,725 - INFO - Epoch 6 | Batch 1500/3375 | Acc 0.0625 | Reward -0.8750
2025-12-08 18:08:08,070 - INFO - Epoch 6 | Batch 1625/3375 | Acc 0.0625 | Reward -0.8750
2025-12-08 18:08:36,200 - INFO - Epoch 6 | Batch 1750/3375 | Acc 0.0625 | Reward -0.8750
2025-12-08 18:09:04,236 - INFO - Epoch 6 | Batch 1875/3375 | Acc 0.0625 | Reward -0.8750
2025-12-08 18:09:32,581 - INFO - Epoch 6 | Batch 2000/3375 | Acc 0.0625 | Reward -0.8750
2025-12-08 18:10:00,919 - INFO - Epoch 6 | Batch 2125/3375 | Acc 0.1875 | Reward -0.6250
2025-12-08 18:10:29,183 - INFO - Epoch 6 | Batch 2250/3375 | Acc 0.0625 | Reward -0.8750
2025-12-08 18:10:57,054 - INFO - Epoch 6 | Batch 2375/3375 | Acc 0.1875 | Reward -0.6250
2025-12-08 18:11:25,263 - INFO - Epoch 6 | Batch 2500/3375 | Acc 0.0000 | Reward -1.0000
2025-12-08 18:11:53,255 - INFO - Epoch 6 | Batch 2625/3375 | Acc 0.2500 | Reward -0.5000
2025-12-08 18:12:21,174 - INFO - Epoch 6 | Batch 2750/3375 | Acc 0.0000 | Reward -1.0000
2025-12-08 18:12:49,124 - INFO - Epoch 6 | Batch 2875/3375 | Acc 0.0625 | Reward -0.8750
2025-12-08 18:13:17,146 - INFO - Epoch 6 | Batch 3000/3375 | Acc 0.0625 | Reward -0.8750
2025-12-08 18:13:44,773 - INFO - Epoch 6 | Batch 3125/3375 | Acc 0.2500 | Reward -0.5000
2025-12-08 18:14:12,892 - INFO - Epoch 6 | Batch 3250/3375 | Acc 0.0625 | Reward -0.8750
2025-12-08 18:14:40,703 - INFO - Epoch 6 | Batch 3375/3375 | Acc 0.0625 | Reward -0.8750
2025-12-08 18:15:17,156 - INFO - Epoch 7 | Batch 125/3375 | Acc 0.0625 | Reward -0.8750
2025-12-08 18:15:45,326 - INFO - Epoch 7 | Batch 250/3375 | Acc 0.0625 | Reward -0.8750
2025-12-08 18:16:13,270 - INFO - Epoch 7 | Batch 375/3375 | Acc 0.0000 | Reward -1.0000
2025-12-08 18:16:41,490 - INFO - Epoch 7 | Batch 500/3375 | Acc 0.0000 | Reward -1.0000
2025-12-08 18:17:09,496 - INFO - Epoch 7 | Batch 625/3375 | Acc 0.1250 | Reward -0.7500
2025-12-08 18:17:37,307 - INFO - Epoch 7 | Batch 750/3375 | Acc 0.1250 | Reward -0.7500
2025-12-08 18:18:05,535 - INFO - Epoch 7 | Batch 875/3375 | Acc 0.1875 | Reward -0.6250
2025-12-08 18:18:33,660 - INFO - Epoch 7 | Batch 1000/3375 | Acc 0.1875 | Reward -0.6250
2025-12-08 18:19:02,038 - INFO - Epoch 7 | Batch 1125/3375 | Acc 0.0000 | Reward -1.0000
2025-12-08 18:19:30,114 - INFO - Epoch 7 | Batch 1250/3375 | Acc 0.0625 | Reward -0.8750
2025-12-08 18:19:57,979 - INFO - Epoch 7 | Batch 1375/3375 | Acc 0.1250 | Reward -0.7500
2025-12-08 18:20:26,128 - INFO - Epoch 7 | Batch 1500/3375 | Acc 0.2500 | Reward -0.5000
2025-12-08 18:20:54,542 - INFO - Epoch 7 | Batch 1625/3375 | Acc 0.1250 | Reward -0.7500
2025-12-08 18:21:22,589 - INFO - Epoch 7 | Batch 1750/3375 | Acc 0.0625 | Reward -0.8750
2025-12-08 18:21:50,515 - INFO - Epoch 7 | Batch 1875/3375 | Acc 0.0000 | Reward -1.0000
2025-12-08 18:22:18,636 - INFO - Epoch 7 | Batch 2000/3375 | Acc 0.0625 | Reward -0.8750
2025-12-08 18:22:46,770 - INFO - Epoch 7 | Batch 2125/3375 | Acc 0.2500 | Reward -0.5000
2025-12-08 18:23:14,979 - INFO - Epoch 7 | Batch 2250/3375 | Acc 0.2500 | Reward -0.5000
2025-12-08 18:23:43,191 - INFO - Epoch 7 | Batch 2375/3375 | Acc 0.0625 | Reward -0.8750
2025-12-08 18:24:11,184 - INFO - Epoch 7 | Batch 2500/3375 | Acc 0.0000 | Reward -1.0000
2025-12-08 18:24:39,394 - INFO - Epoch 7 | Batch 2625/3375 | Acc 0.1875 | Reward -0.6250
2025-12-08 18:25:07,355 - INFO - Epoch 7 | Batch 2750/3375 | Acc 0.1250 | Reward -0.7500
2025-12-08 18:25:35,776 - INFO - Epoch 7 | Batch 2875/3375 | Acc 0.0625 | Reward -0.8750
2025-12-08 18:26:04,271 - INFO - Epoch 7 | Batch 3000/3375 | Acc 0.1250 | Reward -0.7500
2025-12-08 18:26:32,046 - INFO - Epoch 7 | Batch 3125/3375 | Acc 0.0000 | Reward -1.0000
2025-12-08 18:26:59,868 - INFO - Epoch 7 | Batch 3250/3375 | Acc 0.1250 | Reward -0.7500
2025-12-08 18:27:28,016 - INFO - Epoch 7 | Batch 3375/3375 | Acc 0.3750 | Reward -0.2500
2025-12-08 18:28:04,476 - INFO - Epoch 8 | Batch 125/3375 | Acc 0.0625 | Reward -0.8750
2025-12-08 18:28:32,629 - INFO - Epoch 8 | Batch 250/3375 | Acc 0.2500 | Reward -0.5000
2025-12-08 18:29:00,823 - INFO - Epoch 8 | Batch 375/3375 | Acc 0.1250 | Reward -0.7500
2025-12-08 18:29:28,769 - INFO - Epoch 8 | Batch 500/3375 | Acc 0.1250 | Reward -0.7500
2025-12-08 18:29:56,468 - INFO - Epoch 8 | Batch 625/3375 | Acc 0.1250 | Reward -0.7500
2025-12-08 18:30:24,414 - INFO - Epoch 8 | Batch 750/3375 | Acc 0.1250 | Reward -0.7500
2025-12-08 18:30:52,222 - INFO - Epoch 8 | Batch 875/3375 | Acc 0.0000 | Reward -1.0000
2025-12-08 18:31:20,245 - INFO - Epoch 8 | Batch 1000/3375 | Acc 0.0000 | Reward -1.0000
2025-12-08 18:31:48,450 - INFO - Epoch 8 | Batch 1125/3375 | Acc 0.1875 | Reward -0.6250
2025-12-08 18:32:16,713 - INFO - Epoch 8 | Batch 1250/3375 | Acc 0.0625 | Reward -0.8750
2025-12-08 18:32:45,063 - INFO - Epoch 8 | Batch 1375/3375 | Acc 0.1250 | Reward -0.7500
2025-12-08 18:33:13,125 - INFO - Epoch 8 | Batch 1500/3375 | Acc 0.1250 | Reward -0.7500
2025-12-08 18:33:41,499 - INFO - Epoch 8 | Batch 1625/3375 | Acc 0.0000 | Reward -1.0000
2025-12-08 18:34:09,436 - INFO - Epoch 8 | Batch 1750/3375 | Acc 0.0000 | Reward -1.0000
2025-12-08 18:34:37,299 - INFO - Epoch 8 | Batch 1875/3375 | Acc 0.0625 | Reward -0.8750
2025-12-08 18:35:04,935 - INFO - Epoch 8 | Batch 2000/3375 | Acc 0.0625 | Reward -0.8750
2025-12-08 18:35:32,705 - INFO - Epoch 8 | Batch 2125/3375 | Acc 0.1875 | Reward -0.6250
2025-12-08 18:36:00,633 - INFO - Epoch 8 | Batch 2250/3375 | Acc 0.1875 | Reward -0.6250
2025-12-08 18:36:28,641 - INFO - Epoch 8 | Batch 2375/3375 | Acc 0.0000 | Reward -1.0000
2025-12-08 18:36:56,672 - INFO - Epoch 8 | Batch 2500/3375 | Acc 0.1250 | Reward -0.7500
2025-12-08 18:37:24,742 - INFO - Epoch 8 | Batch 2625/3375 | Acc 0.0000 | Reward -1.0000
2025-12-08 18:37:52,885 - INFO - Epoch 8 | Batch 2750/3375 | Acc 0.0625 | Reward -0.8750
2025-12-08 18:38:21,058 - INFO - Epoch 8 | Batch 2875/3375 | Acc 0.0625 | Reward -0.8750
2025-12-08 18:38:49,123 - INFO - Epoch 8 | Batch 3000/3375 | Acc 0.0625 | Reward -0.8750
2025-12-08 18:39:17,249 - INFO - Epoch 8 | Batch 3125/3375 | Acc 0.1875 | Reward -0.6250
2025-12-08 18:39:45,330 - INFO - Epoch 8 | Batch 3250/3375 | Acc 0.1250 | Reward -0.7500
2025-12-08 18:40:13,574 - INFO - Epoch 8 | Batch 3375/3375 | Acc 0.0000 | Reward -1.0000
2025-12-08 18:40:49,889 - INFO - Epoch 9 | Batch 125/3375 | Acc 0.0000 | Reward -1.0000
2025-12-08 18:41:17,853 - INFO - Epoch 9 | Batch 250/3375 | Acc 0.2500 | Reward -0.5000
2025-12-08 18:41:46,144 - INFO - Epoch 9 | Batch 375/3375 | Acc 0.1875 | Reward -0.6250
2025-12-08 18:42:14,212 - INFO - Epoch 9 | Batch 500/3375 | Acc 0.0625 | Reward -0.8750
2025-12-08 18:42:42,285 - INFO - Epoch 9 | Batch 625/3375 | Acc 0.0625 | Reward -0.8750
2025-12-08 18:43:10,650 - INFO - Epoch 9 | Batch 750/3375 | Acc 0.0625 | Reward -0.8750
2025-12-08 18:43:38,819 - INFO - Epoch 9 | Batch 875/3375 | Acc 0.0625 | Reward -0.8750
2025-12-08 18:44:06,622 - INFO - Epoch 9 | Batch 1000/3375 | Acc 0.0625 | Reward -0.8750
2025-12-08 18:44:34,736 - INFO - Epoch 9 | Batch 1125/3375 | Acc 0.1250 | Reward -0.7500
2025-12-08 18:45:02,827 - INFO - Epoch 9 | Batch 1250/3375 | Acc 0.1875 | Reward -0.6250
2025-12-08 18:45:30,690 - INFO - Epoch 9 | Batch 1375/3375 | Acc 0.1250 | Reward -0.7500
2025-12-08 18:45:58,745 - INFO - Epoch 9 | Batch 1500/3375 | Acc 0.1250 | Reward -0.7500
2025-12-08 18:46:26,387 - INFO - Epoch 9 | Batch 1625/3375 | Acc 0.0625 | Reward -0.8750
2025-12-08 18:46:54,368 - INFO - Epoch 9 | Batch 1750/3375 | Acc 0.1875 | Reward -0.6250
2025-12-08 18:47:22,692 - INFO - Epoch 9 | Batch 1875/3375 | Acc 0.0625 | Reward -0.8750
2025-12-08 18:47:50,873 - INFO - Epoch 9 | Batch 2000/3375 | Acc 0.1250 | Reward -0.7500
2025-12-08 18:48:19,044 - INFO - Epoch 9 | Batch 2125/3375 | Acc 0.0000 | Reward -1.0000
2025-12-08 18:48:47,237 - INFO - Epoch 9 | Batch 2250/3375 | Acc 0.0625 | Reward -0.8750
2025-12-08 18:49:15,046 - INFO - Epoch 9 | Batch 2375/3375 | Acc 0.0000 | Reward -1.0000
2025-12-08 18:49:43,472 - INFO - Epoch 9 | Batch 2500/3375 | Acc 0.1875 | Reward -0.6250
2025-12-08 18:50:11,515 - INFO - Epoch 9 | Batch 2625/3375 | Acc 0.0625 | Reward -0.8750
2025-12-08 18:50:39,392 - INFO - Epoch 9 | Batch 2750/3375 | Acc 0.0000 | Reward -1.0000
2025-12-08 18:51:07,336 - INFO - Epoch 9 | Batch 2875/3375 | Acc 0.2500 | Reward -0.5000
2025-12-08 18:51:35,191 - INFO - Epoch 9 | Batch 3000/3375 | Acc 0.1250 | Reward -0.7500
2025-12-08 18:52:03,460 - INFO - Epoch 9 | Batch 3125/3375 | Acc 0.1875 | Reward -0.6250
2025-12-08 18:52:31,651 - INFO - Epoch 9 | Batch 3250/3375 | Acc 0.1875 | Reward -0.6250
2025-12-08 18:52:59,333 - INFO - Epoch 9 | Batch 3375/3375 | Acc 0.0000 | Reward -1.0000
2025-12-08 18:53:36,079 - INFO - Epoch 10 | Batch 125/3375 | Acc 0.0625 | Reward -0.8750
2025-12-08 18:54:04,440 - INFO - Epoch 10 | Batch 250/3375 | Acc 0.0000 | Reward -1.0000
2025-12-08 18:54:32,750 - INFO - Epoch 10 | Batch 375/3375 | Acc 0.1250 | Reward -0.7500
2025-12-08 18:55:00,997 - INFO - Epoch 10 | Batch 500/3375 | Acc 0.1875 | Reward -0.6250
2025-12-08 18:55:29,308 - INFO - Epoch 10 | Batch 625/3375 | Acc 0.0625 | Reward -0.8750
2025-12-08 18:55:57,228 - INFO - Epoch 10 | Batch 750/3375 | Acc 0.0000 | Reward -1.0000
2025-12-08 18:56:25,489 - INFO - Epoch 10 | Batch 875/3375 | Acc 0.1250 | Reward -0.7500
2025-12-08 18:56:53,503 - INFO - Epoch 10 | Batch 1000/3375 | Acc 0.1250 | Reward -0.7500
2025-12-08 18:57:21,567 - INFO - Epoch 10 | Batch 1125/3375 | Acc 0.0000 | Reward -1.0000
2025-12-08 18:57:49,540 - INFO - Epoch 10 | Batch 1250/3375 | Acc 0.0625 | Reward -0.8750
2025-12-08 18:58:17,828 - INFO - Epoch 10 | Batch 1375/3375 | Acc 0.1250 | Reward -0.7500
2025-12-08 18:58:46,172 - INFO - Epoch 10 | Batch 1500/3375 | Acc 0.0625 | Reward -0.8750
2025-12-08 18:59:14,184 - INFO - Epoch 10 | Batch 1625/3375 | Acc 0.0000 | Reward -1.0000
2025-12-08 18:59:42,018 - INFO - Epoch 10 | Batch 1750/3375 | Acc 0.0625 | Reward -0.8750
2025-12-08 19:00:10,424 - INFO - Epoch 10 | Batch 1875/3375 | Acc 0.1875 | Reward -0.6250
2025-12-08 19:00:38,645 - INFO - Epoch 10 | Batch 2000/3375 | Acc 0.0000 | Reward -1.0000
2025-12-08 19:01:06,751 - INFO - Epoch 10 | Batch 2125/3375 | Acc 0.0000 | Reward -1.0000
2025-12-08 19:01:34,838 - INFO - Epoch 10 | Batch 2250/3375 | Acc 0.1250 | Reward -0.7500
2025-12-08 19:02:02,804 - INFO - Epoch 10 | Batch 2375/3375 | Acc 0.1250 | Reward -0.7500
2025-12-08 19:02:30,828 - INFO - Epoch 10 | Batch 2500/3375 | Acc 0.1875 | Reward -0.6250
2025-12-08 19:02:58,857 - INFO - Epoch 10 | Batch 2625/3375 | Acc 0.0625 | Reward -0.8750
2025-12-08 19:03:27,014 - INFO - Epoch 10 | Batch 2750/3375 | Acc 0.1250 | Reward -0.7500
2025-12-08 19:03:55,240 - INFO - Epoch 10 | Batch 2875/3375 | Acc 0.1875 | Reward -0.6250
2025-12-08 19:04:23,352 - INFO - Epoch 10 | Batch 3000/3375 | Acc 0.0625 | Reward -0.8750
2025-12-08 19:04:51,415 - INFO - Epoch 10 | Batch 3125/3375 | Acc 0.0625 | Reward -0.8750
2025-12-08 19:05:19,663 - INFO - Epoch 10 | Batch 3250/3375 | Acc 0.0000 | Reward -1.0000
2025-12-08 19:05:47,823 - INFO - Epoch 10 | Batch 3375/3375 | Acc 0.1875 | Reward -0.6250
2025-12-08 19:06:24,256 - INFO - Epoch 11 | Batch 125/3375 | Acc 0.1250 | Reward -0.7500
2025-12-08 19:06:52,254 - INFO - Epoch 11 | Batch 250/3375 | Acc 0.0625 | Reward -0.8750
2025-12-08 19:07:20,481 - INFO - Epoch 11 | Batch 375/3375 | Acc 0.0000 | Reward -1.0000
2025-12-08 19:07:48,855 - INFO - Epoch 11 | Batch 500/3375 | Acc 0.0625 | Reward -0.8750
2025-12-08 19:08:16,896 - INFO - Epoch 11 | Batch 625/3375 | Acc 0.0000 | Reward -1.0000
2025-12-08 19:08:44,996 - INFO - Epoch 11 | Batch 750/3375 | Acc 0.3125 | Reward -0.3750
2025-12-08 19:09:13,376 - INFO - Epoch 11 | Batch 875/3375 | Acc 0.1875 | Reward -0.6250
2025-12-08 19:09:41,438 - INFO - Epoch 11 | Batch 1000/3375 | Acc 0.0625 | Reward -0.8750
2025-12-08 19:10:09,521 - INFO - Epoch 11 | Batch 1125/3375 | Acc 0.0000 | Reward -1.0000
2025-12-08 19:10:37,611 - INFO - Epoch 11 | Batch 1250/3375 | Acc 0.0625 | Reward -0.8750
2025-12-08 19:11:05,674 - INFO - Epoch 11 | Batch 1375/3375 | Acc 0.0625 | Reward -0.8750
2025-12-08 19:11:34,157 - INFO - Epoch 11 | Batch 1500/3375 | Acc 0.1250 | Reward -0.7500
2025-12-08 19:12:02,036 - INFO - Epoch 11 | Batch 1625/3375 | Acc 0.0000 | Reward -1.0000
2025-12-08 19:12:30,419 - INFO - Epoch 11 | Batch 1750/3375 | Acc 0.0000 | Reward -1.0000
2025-12-08 19:12:58,710 - INFO - Epoch 11 | Batch 1875/3375 | Acc 0.0000 | Reward -1.0000
2025-12-08 19:13:26,490 - INFO - Epoch 11 | Batch 2000/3375 | Acc 0.1250 | Reward -0.7500
2025-12-08 19:13:54,151 - INFO - Epoch 11 | Batch 2125/3375 | Acc 0.1875 | Reward -0.6250
2025-12-08 19:14:22,187 - INFO - Epoch 11 | Batch 2250/3375 | Acc 0.0000 | Reward -1.0000
2025-12-08 19:14:50,393 - INFO - Epoch 11 | Batch 2375/3375 | Acc 0.0625 | Reward -0.8750
2025-12-08 19:15:18,811 - INFO - Epoch 11 | Batch 2500/3375 | Acc 0.0000 | Reward -1.0000
2025-12-08 19:15:47,202 - INFO - Epoch 11 | Batch 2625/3375 | Acc 0.0625 | Reward -0.8750
2025-12-08 19:16:15,214 - INFO - Epoch 11 | Batch 2750/3375 | Acc 0.0000 | Reward -1.0000
2025-12-08 19:16:43,437 - INFO - Epoch 11 | Batch 2875/3375 | Acc 0.1250 | Reward -0.7500
2025-12-08 19:17:11,275 - INFO - Epoch 11 | Batch 3000/3375 | Acc 0.1250 | Reward -0.7500
2025-12-08 19:17:39,315 - INFO - Epoch 11 | Batch 3125/3375 | Acc 0.1250 | Reward -0.7500
2025-12-08 19:18:07,325 - INFO - Epoch 11 | Batch 3250/3375 | Acc 0.0625 | Reward -0.8750
2025-12-08 19:18:35,338 - INFO - Epoch 11 | Batch 3375/3375 | Acc 0.0625 | Reward -0.8750
2025-12-08 19:19:11,960 - INFO - Epoch 12 | Batch 125/3375 | Acc 0.1250 | Reward -0.7500
2025-12-08 19:19:39,920 - INFO - Epoch 12 | Batch 250/3375 | Acc 0.1250 | Reward -0.7500
2025-12-08 19:20:08,162 - INFO - Epoch 12 | Batch 375/3375 | Acc 0.0625 | Reward -0.8750
2025-12-08 19:20:36,497 - INFO - Epoch 12 | Batch 500/3375 | Acc 0.0625 | Reward -0.8750
2025-12-08 19:21:04,804 - INFO - Epoch 12 | Batch 625/3375 | Acc 0.0625 | Reward -0.8750
2025-12-08 19:21:32,577 - INFO - Epoch 12 | Batch 750/3375 | Acc 0.1250 | Reward -0.7500
2025-12-08 19:22:00,604 - INFO - Epoch 12 | Batch 875/3375 | Acc 0.1250 | Reward -0.7500
2025-12-08 19:22:28,822 - INFO - Epoch 12 | Batch 1000/3375 | Acc 0.0625 | Reward -0.8750
2025-12-08 19:22:56,906 - INFO - Epoch 12 | Batch 1125/3375 | Acc 0.0625 | Reward -0.8750
2025-12-08 19:23:24,956 - INFO - Epoch 12 | Batch 1250/3375 | Acc 0.0625 | Reward -0.8750
2025-12-08 19:23:53,106 - INFO - Epoch 12 | Batch 1375/3375 | Acc 0.2500 | Reward -0.5000
2025-12-08 19:24:21,140 - INFO - Epoch 12 | Batch 1500/3375 | Acc 0.0625 | Reward -0.8750
2025-12-08 19:24:49,385 - INFO - Epoch 12 | Batch 1625/3375 | Acc 0.1250 | Reward -0.7500
2025-12-08 19:25:17,724 - INFO - Epoch 12 | Batch 1750/3375 | Acc 0.1250 | Reward -0.7500
2025-12-08 19:25:45,722 - INFO - Epoch 12 | Batch 1875/3375 | Acc 0.0625 | Reward -0.8750
2025-12-08 19:26:13,867 - INFO - Epoch 12 | Batch 2000/3375 | Acc 0.0625 | Reward -0.8750
2025-12-08 19:26:42,063 - INFO - Epoch 12 | Batch 2125/3375 | Acc 0.0625 | Reward -0.8750
2025-12-08 19:27:10,209 - INFO - Epoch 12 | Batch 2250/3375 | Acc 0.0625 | Reward -0.8750
2025-12-08 19:27:38,341 - INFO - Epoch 12 | Batch 2375/3375 | Acc 0.1250 | Reward -0.7500
2025-12-08 19:28:05,981 - INFO - Epoch 12 | Batch 2500/3375 | Acc 0.0000 | Reward -1.0000
2025-12-08 19:28:34,384 - INFO - Epoch 12 | Batch 2625/3375 | Acc 0.0625 | Reward -0.8750
2025-12-08 19:29:02,324 - INFO - Epoch 12 | Batch 2750/3375 | Acc 0.0625 | Reward -0.8750
2025-12-08 19:29:30,335 - INFO - Epoch 12 | Batch 2875/3375 | Acc 0.0625 | Reward -0.8750
2025-12-08 19:29:58,472 - INFO - Epoch 12 | Batch 3000/3375 | Acc 0.0000 | Reward -1.0000
2025-12-08 19:30:26,792 - INFO - Epoch 12 | Batch 3125/3375 | Acc 0.0000 | Reward -1.0000
2025-12-08 19:30:55,092 - INFO - Epoch 12 | Batch 3250/3375 | Acc 0.2500 | Reward -0.5000
2025-12-08 19:31:23,142 - INFO - Epoch 12 | Batch 3375/3375 | Acc 0.0625 | Reward -0.8750
2025-12-08 19:31:59,631 - INFO - Epoch 13 | Batch 125/3375 | Acc 0.0000 | Reward -1.0000
2025-12-08 19:32:27,478 - INFO - Epoch 13 | Batch 250/3375 | Acc 0.1250 | Reward -0.7500
2025-12-08 19:32:55,307 - INFO - Epoch 13 | Batch 375/3375 | Acc 0.0000 | Reward -1.0000
2025-12-08 19:33:23,283 - INFO - Epoch 13 | Batch 500/3375 | Acc 0.1250 | Reward -0.7500
2025-12-08 19:33:51,300 - INFO - Epoch 13 | Batch 625/3375 | Acc 0.1250 | Reward -0.7500
2025-12-08 19:34:19,484 - INFO - Epoch 13 | Batch 750/3375 | Acc 0.2500 | Reward -0.5000
2025-12-08 19:34:47,503 - INFO - Epoch 13 | Batch 875/3375 | Acc 0.1250 | Reward -0.7500
2025-12-08 19:35:15,758 - INFO - Epoch 13 | Batch 1000/3375 | Acc 0.0625 | Reward -0.8750
2025-12-08 19:35:43,812 - INFO - Epoch 13 | Batch 1125/3375 | Acc 0.0000 | Reward -1.0000
2025-12-08 19:36:12,040 - INFO - Epoch 13 | Batch 1250/3375 | Acc 0.0000 | Reward -1.0000
2025-12-08 19:36:40,441 - INFO - Epoch 13 | Batch 1375/3375 | Acc 0.0625 | Reward -0.8750
2025-12-08 19:37:08,653 - INFO - Epoch 13 | Batch 1500/3375 | Acc 0.0625 | Reward -0.8750
2025-12-08 19:37:36,893 - INFO - Epoch 13 | Batch 1625/3375 | Acc 0.0625 | Reward -0.8750
2025-12-08 19:38:05,143 - INFO - Epoch 13 | Batch 1750/3375 | Acc 0.1875 | Reward -0.6250
2025-12-08 19:38:33,277 - INFO - Epoch 13 | Batch 1875/3375 | Acc 0.0000 | Reward -1.0000
2025-12-08 19:39:01,807 - INFO - Epoch 13 | Batch 2000/3375 | Acc 0.0625 | Reward -0.8750
2025-12-08 19:39:29,696 - INFO - Epoch 13 | Batch 2125/3375 | Acc 0.1250 | Reward -0.7500
2025-12-08 19:39:57,818 - INFO - Epoch 13 | Batch 2250/3375 | Acc 0.0000 | Reward -1.0000
2025-12-08 19:40:25,705 - INFO - Epoch 13 | Batch 2375/3375 | Acc 0.0625 | Reward -0.8750
2025-12-08 19:40:53,893 - INFO - Epoch 13 | Batch 2500/3375 | Acc 0.1250 | Reward -0.7500
2025-12-08 19:41:22,164 - INFO - Epoch 13 | Batch 2625/3375 | Acc 0.0625 | Reward -0.8750
2025-12-08 19:41:50,032 - INFO - Epoch 13 | Batch 2750/3375 | Acc 0.2500 | Reward -0.5000
2025-12-08 19:42:18,231 - INFO - Epoch 13 | Batch 2875/3375 | Acc 0.0000 | Reward -1.0000
2025-12-08 19:42:46,049 - INFO - Epoch 13 | Batch 3000/3375 | Acc 0.0625 | Reward -0.8750
2025-12-08 19:43:13,813 - INFO - Epoch 13 | Batch 3125/3375 | Acc 0.0625 | Reward -0.8750
2025-12-08 19:43:41,832 - INFO - Epoch 13 | Batch 3250/3375 | Acc 0.0625 | Reward -0.8750
2025-12-08 19:44:09,975 - INFO - Epoch 13 | Batch 3375/3375 | Acc 0.1250 | Reward -0.7500
2025-12-08 19:44:46,386 - INFO - Epoch 14 | Batch 125/3375 | Acc 0.1875 | Reward -0.6250
2025-12-08 19:45:14,638 - INFO - Epoch 14 | Batch 250/3375 | Acc 0.0000 | Reward -1.0000
2025-12-08 19:45:42,848 - INFO - Epoch 14 | Batch 375/3375 | Acc 0.0000 | Reward -1.0000
2025-12-08 19:46:11,065 - INFO - Epoch 14 | Batch 500/3375 | Acc 0.1250 | Reward -0.7500
2025-12-08 19:46:39,319 - INFO - Epoch 14 | Batch 625/3375 | Acc 0.1875 | Reward -0.6250
2025-12-08 19:47:07,446 - INFO - Epoch 14 | Batch 750/3375 | Acc 0.1250 | Reward -0.7500
2025-12-08 19:47:35,574 - INFO - Epoch 14 | Batch 875/3375 | Acc 0.0625 | Reward -0.8750
2025-12-08 19:48:03,450 - INFO - Epoch 14 | Batch 1000/3375 | Acc 0.1250 | Reward -0.7500
2025-12-08 19:48:31,471 - INFO - Epoch 14 | Batch 1125/3375 | Acc 0.0000 | Reward -1.0000
2025-12-08 19:48:59,482 - INFO - Epoch 14 | Batch 1250/3375 | Acc 0.0625 | Reward -0.8750
2025-12-08 19:49:27,845 - INFO - Epoch 14 | Batch 1375/3375 | Acc 0.0625 | Reward -0.8750
2025-12-08 19:49:56,291 - INFO - Epoch 14 | Batch 1500/3375 | Acc 0.2500 | Reward -0.5000
2025-12-08 19:50:24,502 - INFO - Epoch 14 | Batch 1625/3375 | Acc 0.0625 | Reward -0.8750
2025-12-08 19:50:52,353 - INFO - Epoch 14 | Batch 1750/3375 | Acc 0.0000 | Reward -1.0000
2025-12-08 19:51:20,489 - INFO - Epoch 14 | Batch 1875/3375 | Acc 0.0000 | Reward -1.0000
2025-12-08 19:51:48,798 - INFO - Epoch 14 | Batch 2000/3375 | Acc 0.1250 | Reward -0.7500
2025-12-08 19:52:17,259 - INFO - Epoch 14 | Batch 2125/3375 | Acc 0.0625 | Reward -0.8750
2025-12-08 19:52:45,660 - INFO - Epoch 14 | Batch 2250/3375 | Acc 0.0000 | Reward -1.0000
2025-12-08 19:53:13,739 - INFO - Epoch 14 | Batch 2375/3375 | Acc 0.1250 | Reward -0.7500
2025-12-08 19:53:41,649 - INFO - Epoch 14 | Batch 2500/3375 | Acc 0.0625 | Reward -0.8750
2025-12-08 19:54:09,685 - INFO - Epoch 14 | Batch 2625/3375 | Acc 0.1250 | Reward -0.7500
2025-12-08 19:54:37,390 - INFO - Epoch 14 | Batch 2750/3375 | Acc 0.0625 | Reward -0.8750
2025-12-08 19:55:05,272 - INFO - Epoch 14 | Batch 2875/3375 | Acc 0.1250 | Reward -0.7500
2025-12-08 19:55:33,111 - INFO - Epoch 14 | Batch 3000/3375 | Acc 0.1250 | Reward -0.7500
2025-12-08 19:56:01,462 - INFO - Epoch 14 | Batch 3125/3375 | Acc 0.1250 | Reward -0.7500
2025-12-08 19:56:29,515 - INFO - Epoch 14 | Batch 3250/3375 | Acc 0.1250 | Reward -0.7500
2025-12-08 19:56:57,339 - INFO - Epoch 14 | Batch 3375/3375 | Acc 0.0625 | Reward -0.8750
2025-12-08 19:57:34,134 - INFO - Epoch 15 | Batch 125/3375 | Acc 0.2500 | Reward -0.5000
2025-12-08 19:58:02,463 - INFO - Epoch 15 | Batch 250/3375 | Acc 0.0625 | Reward -0.8750
2025-12-08 19:58:30,445 - INFO - Epoch 15 | Batch 375/3375 | Acc 0.1250 | Reward -0.7500
2025-12-08 19:58:58,610 - INFO - Epoch 15 | Batch 500/3375 | Acc 0.1875 | Reward -0.6250
2025-12-08 19:59:26,513 - INFO - Epoch 15 | Batch 625/3375 | Acc 0.0000 | Reward -1.0000
2025-12-08 19:59:54,681 - INFO - Epoch 15 | Batch 750/3375 | Acc 0.0625 | Reward -0.8750
2025-12-08 20:00:22,913 - INFO - Epoch 15 | Batch 875/3375 | Acc 0.0625 | Reward -0.8750
2025-12-08 20:00:51,196 - INFO - Epoch 15 | Batch 1000/3375 | Acc 0.1875 | Reward -0.6250
2025-12-08 20:01:19,483 - INFO - Epoch 15 | Batch 1125/3375 | Acc 0.1250 | Reward -0.7500
2025-12-08 20:01:47,459 - INFO - Epoch 15 | Batch 1250/3375 | Acc 0.1875 | Reward -0.6250
2025-12-08 20:02:15,878 - INFO - Epoch 15 | Batch 1375/3375 | Acc 0.1875 | Reward -0.6250
2025-12-08 20:02:44,061 - INFO - Epoch 15 | Batch 1500/3375 | Acc 0.0625 | Reward -0.8750
2025-12-08 20:03:12,278 - INFO - Epoch 15 | Batch 1625/3375 | Acc 0.0625 | Reward -0.8750
2025-12-08 20:03:40,060 - INFO - Epoch 15 | Batch 1750/3375 | Acc 0.0000 | Reward -1.0000
2025-12-08 20:04:08,020 - INFO - Epoch 15 | Batch 1875/3375 | Acc 0.0000 | Reward -1.0000
2025-12-08 20:04:36,238 - INFO - Epoch 15 | Batch 2000/3375 | Acc 0.0625 | Reward -0.8750
2025-12-08 20:05:04,619 - INFO - Epoch 15 | Batch 2125/3375 | Acc 0.0625 | Reward -0.8750
2025-12-08 20:05:32,853 - INFO - Epoch 15 | Batch 2250/3375 | Acc 0.0625 | Reward -0.8750
2025-12-08 20:06:01,098 - INFO - Epoch 15 | Batch 2375/3375 | Acc 0.0000 | Reward -1.0000
2025-12-08 20:06:28,942 - INFO - Epoch 15 | Batch 2500/3375 | Acc 0.1875 | Reward -0.6250
2025-12-08 20:06:57,274 - INFO - Epoch 15 | Batch 2625/3375 | Acc 0.1250 | Reward -0.7500
2025-12-08 20:07:25,144 - INFO - Epoch 15 | Batch 2750/3375 | Acc 0.0625 | Reward -0.8750
2025-12-08 20:07:53,532 - INFO - Epoch 15 | Batch 2875/3375 | Acc 0.1250 | Reward -0.7500
2025-12-08 20:08:21,550 - INFO - Epoch 15 | Batch 3000/3375 | Acc 0.0625 | Reward -0.8750
2025-12-08 20:08:49,845 - INFO - Epoch 15 | Batch 3125/3375 | Acc 0.0625 | Reward -0.8750
2025-12-08 20:09:17,539 - INFO - Epoch 15 | Batch 3250/3375 | Acc 0.2500 | Reward -0.5000
2025-12-08 20:09:45,755 - INFO - Epoch 15 | Batch 3375/3375 | Acc 0.1250 | Reward -0.7500
2025-12-08 20:10:22,153 - INFO - Epoch 16 | Batch 125/3375 | Acc 0.3125 | Reward -0.3750
2025-12-08 20:10:50,219 - INFO - Epoch 16 | Batch 250/3375 | Acc 0.1875 | Reward -0.6250
2025-12-08 20:11:17,864 - INFO - Epoch 16 | Batch 375/3375 | Acc 0.1875 | Reward -0.6250
2025-12-08 20:11:45,839 - INFO - Epoch 16 | Batch 500/3375 | Acc 0.0625 | Reward -0.8750
2025-12-08 20:12:13,490 - INFO - Epoch 16 | Batch 625/3375 | Acc 0.0625 | Reward -0.8750
2025-12-08 20:12:41,397 - INFO - Epoch 16 | Batch 750/3375 | Acc 0.1875 | Reward -0.6250
2025-12-08 20:13:09,715 - INFO - Epoch 16 | Batch 875/3375 | Acc 0.0625 | Reward -0.8750
2025-12-08 20:13:37,834 - INFO - Epoch 16 | Batch 1000/3375 | Acc 0.1250 | Reward -0.7500
2025-12-08 20:14:05,644 - INFO - Epoch 16 | Batch 1125/3375 | Acc 0.1875 | Reward -0.6250
2025-12-08 20:14:33,789 - INFO - Epoch 16 | Batch 1250/3375 | Acc 0.0625 | Reward -0.8750
2025-12-08 20:15:01,963 - INFO - Epoch 16 | Batch 1375/3375 | Acc 0.0000 | Reward -1.0000
2025-12-08 20:15:30,253 - INFO - Epoch 16 | Batch 1500/3375 | Acc 0.1875 | Reward -0.6250
2025-12-08 20:15:58,256 - INFO - Epoch 16 | Batch 1625/3375 | Acc 0.3125 | Reward -0.3750
2025-12-08 20:16:26,574 - INFO - Epoch 16 | Batch 1750/3375 | Acc 0.1875 | Reward -0.6250
2025-12-08 20:16:54,674 - INFO - Epoch 16 | Batch 1875/3375 | Acc 0.1250 | Reward -0.7500
2025-12-08 20:17:23,223 - INFO - Epoch 16 | Batch 2000/3375 | Acc 0.1250 | Reward -0.7500
2025-12-08 20:17:51,422 - INFO - Epoch 16 | Batch 2125/3375 | Acc 0.1875 | Reward -0.6250
2025-12-08 20:18:19,470 - INFO - Epoch 16 | Batch 2250/3375 | Acc 0.2500 | Reward -0.5000
2025-12-08 20:18:47,430 - INFO - Epoch 16 | Batch 2375/3375 | Acc 0.0000 | Reward -1.0000
2025-12-08 20:19:15,671 - INFO - Epoch 16 | Batch 2500/3375 | Acc 0.1875 | Reward -0.6250
2025-12-08 20:19:43,825 - INFO - Epoch 16 | Batch 2625/3375 | Acc 0.0625 | Reward -0.8750
2025-12-08 20:20:11,546 - INFO - Epoch 16 | Batch 2750/3375 | Acc 0.1250 | Reward -0.7500
2025-12-08 20:20:39,694 - INFO - Epoch 16 | Batch 2875/3375 | Acc 0.0625 | Reward -0.8750
2025-12-08 20:21:07,803 - INFO - Epoch 16 | Batch 3000/3375 | Acc 0.1250 | Reward -0.7500
2025-12-08 20:21:36,073 - INFO - Epoch 16 | Batch 3125/3375 | Acc 0.1250 | Reward -0.7500
2025-12-08 20:22:04,032 - INFO - Epoch 16 | Batch 3250/3375 | Acc 0.1250 | Reward -0.7500
2025-12-08 20:22:31,998 - INFO - Epoch 16 | Batch 3375/3375 | Acc 0.0625 | Reward -0.8750
2025-12-08 20:23:08,589 - INFO - Epoch 17 | Batch 125/3375 | Acc 0.1875 | Reward -0.6250
2025-12-08 20:23:36,593 - INFO - Epoch 17 | Batch 250/3375 | Acc 0.0625 | Reward -0.8750
2025-12-08 20:24:04,864 - INFO - Epoch 17 | Batch 375/3375 | Acc 0.1250 | Reward -0.7500
2025-12-08 20:24:32,698 - INFO - Epoch 17 | Batch 500/3375 | Acc 0.2500 | Reward -0.5000
2025-12-08 20:25:00,683 - INFO - Epoch 17 | Batch 625/3375 | Acc 0.1875 | Reward -0.6250
2025-12-08 20:25:28,857 - INFO - Epoch 17 | Batch 750/3375 | Acc 0.1250 | Reward -0.7500
2025-12-08 20:25:57,200 - INFO - Epoch 17 | Batch 875/3375 | Acc 0.1875 | Reward -0.6250
2025-12-08 20:26:25,473 - INFO - Epoch 17 | Batch 1000/3375 | Acc 0.0625 | Reward -0.8750
2025-12-08 20:26:53,690 - INFO - Epoch 17 | Batch 1125/3375 | Acc 0.0000 | Reward -1.0000
2025-12-08 20:27:21,808 - INFO - Epoch 17 | Batch 1250/3375 | Acc 0.1250 | Reward -0.7500
2025-12-08 20:27:49,840 - INFO - Epoch 17 | Batch 1375/3375 | Acc 0.0625 | Reward -0.8750
2025-12-08 20:28:17,819 - INFO - Epoch 17 | Batch 1500/3375 | Acc 0.1250 | Reward -0.7500
2025-12-08 20:28:46,052 - INFO - Epoch 17 | Batch 1625/3375 | Acc 0.0625 | Reward -0.8750
2025-12-08 20:29:14,434 - INFO - Epoch 17 | Batch 1750/3375 | Acc 0.0625 | Reward -0.8750
2025-12-08 20:29:42,549 - INFO - Epoch 17 | Batch 1875/3375 | Acc 0.0000 | Reward -1.0000
2025-12-08 20:30:10,573 - INFO - Epoch 17 | Batch 2000/3375 | Acc 0.1250 | Reward -0.7500
2025-12-08 20:30:38,581 - INFO - Epoch 17 | Batch 2125/3375 | Acc 0.1250 | Reward -0.7500
2025-12-08 20:31:06,803 - INFO - Epoch 17 | Batch 2250/3375 | Acc 0.0625 | Reward -0.8750
2025-12-08 20:31:34,824 - INFO - Epoch 17 | Batch 2375/3375 | Acc 0.0000 | Reward -1.0000
2025-12-08 20:32:03,132 - INFO - Epoch 17 | Batch 2500/3375 | Acc 0.0625 | Reward -0.8750
2025-12-08 20:32:31,324 - INFO - Epoch 17 | Batch 2625/3375 | Acc 0.1250 | Reward -0.7500
2025-12-08 20:32:58,993 - INFO - Epoch 17 | Batch 2750/3375 | Acc 0.0625 | Reward -0.8750
2025-12-08 20:33:27,142 - INFO - Epoch 17 | Batch 2875/3375 | Acc 0.3125 | Reward -0.3750
2025-12-08 20:33:55,205 - INFO - Epoch 17 | Batch 3000/3375 | Acc 0.0625 | Reward -0.8750
2025-12-08 20:34:23,520 - INFO - Epoch 17 | Batch 3125/3375 | Acc 0.1250 | Reward -0.7500
2025-12-08 20:34:51,640 - INFO - Epoch 17 | Batch 3250/3375 | Acc 0.1875 | Reward -0.6250
2025-12-08 20:35:19,985 - INFO - Epoch 17 | Batch 3375/3375 | Acc 0.1875 | Reward -0.6250
2025-12-08 20:35:56,724 - INFO - Epoch 18 | Batch 125/3375 | Acc 0.0625 | Reward -0.8750
2025-12-08 20:36:25,148 - INFO - Epoch 18 | Batch 250/3375 | Acc 0.0625 | Reward -0.8750
2025-12-08 20:36:53,331 - INFO - Epoch 18 | Batch 375/3375 | Acc 0.0625 | Reward -0.8750
2025-12-08 20:37:21,568 - INFO - Epoch 18 | Batch 500/3375 | Acc 0.0625 | Reward -0.8750
2025-12-08 20:37:49,898 - INFO - Epoch 18 | Batch 625/3375 | Acc 0.0625 | Reward -0.8750
2025-12-08 20:38:17,906 - INFO - Epoch 18 | Batch 750/3375 | Acc 0.1875 | Reward -0.6250
2025-12-08 20:38:46,195 - INFO - Epoch 18 | Batch 875/3375 | Acc 0.0625 | Reward -0.8750
2025-12-08 20:39:14,089 - INFO - Epoch 18 | Batch 1000/3375 | Acc 0.0000 | Reward -1.0000
2025-12-08 20:39:41,973 - INFO - Epoch 18 | Batch 1125/3375 | Acc 0.1250 | Reward -0.7500
2025-12-08 20:40:10,040 - INFO - Epoch 18 | Batch 1250/3375 | Acc 0.1875 | Reward -0.6250
2025-12-08 20:40:38,337 - INFO - Epoch 18 | Batch 1375/3375 | Acc 0.0000 | Reward -1.0000
2025-12-08 20:41:06,080 - INFO - Epoch 18 | Batch 1500/3375 | Acc 0.1875 | Reward -0.6250
2025-12-08 20:41:34,417 - INFO - Epoch 18 | Batch 1625/3375 | Acc 0.1875 | Reward -0.6250
2025-12-08 20:42:02,760 - INFO - Epoch 18 | Batch 1750/3375 | Acc 0.0625 | Reward -0.8750
2025-12-08 20:42:30,784 - INFO - Epoch 18 | Batch 1875/3375 | Acc 0.1250 | Reward -0.7500
2025-12-08 20:42:59,040 - INFO - Epoch 18 | Batch 2000/3375 | Acc 0.1875 | Reward -0.6250
2025-12-08 20:43:27,252 - INFO - Epoch 18 | Batch 2125/3375 | Acc 0.0625 | Reward -0.8750
2025-12-08 20:43:55,485 - INFO - Epoch 18 | Batch 2250/3375 | Acc 0.1250 | Reward -0.7500
2025-12-08 20:44:23,563 - INFO - Epoch 18 | Batch 2375/3375 | Acc 0.1875 | Reward -0.6250
2025-12-08 20:44:51,658 - INFO - Epoch 18 | Batch 2500/3375 | Acc 0.1875 | Reward -0.6250
2025-12-08 20:45:19,532 - INFO - Epoch 18 | Batch 2625/3375 | Acc 0.1250 | Reward -0.7500
2025-12-08 20:45:47,469 - INFO - Epoch 18 | Batch 2750/3375 | Acc 0.1875 | Reward -0.6250
2025-12-08 20:46:15,528 - INFO - Epoch 18 | Batch 2875/3375 | Acc 0.1250 | Reward -0.7500
2025-12-08 20:46:43,568 - INFO - Epoch 18 | Batch 3000/3375 | Acc 0.0000 | Reward -1.0000
2025-12-08 20:47:11,343 - INFO - Epoch 18 | Batch 3125/3375 | Acc 0.0000 | Reward -1.0000
2025-12-08 20:47:39,603 - INFO - Epoch 18 | Batch 3250/3375 | Acc 0.0000 | Reward -1.0000
2025-12-08 20:48:07,904 - INFO - Epoch 18 | Batch 3375/3375 | Acc 0.1250 | Reward -0.7500
2025-12-08 20:48:44,537 - INFO - Epoch 19 | Batch 125/3375 | Acc 0.2500 | Reward -0.5000
2025-12-08 20:49:12,733 - INFO - Epoch 19 | Batch 250/3375 | Acc 0.0000 | Reward -1.0000
2025-12-08 20:49:40,881 - INFO - Epoch 19 | Batch 375/3375 | Acc 0.0625 | Reward -0.8750
2025-12-08 20:50:09,156 - INFO - Epoch 19 | Batch 500/3375 | Acc 0.1875 | Reward -0.6250
2025-12-08 20:50:37,316 - INFO - Epoch 19 | Batch 625/3375 | Acc 0.1250 | Reward -0.7500
2025-12-08 20:51:05,360 - INFO - Epoch 19 | Batch 750/3375 | Acc 0.1250 | Reward -0.7500
2025-12-08 20:51:33,517 - INFO - Epoch 19 | Batch 875/3375 | Acc 0.0625 | Reward -0.8750
2025-12-08 20:52:01,284 - INFO - Epoch 19 | Batch 1000/3375 | Acc 0.0000 | Reward -1.0000
2025-12-08 20:52:29,148 - INFO - Epoch 19 | Batch 1125/3375 | Acc 0.1250 | Reward -0.7500
2025-12-08 20:52:57,019 - INFO - Epoch 19 | Batch 1250/3375 | Acc 0.1250 | Reward -0.7500
2025-12-08 20:53:24,851 - INFO - Epoch 19 | Batch 1375/3375 | Acc 0.0000 | Reward -1.0000
2025-12-08 20:53:52,841 - INFO - Epoch 19 | Batch 1500/3375 | Acc 0.0625 | Reward -0.8750
2025-12-08 20:54:20,695 - INFO - Epoch 19 | Batch 1625/3375 | Acc 0.0625 | Reward -0.8750
2025-12-08 20:54:48,997 - INFO - Epoch 19 | Batch 1750/3375 | Acc 0.0000 | Reward -1.0000
2025-12-08 20:55:17,067 - INFO - Epoch 19 | Batch 1875/3375 | Acc 0.3750 | Reward -0.2500
2025-12-08 20:55:45,330 - INFO - Epoch 19 | Batch 2000/3375 | Acc 0.0625 | Reward -0.8750
2025-12-08 20:56:13,704 - INFO - Epoch 19 | Batch 2125/3375 | Acc 0.2500 | Reward -0.5000
2025-12-08 20:56:41,890 - INFO - Epoch 19 | Batch 2250/3375 | Acc 0.0625 | Reward -0.8750
2025-12-08 20:57:10,118 - INFO - Epoch 19 | Batch 2375/3375 | Acc 0.0625 | Reward -0.8750
2025-12-08 20:57:38,151 - INFO - Epoch 19 | Batch 2500/3375 | Acc 0.0625 | Reward -0.8750
2025-12-08 20:58:06,070 - INFO - Epoch 19 | Batch 2625/3375 | Acc 0.1250 | Reward -0.7500
2025-12-08 20:58:33,949 - INFO - Epoch 19 | Batch 2750/3375 | Acc 0.0000 | Reward -1.0000
2025-12-08 20:59:01,723 - INFO - Epoch 19 | Batch 2875/3375 | Acc 0.0625 | Reward -0.8750
2025-12-08 20:59:29,501 - INFO - Epoch 19 | Batch 3000/3375 | Acc 0.0625 | Reward -0.8750
2025-12-08 20:59:57,684 - INFO - Epoch 19 | Batch 3125/3375 | Acc 0.1250 | Reward -0.7500
2025-12-08 21:00:25,788 - INFO - Epoch 19 | Batch 3250/3375 | Acc 0.0625 | Reward -0.8750
2025-12-08 21:00:53,660 - INFO - Epoch 19 | Batch 3375/3375 | Acc 0.2500 | Reward -0.5000
2025-12-08 21:01:30,017 - INFO - Epoch 20 | Batch 125/3375 | Acc 0.0000 | Reward -1.0000
2025-12-08 21:01:57,916 - INFO - Epoch 20 | Batch 250/3375 | Acc 0.1875 | Reward -0.6250
2025-12-08 21:02:26,162 - INFO - Epoch 20 | Batch 375/3375 | Acc 0.1250 | Reward -0.7500
2025-12-08 21:02:54,310 - INFO - Epoch 20 | Batch 500/3375 | Acc 0.0625 | Reward -0.8750
2025-12-08 21:03:22,431 - INFO - Epoch 20 | Batch 625/3375 | Acc 0.1250 | Reward -0.7500
2025-12-08 21:03:50,680 - INFO - Epoch 20 | Batch 750/3375 | Acc 0.0625 | Reward -0.8750
2025-12-08 21:04:18,924 - INFO - Epoch 20 | Batch 875/3375 | Acc 0.1250 | Reward -0.7500
2025-12-08 21:04:46,994 - INFO - Epoch 20 | Batch 1000/3375 | Acc 0.0000 | Reward -1.0000
2025-12-08 21:05:15,298 - INFO - Epoch 20 | Batch 1125/3375 | Acc 0.1250 | Reward -0.7500
2025-12-08 21:05:43,599 - INFO - Epoch 20 | Batch 1250/3375 | Acc 0.2500 | Reward -0.5000
2025-12-08 21:06:11,773 - INFO - Epoch 20 | Batch 1375/3375 | Acc 0.1250 | Reward -0.7500
2025-12-08 21:06:40,022 - INFO - Epoch 20 | Batch 1500/3375 | Acc 0.1250 | Reward -0.7500
2025-12-08 21:07:08,416 - INFO - Epoch 20 | Batch 1625/3375 | Acc 0.1250 | Reward -0.7500
2025-12-08 21:07:36,859 - INFO - Epoch 20 | Batch 1750/3375 | Acc 0.0000 | Reward -1.0000
2025-12-08 21:08:05,024 - INFO - Epoch 20 | Batch 1875/3375 | Acc 0.1250 | Reward -0.7500
2025-12-08 21:08:33,318 - INFO - Epoch 20 | Batch 2000/3375 | Acc 0.1250 | Reward -0.7500
2025-12-08 21:09:01,434 - INFO - Epoch 20 | Batch 2125/3375 | Acc 0.1875 | Reward -0.6250
2025-12-08 21:09:29,564 - INFO - Epoch 20 | Batch 2250/3375 | Acc 0.1250 | Reward -0.7500
2025-12-08 21:09:57,500 - INFO - Epoch 20 | Batch 2375/3375 | Acc 0.0625 | Reward -0.8750
2025-12-08 21:10:25,433 - INFO - Epoch 20 | Batch 2500/3375 | Acc 0.1250 | Reward -0.7500
2025-12-08 21:10:53,613 - INFO - Epoch 20 | Batch 2625/3375 | Acc 0.0625 | Reward -0.8750
2025-12-08 21:11:21,632 - INFO - Epoch 20 | Batch 2750/3375 | Acc 0.0000 | Reward -1.0000
2025-12-08 21:11:49,813 - INFO - Epoch 20 | Batch 2875/3375 | Acc 0.1250 | Reward -0.7500
2025-12-08 21:12:18,019 - INFO - Epoch 20 | Batch 3000/3375 | Acc 0.1875 | Reward -0.6250
2025-12-08 21:12:46,136 - INFO - Epoch 20 | Batch 3125/3375 | Acc 0.0625 | Reward -0.8750
2025-12-08 21:13:13,896 - INFO - Epoch 20 | Batch 3250/3375 | Acc 0.1875 | Reward -0.6250
2025-12-08 21:13:42,032 - INFO - Epoch 20 | Batch 3375/3375 | Acc 0.0000 | Reward -1.0000
2025-12-08 21:14:18,312 - INFO - Epoch 21 | Batch 125/3375 | Acc 0.0000 | Reward -1.0000
2025-12-08 21:14:46,166 - INFO - Epoch 21 | Batch 250/3375 | Acc 0.1875 | Reward -0.6250
2025-12-08 21:15:14,094 - INFO - Epoch 21 | Batch 375/3375 | Acc 0.0625 | Reward -0.8750
2025-12-08 21:15:42,384 - INFO - Epoch 21 | Batch 500/3375 | Acc 0.1250 | Reward -0.7500
2025-12-08 21:16:10,085 - INFO - Epoch 21 | Batch 625/3375 | Acc 0.0625 | Reward -0.8750
2025-12-08 21:16:38,281 - INFO - Epoch 21 | Batch 750/3375 | Acc 0.0625 | Reward -0.8750
2025-12-08 21:17:06,263 - INFO - Epoch 21 | Batch 875/3375 | Acc 0.1250 | Reward -0.7500
2025-12-08 21:17:34,216 - INFO - Epoch 21 | Batch 1000/3375 | Acc 0.0625 | Reward -0.8750
2025-12-08 21:18:02,224 - INFO - Epoch 21 | Batch 1125/3375 | Acc 0.0625 | Reward -0.8750
2025-12-08 21:18:30,103 - INFO - Epoch 21 | Batch 1250/3375 | Acc 0.0625 | Reward -0.8750
2025-12-08 21:18:58,246 - INFO - Epoch 21 | Batch 1375/3375 | Acc 0.1250 | Reward -0.7500
2025-12-08 21:19:26,226 - INFO - Epoch 21 | Batch 1500/3375 | Acc 0.0625 | Reward -0.8750
2025-12-08 21:19:54,200 - INFO - Epoch 21 | Batch 1625/3375 | Acc 0.1250 | Reward -0.7500
2025-12-08 21:20:22,359 - INFO - Epoch 21 | Batch 1750/3375 | Acc 0.2500 | Reward -0.5000
2025-12-08 21:20:50,275 - INFO - Epoch 21 | Batch 1875/3375 | Acc 0.0625 | Reward -0.8750
2025-12-08 21:21:18,225 - INFO - Epoch 21 | Batch 2000/3375 | Acc 0.0625 | Reward -0.8750
2025-12-08 21:21:46,327 - INFO - Epoch 21 | Batch 2125/3375 | Acc 0.1875 | Reward -0.6250
2025-12-08 21:22:14,305 - INFO - Epoch 21 | Batch 2250/3375 | Acc 0.2500 | Reward -0.5000
2025-12-08 21:22:42,802 - INFO - Epoch 21 | Batch 2375/3375 | Acc 0.1250 | Reward -0.7500
2025-12-08 21:23:10,574 - INFO - Epoch 21 | Batch 2500/3375 | Acc 0.0625 | Reward -0.8750
2025-12-08 21:23:38,567 - INFO - Epoch 21 | Batch 2625/3375 | Acc 0.0625 | Reward -0.8750
2025-12-08 21:24:06,761 - INFO - Epoch 21 | Batch 2750/3375 | Acc 0.0625 | Reward -0.8750
2025-12-08 21:24:34,423 - INFO - Epoch 21 | Batch 2875/3375 | Acc 0.2500 | Reward -0.5000
2025-12-08 21:25:02,323 - INFO - Epoch 21 | Batch 3000/3375 | Acc 0.1250 | Reward -0.7500
2025-12-08 21:25:30,326 - INFO - Epoch 21 | Batch 3125/3375 | Acc 0.0000 | Reward -1.0000
2025-12-08 21:25:58,419 - INFO - Epoch 21 | Batch 3250/3375 | Acc 0.0625 | Reward -0.8750
2025-12-08 21:26:26,286 - INFO - Epoch 21 | Batch 3375/3375 | Acc 0.2500 | Reward -0.5000
2025-12-08 21:27:02,794 - INFO - Epoch 22 | Batch 125/3375 | Acc 0.0625 | Reward -0.8750
2025-12-08 21:27:30,821 - INFO - Epoch 22 | Batch 250/3375 | Acc 0.1250 | Reward -0.7500
2025-12-08 21:27:59,007 - INFO - Epoch 22 | Batch 375/3375 | Acc 0.1250 | Reward -0.7500
2025-12-08 21:28:27,170 - INFO - Epoch 22 | Batch 500/3375 | Acc 0.1250 | Reward -0.7500
2025-12-08 21:28:55,480 - INFO - Epoch 22 | Batch 625/3375 | Acc 0.1250 | Reward -0.7500
2025-12-08 21:29:23,528 - INFO - Epoch 22 | Batch 750/3375 | Acc 0.1250 | Reward -0.7500
2025-12-08 21:29:51,702 - INFO - Epoch 22 | Batch 875/3375 | Acc 0.1250 | Reward -0.7500
2025-12-08 21:30:19,973 - INFO - Epoch 22 | Batch 1000/3375 | Acc 0.0625 | Reward -0.8750
2025-12-08 21:30:47,973 - INFO - Epoch 22 | Batch 1125/3375 | Acc 0.0000 | Reward -1.0000
2025-12-08 21:31:16,169 - INFO - Epoch 22 | Batch 1250/3375 | Acc 0.0625 | Reward -0.8750
2025-12-08 21:31:44,204 - INFO - Epoch 22 | Batch 1375/3375 | Acc 0.1875 | Reward -0.6250
2025-12-08 21:32:12,162 - INFO - Epoch 22 | Batch 1500/3375 | Acc 0.0000 | Reward -1.0000
2025-12-08 21:32:40,137 - INFO - Epoch 22 | Batch 1625/3375 | Acc 0.1875 | Reward -0.6250
2025-12-08 21:33:07,967 - INFO - Epoch 22 | Batch 1750/3375 | Acc 0.0625 | Reward -0.8750
2025-12-08 21:33:35,999 - INFO - Epoch 22 | Batch 1875/3375 | Acc 0.0625 | Reward -0.8750
2025-12-08 21:34:03,859 - INFO - Epoch 22 | Batch 2000/3375 | Acc 0.0625 | Reward -0.8750
2025-12-08 21:34:31,732 - INFO - Epoch 22 | Batch 2125/3375 | Acc 0.0625 | Reward -0.8750
2025-12-08 21:34:59,667 - INFO - Epoch 22 | Batch 2250/3375 | Acc 0.0625 | Reward -0.8750
2025-12-08 21:35:27,933 - INFO - Epoch 22 | Batch 2375/3375 | Acc 0.0625 | Reward -0.8750
2025-12-08 21:35:56,276 - INFO - Epoch 22 | Batch 2500/3375 | Acc 0.0625 | Reward -0.8750
2025-12-08 21:36:24,427 - INFO - Epoch 22 | Batch 2625/3375 | Acc 0.0000 | Reward -1.0000
2025-12-08 21:36:52,577 - INFO - Epoch 22 | Batch 2750/3375 | Acc 0.0000 | Reward -1.0000
2025-12-08 21:37:20,507 - INFO - Epoch 22 | Batch 2875/3375 | Acc 0.2500 | Reward -0.5000
2025-12-08 21:37:48,607 - INFO - Epoch 22 | Batch 3000/3375 | Acc 0.0625 | Reward -0.8750
2025-12-08 21:38:16,906 - INFO - Epoch 22 | Batch 3125/3375 | Acc 0.3125 | Reward -0.3750
2025-12-08 21:38:45,311 - INFO - Epoch 22 | Batch 3250/3375 | Acc 0.0625 | Reward -0.8750
2025-12-08 21:39:13,511 - INFO - Epoch 22 | Batch 3375/3375 | Acc 0.1250 | Reward -0.7500
2025-12-08 21:39:49,599 - INFO - Epoch 23 | Batch 125/3375 | Acc 0.0000 | Reward -1.0000
2025-12-08 21:40:17,775 - INFO - Epoch 23 | Batch 250/3375 | Acc 0.0625 | Reward -0.8750
2025-12-08 21:40:45,962 - INFO - Epoch 23 | Batch 375/3375 | Acc 0.0625 | Reward -0.8750
2025-12-08 21:41:14,411 - INFO - Epoch 23 | Batch 500/3375 | Acc 0.1250 | Reward -0.7500
2025-12-08 21:41:42,514 - INFO - Epoch 23 | Batch 625/3375 | Acc 0.0625 | Reward -0.8750
2025-12-08 21:42:10,575 - INFO - Epoch 23 | Batch 750/3375 | Acc 0.1250 | Reward -0.7500
2025-12-08 21:42:38,774 - INFO - Epoch 23 | Batch 875/3375 | Acc 0.1875 | Reward -0.6250
2025-12-08 21:43:06,900 - INFO - Epoch 23 | Batch 1000/3375 | Acc 0.0000 | Reward -1.0000
2025-12-08 21:43:34,650 - INFO - Epoch 23 | Batch 1125/3375 | Acc 0.1875 | Reward -0.6250
2025-12-08 21:44:02,580 - INFO - Epoch 23 | Batch 1250/3375 | Acc 0.1250 | Reward -0.7500
2025-12-08 21:44:30,631 - INFO - Epoch 23 | Batch 1375/3375 | Acc 0.1875 | Reward -0.6250
2025-12-08 21:44:58,629 - INFO - Epoch 23 | Batch 1500/3375 | Acc 0.3750 | Reward -0.2500
2025-12-08 21:45:26,659 - INFO - Epoch 23 | Batch 1625/3375 | Acc 0.1875 | Reward -0.6250
2025-12-08 21:45:54,874 - INFO - Epoch 23 | Batch 1750/3375 | Acc 0.1250 | Reward -0.7500
2025-12-08 21:46:23,043 - INFO - Epoch 23 | Batch 1875/3375 | Acc 0.0625 | Reward -0.8750
2025-12-08 21:46:50,677 - INFO - Epoch 23 | Batch 2000/3375 | Acc 0.0625 | Reward -0.8750
2025-12-08 21:47:18,846 - INFO - Epoch 23 | Batch 2125/3375 | Acc 0.1250 | Reward -0.7500
2025-12-08 21:47:46,687 - INFO - Epoch 23 | Batch 2250/3375 | Acc 0.3125 | Reward -0.3750
2025-12-08 21:48:14,998 - INFO - Epoch 23 | Batch 2375/3375 | Acc 0.1250 | Reward -0.7500
2025-12-08 21:48:42,856 - INFO - Epoch 23 | Batch 2500/3375 | Acc 0.1875 | Reward -0.6250
2025-12-08 21:49:11,168 - INFO - Epoch 23 | Batch 2625/3375 | Acc 0.0000 | Reward -1.0000
2025-12-08 21:49:39,244 - INFO - Epoch 23 | Batch 2750/3375 | Acc 0.1250 | Reward -0.7500
2025-12-08 21:50:07,461 - INFO - Epoch 23 | Batch 2875/3375 | Acc 0.1875 | Reward -0.6250
2025-12-08 21:50:35,597 - INFO - Epoch 23 | Batch 3000/3375 | Acc 0.0000 | Reward -1.0000
2025-12-08 21:51:03,787 - INFO - Epoch 23 | Batch 3125/3375 | Acc 0.0000 | Reward -1.0000
2025-12-08 21:51:31,937 - INFO - Epoch 23 | Batch 3250/3375 | Acc 0.0000 | Reward -1.0000
2025-12-08 21:51:59,758 - INFO - Epoch 23 | Batch 3375/3375 | Acc 0.1250 | Reward -0.7500
2025-12-08 21:52:36,029 - INFO - Epoch 24 | Batch 125/3375 | Acc 0.2500 | Reward -0.5000
2025-12-08 21:53:04,276 - INFO - Epoch 24 | Batch 250/3375 | Acc 0.1250 | Reward -0.7500
2025-12-08 21:53:32,614 - INFO - Epoch 24 | Batch 375/3375 | Acc 0.0000 | Reward -1.0000
2025-12-08 21:54:00,757 - INFO - Epoch 24 | Batch 500/3375 | Acc 0.0000 | Reward -1.0000
2025-12-08 21:54:29,045 - INFO - Epoch 24 | Batch 625/3375 | Acc 0.0000 | Reward -1.0000
2025-12-08 21:54:56,778 - INFO - Epoch 24 | Batch 750/3375 | Acc 0.0625 | Reward -0.8750
2025-12-08 21:55:24,744 - INFO - Epoch 24 | Batch 875/3375 | Acc 0.0000 | Reward -1.0000
2025-12-08 21:55:53,073 - INFO - Epoch 24 | Batch 1000/3375 | Acc 0.1250 | Reward -0.7500
2025-12-08 21:56:21,140 - INFO - Epoch 24 | Batch 1125/3375 | Acc 0.1250 | Reward -0.7500
2025-12-08 21:56:49,269 - INFO - Epoch 24 | Batch 1250/3375 | Acc 0.1875 | Reward -0.6250
2025-12-08 21:57:17,031 - INFO - Epoch 24 | Batch 1375/3375 | Acc 0.1250 | Reward -0.7500
2025-12-08 21:57:44,761 - INFO - Epoch 24 | Batch 1500/3375 | Acc 0.0625 | Reward -0.8750
2025-12-08 21:58:13,058 - INFO - Epoch 24 | Batch 1625/3375 | Acc 0.0000 | Reward -1.0000
2025-12-08 21:58:40,776 - INFO - Epoch 24 | Batch 1750/3375 | Acc 0.0625 | Reward -0.8750
2025-12-08 21:59:09,043 - INFO - Epoch 24 | Batch 1875/3375 | Acc 0.0625 | Reward -0.8750
2025-12-08 21:59:37,317 - INFO - Epoch 24 | Batch 2000/3375 | Acc 0.0625 | Reward -0.8750
2025-12-08 22:00:05,393 - INFO - Epoch 24 | Batch 2125/3375 | Acc 0.0625 | Reward -0.8750
2025-12-08 22:00:33,611 - INFO - Epoch 24 | Batch 2250/3375 | Acc 0.2500 | Reward -0.5000
2025-12-08 22:01:01,720 - INFO - Epoch 24 | Batch 2375/3375 | Acc 0.0625 | Reward -0.8750
2025-12-08 22:01:29,586 - INFO - Epoch 24 | Batch 2500/3375 | Acc 0.0625 | Reward -0.8750
2025-12-08 22:01:57,767 - INFO - Epoch 24 | Batch 2625/3375 | Acc 0.0625 | Reward -0.8750
2025-12-08 22:02:25,681 - INFO - Epoch 24 | Batch 2750/3375 | Acc 0.0000 | Reward -1.0000
2025-12-08 22:02:53,880 - INFO - Epoch 24 | Batch 2875/3375 | Acc 0.0000 | Reward -1.0000
2025-12-08 22:03:21,981 - INFO - Epoch 24 | Batch 3000/3375 | Acc 0.0625 | Reward -0.8750
2025-12-08 22:03:50,044 - INFO - Epoch 24 | Batch 3125/3375 | Acc 0.1250 | Reward -0.7500
2025-12-08 22:04:17,817 - INFO - Epoch 24 | Batch 3250/3375 | Acc 0.0625 | Reward -0.8750
2025-12-08 22:04:46,090 - INFO - Epoch 24 | Batch 3375/3375 | Acc 0.0625 | Reward -0.8750
2025-12-08 22:05:22,897 - INFO - Epoch 25 | Batch 125/3375 | Acc 0.1250 | Reward -0.7500
2025-12-08 22:05:50,606 - INFO - Epoch 25 | Batch 250/3375 | Acc 0.1250 | Reward -0.7500
2025-12-08 22:06:18,584 - INFO - Epoch 25 | Batch 375/3375 | Acc 0.0000 | Reward -1.0000
2025-12-08 22:06:46,915 - INFO - Epoch 25 | Batch 500/3375 | Acc 0.1875 | Reward -0.6250
2025-12-08 22:07:15,041 - INFO - Epoch 25 | Batch 625/3375 | Acc 0.1875 | Reward -0.6250
2025-12-08 22:07:43,220 - INFO - Epoch 25 | Batch 750/3375 | Acc 0.1250 | Reward -0.7500
2025-12-08 22:08:11,345 - INFO - Epoch 25 | Batch 875/3375 | Acc 0.0000 | Reward -1.0000
2025-12-08 22:08:39,588 - INFO - Epoch 25 | Batch 1000/3375 | Acc 0.1875 | Reward -0.6250
2025-12-08 22:09:07,795 - INFO - Epoch 25 | Batch 1125/3375 | Acc 0.0625 | Reward -0.8750
2025-12-08 22:09:36,112 - INFO - Epoch 25 | Batch 1250/3375 | Acc 0.0625 | Reward -0.8750
2025-12-08 22:10:04,277 - INFO - Epoch 25 | Batch 1375/3375 | Acc 0.0000 | Reward -1.0000
2025-12-08 22:10:32,167 - INFO - Epoch 25 | Batch 1500/3375 | Acc 0.0625 | Reward -0.8750
2025-12-08 22:11:00,087 - INFO - Epoch 25 | Batch 1625/3375 | Acc 0.0625 | Reward -0.8750
2025-12-08 22:11:28,272 - INFO - Epoch 25 | Batch 1750/3375 | Acc 0.1250 | Reward -0.7500
2025-12-08 22:11:56,256 - INFO - Epoch 25 | Batch 1875/3375 | Acc 0.1250 | Reward -0.7500
2025-12-08 22:12:24,349 - INFO - Epoch 25 | Batch 2000/3375 | Acc 0.1875 | Reward -0.6250
2025-12-08 22:12:52,014 - INFO - Epoch 25 | Batch 2125/3375 | Acc 0.0625 | Reward -0.8750
2025-12-08 22:13:19,850 - INFO - Epoch 25 | Batch 2250/3375 | Acc 0.1250 | Reward -0.7500
2025-12-08 22:13:48,008 - INFO - Epoch 25 | Batch 2375/3375 | Acc 0.1250 | Reward -0.7500
2025-12-08 22:14:16,084 - INFO - Epoch 25 | Batch 2500/3375 | Acc 0.0000 | Reward -1.0000
2025-12-08 22:14:44,163 - INFO - Epoch 25 | Batch 2625/3375 | Acc 0.0625 | Reward -0.8750
2025-12-08 22:15:12,128 - INFO - Epoch 25 | Batch 2750/3375 | Acc 0.0625 | Reward -0.8750
2025-12-08 22:15:40,226 - INFO - Epoch 25 | Batch 2875/3375 | Acc 0.0625 | Reward -0.8750
2025-12-08 22:16:08,399 - INFO - Epoch 25 | Batch 3000/3375 | Acc 0.0625 | Reward -0.8750
2025-12-08 22:16:36,347 - INFO - Epoch 25 | Batch 3125/3375 | Acc 0.0000 | Reward -1.0000
2025-12-08 22:17:04,535 - INFO - Epoch 25 | Batch 3250/3375 | Acc 0.0625 | Reward -0.8750
2025-12-08 22:17:32,658 - INFO - Epoch 25 | Batch 3375/3375 | Acc 0.1875 | Reward -0.6250
2025-12-08 22:18:09,184 - INFO - Epoch 26 | Batch 125/3375 | Acc 0.0000 | Reward -1.0000
2025-12-08 22:18:37,627 - INFO - Epoch 26 | Batch 250/3375 | Acc 0.1250 | Reward -0.7500
2025-12-08 22:19:06,037 - INFO - Epoch 26 | Batch 375/3375 | Acc 0.0625 | Reward -0.8750
2025-12-08 22:19:34,006 - INFO - Epoch 26 | Batch 500/3375 | Acc 0.1250 | Reward -0.7500
2025-12-08 22:20:02,209 - INFO - Epoch 26 | Batch 625/3375 | Acc 0.0625 | Reward -0.8750
2025-12-08 22:20:30,533 - INFO - Epoch 26 | Batch 750/3375 | Acc 0.1875 | Reward -0.6250
2025-12-08 22:20:58,415 - INFO - Epoch 26 | Batch 875/3375 | Acc 0.0000 | Reward -1.0000
2025-12-08 22:21:26,287 - INFO - Epoch 26 | Batch 1000/3375 | Acc 0.1875 | Reward -0.6250
2025-12-08 22:21:54,547 - INFO - Epoch 26 | Batch 1125/3375 | Acc 0.1250 | Reward -0.7500
2025-12-08 22:22:22,750 - INFO - Epoch 26 | Batch 1250/3375 | Acc 0.0000 | Reward -1.0000
2025-12-08 22:22:50,904 - INFO - Epoch 26 | Batch 1375/3375 | Acc 0.1250 | Reward -0.7500
2025-12-08 22:23:19,012 - INFO - Epoch 26 | Batch 1500/3375 | Acc 0.1250 | Reward -0.7500
2025-12-08 22:23:47,239 - INFO - Epoch 26 | Batch 1625/3375 | Acc 0.1250 | Reward -0.7500
2025-12-08 22:24:15,249 - INFO - Epoch 26 | Batch 1750/3375 | Acc 0.1875 | Reward -0.6250
2025-12-08 22:24:43,406 - INFO - Epoch 26 | Batch 1875/3375 | Acc 0.0625 | Reward -0.8750
2025-12-08 22:25:11,452 - INFO - Epoch 26 | Batch 2000/3375 | Acc 0.0625 | Reward -0.8750
2025-12-08 22:25:39,513 - INFO - Epoch 26 | Batch 2125/3375 | Acc 0.0625 | Reward -0.8750
2025-12-08 22:26:07,518 - INFO - Epoch 26 | Batch 2250/3375 | Acc 0.0625 | Reward -0.8750
2025-12-08 22:26:35,666 - INFO - Epoch 26 | Batch 2375/3375 | Acc 0.0625 | Reward -0.8750
2025-12-08 22:27:03,793 - INFO - Epoch 26 | Batch 2500/3375 | Acc 0.0625 | Reward -0.8750
2025-12-08 22:27:31,837 - INFO - Epoch 26 | Batch 2625/3375 | Acc 0.0625 | Reward -0.8750
2025-12-08 22:28:00,032 - INFO - Epoch 26 | Batch 2750/3375 | Acc 0.0625 | Reward -0.8750
2025-12-08 22:28:28,140 - INFO - Epoch 26 | Batch 2875/3375 | Acc 0.0000 | Reward -1.0000
2025-12-08 22:28:55,976 - INFO - Epoch 26 | Batch 3000/3375 | Acc 0.1250 | Reward -0.7500
2025-12-08 22:29:23,869 - INFO - Epoch 26 | Batch 3125/3375 | Acc 0.1250 | Reward -0.7500
2025-12-08 22:29:51,916 - INFO - Epoch 26 | Batch 3250/3375 | Acc 0.2500 | Reward -0.5000
2025-12-08 22:30:20,015 - INFO - Epoch 26 | Batch 3375/3375 | Acc 0.0625 | Reward -0.8750
2025-12-08 22:30:56,743 - INFO - Epoch 27 | Batch 125/3375 | Acc 0.0625 | Reward -0.8750
2025-12-08 22:31:24,811 - INFO - Epoch 27 | Batch 250/3375 | Acc 0.1250 | Reward -0.7500
2025-12-08 22:31:52,765 - INFO - Epoch 27 | Batch 375/3375 | Acc 0.2500 | Reward -0.5000
2025-12-08 22:32:20,275 - INFO - Epoch 27 | Batch 500/3375 | Acc 0.0625 | Reward -0.8750
2025-12-08 22:32:47,993 - INFO - Epoch 27 | Batch 625/3375 | Acc 0.0625 | Reward -0.8750
2025-12-08 22:33:15,899 - INFO - Epoch 27 | Batch 750/3375 | Acc 0.2500 | Reward -0.5000
2025-12-08 22:33:43,966 - INFO - Epoch 27 | Batch 875/3375 | Acc 0.0625 | Reward -0.8750
2025-12-08 22:34:11,945 - INFO - Epoch 27 | Batch 1000/3375 | Acc 0.0000 | Reward -1.0000
2025-12-08 22:34:40,065 - INFO - Epoch 27 | Batch 1125/3375 | Acc 0.1875 | Reward -0.6250
2025-12-08 22:35:08,256 - INFO - Epoch 27 | Batch 1250/3375 | Acc 0.2500 | Reward -0.5000
2025-12-08 22:35:36,456 - INFO - Epoch 27 | Batch 1375/3375 | Acc 0.0000 | Reward -1.0000
2025-12-08 22:36:04,198 - INFO - Epoch 27 | Batch 1500/3375 | Acc 0.1250 | Reward -0.7500
2025-12-08 22:36:31,788 - INFO - Epoch 27 | Batch 1625/3375 | Acc 0.1875 | Reward -0.6250
2025-12-08 22:37:00,150 - INFO - Epoch 27 | Batch 1750/3375 | Acc 0.0000 | Reward -1.0000
2025-12-08 22:37:28,166 - INFO - Epoch 27 | Batch 1875/3375 | Acc 0.0000 | Reward -1.0000
2025-12-08 22:37:56,257 - INFO - Epoch 27 | Batch 2000/3375 | Acc 0.2500 | Reward -0.5000
2025-12-08 22:38:24,169 - INFO - Epoch 27 | Batch 2125/3375 | Acc 0.0625 | Reward -0.8750
2025-12-08 22:38:52,176 - INFO - Epoch 27 | Batch 2250/3375 | Acc 0.0625 | Reward -0.8750
2025-12-08 22:39:20,009 - INFO - Epoch 27 | Batch 2375/3375 | Acc 0.1250 | Reward -0.7500
2025-12-08 22:39:48,180 - INFO - Epoch 27 | Batch 2500/3375 | Acc 0.0000 | Reward -1.0000
2025-12-08 22:40:16,151 - INFO - Epoch 27 | Batch 2625/3375 | Acc 0.1250 | Reward -0.7500
2025-12-08 22:40:44,000 - INFO - Epoch 27 | Batch 2750/3375 | Acc 0.0625 | Reward -0.8750
2025-12-08 22:41:12,103 - INFO - Epoch 27 | Batch 2875/3375 | Acc 0.1250 | Reward -0.7500
2025-12-08 22:41:40,361 - INFO - Epoch 27 | Batch 3000/3375 | Acc 0.0625 | Reward -0.8750
2025-12-08 22:42:08,591 - INFO - Epoch 27 | Batch 3125/3375 | Acc 0.0625 | Reward -0.8750
2025-12-08 22:42:36,804 - INFO - Epoch 27 | Batch 3250/3375 | Acc 0.0625 | Reward -0.8750
2025-12-08 22:43:04,920 - INFO - Epoch 27 | Batch 3375/3375 | Acc 0.1250 | Reward -0.7500
2025-12-08 22:43:41,272 - INFO - Epoch 28 | Batch 125/3375 | Acc 0.1250 | Reward -0.7500
2025-12-08 22:44:09,175 - INFO - Epoch 28 | Batch 250/3375 | Acc 0.0000 | Reward -1.0000
2025-12-08 22:44:37,206 - INFO - Epoch 28 | Batch 375/3375 | Acc 0.0625 | Reward -0.8750
2025-12-08 22:45:05,226 - INFO - Epoch 28 | Batch 500/3375 | Acc 0.1250 | Reward -0.7500
2025-12-08 22:45:33,338 - INFO - Epoch 28 | Batch 625/3375 | Acc 0.1875 | Reward -0.6250
2025-12-08 22:46:01,326 - INFO - Epoch 28 | Batch 750/3375 | Acc 0.0625 | Reward -0.8750
2025-12-08 22:46:29,589 - INFO - Epoch 28 | Batch 875/3375 | Acc 0.0625 | Reward -0.8750
2025-12-08 22:46:57,397 - INFO - Epoch 28 | Batch 1000/3375 | Acc 0.1250 | Reward -0.7500
2025-12-08 22:47:25,199 - INFO - Epoch 28 | Batch 1125/3375 | Acc 0.1250 | Reward -0.7500
2025-12-08 22:47:53,105 - INFO - Epoch 28 | Batch 1250/3375 | Acc 0.0625 | Reward -0.8750
2025-12-08 22:48:21,116 - INFO - Epoch 28 | Batch 1375/3375 | Acc 0.0000 | Reward -1.0000
2025-12-08 22:48:49,042 - INFO - Epoch 28 | Batch 1500/3375 | Acc 0.0625 | Reward -0.8750
2025-12-08 22:49:17,040 - INFO - Epoch 28 | Batch 1625/3375 | Acc 0.0625 | Reward -0.8750
2025-12-08 22:49:45,142 - INFO - Epoch 28 | Batch 1750/3375 | Acc 0.0625 | Reward -0.8750
2025-12-08 22:50:13,033 - INFO - Epoch 28 | Batch 1875/3375 | Acc 0.0625 | Reward -0.8750
2025-12-08 22:50:41,259 - INFO - Epoch 28 | Batch 2000/3375 | Acc 0.1250 | Reward -0.7500
2025-12-08 22:51:09,614 - INFO - Epoch 28 | Batch 2125/3375 | Acc 0.1875 | Reward -0.6250
2025-12-08 22:51:37,978 - INFO - Epoch 28 | Batch 2250/3375 | Acc 0.0000 | Reward -1.0000
2025-12-08 22:52:06,298 - INFO - Epoch 28 | Batch 2375/3375 | Acc 0.0625 | Reward -0.8750
2025-12-08 22:52:34,358 - INFO - Epoch 28 | Batch 2500/3375 | Acc 0.0625 | Reward -0.8750
2025-12-08 22:53:02,170 - INFO - Epoch 28 | Batch 2625/3375 | Acc 0.0625 | Reward -0.8750
2025-12-08 22:53:30,378 - INFO - Epoch 28 | Batch 2750/3375 | Acc 0.1250 | Reward -0.7500
2025-12-08 22:53:58,733 - INFO - Epoch 28 | Batch 2875/3375 | Acc 0.1875 | Reward -0.6250
2025-12-08 22:54:26,537 - INFO - Epoch 28 | Batch 3000/3375 | Acc 0.1875 | Reward -0.6250
2025-12-08 22:54:54,707 - INFO - Epoch 28 | Batch 3125/3375 | Acc 0.1875 | Reward -0.6250
2025-12-08 22:55:22,819 - INFO - Epoch 28 | Batch 3250/3375 | Acc 0.1250 | Reward -0.7500
2025-12-08 22:55:51,034 - INFO - Epoch 28 | Batch 3375/3375 | Acc 0.0000 | Reward -1.0000
2025-12-08 22:56:27,713 - INFO - Epoch 29 | Batch 125/3375 | Acc 0.1250 | Reward -0.7500
2025-12-08 22:56:55,930 - INFO - Epoch 29 | Batch 250/3375 | Acc 0.1250 | Reward -0.7500
2025-12-08 22:57:24,050 - INFO - Epoch 29 | Batch 375/3375 | Acc 0.1875 | Reward -0.6250
2025-12-08 22:57:51,992 - INFO - Epoch 29 | Batch 500/3375 | Acc 0.0000 | Reward -1.0000
2025-12-08 22:58:20,106 - INFO - Epoch 29 | Batch 625/3375 | Acc 0.0000 | Reward -1.0000
2025-12-08 22:58:48,187 - INFO - Epoch 29 | Batch 750/3375 | Acc 0.1250 | Reward -0.7500
2025-12-08 22:59:16,165 - INFO - Epoch 29 | Batch 875/3375 | Acc 0.1250 | Reward -0.7500
2025-12-08 22:59:44,221 - INFO - Epoch 29 | Batch 1000/3375 | Acc 0.0625 | Reward -0.8750
2025-12-08 23:00:12,143 - INFO - Epoch 29 | Batch 1125/3375 | Acc 0.1250 | Reward -0.7500
2025-12-08 23:00:40,002 - INFO - Epoch 29 | Batch 1250/3375 | Acc 0.1250 | Reward -0.7500
2025-12-08 23:01:08,337 - INFO - Epoch 29 | Batch 1375/3375 | Acc 0.1250 | Reward -0.7500
2025-12-08 23:01:36,643 - INFO - Epoch 29 | Batch 1500/3375 | Acc 0.0000 | Reward -1.0000
2025-12-08 23:02:04,819 - INFO - Epoch 29 | Batch 1625/3375 | Acc 0.1250 | Reward -0.7500
2025-12-08 23:02:32,981 - INFO - Epoch 29 | Batch 1750/3375 | Acc 0.0000 | Reward -1.0000
2025-12-08 23:03:01,294 - INFO - Epoch 29 | Batch 1875/3375 | Acc 0.1250 | Reward -0.7500
2025-12-08 23:03:29,436 - INFO - Epoch 29 | Batch 2000/3375 | Acc 0.0625 | Reward -0.8750
2025-12-08 23:03:57,339 - INFO - Epoch 29 | Batch 2125/3375 | Acc 0.0625 | Reward -0.8750
2025-12-08 23:04:24,936 - INFO - Epoch 29 | Batch 2250/3375 | Acc 0.0625 | Reward -0.8750
2025-12-08 23:04:53,078 - INFO - Epoch 29 | Batch 2375/3375 | Acc 0.0000 | Reward -1.0000
2025-12-08 23:05:21,072 - INFO - Epoch 29 | Batch 2500/3375 | Acc 0.1875 | Reward -0.6250
2025-12-08 23:05:49,369 - INFO - Epoch 29 | Batch 2625/3375 | Acc 0.0000 | Reward -1.0000
2025-12-08 23:06:17,589 - INFO - Epoch 29 | Batch 2750/3375 | Acc 0.0000 | Reward -1.0000
2025-12-08 23:06:45,626 - INFO - Epoch 29 | Batch 2875/3375 | Acc 0.1250 | Reward -0.7500
2025-12-08 23:07:13,689 - INFO - Epoch 29 | Batch 3000/3375 | Acc 0.1250 | Reward -0.7500
2025-12-08 23:07:41,559 - INFO - Epoch 29 | Batch 3125/3375 | Acc 0.1875 | Reward -0.6250
2025-12-08 23:08:09,659 - INFO - Epoch 29 | Batch 3250/3375 | Acc 0.0625 | Reward -0.8750
2025-12-08 23:08:38,038 - INFO - Epoch 29 | Batch 3375/3375 | Acc 0.1250 | Reward -0.7500
2025-12-08 23:09:14,596 - INFO - Epoch 30 | Batch 125/3375 | Acc 0.0000 | Reward -1.0000
2025-12-08 23:09:42,329 - INFO - Epoch 30 | Batch 250/3375 | Acc 0.1250 | Reward -0.7500
2025-12-08 23:10:10,540 - INFO - Epoch 30 | Batch 375/3375 | Acc 0.1875 | Reward -0.6250
2025-12-08 23:10:38,788 - INFO - Epoch 30 | Batch 500/3375 | Acc 0.1875 | Reward -0.6250
2025-12-08 23:11:07,106 - INFO - Epoch 30 | Batch 625/3375 | Acc 0.1875 | Reward -0.6250
2025-12-08 23:11:35,110 - INFO - Epoch 30 | Batch 750/3375 | Acc 0.1875 | Reward -0.6250
2025-12-08 23:12:02,712 - INFO - Epoch 30 | Batch 875/3375 | Acc 0.0000 | Reward -1.0000
2025-12-08 23:12:31,015 - INFO - Epoch 30 | Batch 1000/3375 | Acc 0.1250 | Reward -0.7500
2025-12-08 23:12:59,271 - INFO - Epoch 30 | Batch 1125/3375 | Acc 0.0625 | Reward -0.8750
2025-12-08 23:13:27,682 - INFO - Epoch 30 | Batch 1250/3375 | Acc 0.0625 | Reward -0.8750
2025-12-08 23:13:55,594 - INFO - Epoch 30 | Batch 1375/3375 | Acc 0.0625 | Reward -0.8750
2025-12-08 23:14:23,631 - INFO - Epoch 30 | Batch 1500/3375 | Acc 0.1250 | Reward -0.7500
2025-12-08 23:14:51,635 - INFO - Epoch 30 | Batch 1625/3375 | Acc 0.1875 | Reward -0.6250
2025-12-08 23:15:19,719 - INFO - Epoch 30 | Batch 1750/3375 | Acc 0.1250 | Reward -0.7500
2025-12-08 23:15:47,935 - INFO - Epoch 30 | Batch 1875/3375 | Acc 0.0625 | Reward -0.8750
2025-12-08 23:16:16,139 - INFO - Epoch 30 | Batch 2000/3375 | Acc 0.0625 | Reward -0.8750
2025-12-08 23:16:44,224 - INFO - Epoch 30 | Batch 2125/3375 | Acc 0.0000 | Reward -1.0000
2025-12-08 23:17:12,504 - INFO - Epoch 30 | Batch 2250/3375 | Acc 0.0625 | Reward -0.8750
2025-12-08 23:17:40,636 - INFO - Epoch 30 | Batch 2375/3375 | Acc 0.0625 | Reward -0.8750
2025-12-08 23:18:08,318 - INFO - Epoch 30 | Batch 2500/3375 | Acc 0.1250 | Reward -0.7500
2025-12-08 23:18:36,378 - INFO - Epoch 30 | Batch 2625/3375 | Acc 0.0625 | Reward -0.8750
2025-12-08 23:19:04,173 - INFO - Epoch 30 | Batch 2750/3375 | Acc 0.0625 | Reward -0.8750
2025-12-08 23:19:32,439 - INFO - Epoch 30 | Batch 2875/3375 | Acc 0.0625 | Reward -0.8750
2025-12-08 23:20:00,584 - INFO - Epoch 30 | Batch 3000/3375 | Acc 0.1250 | Reward -0.7500
2025-12-08 23:20:28,388 - INFO - Epoch 30 | Batch 3125/3375 | Acc 0.0625 | Reward -0.8750
2025-12-08 23:20:56,108 - INFO - Epoch 30 | Batch 3250/3375 | Acc 0.1875 | Reward -0.6250
2025-12-08 23:21:24,045 - INFO - Epoch 30 | Batch 3375/3375 | Acc 0.1875 | Reward -0.6250
[DONE] semi_20251208_165803
END : 20251208_232134
