----------------------------------------------------------------
[RUNNING] Scenario: unsup2  Clip: E[0.0,1.0] I[-1.0,0.0]
          Run Name: unsup2_E0.0_1.0_I-1.0_0.0_20251209_101905
          Start   : 20251209_101905
----------------------------------------------------------------
2025-12-09 10:19:07,812 - INFO - Args: {'scenario': 'unsup2', 'seed': 0, 'batch_size_images': 4, 'event_batch_size': 2048, 'events_per_image': 512, 'run_name': 'unsup2_E0.0_1.0_I-1.0_0.0_20251209_101905', 'log_interval': 125, 'num_epochs': 15, 'T_unsup1': 100, 'T_unsup2': 80, 'T_semi': 100, 'T_sup': 100, 'spike_array_len': 20, 'sigma_unsup1': 0.1, 'sigma_unsup2': 0.1, 'sigma_semi': 0.1, 'sigma_sup': 0.1, 'N_E': 250, 'N_hidden': 256, 'dt': 1.0, 'layer_index_scale': 1.0, 'lr_actor': 0.001, 'lr_critic': 0.001, 'ppo_eps': 0.2, 'ppo_epochs': 2, 'ppo_batch_size': 256, 'exc_clip_min': 0.0, 'exc_clip_max': 1.0, 'w_clip_min': 0.0, 'w_clip_max': 1.0, 'inh_clip_min': -1.0, 'inh_clip_max': 0.0, 'local_lr': 0.01, 'rho_target': 0.25, 'alpha_sparse': 0.4, 'alpha_div': 0.4, 'alpha_stab': 0.2, 'beta_margin': 0.5, 'alpha_align': 0.1, 'max_rate': 0.25, 'sup_input_encoding': 'poisson', 'log_gradient_stats': False, 'result_dir': '/home/yongokhan/바탕화면/snn/RL_SNN/results/unsup2/unsup2_E0.0_1.0_I-1.0_0.0_20251209_101905', 'log_dir': '/home/yongokhan/바탕화면/snn/RL_SNN/results/unsup2/unsup2_E0.0_1.0_I-1.0_0.0_20251209_101905'}
2025-12-09 10:19:07,812 - INFO - Starting scenario: unsup2
2025-12-09 10:19:07,812 - INFO - Results will be saved to: /home/yongokhan/바탕화면/snn/RL_SNN/results/unsup2/unsup2_E0.0_1.0_I-1.0_0.0_20251209_101905
2025-12-09 10:19:07,812 - INFO - Logs will be saved to: /home/yongokhan/바탕화면/snn/RL_SNN/results/unsup2/unsup2_E0.0_1.0_I-1.0_0.0_20251209_101905
2025-12-09 10:19:23,036 - INFO - Epoch 1/15 | Batch 125/13500
2025-12-09 10:19:36,938 - INFO - Epoch 1/15 | Batch 250/13500
2025-12-09 10:19:50,021 - INFO - Epoch 1/15 | Batch 375/13500
2025-12-09 10:20:02,748 - INFO - Epoch 1/15 | Batch 500/13500
2025-12-09 10:20:15,193 - INFO - Epoch 1/15 | Batch 625/13500
2025-12-09 10:20:26,687 - INFO - Epoch 1/15 | Batch 750/13500
2025-12-09 10:20:37,548 - INFO - Epoch 1/15 | Batch 875/13500
2025-12-09 10:20:47,462 - INFO - Epoch 1/15 | Batch 1000/13500
2025-12-09 10:20:57,011 - INFO - Epoch 1/15 | Batch 1125/13500
2025-12-09 10:21:06,221 - INFO - Epoch 1/15 | Batch 1250/13500
2025-12-09 10:21:15,395 - INFO - Epoch 1/15 | Batch 1375/13500
2025-12-09 10:21:24,820 - INFO - Epoch 1/15 | Batch 1500/13500
2025-12-09 10:21:34,002 - INFO - Epoch 1/15 | Batch 1625/13500
2025-12-09 10:21:43,335 - INFO - Epoch 1/15 | Batch 1750/13500
2025-12-09 10:21:52,537 - INFO - Epoch 1/15 | Batch 1875/13500
2025-12-09 10:22:01,656 - INFO - Epoch 1/15 | Batch 2000/13500
2025-12-09 10:22:10,965 - INFO - Epoch 1/15 | Batch 2125/13500
2025-12-09 10:22:20,101 - INFO - Epoch 1/15 | Batch 2250/13500
2025-12-09 10:22:29,226 - INFO - Epoch 1/15 | Batch 2375/13500
2025-12-09 10:22:38,395 - INFO - Epoch 1/15 | Batch 2500/13500
2025-12-09 10:22:47,547 - INFO - Epoch 1/15 | Batch 2625/13500
2025-12-09 10:22:56,577 - INFO - Epoch 1/15 | Batch 2750/13500
2025-12-09 10:23:05,496 - INFO - Epoch 1/15 | Batch 2875/13500
2025-12-09 10:23:14,645 - INFO - Epoch 1/15 | Batch 3000/13500
2025-12-09 10:23:23,680 - INFO - Epoch 1/15 | Batch 3125/13500
2025-12-09 10:23:32,846 - INFO - Epoch 1/15 | Batch 3250/13500
2025-12-09 10:23:41,989 - INFO - Epoch 1/15 | Batch 3375/13500
2025-12-09 10:23:51,265 - INFO - Epoch 1/15 | Batch 3500/13500
2025-12-09 10:24:00,306 - INFO - Epoch 1/15 | Batch 3625/13500
2025-12-09 10:24:09,532 - INFO - Epoch 1/15 | Batch 3750/13500
2025-12-09 10:24:18,799 - INFO - Epoch 1/15 | Batch 3875/13500
2025-12-09 10:24:27,859 - INFO - Epoch 1/15 | Batch 4000/13500
2025-12-09 10:24:36,925 - INFO - Epoch 1/15 | Batch 4125/13500
2025-12-09 10:24:46,035 - INFO - Epoch 1/15 | Batch 4250/13500
2025-12-09 10:24:55,346 - INFO - Epoch 1/15 | Batch 4375/13500
2025-12-09 10:25:04,404 - INFO - Epoch 1/15 | Batch 4500/13500
2025-12-09 10:25:13,500 - INFO - Epoch 1/15 | Batch 4625/13500
2025-12-09 10:25:22,637 - INFO - Epoch 1/15 | Batch 4750/13500
2025-12-09 10:25:31,848 - INFO - Epoch 1/15 | Batch 4875/13500
2025-12-09 10:25:40,946 - INFO - Epoch 1/15 | Batch 5000/13500
2025-12-09 10:25:49,844 - INFO - Epoch 1/15 | Batch 5125/13500
2025-12-09 10:25:58,877 - INFO - Epoch 1/15 | Batch 5250/13500
2025-12-09 10:26:08,023 - INFO - Epoch 1/15 | Batch 5375/13500
2025-12-09 10:26:17,134 - INFO - Epoch 1/15 | Batch 5500/13500
2025-12-09 10:26:26,155 - INFO - Epoch 1/15 | Batch 5625/13500
2025-12-09 10:26:35,169 - INFO - Epoch 1/15 | Batch 5750/13500
2025-12-09 10:26:44,120 - INFO - Epoch 1/15 | Batch 5875/13500
2025-12-09 10:26:53,061 - INFO - Epoch 1/15 | Batch 6000/13500
2025-12-09 10:27:02,108 - INFO - Epoch 1/15 | Batch 6125/13500
2025-12-09 10:27:11,048 - INFO - Epoch 1/15 | Batch 6250/13500
2025-12-09 10:27:20,140 - INFO - Epoch 1/15 | Batch 6375/13500
2025-12-09 10:27:29,213 - INFO - Epoch 1/15 | Batch 6500/13500
2025-12-09 10:27:38,280 - INFO - Epoch 1/15 | Batch 6625/13500
2025-12-09 10:27:47,344 - INFO - Epoch 1/15 | Batch 6750/13500
2025-12-09 10:27:56,383 - INFO - Epoch 1/15 | Batch 6875/13500
2025-12-09 10:28:05,387 - INFO - Epoch 1/15 | Batch 7000/13500
2025-12-09 10:28:14,434 - INFO - Epoch 1/15 | Batch 7125/13500
2025-12-09 10:28:23,481 - INFO - Epoch 1/15 | Batch 7250/13500
2025-12-09 10:28:32,413 - INFO - Epoch 1/15 | Batch 7375/13500
2025-12-09 10:28:41,446 - INFO - Epoch 1/15 | Batch 7500/13500
2025-12-09 10:28:50,521 - INFO - Epoch 1/15 | Batch 7625/13500
2025-12-09 10:28:59,752 - INFO - Epoch 1/15 | Batch 7750/13500
2025-12-09 10:29:08,803 - INFO - Epoch 1/15 | Batch 7875/13500
2025-12-09 10:29:18,083 - INFO - Epoch 1/15 | Batch 8000/13500
2025-12-09 10:29:27,213 - INFO - Epoch 1/15 | Batch 8125/13500
2025-12-09 10:29:36,517 - INFO - Epoch 1/15 | Batch 8250/13500
2025-12-09 10:29:46,007 - INFO - Epoch 1/15 | Batch 8375/13500
2025-12-09 10:29:55,135 - INFO - Epoch 1/15 | Batch 8500/13500
2025-12-09 10:30:04,336 - INFO - Epoch 1/15 | Batch 8625/13500
2025-12-09 10:30:13,439 - INFO - Epoch 1/15 | Batch 8750/13500
2025-12-09 10:30:22,647 - INFO - Epoch 1/15 | Batch 8875/13500
2025-12-09 10:30:31,644 - INFO - Epoch 1/15 | Batch 9000/13500
2025-12-09 10:30:40,819 - INFO - Epoch 1/15 | Batch 9125/13500
2025-12-09 10:30:49,856 - INFO - Epoch 1/15 | Batch 9250/13500
2025-12-09 10:30:58,908 - INFO - Epoch 1/15 | Batch 9375/13500
2025-12-09 10:31:07,951 - INFO - Epoch 1/15 | Batch 9500/13500
2025-12-09 10:31:17,022 - INFO - Epoch 1/15 | Batch 9625/13500
2025-12-09 10:31:26,279 - INFO - Epoch 1/15 | Batch 9750/13500
2025-12-09 10:31:35,352 - INFO - Epoch 1/15 | Batch 9875/13500
2025-12-09 10:31:44,480 - INFO - Epoch 1/15 | Batch 10000/13500
2025-12-09 10:31:53,591 - INFO - Epoch 1/15 | Batch 10125/13500
2025-12-09 10:32:02,718 - INFO - Epoch 1/15 | Batch 10250/13500
2025-12-09 10:32:12,274 - INFO - Epoch 1/15 | Batch 10375/13500
2025-12-09 10:32:21,361 - INFO - Epoch 1/15 | Batch 10500/13500
2025-12-09 10:32:30,375 - INFO - Epoch 1/15 | Batch 10625/13500
2025-12-09 10:32:39,675 - INFO - Epoch 1/15 | Batch 10750/13500
2025-12-09 10:32:48,987 - INFO - Epoch 1/15 | Batch 10875/13500
2025-12-09 10:32:58,146 - INFO - Epoch 1/15 | Batch 11000/13500
2025-12-09 10:33:07,248 - INFO - Epoch 1/15 | Batch 11125/13500
2025-12-09 10:33:16,451 - INFO - Epoch 1/15 | Batch 11250/13500
2025-12-09 10:33:25,636 - INFO - Epoch 1/15 | Batch 11375/13500
2025-12-09 10:33:34,655 - INFO - Epoch 1/15 | Batch 11500/13500
2025-12-09 10:33:43,679 - INFO - Epoch 1/15 | Batch 11625/13500
2025-12-09 10:33:52,959 - INFO - Epoch 1/15 | Batch 11750/13500
2025-12-09 10:34:02,240 - INFO - Epoch 1/15 | Batch 11875/13500
2025-12-09 10:34:11,377 - INFO - Epoch 1/15 | Batch 12000/13500
2025-12-09 10:34:20,368 - INFO - Epoch 1/15 | Batch 12125/13500
2025-12-09 10:34:29,649 - INFO - Epoch 1/15 | Batch 12250/13500
2025-12-09 10:34:38,831 - INFO - Epoch 1/15 | Batch 12375/13500
2025-12-09 10:34:47,909 - INFO - Epoch 1/15 | Batch 12500/13500
2025-12-09 10:34:56,937 - INFO - Epoch 1/15 | Batch 12625/13500
2025-12-09 10:35:06,097 - INFO - Epoch 1/15 | Batch 12750/13500
2025-12-09 10:35:15,299 - INFO - Epoch 1/15 | Batch 12875/13500
2025-12-09 10:35:24,366 - INFO - Epoch 1/15 | Batch 13000/13500
2025-12-09 10:35:33,453 - INFO - Epoch 1/15 | Batch 13125/13500
2025-12-09 10:35:42,469 - INFO - Epoch 1/15 | Batch 13250/13500
2025-12-09 10:35:51,562 - INFO - Epoch 1/15 | Batch 13375/13500
2025-12-09 10:36:00,500 - INFO - Epoch 1/15 | Batch 13500/13500
2025-12-09 10:38:36,243 - INFO - Epoch 2/15 | Batch 125/13500
2025-12-09 10:38:45,318 - INFO - Epoch 2/15 | Batch 250/13500
2025-12-09 10:38:54,499 - INFO - Epoch 2/15 | Batch 375/13500
2025-12-09 10:39:03,687 - INFO - Epoch 2/15 | Batch 500/13500
2025-12-09 10:39:13,083 - INFO - Epoch 2/15 | Batch 625/13500
2025-12-09 10:39:22,324 - INFO - Epoch 2/15 | Batch 750/13500
2025-12-09 10:39:31,578 - INFO - Epoch 2/15 | Batch 875/13500
2025-12-09 10:39:40,692 - INFO - Epoch 2/15 | Batch 1000/13500
2025-12-09 10:39:49,807 - INFO - Epoch 2/15 | Batch 1125/13500
2025-12-09 10:39:58,997 - INFO - Epoch 2/15 | Batch 1250/13500
2025-12-09 10:40:08,178 - INFO - Epoch 2/15 | Batch 1375/13500
2025-12-09 10:40:17,282 - INFO - Epoch 2/15 | Batch 1500/13500
2025-12-09 10:40:26,488 - INFO - Epoch 2/15 | Batch 1625/13500
2025-12-09 10:40:35,668 - INFO - Epoch 2/15 | Batch 1750/13500
2025-12-09 10:40:44,674 - INFO - Epoch 2/15 | Batch 1875/13500
2025-12-09 10:40:53,819 - INFO - Epoch 2/15 | Batch 2000/13500
2025-12-09 10:41:03,105 - INFO - Epoch 2/15 | Batch 2125/13500
2025-12-09 10:41:12,349 - INFO - Epoch 2/15 | Batch 2250/13500
2025-12-09 10:41:21,586 - INFO - Epoch 2/15 | Batch 2375/13500
2025-12-09 10:41:30,636 - INFO - Epoch 2/15 | Batch 2500/13500
2025-12-09 10:41:39,992 - INFO - Epoch 2/15 | Batch 2625/13500
2025-12-09 10:41:49,123 - INFO - Epoch 2/15 | Batch 2750/13500
2025-12-09 10:41:58,432 - INFO - Epoch 2/15 | Batch 2875/13500
2025-12-09 10:42:07,634 - INFO - Epoch 2/15 | Batch 3000/13500
2025-12-09 10:42:16,890 - INFO - Epoch 2/15 | Batch 3125/13500
2025-12-09 10:42:26,138 - INFO - Epoch 2/15 | Batch 3250/13500
2025-12-09 10:42:35,310 - INFO - Epoch 2/15 | Batch 3375/13500
2025-12-09 10:42:44,825 - INFO - Epoch 2/15 | Batch 3500/13500
2025-12-09 10:42:54,065 - INFO - Epoch 2/15 | Batch 3625/13500
2025-12-09 10:43:03,141 - INFO - Epoch 2/15 | Batch 3750/13500
2025-12-09 10:43:12,331 - INFO - Epoch 2/15 | Batch 3875/13500
2025-12-09 10:43:21,646 - INFO - Epoch 2/15 | Batch 4000/13500
2025-12-09 10:43:30,812 - INFO - Epoch 2/15 | Batch 4125/13500
2025-12-09 10:43:40,033 - INFO - Epoch 2/15 | Batch 4250/13500
2025-12-09 10:43:49,256 - INFO - Epoch 2/15 | Batch 4375/13500
2025-12-09 10:43:58,491 - INFO - Epoch 2/15 | Batch 4500/13500
2025-12-09 10:44:07,492 - INFO - Epoch 2/15 | Batch 4625/13500
2025-12-09 10:44:16,890 - INFO - Epoch 2/15 | Batch 4750/13500
2025-12-09 10:44:26,215 - INFO - Epoch 2/15 | Batch 4875/13500
2025-12-09 10:44:35,372 - INFO - Epoch 2/15 | Batch 5000/13500
2025-12-09 10:44:44,614 - INFO - Epoch 2/15 | Batch 5125/13500
2025-12-09 10:44:53,766 - INFO - Epoch 2/15 | Batch 5250/13500
2025-12-09 10:45:03,022 - INFO - Epoch 2/15 | Batch 5375/13500
2025-12-09 10:45:12,172 - INFO - Epoch 2/15 | Batch 5500/13500
2025-12-09 10:45:21,259 - INFO - Epoch 2/15 | Batch 5625/13500
2025-12-09 10:45:30,542 - INFO - Epoch 2/15 | Batch 5750/13500
2025-12-09 10:45:39,769 - INFO - Epoch 2/15 | Batch 5875/13500
2025-12-09 10:45:49,209 - INFO - Epoch 2/15 | Batch 6000/13500
2025-12-09 10:45:58,654 - INFO - Epoch 2/15 | Batch 6125/13500
2025-12-09 10:46:07,969 - INFO - Epoch 2/15 | Batch 6250/13500
2025-12-09 10:46:17,421 - INFO - Epoch 2/15 | Batch 6375/13500
2025-12-09 10:46:26,707 - INFO - Epoch 2/15 | Batch 6500/13500
2025-12-09 10:46:35,876 - INFO - Epoch 2/15 | Batch 6625/13500
2025-12-09 10:46:45,107 - INFO - Epoch 2/15 | Batch 6750/13500
2025-12-09 10:46:54,548 - INFO - Epoch 2/15 | Batch 6875/13500
2025-12-09 10:47:03,647 - INFO - Epoch 2/15 | Batch 7000/13500
2025-12-09 10:47:12,740 - INFO - Epoch 2/15 | Batch 7125/13500
2025-12-09 10:47:21,944 - INFO - Epoch 2/15 | Batch 7250/13500
2025-12-09 10:47:31,072 - INFO - Epoch 2/15 | Batch 7375/13500
2025-12-09 10:47:40,333 - INFO - Epoch 2/15 | Batch 7500/13500
2025-12-09 10:47:49,573 - INFO - Epoch 2/15 | Batch 7625/13500
2025-12-09 10:47:58,644 - INFO - Epoch 2/15 | Batch 7750/13500
2025-12-09 10:48:07,811 - INFO - Epoch 2/15 | Batch 7875/13500
2025-12-09 10:48:16,983 - INFO - Epoch 2/15 | Batch 8000/13500
2025-12-09 10:48:26,166 - INFO - Epoch 2/15 | Batch 8125/13500
2025-12-09 10:48:35,196 - INFO - Epoch 2/15 | Batch 8250/13500
2025-12-09 10:48:44,650 - INFO - Epoch 2/15 | Batch 8375/13500
2025-12-09 10:48:53,897 - INFO - Epoch 2/15 | Batch 8500/13500
2025-12-09 10:49:03,059 - INFO - Epoch 2/15 | Batch 8625/13500
2025-12-09 10:49:12,278 - INFO - Epoch 2/15 | Batch 8750/13500
2025-12-09 10:49:21,374 - INFO - Epoch 2/15 | Batch 8875/13500
2025-12-09 10:49:30,477 - INFO - Epoch 2/15 | Batch 9000/13500
2025-12-09 10:49:39,594 - INFO - Epoch 2/15 | Batch 9125/13500
2025-12-09 10:49:48,701 - INFO - Epoch 2/15 | Batch 9250/13500
2025-12-09 10:49:57,906 - INFO - Epoch 2/15 | Batch 9375/13500
2025-12-09 10:50:07,128 - INFO - Epoch 2/15 | Batch 9500/13500
2025-12-09 10:50:16,276 - INFO - Epoch 2/15 | Batch 9625/13500
2025-12-09 10:50:25,389 - INFO - Epoch 2/15 | Batch 9750/13500
2025-12-09 10:50:34,540 - INFO - Epoch 2/15 | Batch 9875/13500
2025-12-09 10:50:43,726 - INFO - Epoch 2/15 | Batch 10000/13500
2025-12-09 10:50:52,943 - INFO - Epoch 2/15 | Batch 10125/13500
2025-12-09 10:51:02,150 - INFO - Epoch 2/15 | Batch 10250/13500
2025-12-09 10:51:11,299 - INFO - Epoch 2/15 | Batch 10375/13500
2025-12-09 10:51:20,625 - INFO - Epoch 2/15 | Batch 10500/13500
2025-12-09 10:51:29,820 - INFO - Epoch 2/15 | Batch 10625/13500
2025-12-09 10:51:39,064 - INFO - Epoch 2/15 | Batch 10750/13500
2025-12-09 10:51:48,303 - INFO - Epoch 2/15 | Batch 10875/13500
2025-12-09 10:51:57,756 - INFO - Epoch 2/15 | Batch 11000/13500
2025-12-09 10:52:06,930 - INFO - Epoch 2/15 | Batch 11125/13500
2025-12-09 10:52:16,238 - INFO - Epoch 2/15 | Batch 11250/13500
2025-12-09 10:52:25,248 - INFO - Epoch 2/15 | Batch 11375/13500
2025-12-09 10:52:34,508 - INFO - Epoch 2/15 | Batch 11500/13500
2025-12-09 10:52:43,547 - INFO - Epoch 2/15 | Batch 11625/13500
2025-12-09 10:52:52,652 - INFO - Epoch 2/15 | Batch 11750/13500
2025-12-09 10:53:01,960 - INFO - Epoch 2/15 | Batch 11875/13500
2025-12-09 10:53:11,240 - INFO - Epoch 2/15 | Batch 12000/13500
2025-12-09 10:53:20,514 - INFO - Epoch 2/15 | Batch 12125/13500
2025-12-09 10:53:29,678 - INFO - Epoch 2/15 | Batch 12250/13500
2025-12-09 10:53:38,705 - INFO - Epoch 2/15 | Batch 12375/13500
2025-12-09 10:53:47,986 - INFO - Epoch 2/15 | Batch 12500/13500
2025-12-09 10:53:57,347 - INFO - Epoch 2/15 | Batch 12625/13500
2025-12-09 10:54:06,704 - INFO - Epoch 2/15 | Batch 12750/13500
2025-12-09 10:54:15,976 - INFO - Epoch 2/15 | Batch 12875/13500
2025-12-09 10:54:25,394 - INFO - Epoch 2/15 | Batch 13000/13500
2025-12-09 10:54:34,743 - INFO - Epoch 2/15 | Batch 13125/13500
2025-12-09 10:54:44,013 - INFO - Epoch 2/15 | Batch 13250/13500
2025-12-09 10:54:53,424 - INFO - Epoch 2/15 | Batch 13375/13500
2025-12-09 10:55:02,927 - INFO - Epoch 2/15 | Batch 13500/13500
2025-12-09 10:57:38,415 - INFO - Epoch 3/15 | Batch 125/13500
2025-12-09 10:57:47,456 - INFO - Epoch 3/15 | Batch 250/13500
2025-12-09 10:57:56,549 - INFO - Epoch 3/15 | Batch 375/13500
2025-12-09 10:58:05,604 - INFO - Epoch 3/15 | Batch 500/13500
2025-12-09 10:58:14,766 - INFO - Epoch 3/15 | Batch 625/13500
2025-12-09 10:58:24,254 - INFO - Epoch 3/15 | Batch 750/13500
2025-12-09 10:58:33,593 - INFO - Epoch 3/15 | Batch 875/13500
2025-12-09 10:58:42,843 - INFO - Epoch 3/15 | Batch 1000/13500
2025-12-09 10:58:52,247 - INFO - Epoch 3/15 | Batch 1125/13500
2025-12-09 10:59:01,402 - INFO - Epoch 3/15 | Batch 1250/13500
2025-12-09 10:59:10,699 - INFO - Epoch 3/15 | Batch 1375/13500
2025-12-09 10:59:20,110 - INFO - Epoch 3/15 | Batch 1500/13500
2025-12-09 10:59:29,229 - INFO - Epoch 3/15 | Batch 1625/13500
2025-12-09 10:59:38,431 - INFO - Epoch 3/15 | Batch 1750/13500
2025-12-09 10:59:47,470 - INFO - Epoch 3/15 | Batch 1875/13500
2025-12-09 10:59:56,940 - INFO - Epoch 3/15 | Batch 2000/13500
2025-12-09 11:00:06,131 - INFO - Epoch 3/15 | Batch 2125/13500
2025-12-09 11:00:15,371 - INFO - Epoch 3/15 | Batch 2250/13500
2025-12-09 11:00:24,693 - INFO - Epoch 3/15 | Batch 2375/13500
2025-12-09 11:00:33,927 - INFO - Epoch 3/15 | Batch 2500/13500
2025-12-09 11:00:43,082 - INFO - Epoch 3/15 | Batch 2625/13500
2025-12-09 11:00:52,151 - INFO - Epoch 3/15 | Batch 2750/13500
2025-12-09 11:01:01,274 - INFO - Epoch 3/15 | Batch 2875/13500
2025-12-09 11:01:10,395 - INFO - Epoch 3/15 | Batch 3000/13500
2025-12-09 11:01:19,547 - INFO - Epoch 3/15 | Batch 3125/13500
2025-12-09 11:01:28,740 - INFO - Epoch 3/15 | Batch 3250/13500
2025-12-09 11:01:37,986 - INFO - Epoch 3/15 | Batch 3375/13500
2025-12-09 11:01:47,221 - INFO - Epoch 3/15 | Batch 3500/13500
2025-12-09 11:01:56,497 - INFO - Epoch 3/15 | Batch 3625/13500
2025-12-09 11:02:05,639 - INFO - Epoch 3/15 | Batch 3750/13500
2025-12-09 11:02:15,002 - INFO - Epoch 3/15 | Batch 3875/13500
2025-12-09 11:02:24,097 - INFO - Epoch 3/15 | Batch 4000/13500
2025-12-09 11:02:33,163 - INFO - Epoch 3/15 | Batch 4125/13500
2025-12-09 11:02:42,289 - INFO - Epoch 3/15 | Batch 4250/13500
2025-12-09 11:02:51,512 - INFO - Epoch 3/15 | Batch 4375/13500
2025-12-09 11:03:00,572 - INFO - Epoch 3/15 | Batch 4500/13500
2025-12-09 11:03:09,712 - INFO - Epoch 3/15 | Batch 4625/13500
2025-12-09 11:03:19,020 - INFO - Epoch 3/15 | Batch 4750/13500
2025-12-09 11:03:28,329 - INFO - Epoch 3/15 | Batch 4875/13500
2025-12-09 11:03:37,457 - INFO - Epoch 3/15 | Batch 5000/13500
2025-12-09 11:03:46,654 - INFO - Epoch 3/15 | Batch 5125/13500
2025-12-09 11:03:56,116 - INFO - Epoch 3/15 | Batch 5250/13500
2025-12-09 11:04:05,382 - INFO - Epoch 3/15 | Batch 5375/13500
2025-12-09 11:04:14,734 - INFO - Epoch 3/15 | Batch 5500/13500
2025-12-09 11:04:23,890 - INFO - Epoch 3/15 | Batch 5625/13500
2025-12-09 11:04:33,179 - INFO - Epoch 3/15 | Batch 5750/13500
2025-12-09 11:04:42,367 - INFO - Epoch 3/15 | Batch 5875/13500
2025-12-09 11:04:51,522 - INFO - Epoch 3/15 | Batch 6000/13500
2025-12-09 11:05:00,854 - INFO - Epoch 3/15 | Batch 6125/13500
2025-12-09 11:05:09,948 - INFO - Epoch 3/15 | Batch 6250/13500
2025-12-09 11:05:19,192 - INFO - Epoch 3/15 | Batch 6375/13500
2025-12-09 11:05:28,419 - INFO - Epoch 3/15 | Batch 6500/13500
2025-12-09 11:05:37,586 - INFO - Epoch 3/15 | Batch 6625/13500
2025-12-09 11:05:47,545 - INFO - Epoch 3/15 | Batch 6750/13500
2025-12-09 11:05:58,144 - INFO - Epoch 3/15 | Batch 6875/13500
2025-12-09 11:06:10,021 - INFO - Epoch 3/15 | Batch 7000/13500
2025-12-09 11:06:22,763 - INFO - Epoch 3/15 | Batch 7125/13500
2025-12-09 11:06:35,274 - INFO - Epoch 3/15 | Batch 7250/13500
2025-12-09 11:06:48,382 - INFO - Epoch 3/15 | Batch 7375/13500
2025-12-09 11:07:01,429 - INFO - Epoch 3/15 | Batch 7500/13500
2025-12-09 11:07:14,696 - INFO - Epoch 3/15 | Batch 7625/13500
2025-12-09 11:07:28,303 - INFO - Epoch 3/15 | Batch 7750/13500
2025-12-09 11:07:41,720 - INFO - Epoch 3/15 | Batch 7875/13500
2025-12-09 11:07:54,966 - INFO - Epoch 3/15 | Batch 8000/13500
2025-12-09 11:08:07,755 - INFO - Epoch 3/15 | Batch 8125/13500
2025-12-09 11:08:21,185 - INFO - Epoch 3/15 | Batch 8250/13500
2025-12-09 11:08:34,383 - INFO - Epoch 3/15 | Batch 8375/13500
2025-12-09 11:08:47,956 - INFO - Epoch 3/15 | Batch 8500/13500
2025-12-09 11:09:01,353 - INFO - Epoch 3/15 | Batch 8625/13500
2025-12-09 11:09:15,220 - INFO - Epoch 3/15 | Batch 8750/13500
2025-12-09 11:09:29,055 - INFO - Epoch 3/15 | Batch 8875/13500
2025-12-09 11:09:43,047 - INFO - Epoch 3/15 | Batch 9000/13500
2025-12-09 11:09:57,488 - INFO - Epoch 3/15 | Batch 9125/13500
2025-12-09 11:10:11,834 - INFO - Epoch 3/15 | Batch 9250/13500
2025-12-09 11:10:26,669 - INFO - Epoch 3/15 | Batch 9375/13500
2025-12-09 11:10:41,484 - INFO - Epoch 3/15 | Batch 9500/13500
2025-12-09 11:10:56,671 - INFO - Epoch 3/15 | Batch 9625/13500
2025-12-09 11:11:11,782 - INFO - Epoch 3/15 | Batch 9750/13500
2025-12-09 11:11:27,098 - INFO - Epoch 3/15 | Batch 9875/13500
2025-12-09 11:11:42,892 - INFO - Epoch 3/15 | Batch 10000/13500
2025-12-09 11:11:58,494 - INFO - Epoch 3/15 | Batch 10125/13500
2025-12-09 11:12:14,316 - INFO - Epoch 3/15 | Batch 10250/13500
2025-12-09 11:12:30,238 - INFO - Epoch 3/15 | Batch 10375/13500
2025-12-09 11:12:45,925 - INFO - Epoch 3/15 | Batch 10500/13500
2025-12-09 11:13:01,757 - INFO - Epoch 3/15 | Batch 10625/13500
2025-12-09 11:13:17,647 - INFO - Epoch 3/15 | Batch 10750/13500
2025-12-09 11:13:33,694 - INFO - Epoch 3/15 | Batch 10875/13500
2025-12-09 11:13:50,071 - INFO - Epoch 3/15 | Batch 11000/13500
2025-12-09 11:14:06,126 - INFO - Epoch 3/15 | Batch 11125/13500
2025-12-09 11:14:22,645 - INFO - Epoch 3/15 | Batch 11250/13500
2025-12-09 11:14:39,343 - INFO - Epoch 3/15 | Batch 11375/13500
2025-12-09 11:14:56,056 - INFO - Epoch 3/15 | Batch 11500/13500
2025-12-09 11:15:13,111 - INFO - Epoch 3/15 | Batch 11625/13500
2025-12-09 11:15:30,038 - INFO - Epoch 3/15 | Batch 11750/13500
2025-12-09 11:15:46,812 - INFO - Epoch 3/15 | Batch 11875/13500
2025-12-09 11:16:04,028 - INFO - Epoch 3/15 | Batch 12000/13500
2025-12-09 11:16:20,753 - INFO - Epoch 3/15 | Batch 12125/13500
2025-12-09 11:16:37,744 - INFO - Epoch 3/15 | Batch 12250/13500
2025-12-09 11:16:54,773 - INFO - Epoch 3/15 | Batch 12375/13500
2025-12-09 11:17:11,675 - INFO - Epoch 3/15 | Batch 12500/13500
2025-12-09 11:17:28,376 - INFO - Epoch 3/15 | Batch 12625/13500
2025-12-09 11:17:45,234 - INFO - Epoch 3/15 | Batch 12750/13500
2025-12-09 11:18:02,133 - INFO - Epoch 3/15 | Batch 12875/13500
2025-12-09 11:18:19,042 - INFO - Epoch 3/15 | Batch 13000/13500
2025-12-09 11:18:35,457 - INFO - Epoch 3/15 | Batch 13125/13500
2025-12-09 11:18:51,738 - INFO - Epoch 3/15 | Batch 13250/13500
2025-12-09 11:19:08,254 - INFO - Epoch 3/15 | Batch 13375/13500
2025-12-09 11:19:24,393 - INFO - Epoch 3/15 | Batch 13500/13500
2025-12-09 11:22:11,091 - INFO - Epoch 4/15 | Batch 125/13500
2025-12-09 11:22:26,985 - INFO - Epoch 4/15 | Batch 250/13500
2025-12-09 11:22:42,546 - INFO - Epoch 4/15 | Batch 375/13500
2025-12-09 11:22:58,214 - INFO - Epoch 4/15 | Batch 500/13500
2025-12-09 11:23:13,306 - INFO - Epoch 4/15 | Batch 625/13500
2025-12-09 11:23:28,410 - INFO - Epoch 4/15 | Batch 750/13500
2025-12-09 11:23:43,426 - INFO - Epoch 4/15 | Batch 875/13500
2025-12-09 11:23:58,094 - INFO - Epoch 4/15 | Batch 1000/13500
2025-12-09 11:24:12,766 - INFO - Epoch 4/15 | Batch 1125/13500
2025-12-09 11:24:27,657 - INFO - Epoch 4/15 | Batch 1250/13500
2025-12-09 11:24:42,111 - INFO - Epoch 4/15 | Batch 1375/13500
2025-12-09 11:24:56,466 - INFO - Epoch 4/15 | Batch 1500/13500
2025-12-09 11:25:11,064 - INFO - Epoch 4/15 | Batch 1625/13500
2025-12-09 11:25:24,935 - INFO - Epoch 4/15 | Batch 1750/13500
2025-12-09 11:25:38,750 - INFO - Epoch 4/15 | Batch 1875/13500
2025-12-09 11:25:52,427 - INFO - Epoch 4/15 | Batch 2000/13500
2025-12-09 11:26:06,261 - INFO - Epoch 4/15 | Batch 2125/13500
2025-12-09 11:26:19,740 - INFO - Epoch 4/15 | Batch 2250/13500
2025-12-09 11:26:33,045 - INFO - Epoch 4/15 | Batch 2375/13500
2025-12-09 11:26:45,986 - INFO - Epoch 4/15 | Batch 2500/13500
2025-12-09 11:26:58,459 - INFO - Epoch 4/15 | Batch 2625/13500
2025-12-09 11:27:10,498 - INFO - Epoch 4/15 | Batch 2750/13500
2025-12-09 11:27:21,780 - INFO - Epoch 4/15 | Batch 2875/13500
2025-12-09 11:27:32,657 - INFO - Epoch 4/15 | Batch 3000/13500
2025-12-09 11:27:43,007 - INFO - Epoch 4/15 | Batch 3125/13500
2025-12-09 11:27:52,865 - INFO - Epoch 4/15 | Batch 3250/13500
2025-12-09 11:28:02,185 - INFO - Epoch 4/15 | Batch 3375/13500
2025-12-09 11:28:11,616 - INFO - Epoch 4/15 | Batch 3500/13500
2025-12-09 11:28:20,939 - INFO - Epoch 4/15 | Batch 3625/13500
2025-12-09 11:28:30,048 - INFO - Epoch 4/15 | Batch 3750/13500
2025-12-09 11:28:39,217 - INFO - Epoch 4/15 | Batch 3875/13500
2025-12-09 11:28:48,439 - INFO - Epoch 4/15 | Batch 4000/13500
2025-12-09 11:28:57,508 - INFO - Epoch 4/15 | Batch 4125/13500
2025-12-09 11:29:06,593 - INFO - Epoch 4/15 | Batch 4250/13500
2025-12-09 11:29:15,709 - INFO - Epoch 4/15 | Batch 4375/13500
2025-12-09 11:29:24,846 - INFO - Epoch 4/15 | Batch 4500/13500
2025-12-09 11:29:34,015 - INFO - Epoch 4/15 | Batch 4625/13500
2025-12-09 11:29:43,378 - INFO - Epoch 4/15 | Batch 4750/13500
2025-12-09 11:29:52,873 - INFO - Epoch 4/15 | Batch 4875/13500
2025-12-09 11:30:02,147 - INFO - Epoch 4/15 | Batch 5000/13500
2025-12-09 11:30:11,226 - INFO - Epoch 4/15 | Batch 5125/13500
2025-12-09 11:30:20,389 - INFO - Epoch 4/15 | Batch 5250/13500
2025-12-09 11:30:29,647 - INFO - Epoch 4/15 | Batch 5375/13500
2025-12-09 11:30:39,042 - INFO - Epoch 4/15 | Batch 5500/13500
2025-12-09 11:30:48,155 - INFO - Epoch 4/15 | Batch 5625/13500
2025-12-09 11:30:57,445 - INFO - Epoch 4/15 | Batch 5750/13500
2025-12-09 11:31:06,640 - INFO - Epoch 4/15 | Batch 5875/13500
2025-12-09 11:31:15,763 - INFO - Epoch 4/15 | Batch 6000/13500
2025-12-09 11:31:24,951 - INFO - Epoch 4/15 | Batch 6125/13500
2025-12-09 11:31:34,145 - INFO - Epoch 4/15 | Batch 6250/13500
2025-12-09 11:31:43,693 - INFO - Epoch 4/15 | Batch 6375/13500
2025-12-09 11:31:52,885 - INFO - Epoch 4/15 | Batch 6500/13500
2025-12-09 11:32:02,120 - INFO - Epoch 4/15 | Batch 6625/13500
2025-12-09 11:32:11,628 - INFO - Epoch 4/15 | Batch 6750/13500
2025-12-09 11:32:20,815 - INFO - Epoch 4/15 | Batch 6875/13500
2025-12-09 11:32:29,961 - INFO - Epoch 4/15 | Batch 7000/13500
2025-12-09 11:32:39,302 - INFO - Epoch 4/15 | Batch 7125/13500
2025-12-09 11:32:48,627 - INFO - Epoch 4/15 | Batch 7250/13500
2025-12-09 11:32:57,834 - INFO - Epoch 4/15 | Batch 7375/13500
2025-12-09 11:33:07,135 - INFO - Epoch 4/15 | Batch 7500/13500
2025-12-09 11:33:16,400 - INFO - Epoch 4/15 | Batch 7625/13500
2025-12-09 11:33:25,597 - INFO - Epoch 4/15 | Batch 7750/13500
2025-12-09 11:33:34,960 - INFO - Epoch 4/15 | Batch 7875/13500
2025-12-09 11:33:44,323 - INFO - Epoch 4/15 | Batch 8000/13500
2025-12-09 11:33:53,656 - INFO - Epoch 4/15 | Batch 8125/13500
2025-12-09 11:34:02,794 - INFO - Epoch 4/15 | Batch 8250/13500
2025-12-09 11:34:12,039 - INFO - Epoch 4/15 | Batch 8375/13500
2025-12-09 11:34:21,132 - INFO - Epoch 4/15 | Batch 8500/13500
2025-12-09 11:34:30,405 - INFO - Epoch 4/15 | Batch 8625/13500
2025-12-09 11:34:40,161 - INFO - Epoch 4/15 | Batch 8750/13500
2025-12-09 11:34:50,652 - INFO - Epoch 4/15 | Batch 8875/13500
2025-12-09 11:35:01,980 - INFO - Epoch 4/15 | Batch 9000/13500
2025-12-09 11:35:13,582 - INFO - Epoch 4/15 | Batch 9125/13500
2025-12-09 11:35:25,399 - INFO - Epoch 4/15 | Batch 9250/13500
2025-12-09 11:35:37,519 - INFO - Epoch 4/15 | Batch 9375/13500
2025-12-09 11:35:49,954 - INFO - Epoch 4/15 | Batch 9500/13500
2025-12-09 11:36:02,612 - INFO - Epoch 4/15 | Batch 9625/13500
2025-12-09 11:36:15,940 - INFO - Epoch 4/15 | Batch 9750/13500
2025-12-09 11:36:29,272 - INFO - Epoch 4/15 | Batch 9875/13500
2025-12-09 11:36:42,725 - INFO - Epoch 4/15 | Batch 10000/13500
2025-12-09 11:36:56,221 - INFO - Epoch 4/15 | Batch 10125/13500
2025-12-09 11:37:09,930 - INFO - Epoch 4/15 | Batch 10250/13500
2025-12-09 11:37:23,947 - INFO - Epoch 4/15 | Batch 10375/13500
2025-12-09 11:37:38,055 - INFO - Epoch 4/15 | Batch 10500/13500
2025-12-09 11:37:52,181 - INFO - Epoch 4/15 | Batch 10625/13500
2025-12-09 11:38:06,527 - INFO - Epoch 4/15 | Batch 10750/13500
2025-12-09 11:38:21,155 - INFO - Epoch 4/15 | Batch 10875/13500
2025-12-09 11:38:35,826 - INFO - Epoch 4/15 | Batch 11000/13500
2025-12-09 11:38:50,702 - INFO - Epoch 4/15 | Batch 11125/13500
2025-12-09 11:39:05,877 - INFO - Epoch 4/15 | Batch 11250/13500
2025-12-09 11:39:20,761 - INFO - Epoch 4/15 | Batch 11375/13500
2025-12-09 11:39:35,863 - INFO - Epoch 4/15 | Batch 11500/13500
2025-12-09 11:39:51,419 - INFO - Epoch 4/15 | Batch 11625/13500
2025-12-09 11:40:07,019 - INFO - Epoch 4/15 | Batch 11750/13500
2025-12-09 11:40:22,697 - INFO - Epoch 4/15 | Batch 11875/13500
2025-12-09 11:40:38,812 - INFO - Epoch 4/15 | Batch 12000/13500
2025-12-09 11:40:54,359 - INFO - Epoch 4/15 | Batch 12125/13500
2025-12-09 11:41:10,386 - INFO - Epoch 4/15 | Batch 12250/13500
2025-12-09 11:41:26,434 - INFO - Epoch 4/15 | Batch 12375/13500
2025-12-09 11:41:42,652 - INFO - Epoch 4/15 | Batch 12500/13500
2025-12-09 11:41:58,556 - INFO - Epoch 4/15 | Batch 12625/13500
2025-12-09 11:42:14,471 - INFO - Epoch 4/15 | Batch 12750/13500
2025-12-09 11:42:30,415 - INFO - Epoch 4/15 | Batch 12875/13500
2025-12-09 11:42:46,316 - INFO - Epoch 4/15 | Batch 13000/13500
2025-12-09 11:43:02,298 - INFO - Epoch 4/15 | Batch 13125/13500
2025-12-09 11:43:18,509 - INFO - Epoch 4/15 | Batch 13250/13500
2025-12-09 11:43:34,845 - INFO - Epoch 4/15 | Batch 13375/13500
2025-12-09 11:43:51,020 - INFO - Epoch 4/15 | Batch 13500/13500
2025-12-09 11:46:38,346 - INFO - Epoch 5/15 | Batch 125/13500
2025-12-09 11:46:54,492 - INFO - Epoch 5/15 | Batch 250/13500
2025-12-09 11:47:10,815 - INFO - Epoch 5/15 | Batch 375/13500
2025-12-09 11:47:27,310 - INFO - Epoch 5/15 | Batch 500/13500
2025-12-09 11:47:43,800 - INFO - Epoch 5/15 | Batch 625/13500
2025-12-09 11:48:00,761 - INFO - Epoch 5/15 | Batch 750/13500
2025-12-09 11:48:17,717 - INFO - Epoch 5/15 | Batch 875/13500
2025-12-09 11:48:34,984 - INFO - Epoch 5/15 | Batch 1000/13500
2025-12-09 11:48:52,415 - INFO - Epoch 5/15 | Batch 1125/13500
2025-12-09 11:49:09,594 - INFO - Epoch 5/15 | Batch 1250/13500
2025-12-09 11:49:26,834 - INFO - Epoch 5/15 | Batch 1375/13500
2025-12-09 11:49:43,977 - INFO - Epoch 5/15 | Batch 1500/13500
2025-12-09 11:50:01,258 - INFO - Epoch 5/15 | Batch 1625/13500
2025-12-09 11:50:18,539 - INFO - Epoch 5/15 | Batch 1750/13500
2025-12-09 11:50:35,898 - INFO - Epoch 5/15 | Batch 1875/13500
2025-12-09 11:50:53,200 - INFO - Epoch 5/15 | Batch 2000/13500
2025-12-09 11:51:10,837 - INFO - Epoch 5/15 | Batch 2125/13500
2025-12-09 11:51:28,318 - INFO - Epoch 5/15 | Batch 2250/13500
2025-12-09 11:51:46,250 - INFO - Epoch 5/15 | Batch 2375/13500
2025-12-09 11:52:04,080 - INFO - Epoch 5/15 | Batch 2500/13500
2025-12-09 11:52:21,984 - INFO - Epoch 5/15 | Batch 2625/13500
2025-12-09 11:52:39,905 - INFO - Epoch 5/15 | Batch 2750/13500
2025-12-09 11:52:57,892 - INFO - Epoch 5/15 | Batch 2875/13500
2025-12-09 11:53:16,434 - INFO - Epoch 5/15 | Batch 3000/13500
2025-12-09 11:53:34,805 - INFO - Epoch 5/15 | Batch 3125/13500
2025-12-09 11:53:53,172 - INFO - Epoch 5/15 | Batch 3250/13500
2025-12-09 11:54:11,656 - INFO - Epoch 5/15 | Batch 3375/13500
2025-12-09 11:54:29,886 - INFO - Epoch 5/15 | Batch 3500/13500
2025-12-09 11:54:48,582 - INFO - Epoch 5/15 | Batch 3625/13500
2025-12-09 11:55:06,997 - INFO - Epoch 5/15 | Batch 3750/13500
2025-12-09 11:55:25,402 - INFO - Epoch 5/15 | Batch 3875/13500
2025-12-09 11:55:44,104 - INFO - Epoch 5/15 | Batch 4000/13500
2025-12-09 11:56:03,095 - INFO - Epoch 5/15 | Batch 4125/13500
2025-12-09 11:56:22,417 - INFO - Epoch 5/15 | Batch 4250/13500
2025-12-09 11:56:41,320 - INFO - Epoch 5/15 | Batch 4375/13500
2025-12-09 11:57:00,176 - INFO - Epoch 5/15 | Batch 4500/13500
2025-12-09 11:57:19,467 - INFO - Epoch 5/15 | Batch 4625/13500
2025-12-09 11:57:38,999 - INFO - Epoch 5/15 | Batch 4750/13500
2025-12-09 11:57:58,352 - INFO - Epoch 5/15 | Batch 4875/13500
2025-12-09 11:58:17,192 - INFO - Epoch 5/15 | Batch 5000/13500
2025-12-09 11:58:36,608 - INFO - Epoch 5/15 | Batch 5125/13500
2025-12-09 11:58:55,864 - INFO - Epoch 5/15 | Batch 5250/13500
2025-12-09 11:59:15,273 - INFO - Epoch 5/15 | Batch 5375/13500
2025-12-09 11:59:34,745 - INFO - Epoch 5/15 | Batch 5500/13500
2025-12-09 11:59:54,247 - INFO - Epoch 5/15 | Batch 5625/13500
2025-12-09 12:00:14,128 - INFO - Epoch 5/15 | Batch 5750/13500
2025-12-09 12:00:33,422 - INFO - Epoch 5/15 | Batch 5875/13500
2025-12-09 12:00:53,267 - INFO - Epoch 5/15 | Batch 6000/13500
2025-12-09 12:01:12,827 - INFO - Epoch 5/15 | Batch 6125/13500
2025-12-09 12:01:32,082 - INFO - Epoch 5/15 | Batch 6250/13500
2025-12-09 12:01:51,551 - INFO - Epoch 5/15 | Batch 6375/13500
2025-12-09 12:02:10,983 - INFO - Epoch 5/15 | Batch 6500/13500
2025-12-09 12:02:30,518 - INFO - Epoch 5/15 | Batch 6625/13500
2025-12-09 12:02:50,084 - INFO - Epoch 5/15 | Batch 6750/13500
2025-12-09 12:03:09,661 - INFO - Epoch 5/15 | Batch 6875/13500
2025-12-09 12:03:29,436 - INFO - Epoch 5/15 | Batch 7000/13500
2025-12-09 12:03:49,031 - INFO - Epoch 5/15 | Batch 7125/13500
2025-12-09 12:04:08,488 - INFO - Epoch 5/15 | Batch 7250/13500
2025-12-09 12:04:28,796 - INFO - Epoch 5/15 | Batch 7375/13500
2025-12-09 12:04:48,897 - INFO - Epoch 5/15 | Batch 7500/13500
2025-12-09 12:05:09,042 - INFO - Epoch 5/15 | Batch 7625/13500
2025-12-09 12:05:29,244 - INFO - Epoch 5/15 | Batch 7750/13500
2025-12-09 12:05:49,150 - INFO - Epoch 5/15 | Batch 7875/13500
2025-12-09 12:06:09,284 - INFO - Epoch 5/15 | Batch 8000/13500
2025-12-09 12:06:29,734 - INFO - Epoch 5/15 | Batch 8125/13500
2025-12-09 12:06:50,026 - INFO - Epoch 5/15 | Batch 8250/13500
2025-12-09 12:07:10,653 - INFO - Epoch 5/15 | Batch 8375/13500
2025-12-09 12:07:30,820 - INFO - Epoch 5/15 | Batch 8500/13500
2025-12-09 12:07:51,617 - INFO - Epoch 5/15 | Batch 8625/13500
2025-12-09 12:08:11,988 - INFO - Epoch 5/15 | Batch 8750/13500
2025-12-09 12:08:32,430 - INFO - Epoch 5/15 | Batch 8875/13500
2025-12-09 12:08:52,781 - INFO - Epoch 5/15 | Batch 9000/13500
2025-12-09 12:09:13,762 - INFO - Epoch 5/15 | Batch 9125/13500
2025-12-09 12:09:34,257 - INFO - Epoch 5/15 | Batch 9250/13500
2025-12-09 12:09:54,654 - INFO - Epoch 5/15 | Batch 9375/13500
2025-12-09 12:10:15,432 - INFO - Epoch 5/15 | Batch 9500/13500
2025-12-09 12:10:36,366 - INFO - Epoch 5/15 | Batch 9625/13500
2025-12-09 12:10:57,334 - INFO - Epoch 5/15 | Batch 9750/13500
2025-12-09 12:11:18,617 - INFO - Epoch 5/15 | Batch 9875/13500
2025-12-09 12:11:39,526 - INFO - Epoch 5/15 | Batch 10000/13500
2025-12-09 12:12:00,365 - INFO - Epoch 5/15 | Batch 10125/13500
2025-12-09 12:12:21,508 - INFO - Epoch 5/15 | Batch 10250/13500
2025-12-09 12:12:42,591 - INFO - Epoch 5/15 | Batch 10375/13500
2025-12-09 12:13:03,782 - INFO - Epoch 5/15 | Batch 10500/13500
2025-12-09 12:13:24,383 - INFO - Epoch 5/15 | Batch 10625/13500
2025-12-09 12:13:45,634 - INFO - Epoch 5/15 | Batch 10750/13500
2025-12-09 12:14:07,068 - INFO - Epoch 5/15 | Batch 10875/13500
2025-12-09 12:14:28,219 - INFO - Epoch 5/15 | Batch 11000/13500
2025-12-09 12:14:48,922 - INFO - Epoch 5/15 | Batch 11125/13500
2025-12-09 12:15:10,171 - INFO - Epoch 5/15 | Batch 11250/13500
2025-12-09 12:15:31,306 - INFO - Epoch 5/15 | Batch 11375/13500
2025-12-09 12:15:52,417 - INFO - Epoch 5/15 | Batch 11500/13500
2025-12-09 12:16:13,804 - INFO - Epoch 5/15 | Batch 11625/13500
2025-12-09 12:16:34,897 - INFO - Epoch 5/15 | Batch 11750/13500
2025-12-09 12:16:56,356 - INFO - Epoch 5/15 | Batch 11875/13500
2025-12-09 12:17:17,267 - INFO - Epoch 5/15 | Batch 12000/13500
2025-12-09 12:17:38,523 - INFO - Epoch 5/15 | Batch 12125/13500
2025-12-09 12:17:59,427 - INFO - Epoch 5/15 | Batch 12250/13500
2025-12-09 12:18:20,110 - INFO - Epoch 5/15 | Batch 12375/13500
2025-12-09 12:18:41,362 - INFO - Epoch 5/15 | Batch 12500/13500
2025-12-09 12:19:02,438 - INFO - Epoch 5/15 | Batch 12625/13500
2025-12-09 12:19:23,512 - INFO - Epoch 5/15 | Batch 12750/13500
2025-12-09 12:19:44,644 - INFO - Epoch 5/15 | Batch 12875/13500
2025-12-09 12:20:05,590 - INFO - Epoch 5/15 | Batch 13000/13500
2025-12-09 12:20:26,881 - INFO - Epoch 5/15 | Batch 13125/13500
2025-12-09 12:20:47,941 - INFO - Epoch 5/15 | Batch 13250/13500
2025-12-09 12:21:09,047 - INFO - Epoch 5/15 | Batch 13375/13500
2025-12-09 12:21:30,218 - INFO - Epoch 5/15 | Batch 13500/13500
2025-12-09 12:24:23,638 - INFO - Epoch 6/15 | Batch 125/13500
2025-12-09 12:24:44,310 - INFO - Epoch 6/15 | Batch 250/13500
2025-12-09 12:25:04,942 - INFO - Epoch 6/15 | Batch 375/13500
2025-12-09 12:25:25,846 - INFO - Epoch 6/15 | Batch 500/13500
2025-12-09 12:25:46,314 - INFO - Epoch 6/15 | Batch 625/13500
2025-12-09 12:26:06,830 - INFO - Epoch 6/15 | Batch 750/13500
2025-12-09 12:26:27,603 - INFO - Epoch 6/15 | Batch 875/13500
2025-12-09 12:26:48,181 - INFO - Epoch 6/15 | Batch 1000/13500
2025-12-09 12:27:08,183 - INFO - Epoch 6/15 | Batch 1125/13500
2025-12-09 12:27:27,909 - INFO - Epoch 6/15 | Batch 1250/13500
2025-12-09 12:27:48,379 - INFO - Epoch 6/15 | Batch 1375/13500
2025-12-09 12:28:07,813 - INFO - Epoch 6/15 | Batch 1500/13500
2025-12-09 12:28:27,585 - INFO - Epoch 6/15 | Batch 1625/13500
2025-12-09 12:28:47,408 - INFO - Epoch 6/15 | Batch 1750/13500
2025-12-09 12:29:06,716 - INFO - Epoch 6/15 | Batch 1875/13500
2025-12-09 12:29:26,285 - INFO - Epoch 6/15 | Batch 2000/13500
2025-12-09 12:29:45,237 - INFO - Epoch 6/15 | Batch 2125/13500
2025-12-09 12:30:04,204 - INFO - Epoch 6/15 | Batch 2250/13500
2025-12-09 12:30:23,012 - INFO - Epoch 6/15 | Batch 2375/13500
2025-12-09 12:30:41,368 - INFO - Epoch 6/15 | Batch 2500/13500
2025-12-09 12:30:59,904 - INFO - Epoch 6/15 | Batch 2625/13500
2025-12-09 12:31:18,156 - INFO - Epoch 6/15 | Batch 2750/13500
2025-12-09 12:31:36,194 - INFO - Epoch 6/15 | Batch 2875/13500
2025-12-09 12:31:54,190 - INFO - Epoch 6/15 | Batch 3000/13500
2025-12-09 12:32:12,336 - INFO - Epoch 6/15 | Batch 3125/13500
2025-12-09 12:32:30,036 - INFO - Epoch 6/15 | Batch 3250/13500
2025-12-09 12:32:47,844 - INFO - Epoch 6/15 | Batch 3375/13500
2025-12-09 12:33:05,401 - INFO - Epoch 6/15 | Batch 3500/13500
2025-12-09 12:33:23,034 - INFO - Epoch 6/15 | Batch 3625/13500
2025-12-09 12:33:40,469 - INFO - Epoch 6/15 | Batch 3750/13500
2025-12-09 12:33:57,750 - INFO - Epoch 6/15 | Batch 3875/13500
2025-12-09 12:34:14,985 - INFO - Epoch 6/15 | Batch 4000/13500
2025-12-09 12:34:32,001 - INFO - Epoch 6/15 | Batch 4125/13500
2025-12-09 12:34:49,009 - INFO - Epoch 6/15 | Batch 4250/13500
2025-12-09 12:35:05,967 - INFO - Epoch 6/15 | Batch 4375/13500
2025-12-09 12:35:22,601 - INFO - Epoch 6/15 | Batch 4500/13500
2025-12-09 12:35:39,005 - INFO - Epoch 6/15 | Batch 4625/13500
2025-12-09 12:35:55,492 - INFO - Epoch 6/15 | Batch 4750/13500
2025-12-09 12:36:11,577 - INFO - Epoch 6/15 | Batch 4875/13500
2025-12-09 12:36:27,611 - INFO - Epoch 6/15 | Batch 5000/13500
2025-12-09 12:36:43,448 - INFO - Epoch 6/15 | Batch 5125/13500
2025-12-09 12:36:58,678 - INFO - Epoch 6/15 | Batch 5250/13500
2025-12-09 12:37:13,950 - INFO - Epoch 6/15 | Batch 5375/13500
2025-12-09 12:37:29,111 - INFO - Epoch 6/15 | Batch 5500/13500
2025-12-09 12:37:43,997 - INFO - Epoch 6/15 | Batch 5625/13500
2025-12-09 12:37:58,552 - INFO - Epoch 6/15 | Batch 5750/13500
2025-12-09 12:38:12,901 - INFO - Epoch 6/15 | Batch 5875/13500
2025-12-09 12:38:26,688 - INFO - Epoch 6/15 | Batch 6000/13500
2025-12-09 12:38:40,558 - INFO - Epoch 6/15 | Batch 6125/13500
2025-12-09 12:38:53,804 - INFO - Epoch 6/15 | Batch 6250/13500
2025-12-09 12:39:06,856 - INFO - Epoch 6/15 | Batch 6375/13500
2025-12-09 12:39:19,660 - INFO - Epoch 6/15 | Batch 6500/13500
2025-12-09 12:39:32,400 - INFO - Epoch 6/15 | Batch 6625/13500
2025-12-09 12:39:44,265 - INFO - Epoch 6/15 | Batch 6750/13500
2025-12-09 12:39:55,976 - INFO - Epoch 6/15 | Batch 6875/13500
2025-12-09 12:40:07,228 - INFO - Epoch 6/15 | Batch 7000/13500
2025-12-09 12:40:18,255 - INFO - Epoch 6/15 | Batch 7125/13500
2025-12-09 12:40:29,063 - INFO - Epoch 6/15 | Batch 7250/13500
2025-12-09 12:40:39,677 - INFO - Epoch 6/15 | Batch 7375/13500
2025-12-09 12:40:50,000 - INFO - Epoch 6/15 | Batch 7500/13500
2025-12-09 12:41:00,172 - INFO - Epoch 6/15 | Batch 7625/13500
2025-12-09 12:41:09,996 - INFO - Epoch 6/15 | Batch 7750/13500
2025-12-09 12:41:19,500 - INFO - Epoch 6/15 | Batch 7875/13500
2025-12-09 12:41:28,899 - INFO - Epoch 6/15 | Batch 8000/13500
2025-12-09 12:41:38,109 - INFO - Epoch 6/15 | Batch 8125/13500
2025-12-09 12:41:47,476 - INFO - Epoch 6/15 | Batch 8250/13500
2025-12-09 12:41:56,803 - INFO - Epoch 6/15 | Batch 8375/13500
2025-12-09 12:42:06,371 - INFO - Epoch 6/15 | Batch 8500/13500
2025-12-09 12:42:15,625 - INFO - Epoch 6/15 | Batch 8625/13500
2025-12-09 12:42:24,833 - INFO - Epoch 6/15 | Batch 8750/13500
2025-12-09 12:42:34,140 - INFO - Epoch 6/15 | Batch 8875/13500
2025-12-09 12:42:43,506 - INFO - Epoch 6/15 | Batch 9000/13500
2025-12-09 12:42:52,668 - INFO - Epoch 6/15 | Batch 9125/13500
2025-12-09 12:43:01,887 - INFO - Epoch 6/15 | Batch 9250/13500
2025-12-09 12:43:11,135 - INFO - Epoch 6/15 | Batch 9375/13500
2025-12-09 12:43:20,409 - INFO - Epoch 6/15 | Batch 9500/13500
2025-12-09 12:43:29,703 - INFO - Epoch 6/15 | Batch 9625/13500
2025-12-09 12:43:38,880 - INFO - Epoch 6/15 | Batch 9750/13500
2025-12-09 12:43:48,057 - INFO - Epoch 6/15 | Batch 9875/13500
2025-12-09 12:43:57,253 - INFO - Epoch 6/15 | Batch 10000/13500
2025-12-09 12:44:06,385 - INFO - Epoch 6/15 | Batch 10125/13500
2025-12-09 12:44:15,568 - INFO - Epoch 6/15 | Batch 10250/13500
2025-12-09 12:44:24,767 - INFO - Epoch 6/15 | Batch 10375/13500
2025-12-09 12:44:33,918 - INFO - Epoch 6/15 | Batch 10500/13500
2025-12-09 12:44:43,061 - INFO - Epoch 6/15 | Batch 10625/13500
2025-12-09 12:44:52,160 - INFO - Epoch 6/15 | Batch 10750/13500
2025-12-09 12:45:01,287 - INFO - Epoch 6/15 | Batch 10875/13500
2025-12-09 12:45:10,747 - INFO - Epoch 6/15 | Batch 11000/13500
2025-12-09 12:45:20,192 - INFO - Epoch 6/15 | Batch 11125/13500
2025-12-09 12:45:29,660 - INFO - Epoch 6/15 | Batch 11250/13500
2025-12-09 12:45:38,772 - INFO - Epoch 6/15 | Batch 11375/13500
2025-12-09 12:45:47,952 - INFO - Epoch 6/15 | Batch 11500/13500
2025-12-09 12:45:57,209 - INFO - Epoch 6/15 | Batch 11625/13500
2025-12-09 12:46:06,288 - INFO - Epoch 6/15 | Batch 11750/13500
2025-12-09 12:46:15,430 - INFO - Epoch 6/15 | Batch 11875/13500
2025-12-09 12:46:24,746 - INFO - Epoch 6/15 | Batch 12000/13500
2025-12-09 12:46:34,134 - INFO - Epoch 6/15 | Batch 12125/13500
2025-12-09 12:46:43,328 - INFO - Epoch 6/15 | Batch 12250/13500
2025-12-09 12:46:52,716 - INFO - Epoch 6/15 | Batch 12375/13500
2025-12-09 12:47:01,899 - INFO - Epoch 6/15 | Batch 12500/13500
2025-12-09 12:47:11,195 - INFO - Epoch 6/15 | Batch 12625/13500
2025-12-09 12:47:20,425 - INFO - Epoch 6/15 | Batch 12750/13500
2025-12-09 12:47:29,677 - INFO - Epoch 6/15 | Batch 12875/13500
2025-12-09 12:47:38,896 - INFO - Epoch 6/15 | Batch 13000/13500
2025-12-09 12:47:48,325 - INFO - Epoch 6/15 | Batch 13125/13500
2025-12-09 12:47:57,583 - INFO - Epoch 6/15 | Batch 13250/13500
2025-12-09 12:48:06,910 - INFO - Epoch 6/15 | Batch 13375/13500
2025-12-09 12:48:16,105 - INFO - Epoch 6/15 | Batch 13500/13500
2025-12-09 12:50:50,431 - INFO - Epoch 7/15 | Batch 125/13500
2025-12-09 12:50:59,784 - INFO - Epoch 7/15 | Batch 250/13500
2025-12-09 12:51:09,023 - INFO - Epoch 7/15 | Batch 375/13500
2025-12-09 12:51:18,175 - INFO - Epoch 7/15 | Batch 500/13500
2025-12-09 12:51:27,487 - INFO - Epoch 7/15 | Batch 625/13500
2025-12-09 12:51:36,797 - INFO - Epoch 7/15 | Batch 750/13500
2025-12-09 12:51:45,919 - INFO - Epoch 7/15 | Batch 875/13500
2025-12-09 12:51:55,218 - INFO - Epoch 7/15 | Batch 1000/13500
2025-12-09 12:52:04,286 - INFO - Epoch 7/15 | Batch 1125/13500
2025-12-09 12:52:13,752 - INFO - Epoch 7/15 | Batch 1250/13500
2025-12-09 12:52:22,964 - INFO - Epoch 7/15 | Batch 1375/13500
2025-12-09 12:52:32,220 - INFO - Epoch 7/15 | Batch 1500/13500
2025-12-09 12:52:41,557 - INFO - Epoch 7/15 | Batch 1625/13500
2025-12-09 12:52:51,043 - INFO - Epoch 7/15 | Batch 1750/13500
2025-12-09 12:53:00,317 - INFO - Epoch 7/15 | Batch 1875/13500
2025-12-09 12:53:09,589 - INFO - Epoch 7/15 | Batch 2000/13500
2025-12-09 12:53:18,651 - INFO - Epoch 7/15 | Batch 2125/13500
2025-12-09 12:53:27,878 - INFO - Epoch 7/15 | Batch 2250/13500
2025-12-09 12:53:36,966 - INFO - Epoch 7/15 | Batch 2375/13500
2025-12-09 12:53:46,365 - INFO - Epoch 7/15 | Batch 2500/13500
2025-12-09 12:53:55,424 - INFO - Epoch 7/15 | Batch 2625/13500
2025-12-09 12:54:04,478 - INFO - Epoch 7/15 | Batch 2750/13500
2025-12-09 12:54:13,580 - INFO - Epoch 7/15 | Batch 2875/13500
2025-12-09 12:54:22,782 - INFO - Epoch 7/15 | Batch 3000/13500
2025-12-09 12:54:32,007 - INFO - Epoch 7/15 | Batch 3125/13500
2025-12-09 12:54:41,224 - INFO - Epoch 7/15 | Batch 3250/13500
2025-12-09 12:54:50,411 - INFO - Epoch 7/15 | Batch 3375/13500
2025-12-09 12:54:59,537 - INFO - Epoch 7/15 | Batch 3500/13500
2025-12-09 12:55:08,707 - INFO - Epoch 7/15 | Batch 3625/13500
2025-12-09 12:55:17,902 - INFO - Epoch 7/15 | Batch 3750/13500
2025-12-09 12:55:27,196 - INFO - Epoch 7/15 | Batch 3875/13500
2025-12-09 12:55:36,536 - INFO - Epoch 7/15 | Batch 4000/13500
2025-12-09 12:55:45,753 - INFO - Epoch 7/15 | Batch 4125/13500
2025-12-09 12:55:55,155 - INFO - Epoch 7/15 | Batch 4250/13500
2025-12-09 12:56:04,426 - INFO - Epoch 7/15 | Batch 4375/13500
2025-12-09 12:56:13,767 - INFO - Epoch 7/15 | Batch 4500/13500
2025-12-09 12:56:23,025 - INFO - Epoch 7/15 | Batch 4625/13500
2025-12-09 12:56:32,186 - INFO - Epoch 7/15 | Batch 4750/13500
2025-12-09 12:56:41,398 - INFO - Epoch 7/15 | Batch 4875/13500
2025-12-09 12:56:50,590 - INFO - Epoch 7/15 | Batch 5000/13500
2025-12-09 12:56:59,802 - INFO - Epoch 7/15 | Batch 5125/13500
2025-12-09 12:57:08,881 - INFO - Epoch 7/15 | Batch 5250/13500
2025-12-09 12:57:18,295 - INFO - Epoch 7/15 | Batch 5375/13500
2025-12-09 12:57:27,481 - INFO - Epoch 7/15 | Batch 5500/13500
2025-12-09 12:57:36,752 - INFO - Epoch 7/15 | Batch 5625/13500
2025-12-09 12:57:46,001 - INFO - Epoch 7/15 | Batch 5750/13500
2025-12-09 12:57:55,096 - INFO - Epoch 7/15 | Batch 5875/13500
2025-12-09 12:58:04,257 - INFO - Epoch 7/15 | Batch 6000/13500
2025-12-09 12:58:13,510 - INFO - Epoch 7/15 | Batch 6125/13500
2025-12-09 12:58:22,661 - INFO - Epoch 7/15 | Batch 6250/13500
2025-12-09 12:58:32,022 - INFO - Epoch 7/15 | Batch 6375/13500
2025-12-09 12:58:41,218 - INFO - Epoch 7/15 | Batch 6500/13500
2025-12-09 12:58:50,534 - INFO - Epoch 7/15 | Batch 6625/13500
2025-12-09 12:58:59,748 - INFO - Epoch 7/15 | Batch 6750/13500
2025-12-09 12:59:08,891 - INFO - Epoch 7/15 | Batch 6875/13500
2025-12-09 12:59:18,096 - INFO - Epoch 7/15 | Batch 7000/13500
2025-12-09 12:59:27,273 - INFO - Epoch 7/15 | Batch 7125/13500
2025-12-09 12:59:36,349 - INFO - Epoch 7/15 | Batch 7250/13500
2025-12-09 12:59:45,529 - INFO - Epoch 7/15 | Batch 7375/13500
2025-12-09 12:59:54,803 - INFO - Epoch 7/15 | Batch 7500/13500
2025-12-09 13:00:03,952 - INFO - Epoch 7/15 | Batch 7625/13500
2025-12-09 13:00:13,195 - INFO - Epoch 7/15 | Batch 7750/13500
2025-12-09 13:00:22,439 - INFO - Epoch 7/15 | Batch 7875/13500
2025-12-09 13:00:31,789 - INFO - Epoch 7/15 | Batch 8000/13500
2025-12-09 13:00:41,171 - INFO - Epoch 7/15 | Batch 8125/13500
2025-12-09 13:00:50,547 - INFO - Epoch 7/15 | Batch 8250/13500
2025-12-09 13:00:59,728 - INFO - Epoch 7/15 | Batch 8375/13500
2025-12-09 13:01:09,250 - INFO - Epoch 7/15 | Batch 8500/13500
2025-12-09 13:01:18,499 - INFO - Epoch 7/15 | Batch 8625/13500
2025-12-09 13:01:27,658 - INFO - Epoch 7/15 | Batch 8750/13500
2025-12-09 13:01:36,921 - INFO - Epoch 7/15 | Batch 8875/13500
2025-12-09 13:01:46,026 - INFO - Epoch 7/15 | Batch 9000/13500
2025-12-09 13:01:55,079 - INFO - Epoch 7/15 | Batch 9125/13500
2025-12-09 13:02:04,237 - INFO - Epoch 7/15 | Batch 9250/13500
2025-12-09 13:02:13,341 - INFO - Epoch 7/15 | Batch 9375/13500
2025-12-09 13:02:22,506 - INFO - Epoch 7/15 | Batch 9500/13500
2025-12-09 13:02:31,630 - INFO - Epoch 7/15 | Batch 9625/13500
2025-12-09 13:02:40,756 - INFO - Epoch 7/15 | Batch 9750/13500
2025-12-09 13:02:49,950 - INFO - Epoch 7/15 | Batch 9875/13500
2025-12-09 13:02:59,127 - INFO - Epoch 7/15 | Batch 10000/13500
2025-12-09 13:03:08,289 - INFO - Epoch 7/15 | Batch 10125/13500
2025-12-09 13:03:17,447 - INFO - Epoch 7/15 | Batch 10250/13500
2025-12-09 13:03:26,656 - INFO - Epoch 7/15 | Batch 10375/13500
2025-12-09 13:03:35,916 - INFO - Epoch 7/15 | Batch 10500/13500
2025-12-09 13:03:45,189 - INFO - Epoch 7/15 | Batch 10625/13500
2025-12-09 13:03:54,403 - INFO - Epoch 7/15 | Batch 10750/13500
2025-12-09 13:04:03,799 - INFO - Epoch 7/15 | Batch 10875/13500
2025-12-09 13:04:13,194 - INFO - Epoch 7/15 | Batch 11000/13500
2025-12-09 13:04:22,392 - INFO - Epoch 7/15 | Batch 11125/13500
2025-12-09 13:04:31,561 - INFO - Epoch 7/15 | Batch 11250/13500
2025-12-09 13:04:40,868 - INFO - Epoch 7/15 | Batch 11375/13500
2025-12-09 13:04:50,041 - INFO - Epoch 7/15 | Batch 11500/13500
2025-12-09 13:04:59,336 - INFO - Epoch 7/15 | Batch 11625/13500
2025-12-09 13:05:08,589 - INFO - Epoch 7/15 | Batch 11750/13500
2025-12-09 13:05:17,887 - INFO - Epoch 7/15 | Batch 11875/13500
2025-12-09 13:05:27,175 - INFO - Epoch 7/15 | Batch 12000/13500
2025-12-09 13:05:36,398 - INFO - Epoch 7/15 | Batch 12125/13500
2025-12-09 13:05:45,576 - INFO - Epoch 7/15 | Batch 12250/13500
2025-12-09 13:05:55,200 - INFO - Epoch 7/15 | Batch 12375/13500
2025-12-09 13:06:04,620 - INFO - Epoch 7/15 | Batch 12500/13500
2025-12-09 13:06:13,848 - INFO - Epoch 7/15 | Batch 12625/13500
2025-12-09 13:06:23,025 - INFO - Epoch 7/15 | Batch 12750/13500
2025-12-09 13:06:32,295 - INFO - Epoch 7/15 | Batch 12875/13500
2025-12-09 13:06:41,471 - INFO - Epoch 7/15 | Batch 13000/13500
2025-12-09 13:06:50,693 - INFO - Epoch 7/15 | Batch 13125/13500
2025-12-09 13:06:59,820 - INFO - Epoch 7/15 | Batch 13250/13500
2025-12-09 13:07:09,269 - INFO - Epoch 7/15 | Batch 13375/13500
2025-12-09 13:07:18,322 - INFO - Epoch 7/15 | Batch 13500/13500
2025-12-09 13:09:54,165 - INFO - Epoch 8/15 | Batch 125/13500
2025-12-09 13:10:03,368 - INFO - Epoch 8/15 | Batch 250/13500
2025-12-09 13:10:12,538 - INFO - Epoch 8/15 | Batch 375/13500
2025-12-09 13:10:21,671 - INFO - Epoch 8/15 | Batch 500/13500
2025-12-09 13:10:30,941 - INFO - Epoch 8/15 | Batch 625/13500
2025-12-09 13:10:40,041 - INFO - Epoch 8/15 | Batch 750/13500
2025-12-09 13:10:49,258 - INFO - Epoch 8/15 | Batch 875/13500
2025-12-09 13:10:58,332 - INFO - Epoch 8/15 | Batch 1000/13500
2025-12-09 13:11:07,592 - INFO - Epoch 8/15 | Batch 1125/13500
2025-12-09 13:11:16,750 - INFO - Epoch 8/15 | Batch 1250/13500
2025-12-09 13:11:25,942 - INFO - Epoch 8/15 | Batch 1375/13500
2025-12-09 13:11:35,280 - INFO - Epoch 8/15 | Batch 1500/13500
2025-12-09 13:11:44,777 - INFO - Epoch 8/15 | Batch 1625/13500
2025-12-09 13:11:54,371 - INFO - Epoch 8/15 | Batch 1750/13500
2025-12-09 13:12:03,575 - INFO - Epoch 8/15 | Batch 1875/13500
2025-12-09 13:12:13,049 - INFO - Epoch 8/15 | Batch 2000/13500
2025-12-09 13:12:22,240 - INFO - Epoch 8/15 | Batch 2125/13500
2025-12-09 13:12:31,352 - INFO - Epoch 8/15 | Batch 2250/13500
2025-12-09 13:12:40,899 - INFO - Epoch 8/15 | Batch 2375/13500
2025-12-09 13:12:50,096 - INFO - Epoch 8/15 | Batch 2500/13500
2025-12-09 13:12:59,422 - INFO - Epoch 8/15 | Batch 2625/13500
2025-12-09 13:13:08,733 - INFO - Epoch 8/15 | Batch 2750/13500
2025-12-09 13:13:17,879 - INFO - Epoch 8/15 | Batch 2875/13500
2025-12-09 13:13:27,042 - INFO - Epoch 8/15 | Batch 3000/13500
2025-12-09 13:13:36,253 - INFO - Epoch 8/15 | Batch 3125/13500
2025-12-09 13:13:45,515 - INFO - Epoch 8/15 | Batch 3250/13500
2025-12-09 13:13:54,768 - INFO - Epoch 8/15 | Batch 3375/13500
2025-12-09 13:14:03,865 - INFO - Epoch 8/15 | Batch 3500/13500
2025-12-09 13:14:13,012 - INFO - Epoch 8/15 | Batch 3625/13500
2025-12-09 13:14:22,404 - INFO - Epoch 8/15 | Batch 3750/13500
2025-12-09 13:14:31,566 - INFO - Epoch 8/15 | Batch 3875/13500
2025-12-09 13:14:40,732 - INFO - Epoch 8/15 | Batch 4000/13500
2025-12-09 13:14:50,002 - INFO - Epoch 8/15 | Batch 4125/13500
2025-12-09 13:14:59,413 - INFO - Epoch 8/15 | Batch 4250/13500
2025-12-09 13:15:08,551 - INFO - Epoch 8/15 | Batch 4375/13500
2025-12-09 13:15:17,744 - INFO - Epoch 8/15 | Batch 4500/13500
2025-12-09 13:15:26,926 - INFO - Epoch 8/15 | Batch 4625/13500
2025-12-09 13:15:35,964 - INFO - Epoch 8/15 | Batch 4750/13500
2025-12-09 13:15:45,152 - INFO - Epoch 8/15 | Batch 4875/13500
2025-12-09 13:15:54,401 - INFO - Epoch 8/15 | Batch 5000/13500
2025-12-09 13:16:03,566 - INFO - Epoch 8/15 | Batch 5125/13500
2025-12-09 13:16:12,812 - INFO - Epoch 8/15 | Batch 5250/13500
2025-12-09 13:16:21,879 - INFO - Epoch 8/15 | Batch 5375/13500
2025-12-09 13:16:31,121 - INFO - Epoch 8/15 | Batch 5500/13500
2025-12-09 13:16:40,164 - INFO - Epoch 8/15 | Batch 5625/13500
2025-12-09 13:16:49,464 - INFO - Epoch 8/15 | Batch 5750/13500
2025-12-09 13:16:58,814 - INFO - Epoch 8/15 | Batch 5875/13500
2025-12-09 13:17:08,058 - INFO - Epoch 8/15 | Batch 6000/13500
2025-12-09 13:17:17,388 - INFO - Epoch 8/15 | Batch 6125/13500
2025-12-09 13:17:26,608 - INFO - Epoch 8/15 | Batch 6250/13500
2025-12-09 13:17:35,962 - INFO - Epoch 8/15 | Batch 6375/13500
2025-12-09 13:17:45,061 - INFO - Epoch 8/15 | Batch 6500/13500
2025-12-09 13:17:54,340 - INFO - Epoch 8/15 | Batch 6625/13500
2025-12-09 13:18:03,453 - INFO - Epoch 8/15 | Batch 6750/13500
2025-12-09 13:18:12,547 - INFO - Epoch 8/15 | Batch 6875/13500
2025-12-09 13:18:21,592 - INFO - Epoch 8/15 | Batch 7000/13500
2025-12-09 13:18:30,902 - INFO - Epoch 8/15 | Batch 7125/13500
2025-12-09 13:18:40,154 - INFO - Epoch 8/15 | Batch 7250/13500
2025-12-09 13:18:49,363 - INFO - Epoch 8/15 | Batch 7375/13500
2025-12-09 13:18:58,686 - INFO - Epoch 8/15 | Batch 7500/13500
2025-12-09 13:19:08,013 - INFO - Epoch 8/15 | Batch 7625/13500
2025-12-09 13:19:17,158 - INFO - Epoch 8/15 | Batch 7750/13500
2025-12-09 13:19:26,353 - INFO - Epoch 8/15 | Batch 7875/13500
2025-12-09 13:19:35,536 - INFO - Epoch 8/15 | Batch 8000/13500
2025-12-09 13:19:44,873 - INFO - Epoch 8/15 | Batch 8125/13500
2025-12-09 13:19:54,104 - INFO - Epoch 8/15 | Batch 8250/13500
2025-12-09 13:20:03,145 - INFO - Epoch 8/15 | Batch 8375/13500
2025-12-09 13:20:12,234 - INFO - Epoch 8/15 | Batch 8500/13500
2025-12-09 13:20:21,281 - INFO - Epoch 8/15 | Batch 8625/13500
2025-12-09 13:20:30,609 - INFO - Epoch 8/15 | Batch 8750/13500
2025-12-09 13:20:39,774 - INFO - Epoch 8/15 | Batch 8875/13500
2025-12-09 13:20:49,067 - INFO - Epoch 8/15 | Batch 9000/13500
2025-12-09 13:20:58,250 - INFO - Epoch 8/15 | Batch 9125/13500
2025-12-09 13:21:07,502 - INFO - Epoch 8/15 | Batch 9250/13500
2025-12-09 13:21:16,734 - INFO - Epoch 8/15 | Batch 9375/13500
2025-12-09 13:21:25,968 - INFO - Epoch 8/15 | Batch 9500/13500
2025-12-09 13:21:35,257 - INFO - Epoch 8/15 | Batch 9625/13500
2025-12-09 13:21:44,428 - INFO - Epoch 8/15 | Batch 9750/13500
2025-12-09 13:21:53,536 - INFO - Epoch 8/15 | Batch 9875/13500
2025-12-09 13:22:02,737 - INFO - Epoch 8/15 | Batch 10000/13500
2025-12-09 13:22:11,865 - INFO - Epoch 8/15 | Batch 10125/13500
2025-12-09 13:22:21,035 - INFO - Epoch 8/15 | Batch 10250/13500
2025-12-09 13:22:30,384 - INFO - Epoch 8/15 | Batch 10375/13500
2025-12-09 13:22:39,590 - INFO - Epoch 8/15 | Batch 10500/13500
2025-12-09 13:22:48,853 - INFO - Epoch 8/15 | Batch 10625/13500
2025-12-09 13:22:58,053 - INFO - Epoch 8/15 | Batch 10750/13500
2025-12-09 13:23:07,201 - INFO - Epoch 8/15 | Batch 10875/13500
2025-12-09 13:23:16,453 - INFO - Epoch 8/15 | Batch 11000/13500
2025-12-09 13:23:25,672 - INFO - Epoch 8/15 | Batch 11125/13500
2025-12-09 13:23:34,931 - INFO - Epoch 8/15 | Batch 11250/13500
2025-12-09 13:23:44,126 - INFO - Epoch 8/15 | Batch 11375/13500
2025-12-09 13:23:53,498 - INFO - Epoch 8/15 | Batch 11500/13500
2025-12-09 13:24:02,702 - INFO - Epoch 8/15 | Batch 11625/13500
2025-12-09 13:24:12,032 - INFO - Epoch 8/15 | Batch 11750/13500
2025-12-09 13:24:21,222 - INFO - Epoch 8/15 | Batch 11875/13500
2025-12-09 13:24:30,489 - INFO - Epoch 8/15 | Batch 12000/13500
2025-12-09 13:24:39,743 - INFO - Epoch 8/15 | Batch 12125/13500
2025-12-09 13:24:49,289 - INFO - Epoch 8/15 | Batch 12250/13500
2025-12-09 13:24:58,451 - INFO - Epoch 8/15 | Batch 12375/13500
2025-12-09 13:25:07,641 - INFO - Epoch 8/15 | Batch 12500/13500
2025-12-09 13:25:16,845 - INFO - Epoch 8/15 | Batch 12625/13500
2025-12-09 13:25:26,203 - INFO - Epoch 8/15 | Batch 12750/13500
2025-12-09 13:25:35,469 - INFO - Epoch 8/15 | Batch 12875/13500
2025-12-09 13:25:44,860 - INFO - Epoch 8/15 | Batch 13000/13500
2025-12-09 13:25:53,942 - INFO - Epoch 8/15 | Batch 13125/13500
2025-12-09 13:26:03,052 - INFO - Epoch 8/15 | Batch 13250/13500
2025-12-09 13:26:12,270 - INFO - Epoch 8/15 | Batch 13375/13500
2025-12-09 13:26:21,441 - INFO - Epoch 8/15 | Batch 13500/13500
2025-12-09 13:28:54,741 - INFO - Epoch 9/15 | Batch 125/13500
2025-12-09 13:29:03,995 - INFO - Epoch 9/15 | Batch 250/13500
2025-12-09 13:29:13,220 - INFO - Epoch 9/15 | Batch 375/13500
2025-12-09 13:29:22,430 - INFO - Epoch 9/15 | Batch 500/13500
2025-12-09 13:29:31,693 - INFO - Epoch 9/15 | Batch 625/13500
2025-12-09 13:29:40,915 - INFO - Epoch 9/15 | Batch 750/13500
2025-12-09 13:29:50,294 - INFO - Epoch 9/15 | Batch 875/13500
2025-12-09 13:29:59,663 - INFO - Epoch 9/15 | Batch 1000/13500
2025-12-09 13:30:08,792 - INFO - Epoch 9/15 | Batch 1125/13500
2025-12-09 13:30:18,140 - INFO - Epoch 9/15 | Batch 1250/13500
2025-12-09 13:30:27,295 - INFO - Epoch 9/15 | Batch 1375/13500
2025-12-09 13:30:36,406 - INFO - Epoch 9/15 | Batch 1500/13500
2025-12-09 13:30:45,784 - INFO - Epoch 9/15 | Batch 1625/13500
2025-12-09 13:30:55,143 - INFO - Epoch 9/15 | Batch 1750/13500
2025-12-09 13:31:04,327 - INFO - Epoch 9/15 | Batch 1875/13500
2025-12-09 13:31:13,520 - INFO - Epoch 9/15 | Batch 2000/13500
2025-12-09 13:31:22,657 - INFO - Epoch 9/15 | Batch 2125/13500
2025-12-09 13:31:31,758 - INFO - Epoch 9/15 | Batch 2250/13500
2025-12-09 13:31:40,839 - INFO - Epoch 9/15 | Batch 2375/13500
2025-12-09 13:31:49,918 - INFO - Epoch 9/15 | Batch 2500/13500
2025-12-09 13:31:59,025 - INFO - Epoch 9/15 | Batch 2625/13500
2025-12-09 13:32:08,233 - INFO - Epoch 9/15 | Batch 2750/13500
2025-12-09 13:32:17,650 - INFO - Epoch 9/15 | Batch 2875/13500
2025-12-09 13:32:26,721 - INFO - Epoch 9/15 | Batch 3000/13500
2025-12-09 13:32:36,162 - INFO - Epoch 9/15 | Batch 3125/13500
2025-12-09 13:32:45,543 - INFO - Epoch 9/15 | Batch 3250/13500
2025-12-09 13:32:54,760 - INFO - Epoch 9/15 | Batch 3375/13500
2025-12-09 13:33:04,071 - INFO - Epoch 9/15 | Batch 3500/13500
2025-12-09 13:33:13,389 - INFO - Epoch 9/15 | Batch 3625/13500
2025-12-09 13:33:22,471 - INFO - Epoch 9/15 | Batch 3750/13500
2025-12-09 13:33:31,684 - INFO - Epoch 9/15 | Batch 3875/13500
2025-12-09 13:33:40,977 - INFO - Epoch 9/15 | Batch 4000/13500
2025-12-09 13:33:50,058 - INFO - Epoch 9/15 | Batch 4125/13500
2025-12-09 13:33:59,384 - INFO - Epoch 9/15 | Batch 4250/13500
2025-12-09 13:34:08,610 - INFO - Epoch 9/15 | Batch 4375/13500
2025-12-09 13:34:17,830 - INFO - Epoch 9/15 | Batch 4500/13500
2025-12-09 13:34:26,979 - INFO - Epoch 9/15 | Batch 4625/13500
2025-12-09 13:34:35,991 - INFO - Epoch 9/15 | Batch 4750/13500
2025-12-09 13:34:45,098 - INFO - Epoch 9/15 | Batch 4875/13500
2025-12-09 13:34:54,200 - INFO - Epoch 9/15 | Batch 5000/13500
2025-12-09 13:35:03,520 - INFO - Epoch 9/15 | Batch 5125/13500
2025-12-09 13:35:12,702 - INFO - Epoch 9/15 | Batch 5250/13500
2025-12-09 13:35:22,043 - INFO - Epoch 9/15 | Batch 5375/13500
2025-12-09 13:35:31,227 - INFO - Epoch 9/15 | Batch 5500/13500
2025-12-09 13:35:40,554 - INFO - Epoch 9/15 | Batch 5625/13500
2025-12-09 13:35:49,716 - INFO - Epoch 9/15 | Batch 5750/13500
2025-12-09 13:35:58,959 - INFO - Epoch 9/15 | Batch 5875/13500
2025-12-09 13:36:08,145 - INFO - Epoch 9/15 | Batch 6000/13500
2025-12-09 13:36:17,300 - INFO - Epoch 9/15 | Batch 6125/13500
2025-12-09 13:36:26,495 - INFO - Epoch 9/15 | Batch 6250/13500
2025-12-09 13:36:35,652 - INFO - Epoch 9/15 | Batch 6375/13500
2025-12-09 13:36:44,793 - INFO - Epoch 9/15 | Batch 6500/13500
2025-12-09 13:36:53,986 - INFO - Epoch 9/15 | Batch 6625/13500
2025-12-09 13:37:03,227 - INFO - Epoch 9/15 | Batch 6750/13500
2025-12-09 13:37:12,448 - INFO - Epoch 9/15 | Batch 6875/13500
2025-12-09 13:37:21,658 - INFO - Epoch 9/15 | Batch 7000/13500
2025-12-09 13:37:30,789 - INFO - Epoch 9/15 | Batch 7125/13500
2025-12-09 13:37:40,060 - INFO - Epoch 9/15 | Batch 7250/13500
2025-12-09 13:37:49,259 - INFO - Epoch 9/15 | Batch 7375/13500
2025-12-09 13:37:58,552 - INFO - Epoch 9/15 | Batch 7500/13500
2025-12-09 13:38:07,674 - INFO - Epoch 9/15 | Batch 7625/13500
2025-12-09 13:38:16,961 - INFO - Epoch 9/15 | Batch 7750/13500
2025-12-09 13:38:26,135 - INFO - Epoch 9/15 | Batch 7875/13500
2025-12-09 13:38:35,331 - INFO - Epoch 9/15 | Batch 8000/13500
2025-12-09 13:38:44,646 - INFO - Epoch 9/15 | Batch 8125/13500
2025-12-09 13:38:53,796 - INFO - Epoch 9/15 | Batch 8250/13500
2025-12-09 13:39:03,098 - INFO - Epoch 9/15 | Batch 8375/13500
2025-12-09 13:39:12,237 - INFO - Epoch 9/15 | Batch 8500/13500
2025-12-09 13:39:21,425 - INFO - Epoch 9/15 | Batch 8625/13500
2025-12-09 13:39:30,627 - INFO - Epoch 9/15 | Batch 8750/13500
2025-12-09 13:39:39,803 - INFO - Epoch 9/15 | Batch 8875/13500
2025-12-09 13:39:49,016 - INFO - Epoch 9/15 | Batch 9000/13500
2025-12-09 13:39:58,140 - INFO - Epoch 9/15 | Batch 9125/13500
2025-12-09 13:40:07,262 - INFO - Epoch 9/15 | Batch 9250/13500
2025-12-09 13:40:16,597 - INFO - Epoch 9/15 | Batch 9375/13500
2025-12-09 13:40:25,711 - INFO - Epoch 9/15 | Batch 9500/13500
2025-12-09 13:40:34,825 - INFO - Epoch 9/15 | Batch 9625/13500
2025-12-09 13:40:44,111 - INFO - Epoch 9/15 | Batch 9750/13500
2025-12-09 13:40:53,367 - INFO - Epoch 9/15 | Batch 9875/13500
2025-12-09 13:41:02,769 - INFO - Epoch 9/15 | Batch 10000/13500
2025-12-09 13:41:11,838 - INFO - Epoch 9/15 | Batch 10125/13500
2025-12-09 13:41:21,029 - INFO - Epoch 9/15 | Batch 10250/13500
2025-12-09 13:41:30,252 - INFO - Epoch 9/15 | Batch 10375/13500
2025-12-09 13:41:39,676 - INFO - Epoch 9/15 | Batch 10500/13500
2025-12-09 13:41:49,143 - INFO - Epoch 9/15 | Batch 10625/13500
2025-12-09 13:41:58,205 - INFO - Epoch 9/15 | Batch 10750/13500
2025-12-09 13:42:07,432 - INFO - Epoch 9/15 | Batch 10875/13500
2025-12-09 13:42:16,715 - INFO - Epoch 9/15 | Batch 11000/13500
2025-12-09 13:42:26,356 - INFO - Epoch 9/15 | Batch 11125/13500
2025-12-09 13:42:35,418 - INFO - Epoch 9/15 | Batch 11250/13500
2025-12-09 13:42:44,669 - INFO - Epoch 9/15 | Batch 11375/13500
2025-12-09 13:42:53,890 - INFO - Epoch 9/15 | Batch 11500/13500
2025-12-09 13:43:03,062 - INFO - Epoch 9/15 | Batch 11625/13500
2025-12-09 13:43:12,305 - INFO - Epoch 9/15 | Batch 11750/13500
2025-12-09 13:43:21,558 - INFO - Epoch 9/15 | Batch 11875/13500
2025-12-09 13:43:30,795 - INFO - Epoch 9/15 | Batch 12000/13500
2025-12-09 13:43:40,002 - INFO - Epoch 9/15 | Batch 12125/13500
2025-12-09 13:43:49,265 - INFO - Epoch 9/15 | Batch 12250/13500
2025-12-09 13:43:58,304 - INFO - Epoch 9/15 | Batch 12375/13500
2025-12-09 13:44:07,533 - INFO - Epoch 9/15 | Batch 12500/13500
2025-12-09 13:44:16,815 - INFO - Epoch 9/15 | Batch 12625/13500
2025-12-09 13:44:26,001 - INFO - Epoch 9/15 | Batch 12750/13500
2025-12-09 13:44:35,236 - INFO - Epoch 9/15 | Batch 12875/13500
2025-12-09 13:44:44,546 - INFO - Epoch 9/15 | Batch 13000/13500
2025-12-09 13:44:53,856 - INFO - Epoch 9/15 | Batch 13125/13500
2025-12-09 13:45:03,120 - INFO - Epoch 9/15 | Batch 13250/13500
2025-12-09 13:45:12,496 - INFO - Epoch 9/15 | Batch 13375/13500
2025-12-09 13:45:21,620 - INFO - Epoch 9/15 | Batch 13500/13500
2025-12-09 13:47:55,567 - INFO - Epoch 10/15 | Batch 125/13500
2025-12-09 13:48:04,767 - INFO - Epoch 10/15 | Batch 250/13500
2025-12-09 13:48:13,945 - INFO - Epoch 10/15 | Batch 375/13500
2025-12-09 13:48:23,082 - INFO - Epoch 10/15 | Batch 500/13500
2025-12-09 13:48:32,266 - INFO - Epoch 10/15 | Batch 625/13500
2025-12-09 13:48:41,483 - INFO - Epoch 10/15 | Batch 750/13500
2025-12-09 13:48:50,694 - INFO - Epoch 10/15 | Batch 875/13500
2025-12-09 13:49:00,076 - INFO - Epoch 10/15 | Batch 1000/13500
2025-12-09 13:49:09,276 - INFO - Epoch 10/15 | Batch 1125/13500
2025-12-09 13:49:18,703 - INFO - Epoch 10/15 | Batch 1250/13500
2025-12-09 13:49:27,851 - INFO - Epoch 10/15 | Batch 1375/13500
2025-12-09 13:49:37,140 - INFO - Epoch 10/15 | Batch 1500/13500
2025-12-09 13:49:46,310 - INFO - Epoch 10/15 | Batch 1625/13500
2025-12-09 13:49:55,437 - INFO - Epoch 10/15 | Batch 1750/13500
2025-12-09 13:50:04,610 - INFO - Epoch 10/15 | Batch 1875/13500
2025-12-09 13:50:13,805 - INFO - Epoch 10/15 | Batch 2000/13500
2025-12-09 13:50:23,006 - INFO - Epoch 10/15 | Batch 2125/13500
2025-12-09 13:50:32,202 - INFO - Epoch 10/15 | Batch 2250/13500
2025-12-09 13:50:41,338 - INFO - Epoch 10/15 | Batch 2375/13500
2025-12-09 13:50:50,499 - INFO - Epoch 10/15 | Batch 2500/13500
2025-12-09 13:50:59,695 - INFO - Epoch 10/15 | Batch 2625/13500
2025-12-09 13:51:08,988 - INFO - Epoch 10/15 | Batch 2750/13500
2025-12-09 13:51:18,517 - INFO - Epoch 10/15 | Batch 2875/13500
2025-12-09 13:51:27,791 - INFO - Epoch 10/15 | Batch 3000/13500
2025-12-09 13:51:37,088 - INFO - Epoch 10/15 | Batch 3125/13500
2025-12-09 13:51:46,443 - INFO - Epoch 10/15 | Batch 3250/13500
2025-12-09 13:51:55,729 - INFO - Epoch 10/15 | Batch 3375/13500
2025-12-09 13:52:04,994 - INFO - Epoch 10/15 | Batch 3500/13500
2025-12-09 13:52:14,123 - INFO - Epoch 10/15 | Batch 3625/13500
2025-12-09 13:52:23,223 - INFO - Epoch 10/15 | Batch 3750/13500
2025-12-09 13:52:32,432 - INFO - Epoch 10/15 | Batch 3875/13500
2025-12-09 13:52:42,075 - INFO - Epoch 10/15 | Batch 4000/13500
2025-12-09 13:52:51,252 - INFO - Epoch 10/15 | Batch 4125/13500
2025-12-09 13:53:00,584 - INFO - Epoch 10/15 | Batch 4250/13500
2025-12-09 13:53:09,939 - INFO - Epoch 10/15 | Batch 4375/13500
2025-12-09 13:53:19,130 - INFO - Epoch 10/15 | Batch 4500/13500
2025-12-09 13:53:28,497 - INFO - Epoch 10/15 | Batch 4625/13500
2025-12-09 13:53:37,696 - INFO - Epoch 10/15 | Batch 4750/13500
2025-12-09 13:53:46,950 - INFO - Epoch 10/15 | Batch 4875/13500
2025-12-09 13:53:56,219 - INFO - Epoch 10/15 | Batch 5000/13500
2025-12-09 13:54:05,492 - INFO - Epoch 10/15 | Batch 5125/13500
2025-12-09 13:54:14,809 - INFO - Epoch 10/15 | Batch 5250/13500
2025-12-09 13:54:23,978 - INFO - Epoch 10/15 | Batch 5375/13500
2025-12-09 13:54:33,307 - INFO - Epoch 10/15 | Batch 5500/13500
2025-12-09 13:54:42,476 - INFO - Epoch 10/15 | Batch 5625/13500
2025-12-09 13:54:52,001 - INFO - Epoch 10/15 | Batch 5750/13500
2025-12-09 13:55:01,510 - INFO - Epoch 10/15 | Batch 5875/13500
2025-12-09 13:55:10,766 - INFO - Epoch 10/15 | Batch 6000/13500
2025-12-09 13:55:19,954 - INFO - Epoch 10/15 | Batch 6125/13500
2025-12-09 13:55:29,173 - INFO - Epoch 10/15 | Batch 6250/13500
2025-12-09 13:55:38,307 - INFO - Epoch 10/15 | Batch 6375/13500
2025-12-09 13:55:47,401 - INFO - Epoch 10/15 | Batch 6500/13500
2025-12-09 13:55:56,581 - INFO - Epoch 10/15 | Batch 6625/13500
2025-12-09 13:56:05,853 - INFO - Epoch 10/15 | Batch 6750/13500
2025-12-09 13:56:14,982 - INFO - Epoch 10/15 | Batch 6875/13500
2025-12-09 13:56:24,154 - INFO - Epoch 10/15 | Batch 7000/13500
2025-12-09 13:56:33,317 - INFO - Epoch 10/15 | Batch 7125/13500
2025-12-09 13:56:42,482 - INFO - Epoch 10/15 | Batch 7250/13500
2025-12-09 13:56:51,771 - INFO - Epoch 10/15 | Batch 7375/13500
2025-12-09 13:57:01,020 - INFO - Epoch 10/15 | Batch 7500/13500
2025-12-09 13:57:10,176 - INFO - Epoch 10/15 | Batch 7625/13500
2025-12-09 13:57:19,389 - INFO - Epoch 10/15 | Batch 7750/13500
2025-12-09 13:57:28,809 - INFO - Epoch 10/15 | Batch 7875/13500
2025-12-09 13:57:37,986 - INFO - Epoch 10/15 | Batch 8000/13500
2025-12-09 13:57:47,282 - INFO - Epoch 10/15 | Batch 8125/13500
2025-12-09 13:57:56,495 - INFO - Epoch 10/15 | Batch 8250/13500
2025-12-09 13:58:06,121 - INFO - Epoch 10/15 | Batch 8375/13500
2025-12-09 13:58:15,612 - INFO - Epoch 10/15 | Batch 8500/13500
2025-12-09 13:58:24,886 - INFO - Epoch 10/15 | Batch 8625/13500
2025-12-09 13:58:34,017 - INFO - Epoch 10/15 | Batch 8750/13500
2025-12-09 13:58:43,420 - INFO - Epoch 10/15 | Batch 8875/13500
2025-12-09 13:58:52,780 - INFO - Epoch 10/15 | Batch 9000/13500
2025-12-09 13:59:01,877 - INFO - Epoch 10/15 | Batch 9125/13500
2025-12-09 13:59:11,142 - INFO - Epoch 10/15 | Batch 9250/13500
2025-12-09 13:59:20,351 - INFO - Epoch 10/15 | Batch 9375/13500
2025-12-09 13:59:29,564 - INFO - Epoch 10/15 | Batch 9500/13500
2025-12-09 13:59:38,702 - INFO - Epoch 10/15 | Batch 9625/13500
2025-12-09 13:59:47,838 - INFO - Epoch 10/15 | Batch 9750/13500
2025-12-09 13:59:57,214 - INFO - Epoch 10/15 | Batch 9875/13500
2025-12-09 14:00:06,679 - INFO - Epoch 10/15 | Batch 10000/13500
2025-12-09 14:00:15,841 - INFO - Epoch 10/15 | Batch 10125/13500
2025-12-09 14:00:25,079 - INFO - Epoch 10/15 | Batch 10250/13500
2025-12-09 14:00:34,425 - INFO - Epoch 10/15 | Batch 10375/13500
2025-12-09 14:00:43,597 - INFO - Epoch 10/15 | Batch 10500/13500
2025-12-09 14:00:52,751 - INFO - Epoch 10/15 | Batch 10625/13500
2025-12-09 14:01:01,952 - INFO - Epoch 10/15 | Batch 10750/13500
2025-12-09 14:01:11,080 - INFO - Epoch 10/15 | Batch 10875/13500
2025-12-09 14:01:20,318 - INFO - Epoch 10/15 | Batch 11000/13500
2025-12-09 14:01:29,668 - INFO - Epoch 10/15 | Batch 11125/13500
2025-12-09 14:01:38,981 - INFO - Epoch 10/15 | Batch 11250/13500
2025-12-09 14:01:48,179 - INFO - Epoch 10/15 | Batch 11375/13500
2025-12-09 14:01:57,411 - INFO - Epoch 10/15 | Batch 11500/13500
2025-12-09 14:02:06,777 - INFO - Epoch 10/15 | Batch 11625/13500
2025-12-09 14:02:15,927 - INFO - Epoch 10/15 | Batch 11750/13500
2025-12-09 14:02:25,311 - INFO - Epoch 10/15 | Batch 11875/13500
2025-12-09 14:02:34,566 - INFO - Epoch 10/15 | Batch 12000/13500
2025-12-09 14:02:44,027 - INFO - Epoch 10/15 | Batch 12125/13500
2025-12-09 14:02:53,303 - INFO - Epoch 10/15 | Batch 12250/13500
2025-12-09 14:03:02,437 - INFO - Epoch 10/15 | Batch 12375/13500
2025-12-09 14:03:11,554 - INFO - Epoch 10/15 | Batch 12500/13500
2025-12-09 14:03:20,974 - INFO - Epoch 10/15 | Batch 12625/13500
2025-12-09 14:03:30,257 - INFO - Epoch 10/15 | Batch 12750/13500
2025-12-09 14:03:39,685 - INFO - Epoch 10/15 | Batch 12875/13500
2025-12-09 14:03:48,982 - INFO - Epoch 10/15 | Batch 13000/13500
2025-12-09 14:03:58,242 - INFO - Epoch 10/15 | Batch 13125/13500
2025-12-09 14:04:07,576 - INFO - Epoch 10/15 | Batch 13250/13500
2025-12-09 14:04:16,874 - INFO - Epoch 10/15 | Batch 13375/13500
2025-12-09 14:04:26,166 - INFO - Epoch 10/15 | Batch 13500/13500
2025-12-09 14:07:00,675 - INFO - Epoch 11/15 | Batch 125/13500
2025-12-09 14:07:09,882 - INFO - Epoch 11/15 | Batch 250/13500
2025-12-09 14:07:19,210 - INFO - Epoch 11/15 | Batch 375/13500
2025-12-09 14:07:28,478 - INFO - Epoch 11/15 | Batch 500/13500
2025-12-09 14:07:37,770 - INFO - Epoch 11/15 | Batch 625/13500
2025-12-09 14:07:47,200 - INFO - Epoch 11/15 | Batch 750/13500
2025-12-09 14:07:56,326 - INFO - Epoch 11/15 | Batch 875/13500
2025-12-09 14:08:05,643 - INFO - Epoch 11/15 | Batch 1000/13500
2025-12-09 14:08:14,941 - INFO - Epoch 11/15 | Batch 1125/13500
2025-12-09 14:08:24,211 - INFO - Epoch 11/15 | Batch 1250/13500
2025-12-09 14:08:33,491 - INFO - Epoch 11/15 | Batch 1375/13500
2025-12-09 14:08:42,781 - INFO - Epoch 11/15 | Batch 1500/13500
2025-12-09 14:08:52,033 - INFO - Epoch 11/15 | Batch 1625/13500
2025-12-09 14:09:01,299 - INFO - Epoch 11/15 | Batch 1750/13500
2025-12-09 14:09:10,486 - INFO - Epoch 11/15 | Batch 1875/13500
2025-12-09 14:09:19,733 - INFO - Epoch 11/15 | Batch 2000/13500
2025-12-09 14:09:29,171 - INFO - Epoch 11/15 | Batch 2125/13500
2025-12-09 14:09:38,360 - INFO - Epoch 11/15 | Batch 2250/13500
2025-12-09 14:09:47,597 - INFO - Epoch 11/15 | Batch 2375/13500
2025-12-09 14:09:56,807 - INFO - Epoch 11/15 | Batch 2500/13500
2025-12-09 14:10:06,029 - INFO - Epoch 11/15 | Batch 2625/13500
2025-12-09 14:10:15,327 - INFO - Epoch 11/15 | Batch 2750/13500
2025-12-09 14:10:24,587 - INFO - Epoch 11/15 | Batch 2875/13500
2025-12-09 14:10:33,858 - INFO - Epoch 11/15 | Batch 3000/13500
2025-12-09 14:10:43,304 - INFO - Epoch 11/15 | Batch 3125/13500
2025-12-09 14:10:52,513 - INFO - Epoch 11/15 | Batch 3250/13500
2025-12-09 14:11:01,767 - INFO - Epoch 11/15 | Batch 3375/13500
2025-12-09 14:11:11,066 - INFO - Epoch 11/15 | Batch 3500/13500
2025-12-09 14:11:20,426 - INFO - Epoch 11/15 | Batch 3625/13500
2025-12-09 14:11:29,783 - INFO - Epoch 11/15 | Batch 3750/13500
2025-12-09 14:11:39,010 - INFO - Epoch 11/15 | Batch 3875/13500
2025-12-09 14:11:48,246 - INFO - Epoch 11/15 | Batch 4000/13500
2025-12-09 14:11:57,617 - INFO - Epoch 11/15 | Batch 4125/13500
2025-12-09 14:12:06,973 - INFO - Epoch 11/15 | Batch 4250/13500
2025-12-09 14:12:16,135 - INFO - Epoch 11/15 | Batch 4375/13500
2025-12-09 14:12:25,371 - INFO - Epoch 11/15 | Batch 4500/13500
2025-12-09 14:12:34,529 - INFO - Epoch 11/15 | Batch 4625/13500
2025-12-09 14:12:43,932 - INFO - Epoch 11/15 | Batch 4750/13500
2025-12-09 14:12:53,305 - INFO - Epoch 11/15 | Batch 4875/13500
2025-12-09 14:13:02,606 - INFO - Epoch 11/15 | Batch 5000/13500
2025-12-09 14:13:11,866 - INFO - Epoch 11/15 | Batch 5125/13500
2025-12-09 14:13:21,252 - INFO - Epoch 11/15 | Batch 5250/13500
2025-12-09 14:13:30,505 - INFO - Epoch 11/15 | Batch 5375/13500
2025-12-09 14:13:39,803 - INFO - Epoch 11/15 | Batch 5500/13500
2025-12-09 14:13:49,108 - INFO - Epoch 11/15 | Batch 5625/13500
2025-12-09 14:13:58,503 - INFO - Epoch 11/15 | Batch 5750/13500
2025-12-09 14:14:07,973 - INFO - Epoch 11/15 | Batch 5875/13500
2025-12-09 14:14:17,278 - INFO - Epoch 11/15 | Batch 6000/13500
2025-12-09 14:14:26,655 - INFO - Epoch 11/15 | Batch 6125/13500
2025-12-09 14:14:36,158 - INFO - Epoch 11/15 | Batch 6250/13500
2025-12-09 14:14:45,465 - INFO - Epoch 11/15 | Batch 6375/13500
2025-12-09 14:14:54,794 - INFO - Epoch 11/15 | Batch 6500/13500
2025-12-09 14:15:04,175 - INFO - Epoch 11/15 | Batch 6625/13500
2025-12-09 14:15:13,457 - INFO - Epoch 11/15 | Batch 6750/13500
2025-12-09 14:15:22,807 - INFO - Epoch 11/15 | Batch 6875/13500
2025-12-09 14:15:32,095 - INFO - Epoch 11/15 | Batch 7000/13500
2025-12-09 14:15:41,427 - INFO - Epoch 11/15 | Batch 7125/13500
2025-12-09 14:15:50,704 - INFO - Epoch 11/15 | Batch 7250/13500
2025-12-09 14:15:59,983 - INFO - Epoch 11/15 | Batch 7375/13500
2025-12-09 14:16:09,280 - INFO - Epoch 11/15 | Batch 7500/13500
2025-12-09 14:16:18,484 - INFO - Epoch 11/15 | Batch 7625/13500
2025-12-09 14:16:27,763 - INFO - Epoch 11/15 | Batch 7750/13500
2025-12-09 14:16:36,913 - INFO - Epoch 11/15 | Batch 7875/13500
2025-12-09 14:16:46,146 - INFO - Epoch 11/15 | Batch 8000/13500
2025-12-09 14:16:55,480 - INFO - Epoch 11/15 | Batch 8125/13500
2025-12-09 14:17:04,859 - INFO - Epoch 11/15 | Batch 8250/13500
2025-12-09 14:17:14,111 - INFO - Epoch 11/15 | Batch 8375/13500
2025-12-09 14:17:23,420 - INFO - Epoch 11/15 | Batch 8500/13500
2025-12-09 14:17:32,821 - INFO - Epoch 11/15 | Batch 8625/13500
2025-12-09 14:17:42,082 - INFO - Epoch 11/15 | Batch 8750/13500
2025-12-09 14:17:51,367 - INFO - Epoch 11/15 | Batch 8875/13500
2025-12-09 14:18:00,694 - INFO - Epoch 11/15 | Batch 9000/13500
2025-12-09 14:18:09,962 - INFO - Epoch 11/15 | Batch 9125/13500
2025-12-09 14:18:19,307 - INFO - Epoch 11/15 | Batch 9250/13500
2025-12-09 14:18:28,549 - INFO - Epoch 11/15 | Batch 9375/13500
2025-12-09 14:18:37,827 - INFO - Epoch 11/15 | Batch 9500/13500
2025-12-09 14:18:47,205 - INFO - Epoch 11/15 | Batch 9625/13500
2025-12-09 14:18:56,562 - INFO - Epoch 11/15 | Batch 9750/13500
2025-12-09 14:19:05,820 - INFO - Epoch 11/15 | Batch 9875/13500
2025-12-09 14:19:15,118 - INFO - Epoch 11/15 | Batch 10000/13500
2025-12-09 14:19:24,378 - INFO - Epoch 11/15 | Batch 10125/13500
2025-12-09 14:19:33,625 - INFO - Epoch 11/15 | Batch 10250/13500
2025-12-09 14:19:42,918 - INFO - Epoch 11/15 | Batch 10375/13500
2025-12-09 14:19:52,314 - INFO - Epoch 11/15 | Batch 10500/13500
2025-12-09 14:20:01,719 - INFO - Epoch 11/15 | Batch 10625/13500
2025-12-09 14:20:11,038 - INFO - Epoch 11/15 | Batch 10750/13500
2025-12-09 14:20:20,366 - INFO - Epoch 11/15 | Batch 10875/13500
2025-12-09 14:20:29,599 - INFO - Epoch 11/15 | Batch 11000/13500
2025-12-09 14:20:38,951 - INFO - Epoch 11/15 | Batch 11125/13500
2025-12-09 14:20:48,228 - INFO - Epoch 11/15 | Batch 11250/13500
2025-12-09 14:20:57,487 - INFO - Epoch 11/15 | Batch 11375/13500
2025-12-09 14:21:06,698 - INFO - Epoch 11/15 | Batch 11500/13500
2025-12-09 14:21:16,078 - INFO - Epoch 11/15 | Batch 11625/13500
2025-12-09 14:21:25,392 - INFO - Epoch 11/15 | Batch 11750/13500
2025-12-09 14:21:34,635 - INFO - Epoch 11/15 | Batch 11875/13500
2025-12-09 14:21:43,999 - INFO - Epoch 11/15 | Batch 12000/13500
2025-12-09 14:21:53,269 - INFO - Epoch 11/15 | Batch 12125/13500
2025-12-09 14:22:02,497 - INFO - Epoch 11/15 | Batch 12250/13500
2025-12-09 14:22:11,705 - INFO - Epoch 11/15 | Batch 12375/13500
2025-12-09 14:22:20,962 - INFO - Epoch 11/15 | Batch 12500/13500
2025-12-09 14:22:30,292 - INFO - Epoch 11/15 | Batch 12625/13500
2025-12-09 14:22:39,616 - INFO - Epoch 11/15 | Batch 12750/13500
2025-12-09 14:22:48,936 - INFO - Epoch 11/15 | Batch 12875/13500
2025-12-09 14:22:58,316 - INFO - Epoch 11/15 | Batch 13000/13500
2025-12-09 14:23:07,577 - INFO - Epoch 11/15 | Batch 13125/13500
2025-12-09 14:23:16,927 - INFO - Epoch 11/15 | Batch 13250/13500
2025-12-09 14:23:26,263 - INFO - Epoch 11/15 | Batch 13375/13500
2025-12-09 14:23:36,069 - INFO - Epoch 11/15 | Batch 13500/13500
2025-12-09 14:26:11,429 - INFO - Epoch 12/15 | Batch 125/13500
2025-12-09 14:26:20,828 - INFO - Epoch 12/15 | Batch 250/13500
2025-12-09 14:26:30,180 - INFO - Epoch 12/15 | Batch 375/13500
2025-12-09 14:26:39,508 - INFO - Epoch 12/15 | Batch 500/13500
2025-12-09 14:26:48,780 - INFO - Epoch 12/15 | Batch 625/13500
2025-12-09 14:26:58,187 - INFO - Epoch 12/15 | Batch 750/13500
2025-12-09 14:27:07,474 - INFO - Epoch 12/15 | Batch 875/13500
2025-12-09 14:27:16,880 - INFO - Epoch 12/15 | Batch 1000/13500
2025-12-09 14:27:26,096 - INFO - Epoch 12/15 | Batch 1125/13500
2025-12-09 14:27:35,450 - INFO - Epoch 12/15 | Batch 1250/13500
2025-12-09 14:27:44,739 - INFO - Epoch 12/15 | Batch 1375/13500
2025-12-09 14:27:54,035 - INFO - Epoch 12/15 | Batch 1500/13500
2025-12-09 14:28:03,379 - INFO - Epoch 12/15 | Batch 1625/13500
2025-12-09 14:28:12,630 - INFO - Epoch 12/15 | Batch 1750/13500
2025-12-09 14:28:21,930 - INFO - Epoch 12/15 | Batch 1875/13500
2025-12-09 14:28:31,399 - INFO - Epoch 12/15 | Batch 2000/13500
2025-12-09 14:28:40,628 - INFO - Epoch 12/15 | Batch 2125/13500
2025-12-09 14:28:49,981 - INFO - Epoch 12/15 | Batch 2250/13500
2025-12-09 14:28:59,332 - INFO - Epoch 12/15 | Batch 2375/13500
2025-12-09 14:29:08,618 - INFO - Epoch 12/15 | Batch 2500/13500
2025-12-09 14:29:18,062 - INFO - Epoch 12/15 | Batch 2625/13500
2025-12-09 14:29:27,425 - INFO - Epoch 12/15 | Batch 2750/13500
2025-12-09 14:29:36,721 - INFO - Epoch 12/15 | Batch 2875/13500
2025-12-09 14:29:45,903 - INFO - Epoch 12/15 | Batch 3000/13500
2025-12-09 14:29:55,364 - INFO - Epoch 12/15 | Batch 3125/13500
2025-12-09 14:30:04,709 - INFO - Epoch 12/15 | Batch 3250/13500
2025-12-09 14:30:14,040 - INFO - Epoch 12/15 | Batch 3375/13500
2025-12-09 14:30:23,352 - INFO - Epoch 12/15 | Batch 3500/13500
2025-12-09 14:30:32,774 - INFO - Epoch 12/15 | Batch 3625/13500
2025-12-09 14:30:42,129 - INFO - Epoch 12/15 | Batch 3750/13500
2025-12-09 14:30:51,439 - INFO - Epoch 12/15 | Batch 3875/13500
2025-12-09 14:31:00,770 - INFO - Epoch 12/15 | Batch 4000/13500
2025-12-09 14:31:10,114 - INFO - Epoch 12/15 | Batch 4125/13500
2025-12-09 14:31:19,500 - INFO - Epoch 12/15 | Batch 4250/13500
2025-12-09 14:31:28,835 - INFO - Epoch 12/15 | Batch 4375/13500
2025-12-09 14:31:38,166 - INFO - Epoch 12/15 | Batch 4500/13500
2025-12-09 14:31:47,559 - INFO - Epoch 12/15 | Batch 4625/13500
2025-12-09 14:31:56,920 - INFO - Epoch 12/15 | Batch 4750/13500
2025-12-09 14:32:06,203 - INFO - Epoch 12/15 | Batch 4875/13500
2025-12-09 14:32:15,676 - INFO - Epoch 12/15 | Batch 5000/13500
2025-12-09 14:32:24,908 - INFO - Epoch 12/15 | Batch 5125/13500
2025-12-09 14:32:34,314 - INFO - Epoch 12/15 | Batch 5250/13500
2025-12-09 14:32:43,605 - INFO - Epoch 12/15 | Batch 5375/13500
2025-12-09 14:32:52,877 - INFO - Epoch 12/15 | Batch 5500/13500
2025-12-09 14:33:02,266 - INFO - Epoch 12/15 | Batch 5625/13500
2025-12-09 14:33:11,546 - INFO - Epoch 12/15 | Batch 5750/13500
2025-12-09 14:33:21,040 - INFO - Epoch 12/15 | Batch 5875/13500
2025-12-09 14:33:30,304 - INFO - Epoch 12/15 | Batch 6000/13500
2025-12-09 14:33:39,574 - INFO - Epoch 12/15 | Batch 6125/13500
2025-12-09 14:33:49,058 - INFO - Epoch 12/15 | Batch 6250/13500
2025-12-09 14:33:58,485 - INFO - Epoch 12/15 | Batch 6375/13500
2025-12-09 14:34:07,792 - INFO - Epoch 12/15 | Batch 6500/13500
2025-12-09 14:34:17,024 - INFO - Epoch 12/15 | Batch 6625/13500
2025-12-09 14:34:26,588 - INFO - Epoch 12/15 | Batch 6750/13500
2025-12-09 14:34:35,903 - INFO - Epoch 12/15 | Batch 6875/13500
2025-12-09 14:34:45,209 - INFO - Epoch 12/15 | Batch 7000/13500
2025-12-09 14:34:54,609 - INFO - Epoch 12/15 | Batch 7125/13500
2025-12-09 14:35:03,961 - INFO - Epoch 12/15 | Batch 7250/13500
2025-12-09 14:35:13,298 - INFO - Epoch 12/15 | Batch 7375/13500
2025-12-09 14:35:22,813 - INFO - Epoch 12/15 | Batch 7500/13500
2025-12-09 14:35:32,355 - INFO - Epoch 12/15 | Batch 7625/13500
2025-12-09 14:35:41,652 - INFO - Epoch 12/15 | Batch 7750/13500
2025-12-09 14:35:50,881 - INFO - Epoch 12/15 | Batch 7875/13500
2025-12-09 14:36:00,181 - INFO - Epoch 12/15 | Batch 8000/13500
2025-12-09 14:36:09,516 - INFO - Epoch 12/15 | Batch 8125/13500
2025-12-09 14:36:18,770 - INFO - Epoch 12/15 | Batch 8250/13500
2025-12-09 14:36:28,050 - INFO - Epoch 12/15 | Batch 8375/13500
2025-12-09 14:36:37,490 - INFO - Epoch 12/15 | Batch 8500/13500
2025-12-09 14:36:46,838 - INFO - Epoch 12/15 | Batch 8625/13500
2025-12-09 14:36:56,222 - INFO - Epoch 12/15 | Batch 8750/13500
2025-12-09 14:37:05,596 - INFO - Epoch 12/15 | Batch 8875/13500
2025-12-09 14:37:14,907 - INFO - Epoch 12/15 | Batch 9000/13500
2025-12-09 14:37:24,199 - INFO - Epoch 12/15 | Batch 9125/13500
2025-12-09 14:37:33,563 - INFO - Epoch 12/15 | Batch 9250/13500
2025-12-09 14:37:42,860 - INFO - Epoch 12/15 | Batch 9375/13500
2025-12-09 14:37:52,313 - INFO - Epoch 12/15 | Batch 9500/13500
2025-12-09 14:38:01,696 - INFO - Epoch 12/15 | Batch 9625/13500
2025-12-09 14:38:11,024 - INFO - Epoch 12/15 | Batch 9750/13500
2025-12-09 14:38:20,331 - INFO - Epoch 12/15 | Batch 9875/13500
2025-12-09 14:38:29,670 - INFO - Epoch 12/15 | Batch 10000/13500
2025-12-09 14:38:38,950 - INFO - Epoch 12/15 | Batch 10125/13500
2025-12-09 14:38:48,279 - INFO - Epoch 12/15 | Batch 10250/13500
2025-12-09 14:38:57,639 - INFO - Epoch 12/15 | Batch 10375/13500
2025-12-09 14:39:06,980 - INFO - Epoch 12/15 | Batch 10500/13500
2025-12-09 14:39:16,399 - INFO - Epoch 12/15 | Batch 10625/13500
2025-12-09 14:39:25,704 - INFO - Epoch 12/15 | Batch 10750/13500
2025-12-09 14:39:35,025 - INFO - Epoch 12/15 | Batch 10875/13500
2025-12-09 14:39:44,428 - INFO - Epoch 12/15 | Batch 11000/13500
2025-12-09 14:39:53,619 - INFO - Epoch 12/15 | Batch 11125/13500
2025-12-09 14:40:02,824 - INFO - Epoch 12/15 | Batch 11250/13500
2025-12-09 14:40:12,151 - INFO - Epoch 12/15 | Batch 11375/13500
2025-12-09 14:40:21,450 - INFO - Epoch 12/15 | Batch 11500/13500
2025-12-09 14:40:30,979 - INFO - Epoch 12/15 | Batch 11625/13500
2025-12-09 14:40:40,386 - INFO - Epoch 12/15 | Batch 11750/13500
2025-12-09 14:40:49,738 - INFO - Epoch 12/15 | Batch 11875/13500
2025-12-09 14:40:59,064 - INFO - Epoch 12/15 | Batch 12000/13500
2025-12-09 14:41:08,485 - INFO - Epoch 12/15 | Batch 12125/13500
2025-12-09 14:41:17,844 - INFO - Epoch 12/15 | Batch 12250/13500
2025-12-09 14:41:27,170 - INFO - Epoch 12/15 | Batch 12375/13500
2025-12-09 14:41:36,501 - INFO - Epoch 12/15 | Batch 12500/13500
2025-12-09 14:41:45,797 - INFO - Epoch 12/15 | Batch 12625/13500
2025-12-09 14:41:55,171 - INFO - Epoch 12/15 | Batch 12750/13500
2025-12-09 14:42:04,471 - INFO - Epoch 12/15 | Batch 12875/13500
2025-12-09 14:42:13,954 - INFO - Epoch 12/15 | Batch 13000/13500
2025-12-09 14:42:23,234 - INFO - Epoch 12/15 | Batch 13125/13500
2025-12-09 14:42:32,631 - INFO - Epoch 12/15 | Batch 13250/13500
2025-12-09 14:42:41,927 - INFO - Epoch 12/15 | Batch 13375/13500
2025-12-09 14:42:51,347 - INFO - Epoch 12/15 | Batch 13500/13500
2025-12-09 14:45:26,285 - INFO - Epoch 13/15 | Batch 125/13500
2025-12-09 14:45:35,572 - INFO - Epoch 13/15 | Batch 250/13500
2025-12-09 14:45:44,829 - INFO - Epoch 13/15 | Batch 375/13500
2025-12-09 14:45:54,157 - INFO - Epoch 13/15 | Batch 500/13500
2025-12-09 14:46:03,403 - INFO - Epoch 13/15 | Batch 625/13500
2025-12-09 14:46:12,638 - INFO - Epoch 13/15 | Batch 750/13500
2025-12-09 14:46:21,922 - INFO - Epoch 13/15 | Batch 875/13500
2025-12-09 14:46:31,126 - INFO - Epoch 13/15 | Batch 1000/13500
2025-12-09 14:46:40,404 - INFO - Epoch 13/15 | Batch 1125/13500
Terminated
