nohup: 입력 무시
----------------------------------------------------------------
[RUNNING] Scenario: unsup2  Clip: E[-1.0,1.0] I[-1.0,1.0]
          Run Name: unsup2_E-1.0_1.0_I-1.0_1.0_20251209_125722
          Start   : 20251209_125722
----------------------------------------------------------------
2025-12-09 12:57:24,819 - INFO - Args: {'scenario': 'unsup2', 'seed': 0, 'batch_size_images': 4, 'event_batch_size': 2048, 'events_per_image': 512, 'run_name': 'unsup2_E-1.0_1.0_I-1.0_1.0_20251209_125722', 'log_interval': 125, 'num_epochs': 15, 'T_unsup1': 100, 'T_unsup2': 80, 'T_semi': 100, 'T_sup': 100, 'spike_array_len': 20, 'sigma_unsup1': 0.1, 'sigma_unsup2': 0.1, 'sigma_semi': 0.1, 'sigma_sup': 0.1, 'N_E': 250, 'N_hidden': 256, 'dt': 1.0, 'layer_index_scale': 1.0, 'lr_actor': 0.001, 'lr_critic': 0.001, 'ppo_eps': 0.2, 'ppo_epochs': 2, 'ppo_batch_size': 256, 'exc_clip_min': -1.0, 'exc_clip_max': 1.0, 'w_clip_min': 0.0, 'w_clip_max': 1.0, 'inh_clip_min': -1.0, 'inh_clip_max': 1.0, 'local_lr': 0.01, 'rho_target': 0.25, 'alpha_sparse': 0.4, 'alpha_div': 0.4, 'alpha_stab': 0.2, 'beta_margin': 0.5, 'alpha_align': 0.1, 'max_rate': 0.25, 'sup_input_encoding': 'poisson', 'log_gradient_stats': False, 'result_dir': '/home/yongokhan/바탕화면/RL_SNN/results/unsup2/unsup2_E-1.0_1.0_I-1.0_1.0_20251209_125722', 'log_dir': '/home/yongokhan/바탕화면/RL_SNN/results/unsup2/unsup2_E-1.0_1.0_I-1.0_1.0_20251209_125722'}
2025-12-09 12:57:24,819 - INFO - Starting scenario: unsup2
2025-12-09 12:57:24,820 - INFO - Results will be saved to: /home/yongokhan/바탕화면/RL_SNN/results/unsup2/unsup2_E-1.0_1.0_I-1.0_1.0_20251209_125722
2025-12-09 12:57:24,820 - INFO - Logs will be saved to: /home/yongokhan/바탕화면/RL_SNN/results/unsup2/unsup2_E-1.0_1.0_I-1.0_1.0_20251209_125722
2025-12-09 12:57:37,156 - INFO - Epoch 1/15 | Batch 125/13500
2025-12-09 12:57:48,683 - INFO - Epoch 1/15 | Batch 250/13500
2025-12-09 12:57:59,702 - INFO - Epoch 1/15 | Batch 375/13500
2025-12-09 12:58:10,354 - INFO - Epoch 1/15 | Batch 500/13500
2025-12-09 12:58:20,946 - INFO - Epoch 1/15 | Batch 625/13500
2025-12-09 12:58:31,661 - INFO - Epoch 1/15 | Batch 750/13500
2025-12-09 12:58:42,231 - INFO - Epoch 1/15 | Batch 875/13500
2025-12-09 12:58:53,388 - INFO - Epoch 1/15 | Batch 1000/13500
2025-12-09 12:59:04,661 - INFO - Epoch 1/15 | Batch 1125/13500
2025-12-09 12:59:16,631 - INFO - Epoch 1/15 | Batch 1250/13500
2025-12-09 12:59:28,716 - INFO - Epoch 1/15 | Batch 1375/13500
2025-12-09 12:59:41,549 - INFO - Epoch 1/15 | Batch 1500/13500
2025-12-09 12:59:54,245 - INFO - Epoch 1/15 | Batch 1625/13500
2025-12-09 13:00:07,805 - INFO - Epoch 1/15 | Batch 1750/13500
2025-12-09 13:00:21,302 - INFO - Epoch 1/15 | Batch 1875/13500
2025-12-09 13:00:35,569 - INFO - Epoch 1/15 | Batch 2000/13500
2025-12-09 13:00:49,592 - INFO - Epoch 1/15 | Batch 2125/13500
2025-12-09 13:01:04,007 - INFO - Epoch 1/15 | Batch 2250/13500
2025-12-09 13:01:18,632 - INFO - Epoch 1/15 | Batch 2375/13500
2025-12-09 13:01:33,700 - INFO - Epoch 1/15 | Batch 2500/13500
2025-12-09 13:01:48,560 - INFO - Epoch 1/15 | Batch 2625/13500
2025-12-09 13:02:04,063 - INFO - Epoch 1/15 | Batch 2750/13500
2025-12-09 13:02:19,120 - INFO - Epoch 1/15 | Batch 2875/13500
2025-12-09 13:02:35,216 - INFO - Epoch 1/15 | Batch 3000/13500
2025-12-09 13:02:51,268 - INFO - Epoch 1/15 | Batch 3125/13500
2025-12-09 13:03:07,425 - INFO - Epoch 1/15 | Batch 3250/13500
2025-12-09 13:03:23,547 - INFO - Epoch 1/15 | Batch 3375/13500
2025-12-09 13:03:40,088 - INFO - Epoch 1/15 | Batch 3500/13500
2025-12-09 13:03:56,561 - INFO - Epoch 1/15 | Batch 3625/13500
2025-12-09 13:04:12,741 - INFO - Epoch 1/15 | Batch 3750/13500
2025-12-09 13:04:28,848 - INFO - Epoch 1/15 | Batch 3875/13500
2025-12-09 13:04:44,948 - INFO - Epoch 1/15 | Batch 4000/13500
2025-12-09 13:05:01,019 - INFO - Epoch 1/15 | Batch 4125/13500
2025-12-09 13:05:17,594 - INFO - Epoch 1/15 | Batch 4250/13500
2025-12-09 13:05:34,902 - INFO - Epoch 1/15 | Batch 4375/13500
2025-12-09 13:05:52,207 - INFO - Epoch 1/15 | Batch 4500/13500
2025-12-09 13:06:09,827 - INFO - Epoch 1/15 | Batch 4625/13500
2025-12-09 13:06:26,867 - INFO - Epoch 1/15 | Batch 4750/13500
2025-12-09 13:06:44,205 - INFO - Epoch 1/15 | Batch 4875/13500
2025-12-09 13:07:01,385 - INFO - Epoch 1/15 | Batch 5000/13500
2025-12-09 13:07:17,915 - INFO - Epoch 1/15 | Batch 5125/13500
2025-12-09 13:07:34,656 - INFO - Epoch 1/15 | Batch 5250/13500
2025-12-09 13:07:51,541 - INFO - Epoch 1/15 | Batch 5375/13500
2025-12-09 13:08:08,560 - INFO - Epoch 1/15 | Batch 5500/13500
2025-12-09 13:08:26,306 - INFO - Epoch 1/15 | Batch 5625/13500
2025-12-09 13:08:43,667 - INFO - Epoch 1/15 | Batch 5750/13500
2025-12-09 13:09:00,340 - INFO - Epoch 1/15 | Batch 5875/13500
2025-12-09 13:09:18,083 - INFO - Epoch 1/15 | Batch 6000/13500
2025-12-09 13:09:35,907 - INFO - Epoch 1/15 | Batch 6125/13500
2025-12-09 13:09:52,809 - INFO - Epoch 1/15 | Batch 6250/13500
2025-12-09 13:10:09,782 - INFO - Epoch 1/15 | Batch 6375/13500
2025-12-09 13:10:27,529 - INFO - Epoch 1/15 | Batch 6500/13500
2025-12-09 13:10:44,627 - INFO - Epoch 1/15 | Batch 6625/13500
2025-12-09 13:11:01,881 - INFO - Epoch 1/15 | Batch 6750/13500
2025-12-09 13:11:18,986 - INFO - Epoch 1/15 | Batch 6875/13500
2025-12-09 13:11:35,974 - INFO - Epoch 1/15 | Batch 7000/13500
2025-12-09 13:11:53,782 - INFO - Epoch 1/15 | Batch 7125/13500
2025-12-09 13:12:11,523 - INFO - Epoch 1/15 | Batch 7250/13500
2025-12-09 13:12:29,318 - INFO - Epoch 1/15 | Batch 7375/13500
2025-12-09 13:12:47,435 - INFO - Epoch 1/15 | Batch 7500/13500
2025-12-09 13:13:05,578 - INFO - Epoch 1/15 | Batch 7625/13500
2025-12-09 13:13:23,796 - INFO - Epoch 1/15 | Batch 7750/13500
2025-12-09 13:13:41,998 - INFO - Epoch 1/15 | Batch 7875/13500
2025-12-09 13:14:00,846 - INFO - Epoch 1/15 | Batch 8000/13500
2025-12-09 13:14:19,609 - INFO - Epoch 1/15 | Batch 8125/13500
2025-12-09 13:14:38,255 - INFO - Epoch 1/15 | Batch 8250/13500
2025-12-09 13:14:57,332 - INFO - Epoch 1/15 | Batch 8375/13500
2025-12-09 13:15:16,059 - INFO - Epoch 1/15 | Batch 8500/13500
2025-12-09 13:15:35,096 - INFO - Epoch 1/15 | Batch 8625/13500
2025-12-09 13:15:53,453 - INFO - Epoch 1/15 | Batch 8750/13500
2025-12-09 13:16:11,895 - INFO - Epoch 1/15 | Batch 8875/13500
2025-12-09 13:16:30,707 - INFO - Epoch 1/15 | Batch 9000/13500
2025-12-09 13:16:49,585 - INFO - Epoch 1/15 | Batch 9125/13500
2025-12-09 13:17:08,052 - INFO - Epoch 1/15 | Batch 9250/13500
2025-12-09 13:17:26,060 - INFO - Epoch 1/15 | Batch 9375/13500
2025-12-09 13:17:44,131 - INFO - Epoch 1/15 | Batch 9500/13500
2025-12-09 13:18:02,243 - INFO - Epoch 1/15 | Batch 9625/13500
2025-12-09 13:18:20,391 - INFO - Epoch 1/15 | Batch 9750/13500
2025-12-09 13:18:38,745 - INFO - Epoch 1/15 | Batch 9875/13500
2025-12-09 13:18:57,656 - INFO - Epoch 1/15 | Batch 10000/13500
2025-12-09 13:19:16,682 - INFO - Epoch 1/15 | Batch 10125/13500
2025-12-09 13:19:36,724 - INFO - Epoch 1/15 | Batch 10250/13500
2025-12-09 13:19:57,304 - INFO - Epoch 1/15 | Batch 10375/13500
2025-12-09 13:20:17,834 - INFO - Epoch 1/15 | Batch 10500/13500
2025-12-09 13:20:38,433 - INFO - Epoch 1/15 | Batch 10625/13500
2025-12-09 13:20:58,711 - INFO - Epoch 1/15 | Batch 10750/13500
2025-12-09 13:21:20,058 - INFO - Epoch 1/15 | Batch 10875/13500
2025-12-09 13:21:42,229 - INFO - Epoch 1/15 | Batch 11000/13500
2025-12-09 13:22:05,166 - INFO - Epoch 1/15 | Batch 11125/13500
2025-12-09 13:22:27,420 - INFO - Epoch 1/15 | Batch 11250/13500
2025-12-09 13:22:50,894 - INFO - Epoch 1/15 | Batch 11375/13500
2025-12-09 13:23:14,081 - INFO - Epoch 1/15 | Batch 11500/13500
2025-12-09 13:23:37,225 - INFO - Epoch 1/15 | Batch 11625/13500
2025-12-09 13:24:01,423 - INFO - Epoch 1/15 | Batch 11750/13500
2025-12-09 13:24:26,209 - INFO - Epoch 1/15 | Batch 11875/13500
2025-12-09 13:24:51,407 - INFO - Epoch 1/15 | Batch 12000/13500
2025-12-09 13:25:16,848 - INFO - Epoch 1/15 | Batch 12125/13500
2025-12-09 13:25:42,681 - INFO - Epoch 1/15 | Batch 12250/13500
2025-12-09 13:26:09,052 - INFO - Epoch 1/15 | Batch 12375/13500
2025-12-09 13:26:35,188 - INFO - Epoch 1/15 | Batch 12500/13500
2025-12-09 13:27:01,629 - INFO - Epoch 1/15 | Batch 12625/13500
2025-12-09 13:27:29,937 - INFO - Epoch 1/15 | Batch 12750/13500
2025-12-09 13:27:58,888 - INFO - Epoch 1/15 | Batch 12875/13500
2025-12-09 13:28:28,331 - INFO - Epoch 1/15 | Batch 13000/13500
2025-12-09 13:28:59,312 - INFO - Epoch 1/15 | Batch 13125/13500
2025-12-09 13:29:30,462 - INFO - Epoch 1/15 | Batch 13250/13500
2025-12-09 13:30:02,644 - INFO - Epoch 1/15 | Batch 13375/13500
2025-12-09 13:30:34,531 - INFO - Epoch 1/15 | Batch 13500/13500
2025-12-09 13:33:00,582 - INFO - Epoch 2/15 | Batch 125/13500
2025-12-09 13:33:33,355 - INFO - Epoch 2/15 | Batch 250/13500
2025-12-09 13:34:07,522 - INFO - Epoch 2/15 | Batch 375/13500
2025-12-09 13:34:42,049 - INFO - Epoch 2/15 | Batch 500/13500
2025-12-09 13:35:15,988 - INFO - Epoch 2/15 | Batch 625/13500
2025-12-09 13:35:51,107 - INFO - Epoch 2/15 | Batch 750/13500
2025-12-09 13:36:26,697 - INFO - Epoch 2/15 | Batch 875/13500
2025-12-09 13:37:02,453 - INFO - Epoch 2/15 | Batch 1000/13500
2025-12-09 13:37:38,680 - INFO - Epoch 2/15 | Batch 1125/13500
2025-12-09 13:38:15,172 - INFO - Epoch 2/15 | Batch 1250/13500
2025-12-09 13:38:52,381 - INFO - Epoch 2/15 | Batch 1375/13500
2025-12-09 13:39:28,624 - INFO - Epoch 2/15 | Batch 1500/13500
2025-12-09 13:40:07,391 - INFO - Epoch 2/15 | Batch 1625/13500
2025-12-09 13:40:45,480 - INFO - Epoch 2/15 | Batch 1750/13500
2025-12-09 13:41:23,308 - INFO - Epoch 2/15 | Batch 1875/13500
2025-12-09 13:42:01,830 - INFO - Epoch 2/15 | Batch 2000/13500
2025-12-09 13:42:41,327 - INFO - Epoch 2/15 | Batch 2125/13500
2025-12-09 13:43:21,603 - INFO - Epoch 2/15 | Batch 2250/13500
2025-12-09 13:44:01,575 - INFO - Epoch 2/15 | Batch 2375/13500
2025-12-09 13:44:41,288 - INFO - Epoch 2/15 | Batch 2500/13500
2025-12-09 13:45:21,390 - INFO - Epoch 2/15 | Batch 2625/13500
2025-12-09 13:46:01,822 - INFO - Epoch 2/15 | Batch 2750/13500
2025-12-09 13:46:43,895 - INFO - Epoch 2/15 | Batch 2875/13500
2025-12-09 13:47:25,747 - INFO - Epoch 2/15 | Batch 3000/13500
2025-12-09 13:48:08,260 - INFO - Epoch 2/15 | Batch 3125/13500
2025-12-09 13:48:51,391 - INFO - Epoch 2/15 | Batch 3250/13500
2025-12-09 13:49:34,606 - INFO - Epoch 2/15 | Batch 3375/13500
2025-12-09 13:50:18,016 - INFO - Epoch 2/15 | Batch 3500/13500
2025-12-09 13:51:00,969 - INFO - Epoch 2/15 | Batch 3625/13500
2025-12-09 13:51:43,899 - INFO - Epoch 2/15 | Batch 3750/13500
2025-12-09 13:52:27,256 - INFO - Epoch 2/15 | Batch 3875/13500
2025-12-09 13:53:10,337 - INFO - Epoch 2/15 | Batch 4000/13500
2025-12-09 13:53:53,548 - INFO - Epoch 2/15 | Batch 4125/13500
2025-12-09 13:54:37,570 - INFO - Epoch 2/15 | Batch 4250/13500
2025-12-09 13:55:21,348 - INFO - Epoch 2/15 | Batch 4375/13500
2025-12-09 13:56:05,694 - INFO - Epoch 2/15 | Batch 4500/13500
2025-12-09 13:56:49,162 - INFO - Epoch 2/15 | Batch 4625/13500
2025-12-09 13:57:33,705 - INFO - Epoch 2/15 | Batch 4750/13500
2025-12-09 13:58:17,552 - INFO - Epoch 2/15 | Batch 4875/13500
2025-12-09 13:59:00,044 - INFO - Epoch 2/15 | Batch 5000/13500
2025-12-09 13:59:43,012 - INFO - Epoch 2/15 | Batch 5125/13500
2025-12-09 14:00:25,871 - INFO - Epoch 2/15 | Batch 5250/13500
2025-12-09 14:01:09,194 - INFO - Epoch 2/15 | Batch 5375/13500
2025-12-09 14:01:52,388 - INFO - Epoch 2/15 | Batch 5500/13500
2025-12-09 14:02:34,694 - INFO - Epoch 2/15 | Batch 5625/13500
2025-12-09 14:03:17,262 - INFO - Epoch 2/15 | Batch 5750/13500
2025-12-09 14:03:58,887 - INFO - Epoch 2/15 | Batch 5875/13500
2025-12-09 14:04:40,363 - INFO - Epoch 2/15 | Batch 6000/13500
2025-12-09 14:05:22,257 - INFO - Epoch 2/15 | Batch 6125/13500
2025-12-09 14:06:04,273 - INFO - Epoch 2/15 | Batch 6250/13500
2025-12-09 14:06:45,006 - INFO - Epoch 2/15 | Batch 6375/13500
2025-12-09 14:07:25,628 - INFO - Epoch 2/15 | Batch 6500/13500
